OpenSTA 2.5.0 GITDIR-NOT Copyright (c) 2024, Parallax Software, Inc.
License GPLv3: GNU GPL version 3 <http://gnu.org/licenses/gpl.html>

This is free software, and you are free to change and redistribute it
under certain conditions; type `show_copying' for details. 
This program comes with ABSOLUTELY NO WARRANTY; for details type `show_warranty'.
define_corners Typical
read_liberty -corner Typical /home/omers/.volare/sky130A/libs.ref/sky130_fd_sc_hd/lib/sky130_fd_sc_hd__tt_025C_1v80.lib
Using 1e-12 for capacitance...
Using 1e+03 for resistance...
Using 1e-09 for time...
Using 1e+00 for voltage...
Using 1e-03 for current...
Using 1e-09 for power...
Using 1e-06 for distance...
Reading netlist '/openlane/designs/alu/runs/RUN_2025.05.01_15.47.09/results/synthesis/alu.v'…
Reading design constraints file at '/openlane/scripts/base.sdc'…
[INFO]: Setting output delay to: 2.0
[INFO]: Setting input delay to: 2.0
Warning: base.sdc line 18, port '__VIRTUAL_CLK__' not found.
[INFO]: Setting load to: 0.033442
[INFO]: Setting clock uncertainty to: 0.25
[INFO]: Setting clock transition to: 0.15
Warning: base.sdc line 52, transition time can not be specified for virtual clocks.
[INFO]: Setting timing derate to: 5.0 %
min_report

===========================================================================
report_checks -path_delay min (Hold)
============================================================================
======================= Typical Corner ===================================

Startpoint: B[0] (input port clocked by __VIRTUAL_CLK__)
Endpoint: OUT[0] (output port clocked by __VIRTUAL_CLK__)
Path Group: __VIRTUAL_CLK__
Path Type: min

Fanout     Cap    Slew   Delay    Time   Description
-----------------------------------------------------------------------------
                  0.00    0.00    0.00   clock __VIRTUAL_CLK__ (rise edge)
                          0.00    0.00   clock network delay (ideal)
                          2.00    2.00 v input external delay
    13    0.03    0.07    0.05    2.05 v B[0] (in)
                                         B[0] (net)
                  0.07    0.00    2.05 v _297_/A1 (sky130_fd_sc_hd__a31o_2)
     1    0.03    0.10    0.27    2.32 v _297_/X (sky130_fd_sc_hd__a31o_2)
                                         OUT[0] (net)
                  0.10    0.00    2.32 v OUT[0] (out)
                                  2.32   data arrival time

                  0.00    0.00    0.00   clock __VIRTUAL_CLK__ (rise edge)
                          0.00    0.00   clock network delay (ideal)
                          0.25    0.25   clock uncertainty
                          0.00    0.25   clock reconvergence pessimism
                         -2.00   -1.75   output external delay
                                 -1.75   data required time
-----------------------------------------------------------------------------
                                 -1.75   data required time
                                 -2.32   data arrival time
-----------------------------------------------------------------------------
                                  4.07   slack (MET)


Startpoint: A[5] (input port clocked by __VIRTUAL_CLK__)
Endpoint: OUT[5] (output port clocked by __VIRTUAL_CLK__)
Path Group: __VIRTUAL_CLK__
Path Type: min

Fanout     Cap    Slew   Delay    Time   Description
-----------------------------------------------------------------------------
                  0.00    0.00    0.00   clock __VIRTUAL_CLK__ (rise edge)
                          0.00    0.00   clock network delay (ideal)
                          2.00    2.00 v input external delay
     6    0.02    0.04    0.03    2.03 v A[5] (in)
                                         A[5] (net)
                  0.04    0.00    2.03 v _216_/A (sky130_fd_sc_hd__nor2_2)
     1    0.00    0.06    0.08    2.11 ^ _216_/Y (sky130_fd_sc_hd__nor2_2)
                                         _144_ (net)
                  0.06    0.00    2.11 ^ _223_/B1 (sky130_fd_sc_hd__a311o_2)
     1    0.00    0.03    0.09    2.21 ^ _223_/X (sky130_fd_sc_hd__a311o_2)
                                         _151_ (net)
                  0.03    0.00    2.21 ^ _257_/B1 (sky130_fd_sc_hd__a211o_2)
     1    0.03    0.16    0.18    2.38 ^ _257_/X (sky130_fd_sc_hd__a211o_2)
                                         OUT[5] (net)
                  0.16    0.00    2.38 ^ OUT[5] (out)
                                  2.38   data arrival time

                  0.00    0.00    0.00   clock __VIRTUAL_CLK__ (rise edge)
                          0.00    0.00   clock network delay (ideal)
                          0.25    0.25   clock uncertainty
                          0.00    0.25   clock reconvergence pessimism
                         -2.00   -1.75   output external delay
                                 -1.75   data required time
-----------------------------------------------------------------------------
                                 -1.75   data required time
                                 -2.38   data arrival time
-----------------------------------------------------------------------------
                                  4.13   slack (MET)


Startpoint: A[6] (input port clocked by __VIRTUAL_CLK__)
Endpoint: OUT[6] (output port clocked by __VIRTUAL_CLK__)
Path Group: __VIRTUAL_CLK__
Path Type: min

Fanout     Cap    Slew   Delay    Time   Description
-----------------------------------------------------------------------------
                  0.00    0.00    0.00   clock __VIRTUAL_CLK__ (rise edge)
                          0.00    0.00   clock network delay (ideal)
                          2.00    2.00 v input external delay
     5    0.02    0.04    0.03    2.03 v A[6] (in)
                                         A[6] (net)
                  0.04    0.00    2.03 v _279_/A1 (sky130_fd_sc_hd__o211ai_2)
     1    0.00    0.04    0.13    2.16 ^ _279_/Y (sky130_fd_sc_hd__o211ai_2)
                                         _041_ (net)
                  0.04    0.00    2.16 ^ _280_/B1 (sky130_fd_sc_hd__a31o_2)
     1    0.00    0.03    0.08    2.24 ^ _280_/X (sky130_fd_sc_hd__a31o_2)
                                         _042_ (net)
                  0.03    0.00    2.24 ^ _281_/B1 (sky130_fd_sc_hd__a21o_2)
     1    0.03    0.17    0.17    2.42 ^ _281_/X (sky130_fd_sc_hd__a21o_2)
                                         OUT[6] (net)
                  0.17    0.00    2.42 ^ OUT[6] (out)
                                  2.42   data arrival time

                  0.00    0.00    0.00   clock __VIRTUAL_CLK__ (rise edge)
                          0.00    0.00   clock network delay (ideal)
                          0.25    0.25   clock uncertainty
                          0.00    0.25   clock reconvergence pessimism
                         -2.00   -1.75   output external delay
                                 -1.75   data required time
-----------------------------------------------------------------------------
                                 -1.75   data required time
                                 -2.42   data arrival time
-----------------------------------------------------------------------------
                                  4.17   slack (MET)


Startpoint: OPCODE[2] (input port clocked by __VIRTUAL_CLK__)
Endpoint: OUT[7] (output port clocked by __VIRTUAL_CLK__)
Path Group: __VIRTUAL_CLK__
Path Type: min

Fanout     Cap    Slew   Delay    Time   Description
-----------------------------------------------------------------------------
                  0.00    0.00    0.00   clock __VIRTUAL_CLK__ (rise edge)
                          0.00    0.00   clock network delay (ideal)
                          2.00    2.00 v input external delay
     6    0.02    0.04    0.03    2.03 v OPCODE[2] (in)
                                         OPCODE[2] (net)
                  0.04    0.00    2.03 v _255_/A (sky130_fd_sc_hd__and3_2)
     7    0.01    0.06    0.19    2.21 v _255_/X (sky130_fd_sc_hd__and3_2)
                                         _018_ (net)
                  0.06    0.00    2.21 v _292_/A1 (sky130_fd_sc_hd__a31o_2)
     1    0.03    0.10    0.27    2.48 v _292_/X (sky130_fd_sc_hd__a31o_2)
                                         OUT[7] (net)
                  0.10    0.00    2.48 v OUT[7] (out)
                                  2.48   data arrival time

                  0.00    0.00    0.00   clock __VIRTUAL_CLK__ (rise edge)
                          0.00    0.00   clock network delay (ideal)
                          0.25    0.25   clock uncertainty
                          0.00    0.25   clock reconvergence pessimism
                         -2.00   -1.75   output external delay
                                 -1.75   data required time
-----------------------------------------------------------------------------
                                 -1.75   data required time
                                 -2.48   data arrival time
-----------------------------------------------------------------------------
                                  4.23   slack (MET)


Startpoint: OPCODE[2] (input port clocked by __VIRTUAL_CLK__)
Endpoint: OUT[2] (output port clocked by __VIRTUAL_CLK__)
Path Group: __VIRTUAL_CLK__
Path Type: min

Fanout     Cap    Slew   Delay    Time   Description
-----------------------------------------------------------------------------
                  0.00    0.00    0.00   clock __VIRTUAL_CLK__ (rise edge)
                          0.00    0.00   clock network delay (ideal)
                          2.00    2.00 v input external delay
     6    0.02    0.04    0.03    2.03 v OPCODE[2] (in)
                                         OPCODE[2] (net)
                  0.04    0.00    2.03 v _255_/A (sky130_fd_sc_hd__and3_2)
     7    0.01    0.06    0.19    2.21 v _255_/X (sky130_fd_sc_hd__and3_2)
                                         _018_ (net)
                  0.06    0.00    2.21 v _316_/A2 (sky130_fd_sc_hd__a31o_2)
     1    0.03    0.10    0.30    2.51 v _316_/X (sky130_fd_sc_hd__a31o_2)
                                         OUT[2] (net)
                  0.10    0.00    2.51 v OUT[2] (out)
                                  2.51   data arrival time

                  0.00    0.00    0.00   clock __VIRTUAL_CLK__ (rise edge)
                          0.00    0.00   clock network delay (ideal)
                          0.25    0.25   clock uncertainty
                          0.00    0.25   clock reconvergence pessimism
                         -2.00   -1.75   output external delay
                                 -1.75   data required time
-----------------------------------------------------------------------------
                                 -1.75   data required time
                                 -2.51   data arrival time
-----------------------------------------------------------------------------
                                  4.26   slack (MET)


Startpoint: OPCODE[2] (input port clocked by __VIRTUAL_CLK__)
Endpoint: OUT[3] (output port clocked by __VIRTUAL_CLK__)
Path Group: __VIRTUAL_CLK__
Path Type: min

Fanout     Cap    Slew   Delay    Time   Description
-----------------------------------------------------------------------------
                  0.00    0.00    0.00   clock __VIRTUAL_CLK__ (rise edge)
                          0.00    0.00   clock network delay (ideal)
                          2.00    2.00 ^ input external delay
     6    0.02    0.09    0.06    2.06 ^ OPCODE[2] (in)
                                         OPCODE[2] (net)
                  0.09    0.00    2.06 ^ _255_/A (sky130_fd_sc_hd__and3_2)
     7    0.01    0.09    0.21    2.27 ^ _255_/X (sky130_fd_sc_hd__and3_2)
                                         _018_ (net)
                  0.09    0.00    2.27 ^ _325_/A1 (sky130_fd_sc_hd__a221o_2)
     1    0.03    0.18    0.25    2.52 ^ _325_/X (sky130_fd_sc_hd__a221o_2)
                                         OUT[3] (net)
                  0.18    0.00    2.52 ^ OUT[3] (out)
                                  2.52   data arrival time

                  0.00    0.00    0.00   clock __VIRTUAL_CLK__ (rise edge)
                          0.00    0.00   clock network delay (ideal)
                          0.25    0.25   clock uncertainty
                          0.00    0.25   clock reconvergence pessimism
                         -2.00   -1.75   output external delay
                                 -1.75   data required time
-----------------------------------------------------------------------------
                                 -1.75   data required time
                                 -2.52   data arrival time
-----------------------------------------------------------------------------
                                  4.27   slack (MET)


Startpoint: A[1] (input port clocked by __VIRTUAL_CLK__)
Endpoint: OUT[1] (output port clocked by __VIRTUAL_CLK__)
Path Group: __VIRTUAL_CLK__
Path Type: min

Fanout     Cap    Slew   Delay    Time   Description
-----------------------------------------------------------------------------
                  0.00    0.00    0.00   clock __VIRTUAL_CLK__ (rise edge)
                          0.00    0.00   clock network delay (ideal)
                          2.00    2.00 v input external delay
    13    0.03    0.08    0.05    2.05 v A[1] (in)
                                         A[1] (net)
                  0.08    0.00    2.05 v _303_/A (sky130_fd_sc_hd__nor2_2)
     1    0.00    0.05    0.09    2.14 ^ _303_/Y (sky130_fd_sc_hd__nor2_2)
                                         _062_ (net)
                  0.05    0.00    2.14 ^ _307_/C (sky130_fd_sc_hd__or4b_2)
     1    0.00    0.03    0.10    2.24 ^ _307_/X (sky130_fd_sc_hd__or4b_2)
                                         _066_ (net)
                  0.03    0.00    2.24 ^ _308_/A (sky130_fd_sc_hd__buf_1)
     1    0.03    0.40    0.30    2.54 ^ _308_/X (sky130_fd_sc_hd__buf_1)
                                         OUT[1] (net)
                  0.40    0.00    2.54 ^ OUT[1] (out)
                                  2.54   data arrival time

                  0.00    0.00    0.00   clock __VIRTUAL_CLK__ (rise edge)
                          0.00    0.00   clock network delay (ideal)
                          0.25    0.25   clock uncertainty
                          0.00    0.25   clock reconvergence pessimism
                         -2.00   -1.75   output external delay
                                 -1.75   data required time
-----------------------------------------------------------------------------
                                 -1.75   data required time
                                 -2.54   data arrival time
-----------------------------------------------------------------------------
                                  4.29   slack (MET)


Startpoint: A[4] (input port clocked by __VIRTUAL_CLK__)
Endpoint: OUT[4] (output port clocked by __VIRTUAL_CLK__)
Path Group: __VIRTUAL_CLK__
Path Type: min

Fanout     Cap    Slew   Delay    Time   Description
-----------------------------------------------------------------------------
                  0.00    0.00    0.00   clock __VIRTUAL_CLK__ (rise edge)
                          0.00    0.00   clock network delay (ideal)
                          2.00    2.00 ^ input external delay
     6    0.02    0.10    0.06    2.06 ^ A[4] (in)
                                         A[4] (net)
                  0.10    0.00    2.06 ^ _331_/A2 (sky130_fd_sc_hd__a31o_2)
     1    0.00    0.03    0.14    2.21 ^ _331_/X (sky130_fd_sc_hd__a31o_2)
                                         _087_ (net)
                  0.03    0.00    2.21 ^ _336_/B (sky130_fd_sc_hd__or3_2)
     1    0.00    0.03    0.08    2.29 ^ _336_/X (sky130_fd_sc_hd__or3_2)
                                         _092_ (net)
                  0.03    0.00    2.29 ^ _337_/A (sky130_fd_sc_hd__buf_1)
     1    0.03    0.40    0.30    2.59 ^ _337_/X (sky130_fd_sc_hd__buf_1)
                                         OUT[4] (net)
                  0.40    0.00    2.59 ^ OUT[4] (out)
                                  2.59   data arrival time

                  0.00    0.00    0.00   clock __VIRTUAL_CLK__ (rise edge)
                          0.00    0.00   clock network delay (ideal)
                          0.25    0.25   clock uncertainty
                          0.00    0.25   clock reconvergence pessimism
                         -2.00   -1.75   output external delay
                                 -1.75   data required time
-----------------------------------------------------------------------------
                                 -1.75   data required time
                                 -2.59   data arrival time
-----------------------------------------------------------------------------
                                  4.34   slack (MET)



worst slack corner Typical: 4.0652
min_report_end
max_report

===========================================================================
report_checks -path_delay max (Setup)
============================================================================
======================= Typical Corner ===================================

Startpoint: A[3] (input port clocked by __VIRTUAL_CLK__)
Endpoint: OUT[4] (output port clocked by __VIRTUAL_CLK__)
Path Group: __VIRTUAL_CLK__
Path Type: max

Fanout     Cap    Slew   Delay    Time   Description
-----------------------------------------------------------------------------
                  0.00    0.00    0.00   clock __VIRTUAL_CLK__ (rise edge)
                          0.00    0.00   clock network delay (ideal)
                          2.00    2.00 v input external delay
     1    0.00    0.01    0.00    2.00 v A[3] (in)
                                         A[3] (net)
                  0.01    0.00    2.00 v _172_/A (sky130_fd_sc_hd__buf_1)
    13    0.04    0.24    0.25    2.25 v _172_/X (sky130_fd_sc_hd__buf_1)
                                         _100_ (net)
                  0.24    0.00    2.25 v _178_/D (sky130_fd_sc_hd__and4_2)
     3    0.01    0.05    0.35    2.60 v _178_/X (sky130_fd_sc_hd__and4_2)
                                         _106_ (net)
                  0.05    0.00    2.60 v _182_/A (sky130_fd_sc_hd__or3_2)
     2    0.00    0.08    0.50    3.10 v _182_/X (sky130_fd_sc_hd__or3_2)
                                         _110_ (net)
                  0.08    0.00    3.10 v _187_/A1 (sky130_fd_sc_hd__a21o_2)
     2    0.00    0.04    0.21    3.31 v _187_/X (sky130_fd_sc_hd__a21o_2)
                                         _115_ (net)
                  0.04    0.00    3.31 v _189_/A3 (sky130_fd_sc_hd__a31o_2)
     2    0.01    0.06    0.28    3.59 v _189_/X (sky130_fd_sc_hd__a31o_2)
                                         _117_ (net)
                  0.06    0.00    3.59 v _191_/B (sky130_fd_sc_hd__xor2_2)
     2    0.01    0.07    0.16    3.75 v _191_/X (sky130_fd_sc_hd__xor2_2)
                                         _119_ (net)
                  0.07    0.00    3.75 v _332_/B1 (sky130_fd_sc_hd__a21o_2)
     1    0.00    0.03    0.19    3.94 v _332_/X (sky130_fd_sc_hd__a21o_2)
                                         _088_ (net)
                  0.03    0.00    3.94 v _335_/A3 (sky130_fd_sc_hd__a31o_2)
     1    0.00    0.03    0.23    4.18 v _335_/X (sky130_fd_sc_hd__a31o_2)
                                         _091_ (net)
                  0.03    0.00    4.18 v _336_/C (sky130_fd_sc_hd__or3_2)
     1    0.00    0.07    0.41    4.59 v _336_/X (sky130_fd_sc_hd__or3_2)
                                         _092_ (net)
                  0.07    0.00    4.59 v _337_/A (sky130_fd_sc_hd__buf_1)
     1    0.03    0.19    0.24    4.83 v _337_/X (sky130_fd_sc_hd__buf_1)
                                         OUT[4] (net)
                  0.19    0.00    4.83 v OUT[4] (out)
                                  4.83   data arrival time

                  0.00   10.00   10.00   clock __VIRTUAL_CLK__ (rise edge)
                          0.00   10.00   clock network delay (ideal)
                         -0.25    9.75   clock uncertainty
                          0.00    9.75   clock reconvergence pessimism
                         -2.00    7.75   output external delay
                                  7.75   data required time
-----------------------------------------------------------------------------
                                  7.75   data required time
                                 -4.83   data arrival time
-----------------------------------------------------------------------------
                                  2.92   slack (MET)


Startpoint: OPCODE[0] (input port clocked by __VIRTUAL_CLK__)
Endpoint: OUT[7] (output port clocked by __VIRTUAL_CLK__)
Path Group: __VIRTUAL_CLK__
Path Type: max

Fanout     Cap    Slew   Delay    Time   Description
-----------------------------------------------------------------------------
                  0.00    0.00    0.00   clock __VIRTUAL_CLK__ (rise edge)
                          0.00    0.00   clock network delay (ideal)
                          2.00    2.00 v input external delay
     5    0.01    0.03    0.02    2.02 v OPCODE[0] (in)
                                         OPCODE[0] (net)
                  0.03    0.00    2.02 v _225_/A_N (sky130_fd_sc_hd__nand3b_2)
     9    0.02    0.16    0.29    2.31 v _225_/Y (sky130_fd_sc_hd__nand3b_2)
                                         _153_ (net)
                  0.16    0.00    2.31 v _232_/C (sky130_fd_sc_hd__and3_2)
     2    0.00    0.04    0.27    2.59 v _232_/X (sky130_fd_sc_hd__and3_2)
                                         _160_ (net)
                  0.04    0.00    2.59 v _235_/B (sky130_fd_sc_hd__or3_2)
     2    0.00    0.08    0.46    3.05 v _235_/X (sky130_fd_sc_hd__or3_2)
                                         _163_ (net)
                  0.08    0.00    3.05 v _237_/B (sky130_fd_sc_hd__and3b_2)
     3    0.01    0.05    0.23    3.28 v _237_/X (sky130_fd_sc_hd__and3b_2)
                                         _000_ (net)
                  0.05    0.00    3.28 v _240_/A2 (sky130_fd_sc_hd__o21ai_2)
     4    0.01    0.18    0.18    3.45 ^ _240_/Y (sky130_fd_sc_hd__o21ai_2)
                                         _003_ (net)
                  0.18    0.00    3.45 ^ _247_/A2 (sky130_fd_sc_hd__a311o_2)
     5    0.02    0.10    0.26    3.71 ^ _247_/X (sky130_fd_sc_hd__a311o_2)
                                         _010_ (net)
                  0.10    0.00    3.71 ^ _266_/A3 (sky130_fd_sc_hd__a311oi_2)
     3    0.01    0.10    0.13    3.84 v _266_/Y (sky130_fd_sc_hd__a311oi_2)
                                         _028_ (net)
                  0.10    0.00    3.84 v _286_/B (sky130_fd_sc_hd__or3_2)
     1    0.00    0.07    0.47    4.32 v _286_/X (sky130_fd_sc_hd__or3_2)
                                         _047_ (net)
                  0.07    0.00    4.32 v _292_/A3 (sky130_fd_sc_hd__a31o_2)
     1    0.03    0.11    0.35    4.66 v _292_/X (sky130_fd_sc_hd__a31o_2)
                                         OUT[7] (net)
                  0.11    0.00    4.66 v OUT[7] (out)
                                  4.66   data arrival time

                  0.00   10.00   10.00   clock __VIRTUAL_CLK__ (rise edge)
                          0.00   10.00   clock network delay (ideal)
                         -0.25    9.75   clock uncertainty
                          0.00    9.75   clock reconvergence pessimism
                         -2.00    7.75   output external delay
                                  7.75   data required time
-----------------------------------------------------------------------------
                                  7.75   data required time
                                 -4.66   data arrival time
-----------------------------------------------------------------------------
                                  3.09   slack (MET)


Startpoint: B[0] (input port clocked by __VIRTUAL_CLK__)
Endpoint: OUT[6] (output port clocked by __VIRTUAL_CLK__)
Path Group: __VIRTUAL_CLK__
Path Type: max

Fanout     Cap    Slew   Delay    Time   Description
-----------------------------------------------------------------------------
                  0.00    0.00    0.00   clock __VIRTUAL_CLK__ (rise edge)
                          0.00    0.00   clock network delay (ideal)
                          2.00    2.00 v input external delay
    13    0.03    0.07    0.05    2.05 v B[0] (in)
                                         B[0] (net)
                  0.07    0.00    2.05 v _224_/A (sky130_fd_sc_hd__or2_2)
     4    0.01    0.08    0.35    2.40 v _224_/X (sky130_fd_sc_hd__or2_2)
                                         _152_ (net)
                  0.08    0.00    2.40 v _226_/A3 (sky130_fd_sc_hd__o31a_2)
     3    0.01    0.08    0.34    2.74 v _226_/X (sky130_fd_sc_hd__o31a_2)
                                         _154_ (net)
                  0.08    0.00    2.74 v _258_/A3 (sky130_fd_sc_hd__o31a_2)
     2    0.01    0.07    0.34    3.08 v _258_/X (sky130_fd_sc_hd__o31a_2)
                                         _020_ (net)
                  0.07    0.00    3.08 v _259_/B (sky130_fd_sc_hd__xnor2_2)
     2    0.01    0.05    0.15    3.23 v _259_/Y (sky130_fd_sc_hd__xnor2_2)
                                         _021_ (net)
                  0.05    0.00    3.23 v _260_/B (sky130_fd_sc_hd__and2_2)
     3    0.01    0.05    0.21    3.44 v _260_/X (sky130_fd_sc_hd__and2_2)
                                         _022_ (net)
                  0.05    0.00    3.44 v _262_/A (sky130_fd_sc_hd__or2_2)
     2    0.01    0.07    0.33    3.77 v _262_/X (sky130_fd_sc_hd__or2_2)
                                         _024_ (net)
                  0.07    0.00    3.77 v _266_/B1 (sky130_fd_sc_hd__a311oi_2)
     3    0.01    0.27    0.31    4.08 ^ _266_/Y (sky130_fd_sc_hd__a311oi_2)
                                         _028_ (net)
                  0.27    0.00    4.08 ^ _267_/A_N (sky130_fd_sc_hd__and2b_2)
     1    0.00    0.03    0.26    4.34 v _267_/X (sky130_fd_sc_hd__and2b_2)
                                         _029_ (net)
                  0.03    0.00    4.34 v _281_/A2 (sky130_fd_sc_hd__a21o_2)
     1    0.03    0.10    0.29    4.64 v _281_/X (sky130_fd_sc_hd__a21o_2)
                                         OUT[6] (net)
                  0.10    0.00    4.64 v OUT[6] (out)
                                  4.64   data arrival time

                  0.00   10.00   10.00   clock __VIRTUAL_CLK__ (rise edge)
                          0.00   10.00   clock network delay (ideal)
                         -0.25    9.75   clock uncertainty
                          0.00    9.75   clock reconvergence pessimism
                         -2.00    7.75   output external delay
                                  7.75   data required time
-----------------------------------------------------------------------------
                                  7.75   data required time
                                 -4.64   data arrival time
-----------------------------------------------------------------------------
                                  3.11   slack (MET)


Startpoint: A[3] (input port clocked by __VIRTUAL_CLK__)
Endpoint: OUT[5] (output port clocked by __VIRTUAL_CLK__)
Path Group: __VIRTUAL_CLK__
Path Type: max

Fanout     Cap    Slew   Delay    Time   Description
-----------------------------------------------------------------------------
                  0.00    0.00    0.00   clock __VIRTUAL_CLK__ (rise edge)
                          0.00    0.00   clock network delay (ideal)
                          2.00    2.00 v input external delay
     1    0.00    0.01    0.00    2.00 v A[3] (in)
                                         A[3] (net)
                  0.01    0.00    2.00 v _172_/A (sky130_fd_sc_hd__buf_1)
    13    0.04    0.24    0.25    2.25 v _172_/X (sky130_fd_sc_hd__buf_1)
                                         _100_ (net)
                  0.24    0.00    2.25 v _178_/D (sky130_fd_sc_hd__and4_2)
     3    0.01    0.05    0.35    2.60 v _178_/X (sky130_fd_sc_hd__and4_2)
                                         _106_ (net)
                  0.05    0.00    2.60 v _182_/A (sky130_fd_sc_hd__or3_2)
     2    0.00    0.08    0.50    3.10 v _182_/X (sky130_fd_sc_hd__or3_2)
                                         _110_ (net)
                  0.08    0.00    3.10 v _187_/A1 (sky130_fd_sc_hd__a21o_2)
     2    0.00    0.04    0.21    3.31 v _187_/X (sky130_fd_sc_hd__a21o_2)
                                         _115_ (net)
                  0.04    0.00    3.31 v _198_/B (sky130_fd_sc_hd__and2b_2)
     1    0.01    0.05    0.21    3.52 v _198_/X (sky130_fd_sc_hd__and2b_2)
                                         _126_ (net)
                  0.05    0.00    3.52 v _199_/B (sky130_fd_sc_hd__xnor2_2)
     3    0.02    0.25    0.23    3.75 ^ _199_/Y (sky130_fd_sc_hd__xnor2_2)
                                         _127_ (net)
                  0.25    0.00    3.75 ^ _200_/C (sky130_fd_sc_hd__nand3_2)
     3    0.01    0.08    0.13    3.88 v _200_/Y (sky130_fd_sc_hd__nand3_2)
                                         _128_ (net)
                  0.08    0.00    3.88 v _209_/A2 (sky130_fd_sc_hd__a21oi_2)
     1    0.00    0.10    0.16    4.04 ^ _209_/Y (sky130_fd_sc_hd__a21oi_2)
                                         _137_ (net)
                  0.10    0.00    4.04 ^ _211_/A (sky130_fd_sc_hd__nor2_2)
     1    0.00    0.03    0.05    4.08 v _211_/Y (sky130_fd_sc_hd__nor2_2)
                                         _139_ (net)
                  0.03    0.00    4.08 v _257_/A2 (sky130_fd_sc_hd__a211o_2)
     1    0.03    0.12    0.43    4.52 v _257_/X (sky130_fd_sc_hd__a211o_2)
                                         OUT[5] (net)
                  0.12    0.00    4.52 v OUT[5] (out)
                                  4.52   data arrival time

                  0.00   10.00   10.00   clock __VIRTUAL_CLK__ (rise edge)
                          0.00   10.00   clock network delay (ideal)
                         -0.25    9.75   clock uncertainty
                          0.00    9.75   clock reconvergence pessimism
                         -2.00    7.75   output external delay
                                  7.75   data required time
-----------------------------------------------------------------------------
                                  7.75   data required time
                                 -4.52   data arrival time
-----------------------------------------------------------------------------
                                  3.23   slack (MET)


Startpoint: A[3] (input port clocked by __VIRTUAL_CLK__)
Endpoint: OUT[3] (output port clocked by __VIRTUAL_CLK__)
Path Group: __VIRTUAL_CLK__
Path Type: max

Fanout     Cap    Slew   Delay    Time   Description
-----------------------------------------------------------------------------
                  0.00    0.00    0.00   clock __VIRTUAL_CLK__ (rise edge)
                          0.00    0.00   clock network delay (ideal)
                          2.00    2.00 v input external delay
     1    0.00    0.01    0.00    2.00 v A[3] (in)
                                         A[3] (net)
                  0.01    0.00    2.00 v _172_/A (sky130_fd_sc_hd__buf_1)
    13    0.04    0.24    0.25    2.25 v _172_/X (sky130_fd_sc_hd__buf_1)
                                         _100_ (net)
                  0.24    0.00    2.25 v _178_/D (sky130_fd_sc_hd__and4_2)
     3    0.01    0.05    0.35    2.60 v _178_/X (sky130_fd_sc_hd__and4_2)
                                         _106_ (net)
                  0.05    0.00    2.60 v _182_/A (sky130_fd_sc_hd__or3_2)
     2    0.00    0.08    0.50    3.10 v _182_/X (sky130_fd_sc_hd__or3_2)
                                         _110_ (net)
                  0.08    0.00    3.10 v _187_/A1 (sky130_fd_sc_hd__a21o_2)
     2    0.00    0.04    0.21    3.31 v _187_/X (sky130_fd_sc_hd__a21o_2)
                                         _115_ (net)
                  0.04    0.00    3.31 v _198_/B (sky130_fd_sc_hd__and2b_2)
     1    0.01    0.05    0.21    3.52 v _198_/X (sky130_fd_sc_hd__and2b_2)
                                         _126_ (net)
                  0.05    0.00    3.52 v _199_/B (sky130_fd_sc_hd__xnor2_2)
     3    0.01    0.09    0.17    3.69 v _199_/Y (sky130_fd_sc_hd__xnor2_2)
                                         _127_ (net)
                  0.09    0.00    3.69 v _320_/B (sky130_fd_sc_hd__xor2_2)
     1    0.00    0.06    0.16    3.84 v _320_/X (sky130_fd_sc_hd__xor2_2)
                                         _077_ (net)
                  0.06    0.00    3.84 v _325_/B1 (sky130_fd_sc_hd__a221o_2)
     1    0.03    0.13    0.46    4.30 v _325_/X (sky130_fd_sc_hd__a221o_2)
                                         OUT[3] (net)
                  0.13    0.00    4.30 v OUT[3] (out)
                                  4.30   data arrival time

                  0.00   10.00   10.00   clock __VIRTUAL_CLK__ (rise edge)
                          0.00   10.00   clock network delay (ideal)
                         -0.25    9.75   clock uncertainty
                          0.00    9.75   clock reconvergence pessimism
                         -2.00    7.75   output external delay
                                  7.75   data required time
-----------------------------------------------------------------------------
                                  7.75   data required time
                                 -4.30   data arrival time
-----------------------------------------------------------------------------
                                  3.45   slack (MET)


Startpoint: OPCODE[0] (input port clocked by __VIRTUAL_CLK__)
Endpoint: OUT[1] (output port clocked by __VIRTUAL_CLK__)
Path Group: __VIRTUAL_CLK__
Path Type: max

Fanout     Cap    Slew   Delay    Time   Description
-----------------------------------------------------------------------------
                  0.00    0.00    0.00   clock __VIRTUAL_CLK__ (rise edge)
                          0.00    0.00   clock network delay (ideal)
                          2.00    2.00 v input external delay
     5    0.01    0.03    0.02    2.02 v OPCODE[0] (in)
                                         OPCODE[0] (net)
                  0.03    0.00    2.02 v _225_/A_N (sky130_fd_sc_hd__nand3b_2)
     9    0.02    0.16    0.29    2.31 v _225_/Y (sky130_fd_sc_hd__nand3b_2)
                                         _153_ (net)
                  0.16    0.00    2.31 v _232_/C (sky130_fd_sc_hd__and3_2)
     2    0.00    0.04    0.27    2.59 v _232_/X (sky130_fd_sc_hd__and3_2)
                                         _160_ (net)
                  0.04    0.00    2.59 v _235_/B (sky130_fd_sc_hd__or3_2)
     2    0.00    0.08    0.46    3.05 v _235_/X (sky130_fd_sc_hd__or3_2)
                                         _163_ (net)
                  0.08    0.00    3.05 v _304_/B (sky130_fd_sc_hd__and2b_2)
     1    0.00    0.04    0.22    3.26 v _304_/X (sky130_fd_sc_hd__and2b_2)
                                         _063_ (net)
                  0.04    0.00    3.26 v _305_/A (sky130_fd_sc_hd__nor2_2)
     1    0.00    0.05    0.08    3.35 ^ _305_/Y (sky130_fd_sc_hd__nor2_2)
                                         _064_ (net)
                  0.05    0.00    3.35 ^ _306_/B (sky130_fd_sc_hd__or3b_2)
     1    0.00    0.03    0.10    3.45 ^ _306_/X (sky130_fd_sc_hd__or3b_2)
                                         _065_ (net)
                  0.03    0.00    3.45 ^ _307_/D_N (sky130_fd_sc_hd__or4b_2)
     1    0.00    0.09    0.59    4.04 v _307_/X (sky130_fd_sc_hd__or4b_2)
                                         _066_ (net)
                  0.09    0.00    4.04 v _308_/A (sky130_fd_sc_hd__buf_1)
     1    0.03    0.19    0.25    4.29 v _308_/X (sky130_fd_sc_hd__buf_1)
                                         OUT[1] (net)
                  0.19    0.00    4.29 v OUT[1] (out)
                                  4.29   data arrival time

                  0.00   10.00   10.00   clock __VIRTUAL_CLK__ (rise edge)
                          0.00   10.00   clock network delay (ideal)
                         -0.25    9.75   clock uncertainty
                          0.00    9.75   clock reconvergence pessimism
                         -2.00    7.75   output external delay
                                  7.75   data required time
-----------------------------------------------------------------------------
                                  7.75   data required time
                                 -4.29   data arrival time
-----------------------------------------------------------------------------
                                  3.46   slack (MET)


Startpoint: B[0] (input port clocked by __VIRTUAL_CLK__)
Endpoint: OUT[2] (output port clocked by __VIRTUAL_CLK__)
Path Group: __VIRTUAL_CLK__
Path Type: max

Fanout     Cap    Slew   Delay    Time   Description
-----------------------------------------------------------------------------
                  0.00    0.00    0.00   clock __VIRTUAL_CLK__ (rise edge)
                          0.00    0.00   clock network delay (ideal)
                          2.00    2.00 v input external delay
    13    0.03    0.07    0.05    2.05 v B[0] (in)
                                         B[0] (net)
                  0.07    0.00    2.05 v _224_/A (sky130_fd_sc_hd__or2_2)
     4    0.01    0.08    0.35    2.40 v _224_/X (sky130_fd_sc_hd__or2_2)
                                         _152_ (net)
                  0.08    0.00    2.40 v _230_/C (sky130_fd_sc_hd__and3_2)
     2    0.01    0.05    0.24    2.64 v _230_/X (sky130_fd_sc_hd__and3_2)
                                         _158_ (net)
                  0.05    0.00    2.64 v _238_/C (sky130_fd_sc_hd__or3_2)
     1    0.00    0.07    0.41    3.05 v _238_/X (sky130_fd_sc_hd__or3_2)
                                         _001_ (net)
                  0.07    0.00    3.05 v _239_/B (sky130_fd_sc_hd__and2_2)
     2    0.01    0.04    0.21    3.26 v _239_/X (sky130_fd_sc_hd__and2_2)
                                         _002_ (net)
                  0.04    0.00    3.26 v _309_/A (sky130_fd_sc_hd__or3_2)
     1    0.00    0.07    0.48    3.74 v _309_/X (sky130_fd_sc_hd__or3_2)
                                         _067_ (net)
                  0.07    0.00    3.74 v _316_/A3 (sky130_fd_sc_hd__a31o_2)
     1    0.03    0.11    0.35    4.09 v _316_/X (sky130_fd_sc_hd__a31o_2)
                                         OUT[2] (net)
                  0.11    0.00    4.09 v OUT[2] (out)
                                  4.09   data arrival time

                  0.00   10.00   10.00   clock __VIRTUAL_CLK__ (rise edge)
                          0.00   10.00   clock network delay (ideal)
                         -0.25    9.75   clock uncertainty
                          0.00    9.75   clock reconvergence pessimism
                         -2.00    7.75   output external delay
                                  7.75   data required time
-----------------------------------------------------------------------------
                                  7.75   data required time
                                 -4.09   data arrival time
-----------------------------------------------------------------------------
                                  3.66   slack (MET)


Startpoint: OPCODE[0] (input port clocked by __VIRTUAL_CLK__)
Endpoint: OUT[0] (output port clocked by __VIRTUAL_CLK__)
Path Group: __VIRTUAL_CLK__
Path Type: max

Fanout     Cap    Slew   Delay    Time   Description
-----------------------------------------------------------------------------
                  0.00    0.00    0.00   clock __VIRTUAL_CLK__ (rise edge)
                          0.00    0.00   clock network delay (ideal)
                          2.00    2.00 v input external delay
     5    0.01    0.03    0.02    2.02 v OPCODE[0] (in)
                                         OPCODE[0] (net)
                  0.03    0.00    2.02 v _166_/A (sky130_fd_sc_hd__or2_2)
     4    0.01    0.08    0.34    2.36 v _166_/X (sky130_fd_sc_hd__or2_2)
                                         _094_ (net)
                  0.08    0.00    2.36 v _214_/B (sky130_fd_sc_hd__or2_2)
     1    0.00    0.05    0.29    2.65 v _214_/X (sky130_fd_sc_hd__or2_2)
                                         _142_ (net)
                  0.05    0.00    2.65 v _215_/A (sky130_fd_sc_hd__buf_1)
     8    0.03    0.17    0.21    2.86 v _215_/X (sky130_fd_sc_hd__buf_1)
                                         _143_ (net)
                  0.17    0.00    2.86 v _296_/A2 (sky130_fd_sc_hd__o21ai_2)
     1    0.00    0.09    0.15    3.01 ^ _296_/Y (sky130_fd_sc_hd__o21ai_2)
                                         _056_ (net)
                  0.09    0.00    3.01 ^ _297_/B1 (sky130_fd_sc_hd__a31o_2)
     1    0.03    0.20    0.24    3.25 ^ _297_/X (sky130_fd_sc_hd__a31o_2)
                                         OUT[0] (net)
                  0.20    0.00    3.25 ^ OUT[0] (out)
                                  3.25   data arrival time

                  0.00   10.00   10.00   clock __VIRTUAL_CLK__ (rise edge)
                          0.00   10.00   clock network delay (ideal)
                         -0.25    9.75   clock uncertainty
                          0.00    9.75   clock reconvergence pessimism
                         -2.00    7.75   output external delay
                                  7.75   data required time
-----------------------------------------------------------------------------
                                  7.75   data required time
                                 -3.25   data arrival time
-----------------------------------------------------------------------------
                                  4.50   slack (MET)



worst slack corner Typical: 2.9212
max_report_end
checks_report

===========================================================================
report_checks -unconstrained
===========================================================================
======================= Typical Corner ===================================

Startpoint: A[3] (input port clocked by __VIRTUAL_CLK__)
Endpoint: OUT[4] (output port clocked by __VIRTUAL_CLK__)
Path Group: __VIRTUAL_CLK__
Path Type: max

Fanout     Cap    Slew   Delay    Time   Description
-----------------------------------------------------------------------------
                  0.00    0.00    0.00   clock __VIRTUAL_CLK__ (rise edge)
                          0.00    0.00   clock network delay (ideal)
                          2.00    2.00 v input external delay
     1    0.00    0.01    0.00    2.00 v A[3] (in)
                                         A[3] (net)
                  0.01    0.00    2.00 v _172_/A (sky130_fd_sc_hd__buf_1)
    13    0.04    0.24    0.25    2.25 v _172_/X (sky130_fd_sc_hd__buf_1)
                                         _100_ (net)
                  0.24    0.00    2.25 v _178_/D (sky130_fd_sc_hd__and4_2)
     3    0.01    0.05    0.35    2.60 v _178_/X (sky130_fd_sc_hd__and4_2)
                                         _106_ (net)
                  0.05    0.00    2.60 v _182_/A (sky130_fd_sc_hd__or3_2)
     2    0.00    0.08    0.50    3.10 v _182_/X (sky130_fd_sc_hd__or3_2)
                                         _110_ (net)
                  0.08    0.00    3.10 v _187_/A1 (sky130_fd_sc_hd__a21o_2)
     2    0.00    0.04    0.21    3.31 v _187_/X (sky130_fd_sc_hd__a21o_2)
                                         _115_ (net)
                  0.04    0.00    3.31 v _189_/A3 (sky130_fd_sc_hd__a31o_2)
     2    0.01    0.06    0.28    3.59 v _189_/X (sky130_fd_sc_hd__a31o_2)
                                         _117_ (net)
                  0.06    0.00    3.59 v _191_/B (sky130_fd_sc_hd__xor2_2)
     2    0.01    0.07    0.16    3.75 v _191_/X (sky130_fd_sc_hd__xor2_2)
                                         _119_ (net)
                  0.07    0.00    3.75 v _332_/B1 (sky130_fd_sc_hd__a21o_2)
     1    0.00    0.03    0.19    3.94 v _332_/X (sky130_fd_sc_hd__a21o_2)
                                         _088_ (net)
                  0.03    0.00    3.94 v _335_/A3 (sky130_fd_sc_hd__a31o_2)
     1    0.00    0.03    0.23    4.18 v _335_/X (sky130_fd_sc_hd__a31o_2)
                                         _091_ (net)
                  0.03    0.00    4.18 v _336_/C (sky130_fd_sc_hd__or3_2)
     1    0.00    0.07    0.41    4.59 v _336_/X (sky130_fd_sc_hd__or3_2)
                                         _092_ (net)
                  0.07    0.00    4.59 v _337_/A (sky130_fd_sc_hd__buf_1)
     1    0.03    0.19    0.24    4.83 v _337_/X (sky130_fd_sc_hd__buf_1)
                                         OUT[4] (net)
                  0.19    0.00    4.83 v OUT[4] (out)
                                  4.83   data arrival time

                  0.00   10.00   10.00   clock __VIRTUAL_CLK__ (rise edge)
                          0.00   10.00   clock network delay (ideal)
                         -0.25    9.75   clock uncertainty
                          0.00    9.75   clock reconvergence pessimism
                         -2.00    7.75   output external delay
                                  7.75   data required time
-----------------------------------------------------------------------------
                                  7.75   data required time
                                 -4.83   data arrival time
-----------------------------------------------------------------------------
                                  2.92   slack (MET)




===========================================================================
report_checks --slack_max -0.01
============================================================================
======================= Typical Corner ===================================

No paths found.


===========================================================================
 report_check_types -max_slew -max_cap -max_fanout -violators
============================================================================
======================= Typical Corner ===================================


max slew violations count Typical: 0
max fanout violations count Typical: 0
max cap violations count Typical: 0

===========================================================================
report_parasitic_annotation -report_unannotated
============================================================================
Found 192 unannotated drivers.
 A[0]
 A[1]
 A[2]
 A[3]
 A[4]
 A[5]
 A[6]
 A[7]
 B[0]
 B[1]
 B[2]
 B[3]
 B[4]
 B[5]
 B[6]
 B[7]
 OPCODE[0]
 OPCODE[1]
 OPCODE[2]
 _165_/Y
 _166_/X
 _167_/Y
 _168_/X
 _169_/Y
 _170_/X
 _171_/Y
 _172_/X
 _173_/Y
 _174_/X
 _175_/Y
 _176_/Y
 _177_/Y
 _178_/X
 _179_/Y
 _180_/Y
 _181_/Y
 _182_/X
 _183_/Y
 _184_/X
 _185_/X
 _186_/X
 _187_/X
 _188_/X
 _189_/X
 _190_/Y
 _191_/X
 _192_/Y
 _193_/X
 _194_/Y
 _195_/X
 _196_/X
 _197_/Y
 _198_/X
 _199_/Y
 _200_/Y
 _201_/X
 _202_/X
 _203_/X
 _204_/Y
 _205_/Y
 _206_/Y
 _207_/Y
 _208_/X
 _209_/Y
 _210_/X
 _211_/Y
 _212_/Y
 _213_/Y
 _214_/X
 _215_/X
 _216_/Y
 _217_/Y
 _218_/Y
 _219_/X
 _220_/X
 _221_/Y
 _222_/X
 _223_/X
 _224_/X
 _225_/Y
 _226_/X
 _227_/Y
 _228_/Y
 _229_/Y
 _230_/X
 _231_/Y
 _232_/X
 _233_/Y
 _234_/X
 _235_/X
 _236_/X
 _237_/X
 _238_/X
 _239_/X
 _240_/Y
 _241_/X
 _242_/Y
 _243_/Y
 _244_/Y
 _245_/X
 _246_/Y
 _247_/X
 _248_/X
 _249_/Y
 _250_/X
 _251_/Y
 _252_/Y
 _253_/X
 _254_/Y
 _255_/X
 _256_/X
 _257_/X
 _258_/X
 _259_/Y
 _260_/X
 _261_/Y
 _262_/X
 _263_/Y
 _264_/X
 _265_/Y
 _266_/Y
 _267_/X
 _268_/Y
 _269_/Y
 _270_/X
 _271_/Y
 _272_/X
 _273_/X
 _274_/Y
 _275_/Y
 _276_/Y
 _277_/X
 _278_/X
 _279_/Y
 _280_/X
 _281_/X
 _282_/Y
 _283_/X
 _284_/X
 _285_/Y
 _286_/X
 _287_/Y
 _288_/X
 _289_/Y
 _290_/X
 _291_/X
 _292_/X
 _293_/X
 _294_/Y
 _295_/X
 _296_/Y
 _297_/X
 _298_/Y
 _299_/X
 _300_/X
 _301_/X
 _302_/X
 _303_/Y
 _304_/X
 _305_/Y
 _306_/X
 _307_/X
 _308_/X
 _309_/X
 _310_/Y
 _311_/Y
 _312_/X
 _313_/Y
 _314_/X
 _315_/Y
 _316_/X
 _317_/X
 _318_/Y
 _319_/Y
 _320_/X
 _321_/Y
 _322_/X
 _323_/Y
 _324_/X
 _325_/X
 _326_/X
 _327_/Y
 _328_/X
 _329_/Y
 _330_/X
 _331_/X
 _332_/X
 _333_/X
 _334_/Y
 _335_/X
 _336_/X
 _337_/X
Found 0 partially unannotated drivers.

===========================================================================
max slew violation count 0
max fanout violation count 0
max cap violation count 0
============================================================================

===========================================================================
check_setup -verbose -unconstrained_endpoints -multiple_clock -no_clock -no_input_delay -loops -generated_clocks
===========================================================================
checks_report_end
power_report

===========================================================================
 report_power
============================================================================
======================= Typical Corner ===================================

Group                  Internal  Switching    Leakage      Total
                          Power      Power      Power      Power (Watts)
----------------------------------------------------------------
Sequential             0.00e+00   0.00e+00   0.00e+00   0.00e+00   0.0%
Combinational          4.13e-05   3.96e-05   6.11e-10   8.09e-05 100.0%
Clock                  0.00e+00   0.00e+00   0.00e+00   0.00e+00   0.0%
Macro                  0.00e+00   0.00e+00   0.00e+00   0.00e+00   0.0%
Pad                    0.00e+00   0.00e+00   0.00e+00   0.00e+00   0.0%
----------------------------------------------------------------
Total                  4.13e-05   3.96e-05   6.11e-10   8.09e-05 100.0%
                          51.1%      48.9%       0.0%

power_report_end
summary_report

===========================================================================
report_tns
============================================================================
tns 0.00

===========================================================================
report_wns
============================================================================
wns 0.00

===========================================================================
report_worst_slack -max (Setup)
============================================================================
worst slack 2.92

===========================================================================
report_worst_slack -min (Hold)
============================================================================
worst slack 4.07
summary_report_end
check_nonpropagated_clocks
__VIRTUAL_CLK__
check_nonpropagated_clocks_end
[WARNING] Did not save OpenROAD database!
Writing SDF to '/openlane/designs/alu/runs/RUN_2025.05.01_15.47.09/results/synthesis/alu.sdf'…
