OpenROAD b16bda7e82721d10566ff7e2b68f1ff0be9f9e38 
Features included (+) or not (-): +Charts +GPU +GUI +Python
This program is licensed under the BSD-3 license. See the LICENSE file for details.
Components of this program may be licensed under more restrictive licenses which must be honored.
define_corners Typical
read_liberty -corner Typical /home/omers/.volare/sky130A/libs.ref/sky130_fd_sc_hd/lib/sky130_fd_sc_hd__tt_025C_1v80.lib
Using 1e-12 for capacitance...
Using 1e+03 for resistance...
Using 1e-09 for time...
Using 1e+00 for voltage...
Using 1e-03 for current...
Using 1e-09 for power...
Using 1e-06 for distance...
[INFO]: Reading ODB at '/openlane/designs/alu/runs/RUN_2025.05.01_15.47.09/tmp/placement/7-global.odb'…
Reading design constraints file at '/openlane/scripts/base.sdc'…
[INFO]: Setting output delay to: 2.0
[INFO]: Setting input delay to: 2.0
[WARNING STA-0366] port '__VIRTUAL_CLK__' not found.
[INFO]: Setting load to: 0.033442
[INFO]: Setting clock uncertainty to: 0.25
[INFO]: Setting clock transition to: 0.15
[WARNING STA-0419] transition time can not be specified for virtual clocks.
[INFO]: Setting timing derate to: 5.0 %
[INFO]: Setting RC values...
min_report

===========================================================================
report_checks -path_delay min (Hold)
============================================================================
======================= Typical Corner ===================================

Startpoint: B[0] (input port clocked by __VIRTUAL_CLK__)
Endpoint: OUT[0] (output port clocked by __VIRTUAL_CLK__)
Path Group: __VIRTUAL_CLK__
Path Type: min

Fanout     Cap    Slew   Delay    Time   Description
-----------------------------------------------------------------------------
                  0.00    0.00    0.00   clock __VIRTUAL_CLK__ (rise edge)
                          0.00    0.00   clock network delay (ideal)
                          2.00    2.00 v input external delay
    13    0.04    0.08    0.06    2.06 v B[0] (in)
                                         B[0] (net)
                  0.08    0.00    2.06 v _297_/A1 (sky130_fd_sc_hd__a31o_2)
     1    0.04    0.12    0.29    2.34 v _297_/X (sky130_fd_sc_hd__a31o_2)
                                         OUT[0] (net)
                  0.12    0.00    2.35 v OUT[0] (out)
                                  2.35   data arrival time

                  0.00    0.00    0.00   clock __VIRTUAL_CLK__ (rise edge)
                          0.00    0.00   clock network delay (ideal)
                          0.25    0.25   clock uncertainty
                          0.00    0.25   clock reconvergence pessimism
                         -2.00   -1.75   output external delay
                                 -1.75   data required time
-----------------------------------------------------------------------------
                                 -1.75   data required time
                                 -2.35   data arrival time
-----------------------------------------------------------------------------
                                  4.10   slack (MET)


Startpoint: A[5] (input port clocked by __VIRTUAL_CLK__)
Endpoint: OUT[5] (output port clocked by __VIRTUAL_CLK__)
Path Group: __VIRTUAL_CLK__
Path Type: min

Fanout     Cap    Slew   Delay    Time   Description
-----------------------------------------------------------------------------
                  0.00    0.00    0.00   clock __VIRTUAL_CLK__ (rise edge)
                          0.00    0.00   clock network delay (ideal)
                          2.00    2.00 v input external delay
     6    0.02    0.05    0.04    2.04 v A[5] (in)
                                         A[5] (net)
                  0.05    0.00    2.04 v _216_/A (sky130_fd_sc_hd__nor2_2)
     1    0.00    0.06    0.09    2.12 ^ _216_/Y (sky130_fd_sc_hd__nor2_2)
                                         _144_ (net)
                  0.06    0.00    2.12 ^ _223_/B1 (sky130_fd_sc_hd__a311o_2)
     1    0.01    0.04    0.11    2.23 ^ _223_/X (sky130_fd_sc_hd__a311o_2)
                                         _151_ (net)
                  0.04    0.00    2.23 ^ _257_/B1 (sky130_fd_sc_hd__a211o_2)
     1    0.04    0.19    0.20    2.43 ^ _257_/X (sky130_fd_sc_hd__a211o_2)
                                         OUT[5] (net)
                  0.19    0.00    2.43 ^ OUT[5] (out)
                                  2.43   data arrival time

                  0.00    0.00    0.00   clock __VIRTUAL_CLK__ (rise edge)
                          0.00    0.00   clock network delay (ideal)
                          0.25    0.25   clock uncertainty
                          0.00    0.25   clock reconvergence pessimism
                         -2.00   -1.75   output external delay
                                 -1.75   data required time
-----------------------------------------------------------------------------
                                 -1.75   data required time
                                 -2.43   data arrival time
-----------------------------------------------------------------------------
                                  4.18   slack (MET)


Startpoint: A[6] (input port clocked by __VIRTUAL_CLK__)
Endpoint: OUT[6] (output port clocked by __VIRTUAL_CLK__)
Path Group: __VIRTUAL_CLK__
Path Type: min

Fanout     Cap    Slew   Delay    Time   Description
-----------------------------------------------------------------------------
                  0.00    0.00    0.00   clock __VIRTUAL_CLK__ (rise edge)
                          0.00    0.00   clock network delay (ideal)
                          2.00    2.00 v input external delay
     5    0.02    0.06    0.04    2.04 v A[6] (in)
                                         A[6] (net)
                  0.06    0.00    2.04 v _279_/A1 (sky130_fd_sc_hd__o211ai_2)
     1    0.01    0.06    0.17    2.21 ^ _279_/Y (sky130_fd_sc_hd__o211ai_2)
                                         _041_ (net)
                  0.06    0.00    2.21 ^ _280_/B1 (sky130_fd_sc_hd__a31o_2)
     1    0.00    0.03    0.09    2.30 ^ _280_/X (sky130_fd_sc_hd__a31o_2)
                                         _042_ (net)
                  0.03    0.00    2.30 ^ _281_/B1 (sky130_fd_sc_hd__a21o_2)
     1    0.04    0.21    0.20    2.50 ^ _281_/X (sky130_fd_sc_hd__a21o_2)
                                         OUT[6] (net)
                  0.21    0.00    2.50 ^ OUT[6] (out)
                                  2.50   data arrival time

                  0.00    0.00    0.00   clock __VIRTUAL_CLK__ (rise edge)
                          0.00    0.00   clock network delay (ideal)
                          0.25    0.25   clock uncertainty
                          0.00    0.25   clock reconvergence pessimism
                         -2.00   -1.75   output external delay
                                 -1.75   data required time
-----------------------------------------------------------------------------
                                 -1.75   data required time
                                 -2.50   data arrival time
-----------------------------------------------------------------------------
                                  4.25   slack (MET)


Startpoint: OPCODE[2] (input port clocked by __VIRTUAL_CLK__)
Endpoint: OUT[7] (output port clocked by __VIRTUAL_CLK__)
Path Group: __VIRTUAL_CLK__
Path Type: min

Fanout     Cap    Slew   Delay    Time   Description
-----------------------------------------------------------------------------
                  0.00    0.00    0.00   clock __VIRTUAL_CLK__ (rise edge)
                          0.00    0.00   clock network delay (ideal)
                          2.00    2.00 v input external delay
     6    0.02    0.04    0.03    2.03 v OPCODE[2] (in)
                                         OPCODE[2] (net)
                  0.04    0.00    2.03 v _255_/A (sky130_fd_sc_hd__and3_2)
     7    0.02    0.07    0.20    2.23 v _255_/X (sky130_fd_sc_hd__and3_2)
                                         _018_ (net)
                  0.07    0.00    2.23 v _292_/A1 (sky130_fd_sc_hd__a31o_2)
     1    0.04    0.12    0.28    2.51 v _292_/X (sky130_fd_sc_hd__a31o_2)
                                         OUT[7] (net)
                  0.12    0.00    2.52 v OUT[7] (out)
                                  2.52   data arrival time

                  0.00    0.00    0.00   clock __VIRTUAL_CLK__ (rise edge)
                          0.00    0.00   clock network delay (ideal)
                          0.25    0.25   clock uncertainty
                          0.00    0.25   clock reconvergence pessimism
                         -2.00   -1.75   output external delay
                                 -1.75   data required time
-----------------------------------------------------------------------------
                                 -1.75   data required time
                                 -2.52   data arrival time
-----------------------------------------------------------------------------
                                  4.27   slack (MET)


Startpoint: OPCODE[2] (input port clocked by __VIRTUAL_CLK__)
Endpoint: OUT[2] (output port clocked by __VIRTUAL_CLK__)
Path Group: __VIRTUAL_CLK__
Path Type: min

Fanout     Cap    Slew   Delay    Time   Description
-----------------------------------------------------------------------------
                  0.00    0.00    0.00   clock __VIRTUAL_CLK__ (rise edge)
                          0.00    0.00   clock network delay (ideal)
                          2.00    2.00 v input external delay
     6    0.02    0.04    0.03    2.03 v OPCODE[2] (in)
                                         OPCODE[2] (net)
                  0.04    0.00    2.03 v _255_/A (sky130_fd_sc_hd__and3_2)
     7    0.02    0.07    0.20    2.23 v _255_/X (sky130_fd_sc_hd__and3_2)
                                         _018_ (net)
                  0.07    0.00    2.23 v _316_/A2 (sky130_fd_sc_hd__a31o_2)
     1    0.04    0.11    0.31    2.54 v _316_/X (sky130_fd_sc_hd__a31o_2)
                                         OUT[2] (net)
                  0.11    0.00    2.55 v OUT[2] (out)
                                  2.55   data arrival time

                  0.00    0.00    0.00   clock __VIRTUAL_CLK__ (rise edge)
                          0.00    0.00   clock network delay (ideal)
                          0.25    0.25   clock uncertainty
                          0.00    0.25   clock reconvergence pessimism
                         -2.00   -1.75   output external delay
                                 -1.75   data required time
-----------------------------------------------------------------------------
                                 -1.75   data required time
                                 -2.55   data arrival time
-----------------------------------------------------------------------------
                                  4.30   slack (MET)


Startpoint: OPCODE[2] (input port clocked by __VIRTUAL_CLK__)
Endpoint: OUT[3] (output port clocked by __VIRTUAL_CLK__)
Path Group: __VIRTUAL_CLK__
Path Type: min

Fanout     Cap    Slew   Delay    Time   Description
-----------------------------------------------------------------------------
                  0.00    0.00    0.00   clock __VIRTUAL_CLK__ (rise edge)
                          0.00    0.00   clock network delay (ideal)
                          2.00    2.00 ^ input external delay
     6    0.02    0.10    0.06    2.06 ^ OPCODE[2] (in)
                                         OPCODE[2] (net)
                  0.10    0.00    2.06 ^ _255_/A (sky130_fd_sc_hd__and3_2)
     7    0.02    0.11    0.23    2.29 ^ _255_/X (sky130_fd_sc_hd__and3_2)
                                         _018_ (net)
                  0.11    0.00    2.29 ^ _325_/A1 (sky130_fd_sc_hd__a221o_2)
     1    0.04    0.21    0.28    2.57 ^ _325_/X (sky130_fd_sc_hd__a221o_2)
                                         OUT[3] (net)
                  0.21    0.00    2.58 ^ OUT[3] (out)
                                  2.58   data arrival time

                  0.00    0.00    0.00   clock __VIRTUAL_CLK__ (rise edge)
                          0.00    0.00   clock network delay (ideal)
                          0.25    0.25   clock uncertainty
                          0.00    0.25   clock reconvergence pessimism
                         -2.00   -1.75   output external delay
                                 -1.75   data required time
-----------------------------------------------------------------------------
                                 -1.75   data required time
                                 -2.58   data arrival time
-----------------------------------------------------------------------------
                                  4.33   slack (MET)


Startpoint: A[1] (input port clocked by __VIRTUAL_CLK__)
Endpoint: OUT[1] (output port clocked by __VIRTUAL_CLK__)
Path Group: __VIRTUAL_CLK__
Path Type: min

Fanout     Cap    Slew   Delay    Time   Description
-----------------------------------------------------------------------------
                  0.00    0.00    0.00   clock __VIRTUAL_CLK__ (rise edge)
                          0.00    0.00   clock network delay (ideal)
                          2.00    2.00 v input external delay
    13    0.04    0.10    0.07    2.07 v A[1] (in)
                                         A[1] (net)
                  0.10    0.00    2.07 v _303_/A (sky130_fd_sc_hd__nor2_2)
     1    0.00    0.05    0.10    2.17 ^ _303_/Y (sky130_fd_sc_hd__nor2_2)
                                         _062_ (net)
                  0.05    0.00    2.17 ^ _307_/C (sky130_fd_sc_hd__or4b_2)
     1    0.01    0.06    0.12    2.29 ^ _307_/X (sky130_fd_sc_hd__or4b_2)
                                         _066_ (net)
                  0.06    0.00    2.29 ^ _308_/A (sky130_fd_sc_hd__buf_1)
     1    0.03    0.40    0.32    2.61 ^ _308_/X (sky130_fd_sc_hd__buf_1)
                                         OUT[1] (net)
                  0.40    0.00    2.61 ^ OUT[1] (out)
                                  2.61   data arrival time

                  0.00    0.00    0.00   clock __VIRTUAL_CLK__ (rise edge)
                          0.00    0.00   clock network delay (ideal)
                          0.25    0.25   clock uncertainty
                          0.00    0.25   clock reconvergence pessimism
                         -2.00   -1.75   output external delay
                                 -1.75   data required time
-----------------------------------------------------------------------------
                                 -1.75   data required time
                                 -2.61   data arrival time
-----------------------------------------------------------------------------
                                  4.36   slack (MET)


Startpoint: A[4] (input port clocked by __VIRTUAL_CLK__)
Endpoint: OUT[4] (output port clocked by __VIRTUAL_CLK__)
Path Group: __VIRTUAL_CLK__
Path Type: min

Fanout     Cap    Slew   Delay    Time   Description
-----------------------------------------------------------------------------
                  0.00    0.00    0.00   clock __VIRTUAL_CLK__ (rise edge)
                          0.00    0.00   clock network delay (ideal)
                          2.00    2.00 ^ input external delay
     6    0.03    0.12    0.08    2.08 ^ A[4] (in)
                                         A[4] (net)
                  0.12    0.00    2.08 ^ _331_/A2 (sky130_fd_sc_hd__a31o_2)
     1    0.00    0.03    0.15    2.23 ^ _331_/X (sky130_fd_sc_hd__a31o_2)
                                         _087_ (net)
                  0.03    0.00    2.23 ^ _336_/B (sky130_fd_sc_hd__or3_2)
     1    0.00    0.03    0.09    2.32 ^ _336_/X (sky130_fd_sc_hd__or3_2)
                                         _092_ (net)
                  0.03    0.00    2.32 ^ _337_/A (sky130_fd_sc_hd__buf_1)
     1    0.04    0.47    0.35    2.66 ^ _337_/X (sky130_fd_sc_hd__buf_1)
                                         OUT[4] (net)
                  0.47    0.00    2.67 ^ OUT[4] (out)
                                  2.67   data arrival time

                  0.00    0.00    0.00   clock __VIRTUAL_CLK__ (rise edge)
                          0.00    0.00   clock network delay (ideal)
                          0.25    0.25   clock uncertainty
                          0.00    0.25   clock reconvergence pessimism
                         -2.00   -1.75   output external delay
                                 -1.75   data required time
-----------------------------------------------------------------------------
                                 -1.75   data required time
                                 -2.67   data arrival time
-----------------------------------------------------------------------------
                                  4.42   slack (MET)



worst slack corner Typical: 4.0966
min_report_end
max_report

===========================================================================
report_checks -path_delay max (Setup)
============================================================================
======================= Typical Corner ===================================

Startpoint: A[3] (input port clocked by __VIRTUAL_CLK__)
Endpoint: OUT[4] (output port clocked by __VIRTUAL_CLK__)
Path Group: __VIRTUAL_CLK__
Path Type: max

Fanout     Cap    Slew   Delay    Time   Description
-----------------------------------------------------------------------------
                  0.00    0.00    0.00   clock __VIRTUAL_CLK__ (rise edge)
                          0.00    0.00   clock network delay (ideal)
                          2.00    2.00 v input external delay
     1    0.00    0.01    0.01    2.01 v A[3] (in)
                                         A[3] (net)
                  0.01    0.00    2.01 v _172_/A (sky130_fd_sc_hd__buf_1)
    13    0.05    0.28    0.28    2.28 v _172_/X (sky130_fd_sc_hd__buf_1)
                                         _100_ (net)
                  0.28    0.00    2.28 v _178_/D (sky130_fd_sc_hd__and4_2)
     3    0.01    0.05    0.37    2.66 v _178_/X (sky130_fd_sc_hd__and4_2)
                                         _106_ (net)
                  0.05    0.00    2.66 v _182_/A (sky130_fd_sc_hd__or3_2)
     2    0.00    0.08    0.50    3.15 v _182_/X (sky130_fd_sc_hd__or3_2)
                                         _110_ (net)
                  0.08    0.00    3.15 v _187_/A1 (sky130_fd_sc_hd__a21o_2)
     2    0.00    0.04    0.21    3.37 v _187_/X (sky130_fd_sc_hd__a21o_2)
                                         _115_ (net)
                  0.04    0.00    3.37 v _189_/A3 (sky130_fd_sc_hd__a31o_2)
     2    0.01    0.06    0.28    3.65 v _189_/X (sky130_fd_sc_hd__a31o_2)
                                         _117_ (net)
                  0.06    0.00    3.65 v _191_/B (sky130_fd_sc_hd__xor2_2)
     2    0.01    0.07    0.16    3.81 v _191_/X (sky130_fd_sc_hd__xor2_2)
                                         _119_ (net)
                  0.07    0.00    3.81 v _332_/B1 (sky130_fd_sc_hd__a21o_2)
     1    0.00    0.03    0.20    4.01 v _332_/X (sky130_fd_sc_hd__a21o_2)
                                         _088_ (net)
                  0.03    0.00    4.01 v _335_/A3 (sky130_fd_sc_hd__a31o_2)
     1    0.00    0.03    0.24    4.25 v _335_/X (sky130_fd_sc_hd__a31o_2)
                                         _091_ (net)
                  0.03    0.00    4.25 v _336_/C (sky130_fd_sc_hd__or3_2)
     1    0.00    0.07    0.42    4.66 v _336_/X (sky130_fd_sc_hd__or3_2)
                                         _092_ (net)
                  0.07    0.00    4.66 v _337_/A (sky130_fd_sc_hd__buf_1)
     1    0.04    0.23    0.27    4.93 v _337_/X (sky130_fd_sc_hd__buf_1)
                                         OUT[4] (net)
                  0.23    0.00    4.94 v OUT[4] (out)
                                  4.94   data arrival time

                  0.00   10.00   10.00   clock __VIRTUAL_CLK__ (rise edge)
                          0.00   10.00   clock network delay (ideal)
                         -0.25    9.75   clock uncertainty
                          0.00    9.75   clock reconvergence pessimism
                         -2.00    7.75   output external delay
                                  7.75   data required time
-----------------------------------------------------------------------------
                                  7.75   data required time
                                 -4.94   data arrival time
-----------------------------------------------------------------------------
                                  2.81   slack (MET)


Startpoint: OPCODE[0] (input port clocked by __VIRTUAL_CLK__)
Endpoint: OUT[7] (output port clocked by __VIRTUAL_CLK__)
Path Group: __VIRTUAL_CLK__
Path Type: max

Fanout     Cap    Slew   Delay    Time   Description
-----------------------------------------------------------------------------
                  0.00    0.00    0.00   clock __VIRTUAL_CLK__ (rise edge)
                          0.00    0.00   clock network delay (ideal)
                          2.00    2.00 v input external delay
     5    0.02    0.04    0.03    2.03 v OPCODE[0] (in)
                                         OPCODE[0] (net)
                  0.04    0.00    2.03 v _225_/A_N (sky130_fd_sc_hd__nand3b_2)
     9    0.03    0.17    0.31    2.33 v _225_/Y (sky130_fd_sc_hd__nand3b_2)
                                         _153_ (net)
                  0.17    0.00    2.33 v _232_/C (sky130_fd_sc_hd__and3_2)
     2    0.00    0.04    0.28    2.61 v _232_/X (sky130_fd_sc_hd__and3_2)
                                         _160_ (net)
                  0.04    0.00    2.61 v _235_/B (sky130_fd_sc_hd__or3_2)
     2    0.00    0.08    0.47    3.08 v _235_/X (sky130_fd_sc_hd__or3_2)
                                         _163_ (net)
                  0.08    0.00    3.08 v _237_/B (sky130_fd_sc_hd__and3b_2)
     3    0.01    0.05    0.23    3.31 v _237_/X (sky130_fd_sc_hd__and3b_2)
                                         _000_ (net)
                  0.05    0.00    3.31 v _240_/A2 (sky130_fd_sc_hd__o21ai_2)
     4    0.01    0.19    0.19    3.50 ^ _240_/Y (sky130_fd_sc_hd__o21ai_2)
                                         _003_ (net)
                  0.19    0.00    3.50 ^ _247_/A2 (sky130_fd_sc_hd__a311o_2)
     5    0.02    0.11    0.27    3.77 ^ _247_/X (sky130_fd_sc_hd__a311o_2)
                                         _010_ (net)
                  0.11    0.00    3.77 ^ _266_/A3 (sky130_fd_sc_hd__a311oi_2)
     3    0.01    0.10    0.13    3.90 v _266_/Y (sky130_fd_sc_hd__a311oi_2)
                                         _028_ (net)
                  0.10    0.00    3.90 v _286_/B (sky130_fd_sc_hd__or3_2)
     1    0.00    0.08    0.48    4.38 v _286_/X (sky130_fd_sc_hd__or3_2)
                                         _047_ (net)
                  0.08    0.00    4.38 v _292_/A3 (sky130_fd_sc_hd__a31o_2)
     1    0.04    0.12    0.37    4.74 v _292_/X (sky130_fd_sc_hd__a31o_2)
                                         OUT[7] (net)
                  0.12    0.00    4.75 v OUT[7] (out)
                                  4.75   data arrival time

                  0.00   10.00   10.00   clock __VIRTUAL_CLK__ (rise edge)
                          0.00   10.00   clock network delay (ideal)
                         -0.25    9.75   clock uncertainty
                          0.00    9.75   clock reconvergence pessimism
                         -2.00    7.75   output external delay
                                  7.75   data required time
-----------------------------------------------------------------------------
                                  7.75   data required time
                                 -4.75   data arrival time
-----------------------------------------------------------------------------
                                  3.00   slack (MET)


Startpoint: B[0] (input port clocked by __VIRTUAL_CLK__)
Endpoint: OUT[6] (output port clocked by __VIRTUAL_CLK__)
Path Group: __VIRTUAL_CLK__
Path Type: max

Fanout     Cap    Slew   Delay    Time   Description
-----------------------------------------------------------------------------
                  0.00    0.00    0.00   clock __VIRTUAL_CLK__ (rise edge)
                          0.00    0.00   clock network delay (ideal)
                          2.00    2.00 v input external delay
    13    0.04    0.08    0.06    2.06 v B[0] (in)
                                         B[0] (net)
                  0.08    0.00    2.06 v _224_/A (sky130_fd_sc_hd__or2_2)
     4    0.01    0.08    0.36    2.42 v _224_/X (sky130_fd_sc_hd__or2_2)
                                         _152_ (net)
                  0.08    0.00    2.42 v _226_/A3 (sky130_fd_sc_hd__o31a_2)
     3    0.01    0.08    0.35    2.76 v _226_/X (sky130_fd_sc_hd__o31a_2)
                                         _154_ (net)
                  0.08    0.00    2.76 v _258_/A3 (sky130_fd_sc_hd__o31a_2)
     2    0.01    0.07    0.34    3.10 v _258_/X (sky130_fd_sc_hd__o31a_2)
                                         _020_ (net)
                  0.07    0.00    3.10 v _259_/B (sky130_fd_sc_hd__xnor2_2)
     2    0.01    0.06    0.15    3.25 v _259_/Y (sky130_fd_sc_hd__xnor2_2)
                                         _021_ (net)
                  0.06    0.00    3.25 v _260_/B (sky130_fd_sc_hd__and2_2)
     3    0.01    0.05    0.22    3.47 v _260_/X (sky130_fd_sc_hd__and2_2)
                                         _022_ (net)
                  0.05    0.00    3.47 v _262_/A (sky130_fd_sc_hd__or2_2)
     2    0.01    0.07    0.33    3.81 v _262_/X (sky130_fd_sc_hd__or2_2)
                                         _024_ (net)
                  0.07    0.00    3.81 v _266_/B1 (sky130_fd_sc_hd__a311oi_2)
     3    0.01    0.28    0.32    4.13 ^ _266_/Y (sky130_fd_sc_hd__a311oi_2)
                                         _028_ (net)
                  0.28    0.00    4.13 ^ _267_/A_N (sky130_fd_sc_hd__and2b_2)
     1    0.00    0.04    0.26    4.39 v _267_/X (sky130_fd_sc_hd__and2b_2)
                                         _029_ (net)
                  0.04    0.00    4.39 v _281_/A2 (sky130_fd_sc_hd__a21o_2)
     1    0.04    0.12    0.31    4.70 v _281_/X (sky130_fd_sc_hd__a21o_2)
                                         OUT[6] (net)
                  0.12    0.00    4.70 v OUT[6] (out)
                                  4.70   data arrival time

                  0.00   10.00   10.00   clock __VIRTUAL_CLK__ (rise edge)
                          0.00   10.00   clock network delay (ideal)
                         -0.25    9.75   clock uncertainty
                          0.00    9.75   clock reconvergence pessimism
                         -2.00    7.75   output external delay
                                  7.75   data required time
-----------------------------------------------------------------------------
                                  7.75   data required time
                                 -4.70   data arrival time
-----------------------------------------------------------------------------
                                  3.05   slack (MET)


Startpoint: A[3] (input port clocked by __VIRTUAL_CLK__)
Endpoint: OUT[5] (output port clocked by __VIRTUAL_CLK__)
Path Group: __VIRTUAL_CLK__
Path Type: max

Fanout     Cap    Slew   Delay    Time   Description
-----------------------------------------------------------------------------
                  0.00    0.00    0.00   clock __VIRTUAL_CLK__ (rise edge)
                          0.00    0.00   clock network delay (ideal)
                          2.00    2.00 v input external delay
     1    0.00    0.01    0.01    2.01 v A[3] (in)
                                         A[3] (net)
                  0.01    0.00    2.01 v _172_/A (sky130_fd_sc_hd__buf_1)
    13    0.05    0.28    0.28    2.28 v _172_/X (sky130_fd_sc_hd__buf_1)
                                         _100_ (net)
                  0.28    0.00    2.28 v _178_/D (sky130_fd_sc_hd__and4_2)
     3    0.01    0.05    0.37    2.66 v _178_/X (sky130_fd_sc_hd__and4_2)
                                         _106_ (net)
                  0.05    0.00    2.66 v _182_/A (sky130_fd_sc_hd__or3_2)
     2    0.00    0.08    0.50    3.15 v _182_/X (sky130_fd_sc_hd__or3_2)
                                         _110_ (net)
                  0.08    0.00    3.15 v _187_/A1 (sky130_fd_sc_hd__a21o_2)
     2    0.00    0.04    0.21    3.37 v _187_/X (sky130_fd_sc_hd__a21o_2)
                                         _115_ (net)
                  0.04    0.00    3.37 v _198_/B (sky130_fd_sc_hd__and2b_2)
     1    0.01    0.05    0.21    3.58 v _198_/X (sky130_fd_sc_hd__and2b_2)
                                         _126_ (net)
                  0.05    0.00    3.58 v _199_/B (sky130_fd_sc_hd__xnor2_2)
     3    0.02    0.27    0.25    3.83 ^ _199_/Y (sky130_fd_sc_hd__xnor2_2)
                                         _127_ (net)
                  0.27    0.00    3.83 ^ _200_/C (sky130_fd_sc_hd__nand3_2)
     3    0.01    0.09    0.14    3.97 v _200_/Y (sky130_fd_sc_hd__nand3_2)
                                         _128_ (net)
                  0.09    0.00    3.97 v _209_/A2 (sky130_fd_sc_hd__a21oi_2)
     1    0.00    0.10    0.16    4.13 ^ _209_/Y (sky130_fd_sc_hd__a21oi_2)
                                         _137_ (net)
                  0.10    0.00    4.13 ^ _211_/A (sky130_fd_sc_hd__nor2_2)
     1    0.00    0.03    0.05    4.18 v _211_/Y (sky130_fd_sc_hd__nor2_2)
                                         _139_ (net)
                  0.03    0.00    4.18 v _257_/A2 (sky130_fd_sc_hd__a211o_2)
     1    0.04    0.13    0.45    4.63 v _257_/X (sky130_fd_sc_hd__a211o_2)
                                         OUT[5] (net)
                  0.13    0.00    4.64 v OUT[5] (out)
                                  4.64   data arrival time

                  0.00   10.00   10.00   clock __VIRTUAL_CLK__ (rise edge)
                          0.00   10.00   clock network delay (ideal)
                         -0.25    9.75   clock uncertainty
                          0.00    9.75   clock reconvergence pessimism
                         -2.00    7.75   output external delay
                                  7.75   data required time
-----------------------------------------------------------------------------
                                  7.75   data required time
                                 -4.64   data arrival time
-----------------------------------------------------------------------------
                                  3.11   slack (MET)


Startpoint: A[3] (input port clocked by __VIRTUAL_CLK__)
Endpoint: OUT[3] (output port clocked by __VIRTUAL_CLK__)
Path Group: __VIRTUAL_CLK__
Path Type: max

Fanout     Cap    Slew   Delay    Time   Description
-----------------------------------------------------------------------------
                  0.00    0.00    0.00   clock __VIRTUAL_CLK__ (rise edge)
                          0.00    0.00   clock network delay (ideal)
                          2.00    2.00 v input external delay
     1    0.00    0.01    0.01    2.01 v A[3] (in)
                                         A[3] (net)
                  0.01    0.00    2.01 v _172_/A (sky130_fd_sc_hd__buf_1)
    13    0.05    0.28    0.28    2.28 v _172_/X (sky130_fd_sc_hd__buf_1)
                                         _100_ (net)
                  0.28    0.00    2.28 v _178_/D (sky130_fd_sc_hd__and4_2)
     3    0.01    0.05    0.37    2.66 v _178_/X (sky130_fd_sc_hd__and4_2)
                                         _106_ (net)
                  0.05    0.00    2.66 v _182_/A (sky130_fd_sc_hd__or3_2)
     2    0.00    0.08    0.50    3.15 v _182_/X (sky130_fd_sc_hd__or3_2)
                                         _110_ (net)
                  0.08    0.00    3.15 v _187_/A1 (sky130_fd_sc_hd__a21o_2)
     2    0.00    0.04    0.21    3.37 v _187_/X (sky130_fd_sc_hd__a21o_2)
                                         _115_ (net)
                  0.04    0.00    3.37 v _198_/B (sky130_fd_sc_hd__and2b_2)
     1    0.01    0.05    0.21    3.58 v _198_/X (sky130_fd_sc_hd__and2b_2)
                                         _126_ (net)
                  0.05    0.00    3.58 v _199_/B (sky130_fd_sc_hd__xnor2_2)
     3    0.02    0.27    0.25    3.83 ^ _199_/Y (sky130_fd_sc_hd__xnor2_2)
                                         _127_ (net)
                  0.27    0.00    3.83 ^ _320_/B (sky130_fd_sc_hd__xor2_2)
     1    0.00    0.07    0.10    3.93 v _320_/X (sky130_fd_sc_hd__xor2_2)
                                         _077_ (net)
                  0.07    0.00    3.93 v _325_/B1 (sky130_fd_sc_hd__a221o_2)
     1    0.04    0.14    0.47    4.40 v _325_/X (sky130_fd_sc_hd__a221o_2)
                                         OUT[3] (net)
                  0.14    0.00    4.41 v OUT[3] (out)
                                  4.41   data arrival time

                  0.00   10.00   10.00   clock __VIRTUAL_CLK__ (rise edge)
                          0.00   10.00   clock network delay (ideal)
                         -0.25    9.75   clock uncertainty
                          0.00    9.75   clock reconvergence pessimism
                         -2.00    7.75   output external delay
                                  7.75   data required time
-----------------------------------------------------------------------------
                                  7.75   data required time
                                 -4.41   data arrival time
-----------------------------------------------------------------------------
                                  3.34   slack (MET)


Startpoint: OPCODE[0] (input port clocked by __VIRTUAL_CLK__)
Endpoint: OUT[1] (output port clocked by __VIRTUAL_CLK__)
Path Group: __VIRTUAL_CLK__
Path Type: max

Fanout     Cap    Slew   Delay    Time   Description
-----------------------------------------------------------------------------
                  0.00    0.00    0.00   clock __VIRTUAL_CLK__ (rise edge)
                          0.00    0.00   clock network delay (ideal)
                          2.00    2.00 v input external delay
     5    0.02    0.04    0.03    2.03 v OPCODE[0] (in)
                                         OPCODE[0] (net)
                  0.04    0.00    2.03 v _225_/A_N (sky130_fd_sc_hd__nand3b_2)
     9    0.03    0.17    0.31    2.33 v _225_/Y (sky130_fd_sc_hd__nand3b_2)
                                         _153_ (net)
                  0.17    0.00    2.33 v _232_/C (sky130_fd_sc_hd__and3_2)
     2    0.00    0.04    0.28    2.61 v _232_/X (sky130_fd_sc_hd__and3_2)
                                         _160_ (net)
                  0.04    0.00    2.61 v _235_/B (sky130_fd_sc_hd__or3_2)
     2    0.00    0.08    0.47    3.08 v _235_/X (sky130_fd_sc_hd__or3_2)
                                         _163_ (net)
                  0.08    0.00    3.08 v _304_/B (sky130_fd_sc_hd__and2b_2)
     1    0.00    0.04    0.22    3.30 v _304_/X (sky130_fd_sc_hd__and2b_2)
                                         _063_ (net)
                  0.04    0.00    3.30 v _305_/A (sky130_fd_sc_hd__nor2_2)
     1    0.00    0.05    0.09    3.38 ^ _305_/Y (sky130_fd_sc_hd__nor2_2)
                                         _064_ (net)
                  0.05    0.00    3.38 ^ _306_/B (sky130_fd_sc_hd__or3b_2)
     1    0.00    0.03    0.10    3.49 ^ _306_/X (sky130_fd_sc_hd__or3b_2)
                                         _065_ (net)
                  0.03    0.00    3.49 ^ _307_/D_N (sky130_fd_sc_hd__or4b_2)
     1    0.01    0.12    0.64    4.13 v _307_/X (sky130_fd_sc_hd__or4b_2)
                                         _066_ (net)
                  0.12    0.00    4.13 v _308_/A (sky130_fd_sc_hd__buf_1)
     1    0.03    0.20    0.27    4.40 v _308_/X (sky130_fd_sc_hd__buf_1)
                                         OUT[1] (net)
                  0.20    0.00    4.40 v OUT[1] (out)
                                  4.40   data arrival time

                  0.00   10.00   10.00   clock __VIRTUAL_CLK__ (rise edge)
                          0.00   10.00   clock network delay (ideal)
                         -0.25    9.75   clock uncertainty
                          0.00    9.75   clock reconvergence pessimism
                         -2.00    7.75   output external delay
                                  7.75   data required time
-----------------------------------------------------------------------------
                                  7.75   data required time
                                 -4.40   data arrival time
-----------------------------------------------------------------------------
                                  3.35   slack (MET)


Startpoint: B[0] (input port clocked by __VIRTUAL_CLK__)
Endpoint: OUT[2] (output port clocked by __VIRTUAL_CLK__)
Path Group: __VIRTUAL_CLK__
Path Type: max

Fanout     Cap    Slew   Delay    Time   Description
-----------------------------------------------------------------------------
                  0.00    0.00    0.00   clock __VIRTUAL_CLK__ (rise edge)
                          0.00    0.00   clock network delay (ideal)
                          2.00    2.00 v input external delay
    13    0.04    0.08    0.06    2.06 v B[0] (in)
                                         B[0] (net)
                  0.08    0.00    2.06 v _224_/A (sky130_fd_sc_hd__or2_2)
     4    0.01    0.08    0.36    2.42 v _224_/X (sky130_fd_sc_hd__or2_2)
                                         _152_ (net)
                  0.08    0.00    2.42 v _230_/C (sky130_fd_sc_hd__and3_2)
     2    0.01    0.05    0.24    2.66 v _230_/X (sky130_fd_sc_hd__and3_2)
                                         _158_ (net)
                  0.05    0.00    2.66 v _238_/C (sky130_fd_sc_hd__or3_2)
     1    0.00    0.07    0.41    3.07 v _238_/X (sky130_fd_sc_hd__or3_2)
                                         _001_ (net)
                  0.07    0.00    3.07 v _239_/B (sky130_fd_sc_hd__and2_2)
     2    0.01    0.04    0.22    3.29 v _239_/X (sky130_fd_sc_hd__and2_2)
                                         _002_ (net)
                  0.04    0.00    3.29 v _309_/A (sky130_fd_sc_hd__or3_2)
     1    0.00    0.07    0.48    3.77 v _309_/X (sky130_fd_sc_hd__or3_2)
                                         _067_ (net)
                  0.07    0.00    3.77 v _316_/A3 (sky130_fd_sc_hd__a31o_2)
     1    0.04    0.12    0.36    4.13 v _316_/X (sky130_fd_sc_hd__a31o_2)
                                         OUT[2] (net)
                  0.12    0.00    4.13 v OUT[2] (out)
                                  4.13   data arrival time

                  0.00   10.00   10.00   clock __VIRTUAL_CLK__ (rise edge)
                          0.00   10.00   clock network delay (ideal)
                         -0.25    9.75   clock uncertainty
                          0.00    9.75   clock reconvergence pessimism
                         -2.00    7.75   output external delay
                                  7.75   data required time
-----------------------------------------------------------------------------
                                  7.75   data required time
                                 -4.13   data arrival time
-----------------------------------------------------------------------------
                                  3.62   slack (MET)


Startpoint: OPCODE[0] (input port clocked by __VIRTUAL_CLK__)
Endpoint: OUT[0] (output port clocked by __VIRTUAL_CLK__)
Path Group: __VIRTUAL_CLK__
Path Type: max

Fanout     Cap    Slew   Delay    Time   Description
-----------------------------------------------------------------------------
                  0.00    0.00    0.00   clock __VIRTUAL_CLK__ (rise edge)
                          0.00    0.00   clock network delay (ideal)
                          2.00    2.00 v input external delay
     5    0.02    0.04    0.03    2.03 v OPCODE[0] (in)
                                         OPCODE[0] (net)
                  0.04    0.00    2.03 v _166_/A (sky130_fd_sc_hd__or2_2)
     4    0.01    0.08    0.34    2.37 v _166_/X (sky130_fd_sc_hd__or2_2)
                                         _094_ (net)
                  0.08    0.00    2.37 v _214_/B (sky130_fd_sc_hd__or2_2)
     1    0.00    0.05    0.29    2.66 v _214_/X (sky130_fd_sc_hd__or2_2)
                                         _142_ (net)
                  0.05    0.00    2.66 v _215_/A (sky130_fd_sc_hd__buf_1)
     8    0.04    0.21    0.25    2.90 v _215_/X (sky130_fd_sc_hd__buf_1)
                                         _143_ (net)
                  0.21    0.00    2.90 v _296_/A2 (sky130_fd_sc_hd__o21ai_2)
     1    0.00    0.10    0.17    3.08 ^ _296_/Y (sky130_fd_sc_hd__o21ai_2)
                                         _056_ (net)
                  0.10    0.00    3.08 ^ _297_/B1 (sky130_fd_sc_hd__a31o_2)
     1    0.04    0.24    0.27    3.35 ^ _297_/X (sky130_fd_sc_hd__a31o_2)
                                         OUT[0] (net)
                  0.24    0.00    3.35 ^ OUT[0] (out)
                                  3.35   data arrival time

                  0.00   10.00   10.00   clock __VIRTUAL_CLK__ (rise edge)
                          0.00   10.00   clock network delay (ideal)
                         -0.25    9.75   clock uncertainty
                          0.00    9.75   clock reconvergence pessimism
                         -2.00    7.75   output external delay
                                  7.75   data required time
-----------------------------------------------------------------------------
                                  7.75   data required time
                                 -3.35   data arrival time
-----------------------------------------------------------------------------
                                  4.40   slack (MET)



worst slack corner Typical: 2.8135
max_report_end
checks_report

===========================================================================
report_checks -unconstrained
===========================================================================
======================= Typical Corner ===================================

Startpoint: A[3] (input port clocked by __VIRTUAL_CLK__)
Endpoint: OUT[4] (output port clocked by __VIRTUAL_CLK__)
Path Group: __VIRTUAL_CLK__
Path Type: max

Fanout     Cap    Slew   Delay    Time   Description
-----------------------------------------------------------------------------
                  0.00    0.00    0.00   clock __VIRTUAL_CLK__ (rise edge)
                          0.00    0.00   clock network delay (ideal)
                          2.00    2.00 v input external delay
     1    0.00    0.01    0.01    2.01 v A[3] (in)
                                         A[3] (net)
                  0.01    0.00    2.01 v _172_/A (sky130_fd_sc_hd__buf_1)
    13    0.05    0.28    0.28    2.28 v _172_/X (sky130_fd_sc_hd__buf_1)
                                         _100_ (net)
                  0.28    0.00    2.28 v _178_/D (sky130_fd_sc_hd__and4_2)
     3    0.01    0.05    0.37    2.66 v _178_/X (sky130_fd_sc_hd__and4_2)
                                         _106_ (net)
                  0.05    0.00    2.66 v _182_/A (sky130_fd_sc_hd__or3_2)
     2    0.00    0.08    0.50    3.15 v _182_/X (sky130_fd_sc_hd__or3_2)
                                         _110_ (net)
                  0.08    0.00    3.15 v _187_/A1 (sky130_fd_sc_hd__a21o_2)
     2    0.00    0.04    0.21    3.37 v _187_/X (sky130_fd_sc_hd__a21o_2)
                                         _115_ (net)
                  0.04    0.00    3.37 v _189_/A3 (sky130_fd_sc_hd__a31o_2)
     2    0.01    0.06    0.28    3.65 v _189_/X (sky130_fd_sc_hd__a31o_2)
                                         _117_ (net)
                  0.06    0.00    3.65 v _191_/B (sky130_fd_sc_hd__xor2_2)
     2    0.01    0.07    0.16    3.81 v _191_/X (sky130_fd_sc_hd__xor2_2)
                                         _119_ (net)
                  0.07    0.00    3.81 v _332_/B1 (sky130_fd_sc_hd__a21o_2)
     1    0.00    0.03    0.20    4.01 v _332_/X (sky130_fd_sc_hd__a21o_2)
                                         _088_ (net)
                  0.03    0.00    4.01 v _335_/A3 (sky130_fd_sc_hd__a31o_2)
     1    0.00    0.03    0.24    4.25 v _335_/X (sky130_fd_sc_hd__a31o_2)
                                         _091_ (net)
                  0.03    0.00    4.25 v _336_/C (sky130_fd_sc_hd__or3_2)
     1    0.00    0.07    0.42    4.66 v _336_/X (sky130_fd_sc_hd__or3_2)
                                         _092_ (net)
                  0.07    0.00    4.66 v _337_/A (sky130_fd_sc_hd__buf_1)
     1    0.04    0.23    0.27    4.93 v _337_/X (sky130_fd_sc_hd__buf_1)
                                         OUT[4] (net)
                  0.23    0.00    4.94 v OUT[4] (out)
                                  4.94   data arrival time

                  0.00   10.00   10.00   clock __VIRTUAL_CLK__ (rise edge)
                          0.00   10.00   clock network delay (ideal)
                         -0.25    9.75   clock uncertainty
                          0.00    9.75   clock reconvergence pessimism
                         -2.00    7.75   output external delay
                                  7.75   data required time
-----------------------------------------------------------------------------
                                  7.75   data required time
                                 -4.94   data arrival time
-----------------------------------------------------------------------------
                                  2.81   slack (MET)




===========================================================================
report_checks --slack_max -0.01
============================================================================
======================= Typical Corner ===================================

No paths found.


===========================================================================
 report_check_types -max_slew -max_cap -max_fanout -violators
============================================================================
======================= Typical Corner ===================================


max slew violations count Typical: 0
max fanout violations count Typical: 0
max cap violations count Typical: 0

===========================================================================
report_parasitic_annotation -report_unannotated
============================================================================
Found 0 unannotated drivers.
Found 0 partially unannotated drivers.

===========================================================================
max slew violation count 0
max fanout violation count 0
max cap violation count 0
============================================================================

===========================================================================
check_setup -verbose -unconstrained_endpoints -multiple_clock -no_clock -no_input_delay -loops -generated_clocks
===========================================================================
checks_report_end
power_report

===========================================================================
 report_power
============================================================================
======================= Typical Corner ===================================

Group                  Internal  Switching    Leakage      Total
                          Power      Power      Power      Power (Watts)
----------------------------------------------------------------
Sequential             0.00e+00   0.00e+00   0.00e+00   0.00e+00   0.0%
Combinational          4.14e-05   4.57e-05   6.11e-10   8.70e-05 100.0%
Clock                  0.00e+00   0.00e+00   2.33e-10   2.33e-10   0.0%
Macro                  0.00e+00   0.00e+00   0.00e+00   0.00e+00   0.0%
Pad                    0.00e+00   0.00e+00   0.00e+00   0.00e+00   0.0%
----------------------------------------------------------------
Total                  4.14e-05   4.57e-05   8.44e-10   8.70e-05 100.0%
                          47.5%      52.5%       0.0%

power_report_end
summary_report

===========================================================================
report_tns
============================================================================
tns 0.00

===========================================================================
report_wns
============================================================================
wns 0.00

===========================================================================
report_worst_slack -max (Setup)
============================================================================
worst slack 2.81

===========================================================================
report_worst_slack -min (Hold)
============================================================================
worst slack 4.10
summary_report_end
area_report

===========================================================================
report_design_area
============================================================================
Design area 1710 u^2 16% utilization.
area_report_end
check_nonpropagated_clocks
__VIRTUAL_CLK__
check_nonpropagated_clocks_end
[WARNING] Did not save OpenROAD database!
Writing SDF to '/openlane/designs/alu/runs/RUN_2025.05.01_15.47.09/results/signoff/alu.sdf'…
