
===========================================================================
 report_power
============================================================================
======================= Fastest Corner ===================================

Group                  Internal  Switching    Leakage      Total
                          Power      Power      Power      Power (Watts)
----------------------------------------------------------------
Sequential             0.00e+00   0.00e+00   0.00e+00   0.00e+00   0.0%
Combinational          4.88e-06   1.06e-05   1.59e-10   1.54e-05 100.0%
Clock                  0.00e+00   0.00e+00   1.44e-10   1.44e-10   0.0%
Macro                  0.00e+00   0.00e+00   0.00e+00   0.00e+00   0.0%
Pad                    0.00e+00   0.00e+00   0.00e+00   0.00e+00   0.0%
----------------------------------------------------------------
Total                  4.88e-06   1.06e-05   3.03e-10   1.54e-05 100.0%
                          31.6%      68.4%       0.0%

======================= Slowest Corner ===================================

Group                  Internal  Switching    Leakage      Total
                          Power      Power      Power      Power (Watts)
----------------------------------------------------------------
Sequential             0.00e+00   0.00e+00   0.00e+00   0.00e+00   0.0%
Combinational          3.63e-06   7.04e-06   1.53e-07   1.08e-05 100.0%
Clock                  0.00e+00   0.00e+00   1.44e-10   1.44e-10   0.0%
Macro                  0.00e+00   0.00e+00   0.00e+00   0.00e+00   0.0%
Pad                    0.00e+00   0.00e+00   0.00e+00   0.00e+00   0.0%
----------------------------------------------------------------
Total                  3.63e-06   7.04e-06   1.53e-07   1.08e-05 100.0%
                          33.5%      65.1%       1.4%

======================= Typical Corner ===================================

Group                  Internal  Switching    Leakage      Total
                          Power      Power      Power      Power (Watts)
----------------------------------------------------------------
Sequential             0.00e+00   0.00e+00   0.00e+00   0.00e+00   0.0%
Combinational          4.40e-06   8.95e-06   8.86e-11   1.33e-05 100.0%
Clock                  0.00e+00   0.00e+00   1.44e-10   1.44e-10   0.0%
Macro                  0.00e+00   0.00e+00   0.00e+00   0.00e+00   0.0%
Pad                    0.00e+00   0.00e+00   0.00e+00   0.00e+00   0.0%
----------------------------------------------------------------
Total                  4.40e-06   8.95e-06   2.33e-10   1.33e-05 100.0%
                          32.9%      67.1%       0.0%

