
===========================================================================
 report_power
============================================================================
======================= Fastest Corner ===================================

Group                  Internal  Switching    Leakage      Total
                          Power      Power      Power      Power (Watts)
----------------------------------------------------------------
Sequential             0.00e+00   0.00e+00   0.00e+00   0.00e+00   0.0%
Combinational          3.93e-05   6.08e-05   1.22e-09   1.00e-04 100.0%
Clock                  0.00e+00   0.00e+00   8.56e-10   8.56e-10   0.0%
Macro                  0.00e+00   0.00e+00   0.00e+00   0.00e+00   0.0%
Pad                    0.00e+00   0.00e+00   0.00e+00   0.00e+00   0.0%
----------------------------------------------------------------
Total                  3.93e-05   6.08e-05   2.07e-09   1.00e-04 100.0%
                          39.3%      60.7%       0.0%

======================= Slowest Corner ===================================

Group                  Internal  Switching    Leakage      Total
                          Power      Power      Power      Power (Watts)
----------------------------------------------------------------
Sequential             0.00e+00   0.00e+00   0.00e+00   0.00e+00   0.0%
Combinational          2.96e-05   4.03e-05   8.44e-07   7.08e-05 100.0%
Clock                  0.00e+00   0.00e+00   8.56e-10   8.56e-10   0.0%
Macro                  0.00e+00   0.00e+00   0.00e+00   0.00e+00   0.0%
Pad                    0.00e+00   0.00e+00   0.00e+00   0.00e+00   0.0%
----------------------------------------------------------------
Total                  2.96e-05   4.03e-05   8.45e-07   7.08e-05 100.0%
                          41.9%      57.0%       1.2%

======================= Typical Corner ===================================

Group                  Internal  Switching    Leakage      Total
                          Power      Power      Power      Power (Watts)
----------------------------------------------------------------
Sequential             0.00e+00   0.00e+00   0.00e+00   0.00e+00   0.0%
Combinational          3.61e-05   5.14e-05   6.60e-10   8.75e-05 100.0%
Clock                  0.00e+00   0.00e+00   8.56e-10   8.56e-10   0.0%
Macro                  0.00e+00   0.00e+00   0.00e+00   0.00e+00   0.0%
Pad                    0.00e+00   0.00e+00   0.00e+00   0.00e+00   0.0%
----------------------------------------------------------------
Total                  3.61e-05   5.14e-05   1.52e-09   8.75e-05 100.0%
                          41.3%      58.7%       0.0%

