
===========================================================================
report_checks -path_delay max (Setup)
============================================================================
======================= Fastest Corner ===================================

Startpoint: B[0] (input port clocked by __VIRTUAL_CLK__)
Endpoint: OUT[6] (output port clocked by __VIRTUAL_CLK__)
Path Group: __VIRTUAL_CLK__
Path Type: max
Corner: Fastest

Fanout     Cap    Slew   Delay    Time   Description
-----------------------------------------------------------------------------
                  0.00    0.00    0.00   clock __VIRTUAL_CLK__ (rise edge)
                          0.00    0.00   clock network delay (ideal)
                          2.00    2.00 v input external delay
     1    0.00    0.00    0.00    2.00 v B[0] (in)
                                         B[0] (net)
                  0.00    0.00    2.00 v input7/A (sky130_fd_sc_hd__buf_2)
    13    0.04    0.07    0.12    2.12 v input7/X (sky130_fd_sc_hd__buf_2)
                                         net7 (net)
                  0.07    0.00    2.12 v _224_/A (sky130_fd_sc_hd__or2_1)
     4    0.01    0.06    0.18    2.31 v _224_/X (sky130_fd_sc_hd__or2_1)
                                         _152_ (net)
                  0.06    0.00    2.31 v _230_/C (sky130_fd_sc_hd__and3_1)
     2    0.00    0.03    0.13    2.44 v _230_/X (sky130_fd_sc_hd__and3_1)
                                         _158_ (net)
                  0.03    0.00    2.44 v _231_/A2 (sky130_fd_sc_hd__o21ai_1)
     4    0.01    0.17    0.16    2.60 ^ _231_/Y (sky130_fd_sc_hd__o21ai_1)
                                         _159_ (net)
                  0.17    0.00    2.60 ^ _239_/A (sky130_fd_sc_hd__and2_1)
     2    0.01    0.07    0.12    2.72 ^ _239_/X (sky130_fd_sc_hd__and2_1)
                                         _002_ (net)
                  0.07    0.00    2.72 ^ _240_/B1 (sky130_fd_sc_hd__o21ai_2)
     4    0.01    0.04    0.04    2.76 v _240_/Y (sky130_fd_sc_hd__o21ai_2)
                                         _003_ (net)
                  0.04    0.00    2.76 v _247_/A2 (sky130_fd_sc_hd__a311o_2)
     5    0.02    0.07    0.28    3.04 v _247_/X (sky130_fd_sc_hd__a311o_2)
                                         _010_ (net)
                  0.07    0.00    3.04 v _266_/A3 (sky130_fd_sc_hd__a311oi_2)
     3    0.01    0.18    0.23    3.27 ^ _266_/Y (sky130_fd_sc_hd__a311oi_2)
                                         _028_ (net)
                  0.18    0.00    3.27 ^ _267_/A_N (sky130_fd_sc_hd__and2b_1)
     1    0.00    0.03    0.13    3.39 v _267_/X (sky130_fd_sc_hd__and2b_1)
                                         _029_ (net)
                  0.03    0.00    3.39 v _281_/A2 (sky130_fd_sc_hd__a21o_1)
     1    0.01    0.05    0.14    3.54 v _281_/X (sky130_fd_sc_hd__a21o_1)
                                         net23 (net)
                  0.05    0.00    3.54 v output23/A (sky130_fd_sc_hd__buf_2)
     1    0.03    0.06    0.13    3.67 v output23/X (sky130_fd_sc_hd__buf_2)
                                         OUT[6] (net)
                  0.06    0.00    3.67 v OUT[6] (out)
                                  3.67   data arrival time

                  0.00   10.00   10.00   clock __VIRTUAL_CLK__ (rise edge)
                          0.00   10.00   clock network delay (ideal)
                         -0.25    9.75   clock uncertainty
                          0.00    9.75   clock reconvergence pessimism
                         -2.00    7.75   output external delay
                                  7.75   data required time
-----------------------------------------------------------------------------
                                  7.75   data required time
                                 -3.67   data arrival time
-----------------------------------------------------------------------------
                                  4.08   slack (MET)


Startpoint: B[0] (input port clocked by __VIRTUAL_CLK__)
Endpoint: OUT[7] (output port clocked by __VIRTUAL_CLK__)
Path Group: __VIRTUAL_CLK__
Path Type: max
Corner: Fastest

Fanout     Cap    Slew   Delay    Time   Description
-----------------------------------------------------------------------------
                  0.00    0.00    0.00   clock __VIRTUAL_CLK__ (rise edge)
                          0.00    0.00   clock network delay (ideal)
                          2.00    2.00 v input external delay
     1    0.00    0.00    0.00    2.00 v B[0] (in)
                                         B[0] (net)
                  0.00    0.00    2.00 v input7/A (sky130_fd_sc_hd__buf_2)
    13    0.04    0.07    0.12    2.12 v input7/X (sky130_fd_sc_hd__buf_2)
                                         net7 (net)
                  0.07    0.00    2.12 v _224_/A (sky130_fd_sc_hd__or2_1)
     4    0.01    0.06    0.18    2.31 v _224_/X (sky130_fd_sc_hd__or2_1)
                                         _152_ (net)
                  0.06    0.00    2.31 v _230_/C (sky130_fd_sc_hd__and3_1)
     2    0.00    0.03    0.13    2.44 v _230_/X (sky130_fd_sc_hd__and3_1)
                                         _158_ (net)
                  0.03    0.00    2.44 v _231_/A2 (sky130_fd_sc_hd__o21ai_1)
     4    0.01    0.17    0.16    2.60 ^ _231_/Y (sky130_fd_sc_hd__o21ai_1)
                                         _159_ (net)
                  0.17    0.00    2.60 ^ _239_/A (sky130_fd_sc_hd__and2_1)
     2    0.01    0.07    0.12    2.72 ^ _239_/X (sky130_fd_sc_hd__and2_1)
                                         _002_ (net)
                  0.07    0.00    2.72 ^ _240_/B1 (sky130_fd_sc_hd__o21ai_2)
     4    0.01    0.04    0.04    2.76 v _240_/Y (sky130_fd_sc_hd__o21ai_2)
                                         _003_ (net)
                  0.04    0.00    2.76 v _247_/A2 (sky130_fd_sc_hd__a311o_2)
     5    0.02    0.07    0.28    3.04 v _247_/X (sky130_fd_sc_hd__a311o_2)
                                         _010_ (net)
                  0.07    0.00    3.04 v _266_/A3 (sky130_fd_sc_hd__a311oi_2)
     3    0.01    0.18    0.23    3.27 ^ _266_/Y (sky130_fd_sc_hd__a311oi_2)
                                         _028_ (net)
                  0.18    0.00    3.27 ^ _286_/B (sky130_fd_sc_hd__or3_1)
     1    0.00    0.03    0.09    3.36 ^ _286_/X (sky130_fd_sc_hd__or3_1)
                                         _047_ (net)
                  0.03    0.00    3.36 ^ _292_/A3 (sky130_fd_sc_hd__a31o_1)
     1    0.01    0.10    0.14    3.49 ^ _292_/X (sky130_fd_sc_hd__a31o_1)
                                         net24 (net)
                  0.10    0.00    3.49 ^ output24/A (sky130_fd_sc_hd__buf_2)
     1    0.03    0.13    0.16    3.66 ^ output24/X (sky130_fd_sc_hd__buf_2)
                                         OUT[7] (net)
                  0.13    0.00    3.66 ^ OUT[7] (out)
                                  3.66   data arrival time

                  0.00   10.00   10.00   clock __VIRTUAL_CLK__ (rise edge)
                          0.00   10.00   clock network delay (ideal)
                         -0.25    9.75   clock uncertainty
                          0.00    9.75   clock reconvergence pessimism
                         -2.00    7.75   output external delay
                                  7.75   data required time
-----------------------------------------------------------------------------
                                  7.75   data required time
                                 -3.66   data arrival time
-----------------------------------------------------------------------------
                                  4.09   slack (MET)


Startpoint: B[0] (input port clocked by __VIRTUAL_CLK__)
Endpoint: OUT[4] (output port clocked by __VIRTUAL_CLK__)
Path Group: __VIRTUAL_CLK__
Path Type: max
Corner: Fastest

Fanout     Cap    Slew   Delay    Time   Description
-----------------------------------------------------------------------------
                  0.00    0.00    0.00   clock __VIRTUAL_CLK__ (rise edge)
                          0.00    0.00   clock network delay (ideal)
                          2.00    2.00 v input external delay
     1    0.00    0.00    0.00    2.00 v B[0] (in)
                                         B[0] (net)
                  0.00    0.00    2.00 v input7/A (sky130_fd_sc_hd__buf_2)
    13    0.04    0.07    0.12    2.12 v input7/X (sky130_fd_sc_hd__buf_2)
                                         net7 (net)
                  0.07    0.00    2.12 v _224_/A (sky130_fd_sc_hd__or2_1)
     4    0.01    0.06    0.18    2.31 v _224_/X (sky130_fd_sc_hd__or2_1)
                                         _152_ (net)
                  0.06    0.00    2.31 v _230_/C (sky130_fd_sc_hd__and3_1)
     2    0.00    0.03    0.13    2.44 v _230_/X (sky130_fd_sc_hd__and3_1)
                                         _158_ (net)
                  0.03    0.00    2.44 v _231_/A2 (sky130_fd_sc_hd__o21ai_1)
     4    0.01    0.17    0.16    2.60 ^ _231_/Y (sky130_fd_sc_hd__o21ai_1)
                                         _159_ (net)
                  0.17    0.00    2.60 ^ _239_/A (sky130_fd_sc_hd__and2_1)
     2    0.01    0.07    0.12    2.72 ^ _239_/X (sky130_fd_sc_hd__and2_1)
                                         _002_ (net)
                  0.07    0.00    2.72 ^ _240_/B1 (sky130_fd_sc_hd__o21ai_2)
     4    0.01    0.04    0.04    2.76 v _240_/Y (sky130_fd_sc_hd__o21ai_2)
                                         _003_ (net)
                  0.04    0.00    2.76 v _247_/A2 (sky130_fd_sc_hd__a311o_2)
     5    0.02    0.07    0.28    3.04 v _247_/X (sky130_fd_sc_hd__a311o_2)
                                         _010_ (net)
                  0.07    0.00    3.04 v _328_/A (sky130_fd_sc_hd__and3_1)
     1    0.00    0.02    0.10    3.14 v _328_/X (sky130_fd_sc_hd__and3_1)
                                         _084_ (net)
                  0.02    0.00    3.14 v _336_/A (sky130_fd_sc_hd__or3_1)
     1    0.00    0.04    0.22    3.36 v _336_/X (sky130_fd_sc_hd__or3_1)
                                         _092_ (net)
                  0.04    0.00    3.36 v _337_/A (sky130_fd_sc_hd__buf_1)
     1    0.01    0.05    0.09    3.45 v _337_/X (sky130_fd_sc_hd__buf_1)
                                         net21 (net)
                  0.05    0.00    3.45 v output21/A (sky130_fd_sc_hd__buf_2)
     1    0.03    0.06    0.13    3.58 v output21/X (sky130_fd_sc_hd__buf_2)
                                         OUT[4] (net)
                  0.06    0.00    3.58 v OUT[4] (out)
                                  3.58   data arrival time

                  0.00   10.00   10.00   clock __VIRTUAL_CLK__ (rise edge)
                          0.00   10.00   clock network delay (ideal)
                         -0.25    9.75   clock uncertainty
                          0.00    9.75   clock reconvergence pessimism
                         -2.00    7.75   output external delay
                                  7.75   data required time
-----------------------------------------------------------------------------
                                  7.75   data required time
                                 -3.58   data arrival time
-----------------------------------------------------------------------------
                                  4.17   slack (MET)


Startpoint: A[3] (input port clocked by __VIRTUAL_CLK__)
Endpoint: OUT[5] (output port clocked by __VIRTUAL_CLK__)
Path Group: __VIRTUAL_CLK__
Path Type: max
Corner: Fastest

Fanout     Cap    Slew   Delay    Time   Description
-----------------------------------------------------------------------------
                  0.00    0.00    0.00   clock __VIRTUAL_CLK__ (rise edge)
                          0.00    0.00   clock network delay (ideal)
                          2.00    2.00 v input external delay
     1    0.00    0.01    0.00    2.00 v A[3] (in)
                                         A[3] (net)
                  0.01    0.00    2.00 v _172_/A (sky130_fd_sc_hd__clkbuf_4)
    13    0.04    0.07    0.13    2.13 v _172_/X (sky130_fd_sc_hd__clkbuf_4)
                                         _100_ (net)
                  0.07    0.00    2.13 v _178_/D (sky130_fd_sc_hd__and4_1)
     3    0.01    0.04    0.16    2.30 v _178_/X (sky130_fd_sc_hd__and4_1)
                                         _106_ (net)
                  0.04    0.00    2.30 v _182_/A (sky130_fd_sc_hd__or3_1)
     2    0.00    0.05    0.23    2.53 v _182_/X (sky130_fd_sc_hd__or3_1)
                                         _110_ (net)
                  0.05    0.00    2.53 v _187_/A1 (sky130_fd_sc_hd__a21o_1)
     2    0.01    0.03    0.11    2.64 v _187_/X (sky130_fd_sc_hd__a21o_1)
                                         _115_ (net)
                  0.03    0.00    2.64 v _189_/A3 (sky130_fd_sc_hd__a31o_1)
     2    0.01    0.05    0.16    2.81 v _189_/X (sky130_fd_sc_hd__a31o_1)
                                         _117_ (net)
                  0.05    0.00    2.81 v _191_/B (sky130_fd_sc_hd__xor2_1)
     2    0.01    0.15    0.15    2.96 ^ _191_/X (sky130_fd_sc_hd__xor2_1)
                                         _119_ (net)
                  0.15    0.00    2.96 ^ _200_/A (sky130_fd_sc_hd__nand3_1)
     3    0.01    0.08    0.09    3.05 v _200_/Y (sky130_fd_sc_hd__nand3_1)
                                         _128_ (net)
                  0.08    0.00    3.05 v _209_/A2 (sky130_fd_sc_hd__a21oi_1)
     1    0.00    0.09    0.13    3.18 ^ _209_/Y (sky130_fd_sc_hd__a21oi_1)
                                         _137_ (net)
                  0.09    0.00    3.18 ^ _211_/A (sky130_fd_sc_hd__nor2_1)
     1    0.00    0.03    0.04    3.21 v _211_/Y (sky130_fd_sc_hd__nor2_1)
                                         _139_ (net)
                  0.03    0.00    3.21 v _257_/A2 (sky130_fd_sc_hd__a211o_1)
     1    0.01    0.06    0.22    3.43 v _257_/X (sky130_fd_sc_hd__a211o_1)
                                         net22 (net)
                  0.06    0.00    3.43 v output22/A (sky130_fd_sc_hd__buf_2)
     1    0.03    0.06    0.13    3.57 v output22/X (sky130_fd_sc_hd__buf_2)
                                         OUT[5] (net)
                  0.06    0.00    3.57 v OUT[5] (out)
                                  3.57   data arrival time

                  0.00   10.00   10.00   clock __VIRTUAL_CLK__ (rise edge)
                          0.00   10.00   clock network delay (ideal)
                         -0.25    9.75   clock uncertainty
                          0.00    9.75   clock reconvergence pessimism
                         -2.00    7.75   output external delay
                                  7.75   data required time
-----------------------------------------------------------------------------
                                  7.75   data required time
                                 -3.57   data arrival time
-----------------------------------------------------------------------------
                                  4.18   slack (MET)


Startpoint: OPCODE[0] (input port clocked by __VIRTUAL_CLK__)
Endpoint: OUT[3] (output port clocked by __VIRTUAL_CLK__)
Path Group: __VIRTUAL_CLK__
Path Type: max
Corner: Fastest

Fanout     Cap    Slew   Delay    Time   Description
-----------------------------------------------------------------------------
                  0.00    0.00    0.00   clock __VIRTUAL_CLK__ (rise edge)
                          0.00    0.00   clock network delay (ideal)
                          2.00    2.00 v input external delay
     1    0.00    0.00    0.00    2.00 v OPCODE[0] (in)
                                         OPCODE[0] (net)
                  0.00    0.00    2.00 v input14/A (sky130_fd_sc_hd__buf_1)
     5    0.01    0.05    0.08    2.08 v input14/X (sky130_fd_sc_hd__buf_1)
                                         net14 (net)
                  0.05    0.00    2.08 v _225_/A_N (sky130_fd_sc_hd__nand3b_4)
     9    0.02    0.07    0.14    2.23 v _225_/Y (sky130_fd_sc_hd__nand3b_4)
                                         _153_ (net)
                  0.07    0.00    2.23 v _232_/C (sky130_fd_sc_hd__and3_1)
     2    0.00    0.03    0.14    2.37 v _232_/X (sky130_fd_sc_hd__and3_1)
                                         _160_ (net)
                  0.03    0.00    2.37 v _235_/B (sky130_fd_sc_hd__or3_1)
     2    0.00    0.05    0.21    2.58 v _235_/X (sky130_fd_sc_hd__or3_1)
                                         _163_ (net)
                  0.05    0.00    2.58 v _237_/B (sky130_fd_sc_hd__and3b_1)
     3    0.01    0.04    0.13    2.71 v _237_/X (sky130_fd_sc_hd__and3b_1)
                                         _000_ (net)
                  0.04    0.00    2.71 v _240_/A2 (sky130_fd_sc_hd__o21ai_2)
     4    0.01    0.13    0.13    2.84 ^ _240_/Y (sky130_fd_sc_hd__o21ai_2)
                                         _003_ (net)
                  0.13    0.00    2.84 ^ _318_/B (sky130_fd_sc_hd__nand2_1)
     1    0.01    0.05    0.05    2.89 v _318_/Y (sky130_fd_sc_hd__nand2_1)
                                         _075_ (net)
                  0.05    0.00    2.89 v _319_/B (sky130_fd_sc_hd__xnor2_1)
     1    0.00    0.03    0.09    2.99 v _319_/Y (sky130_fd_sc_hd__xnor2_1)
                                         _076_ (net)
                  0.03    0.00    2.99 v _325_/A2 (sky130_fd_sc_hd__a221o_1)
     1    0.01    0.06    0.22    3.21 v _325_/X (sky130_fd_sc_hd__a221o_1)
                                         net20 (net)
                  0.06    0.00    3.21 v output20/A (sky130_fd_sc_hd__buf_2)
     1    0.03    0.06    0.14    3.34 v output20/X (sky130_fd_sc_hd__buf_2)
                                         OUT[3] (net)
                  0.06    0.00    3.34 v OUT[3] (out)
                                  3.34   data arrival time

                  0.00   10.00   10.00   clock __VIRTUAL_CLK__ (rise edge)
                          0.00   10.00   clock network delay (ideal)
                         -0.25    9.75   clock uncertainty
                          0.00    9.75   clock reconvergence pessimism
                         -2.00    7.75   output external delay
                                  7.75   data required time
-----------------------------------------------------------------------------
                                  7.75   data required time
                                 -3.34   data arrival time
-----------------------------------------------------------------------------
                                  4.41   slack (MET)


Startpoint: OPCODE[0] (input port clocked by __VIRTUAL_CLK__)
Endpoint: OUT[1] (output port clocked by __VIRTUAL_CLK__)
Path Group: __VIRTUAL_CLK__
Path Type: max
Corner: Fastest

Fanout     Cap    Slew   Delay    Time   Description
-----------------------------------------------------------------------------
                  0.00    0.00    0.00   clock __VIRTUAL_CLK__ (rise edge)
                          0.00    0.00   clock network delay (ideal)
                          2.00    2.00 v input external delay
     1    0.00    0.00    0.00    2.00 v OPCODE[0] (in)
                                         OPCODE[0] (net)
                  0.00    0.00    2.00 v input14/A (sky130_fd_sc_hd__buf_1)
     5    0.01    0.05    0.08    2.08 v input14/X (sky130_fd_sc_hd__buf_1)
                                         net14 (net)
                  0.05    0.00    2.08 v _225_/A_N (sky130_fd_sc_hd__nand3b_4)
     9    0.02    0.07    0.14    2.23 v _225_/Y (sky130_fd_sc_hd__nand3b_4)
                                         _153_ (net)
                  0.07    0.00    2.23 v _232_/C (sky130_fd_sc_hd__and3_1)
     2    0.00    0.03    0.14    2.37 v _232_/X (sky130_fd_sc_hd__and3_1)
                                         _160_ (net)
                  0.03    0.00    2.37 v _235_/B (sky130_fd_sc_hd__or3_1)
     2    0.00    0.05    0.21    2.58 v _235_/X (sky130_fd_sc_hd__or3_1)
                                         _163_ (net)
                  0.05    0.00    2.58 v _304_/B (sky130_fd_sc_hd__and2b_1)
     1    0.00    0.02    0.11    2.69 v _304_/X (sky130_fd_sc_hd__and2b_1)
                                         _063_ (net)
                  0.02    0.00    2.69 v _305_/A (sky130_fd_sc_hd__nor2_1)
     1    0.00    0.05    0.06    2.75 ^ _305_/Y (sky130_fd_sc_hd__nor2_1)
                                         _064_ (net)
                  0.05    0.00    2.75 ^ _306_/B (sky130_fd_sc_hd__or3b_1)
     1    0.00    0.03    0.07    2.82 ^ _306_/X (sky130_fd_sc_hd__or3b_1)
                                         _065_ (net)
                  0.03    0.00    2.82 ^ _307_/D_N (sky130_fd_sc_hd__or4b_1)
     1    0.01    0.09    0.30    3.12 v _307_/X (sky130_fd_sc_hd__or4b_1)
                                         _066_ (net)
                  0.09    0.00    3.12 v _308_/A (sky130_fd_sc_hd__clkbuf_1)
     1    0.00    0.02    0.08    3.20 v _308_/X (sky130_fd_sc_hd__clkbuf_1)
                                         net18 (net)
                  0.02    0.00    3.20 v output18/A (sky130_fd_sc_hd__buf_2)
     1    0.03    0.06    0.12    3.32 v output18/X (sky130_fd_sc_hd__buf_2)
                                         OUT[1] (net)
                  0.06    0.00    3.32 v OUT[1] (out)
                                  3.32   data arrival time

                  0.00   10.00   10.00   clock __VIRTUAL_CLK__ (rise edge)
                          0.00   10.00   clock network delay (ideal)
                         -0.25    9.75   clock uncertainty
                          0.00    9.75   clock reconvergence pessimism
                         -2.00    7.75   output external delay
                                  7.75   data required time
-----------------------------------------------------------------------------
                                  7.75   data required time
                                 -3.32   data arrival time
-----------------------------------------------------------------------------
                                  4.43   slack (MET)


Startpoint: B[0] (input port clocked by __VIRTUAL_CLK__)
Endpoint: OUT[2] (output port clocked by __VIRTUAL_CLK__)
Path Group: __VIRTUAL_CLK__
Path Type: max
Corner: Fastest

Fanout     Cap    Slew   Delay    Time   Description
-----------------------------------------------------------------------------
                  0.00    0.00    0.00   clock __VIRTUAL_CLK__ (rise edge)
                          0.00    0.00   clock network delay (ideal)
                          2.00    2.00 v input external delay
     1    0.00    0.00    0.00    2.00 v B[0] (in)
                                         B[0] (net)
                  0.00    0.00    2.00 v input7/A (sky130_fd_sc_hd__buf_2)
    13    0.04    0.07    0.12    2.12 v input7/X (sky130_fd_sc_hd__buf_2)
                                         net7 (net)
                  0.07    0.00    2.12 v _224_/A (sky130_fd_sc_hd__or2_1)
     4    0.01    0.06    0.18    2.31 v _224_/X (sky130_fd_sc_hd__or2_1)
                                         _152_ (net)
                  0.06    0.00    2.31 v _230_/C (sky130_fd_sc_hd__and3_1)
     2    0.00    0.03    0.13    2.44 v _230_/X (sky130_fd_sc_hd__and3_1)
                                         _158_ (net)
                  0.03    0.00    2.44 v _238_/C (sky130_fd_sc_hd__or3_1)
     1    0.00    0.04    0.17    2.61 v _238_/X (sky130_fd_sc_hd__or3_1)
                                         _001_ (net)
                  0.04    0.00    2.61 v _239_/B (sky130_fd_sc_hd__and2_1)
     2    0.01    0.04    0.12    2.73 v _239_/X (sky130_fd_sc_hd__and2_1)
                                         _002_ (net)
                  0.04    0.00    2.73 v _309_/A (sky130_fd_sc_hd__or3_1)
     1    0.00    0.04    0.22    2.95 v _309_/X (sky130_fd_sc_hd__or3_1)
                                         _067_ (net)
                  0.04    0.00    2.95 v _316_/A3 (sky130_fd_sc_hd__a31o_1)
     1    0.01    0.06    0.18    3.13 v _316_/X (sky130_fd_sc_hd__a31o_1)
                                         net19 (net)
                  0.06    0.00    3.13 v output19/A (sky130_fd_sc_hd__buf_2)
     1    0.03    0.06    0.13    3.27 v output19/X (sky130_fd_sc_hd__buf_2)
                                         OUT[2] (net)
                  0.06    0.00    3.27 v OUT[2] (out)
                                  3.27   data arrival time

                  0.00   10.00   10.00   clock __VIRTUAL_CLK__ (rise edge)
                          0.00   10.00   clock network delay (ideal)
                         -0.25    9.75   clock uncertainty
                          0.00    9.75   clock reconvergence pessimism
                         -2.00    7.75   output external delay
                                  7.75   data required time
-----------------------------------------------------------------------------
                                  7.75   data required time
                                 -3.27   data arrival time
-----------------------------------------------------------------------------
                                  4.48   slack (MET)


Startpoint: OPCODE[1] (input port clocked by __VIRTUAL_CLK__)
Endpoint: OUT[0] (output port clocked by __VIRTUAL_CLK__)
Path Group: __VIRTUAL_CLK__
Path Type: max
Corner: Fastest

Fanout     Cap    Slew   Delay    Time   Description
-----------------------------------------------------------------------------
                  0.00    0.00    0.00   clock __VIRTUAL_CLK__ (rise edge)
                          0.00    0.00   clock network delay (ideal)
                          2.00    2.00 v input external delay
     1    0.00    0.00    0.00    2.00 v OPCODE[1] (in)
                                         OPCODE[1] (net)
                  0.00    0.00    2.00 v input15/A (sky130_fd_sc_hd__clkbuf_2)
     6    0.02    0.06    0.10    2.10 v input15/X (sky130_fd_sc_hd__clkbuf_2)
                                         net15 (net)
                  0.06    0.00    2.10 v _166_/B (sky130_fd_sc_hd__or2_1)
     4    0.01    0.06    0.17    2.28 v _166_/X (sky130_fd_sc_hd__or2_1)
                                         _094_ (net)
                  0.06    0.00    2.28 v _214_/B (sky130_fd_sc_hd__or2_1)
     1    0.00    0.03    0.13    2.41 v _214_/X (sky130_fd_sc_hd__or2_1)
                                         _142_ (net)
                  0.03    0.00    2.41 v _215_/A (sky130_fd_sc_hd__buf_2)
     8    0.03    0.06    0.12    2.53 v _215_/X (sky130_fd_sc_hd__buf_2)
                                         _143_ (net)
                  0.06    0.00    2.53 v _296_/A2 (sky130_fd_sc_hd__o21ai_1)
     1    0.00    0.08    0.09    2.62 ^ _296_/Y (sky130_fd_sc_hd__o21ai_1)
                                         _056_ (net)
                  0.08    0.00    2.62 ^ _297_/B1 (sky130_fd_sc_hd__a31o_1)
     1    0.01    0.09    0.10    2.72 ^ _297_/X (sky130_fd_sc_hd__a31o_1)
                                         net17 (net)
                  0.09    0.00    2.72 ^ output17/A (sky130_fd_sc_hd__buf_2)
     1    0.03    0.13    0.16    2.89 ^ output17/X (sky130_fd_sc_hd__buf_2)
                                         OUT[0] (net)
                  0.13    0.00    2.89 ^ OUT[0] (out)
                                  2.89   data arrival time

                  0.00   10.00   10.00   clock __VIRTUAL_CLK__ (rise edge)
                          0.00   10.00   clock network delay (ideal)
                         -0.25    9.75   clock uncertainty
                          0.00    9.75   clock reconvergence pessimism
                         -2.00    7.75   output external delay
                                  7.75   data required time
-----------------------------------------------------------------------------
                                  7.75   data required time
                                 -2.89   data arrival time
-----------------------------------------------------------------------------
                                  4.86   slack (MET)



worst slack corner Fastest: 4.0836
======================= Slowest Corner ===================================

Startpoint: OPCODE[0] (input port clocked by __VIRTUAL_CLK__)
Endpoint: OUT[7] (output port clocked by __VIRTUAL_CLK__)
Path Group: __VIRTUAL_CLK__
Path Type: max
Corner: Slowest

Fanout     Cap    Slew   Delay    Time   Description
-----------------------------------------------------------------------------
                  0.00    0.00    0.00   clock __VIRTUAL_CLK__ (rise edge)
                          0.00    0.00   clock network delay (ideal)
                          2.00    2.00 v input external delay
     1    0.00    0.02    0.01    2.01 v OPCODE[0] (in)
                                         OPCODE[0] (net)
                  0.02    0.00    2.01 v input14/A (sky130_fd_sc_hd__buf_1)
     5    0.01    0.15    0.23    2.24 v input14/X (sky130_fd_sc_hd__buf_1)
                                         net14 (net)
                  0.15    0.00    2.24 v _225_/A_N (sky130_fd_sc_hd__nand3b_4)
     9    0.02    0.21    0.43    2.67 v _225_/Y (sky130_fd_sc_hd__nand3b_4)
                                         _153_ (net)
                  0.21    0.00    2.67 v _232_/C (sky130_fd_sc_hd__and3_1)
     2    0.00    0.09    0.47    3.14 v _232_/X (sky130_fd_sc_hd__and3_1)
                                         _160_ (net)
                  0.09    0.00    3.14 v _235_/B (sky130_fd_sc_hd__or3_1)
     2    0.00    0.15    0.87    4.01 v _235_/X (sky130_fd_sc_hd__or3_1)
                                         _163_ (net)
                  0.15    0.00    4.01 v _237_/B (sky130_fd_sc_hd__and3b_1)
     3    0.01    0.12    0.44    4.45 v _237_/X (sky130_fd_sc_hd__and3b_1)
                                         _000_ (net)
                  0.12    0.00    4.45 v _240_/A2 (sky130_fd_sc_hd__o21ai_2)
     4    0.01    0.29    0.32    4.77 ^ _240_/Y (sky130_fd_sc_hd__o21ai_2)
                                         _003_ (net)
                  0.29    0.00    4.77 ^ _247_/A2 (sky130_fd_sc_hd__a311o_2)
     5    0.02    0.20    0.59    5.36 ^ _247_/X (sky130_fd_sc_hd__a311o_2)
                                         _010_ (net)
                  0.20    0.00    5.36 ^ _266_/A3 (sky130_fd_sc_hd__a311oi_2)
     3    0.01    0.19    0.29    5.66 v _266_/Y (sky130_fd_sc_hd__a311oi_2)
                                         _028_ (net)
                  0.19    0.00    5.66 v _286_/B (sky130_fd_sc_hd__or3_1)
     1    0.00    0.14    0.87    6.53 v _286_/X (sky130_fd_sc_hd__or3_1)
                                         _047_ (net)
                  0.14    0.00    6.53 v _292_/A3 (sky130_fd_sc_hd__a31o_1)
     1    0.01    0.15    0.53    7.06 v _292_/X (sky130_fd_sc_hd__a31o_1)
                                         net24 (net)
                  0.15    0.00    7.06 v output24/A (sky130_fd_sc_hd__buf_2)
     1    0.03    0.17    0.40    7.46 v output24/X (sky130_fd_sc_hd__buf_2)
                                         OUT[7] (net)
                  0.17    0.00    7.46 v OUT[7] (out)
                                  7.46   data arrival time

                  0.00   10.00   10.00   clock __VIRTUAL_CLK__ (rise edge)
                          0.00   10.00   clock network delay (ideal)
                         -0.25    9.75   clock uncertainty
                          0.00    9.75   clock reconvergence pessimism
                         -2.00    7.75   output external delay
                                  7.75   data required time
-----------------------------------------------------------------------------
                                  7.75   data required time
                                 -7.46   data arrival time
-----------------------------------------------------------------------------
                                  0.29   slack (MET)


Startpoint: B[0] (input port clocked by __VIRTUAL_CLK__)
Endpoint: OUT[6] (output port clocked by __VIRTUAL_CLK__)
Path Group: __VIRTUAL_CLK__
Path Type: max
Corner: Slowest

Fanout     Cap    Slew   Delay    Time   Description
-----------------------------------------------------------------------------
                  0.00    0.00    0.00   clock __VIRTUAL_CLK__ (rise edge)
                          0.00    0.00   clock network delay (ideal)
                          2.00    2.00 v input external delay
     1    0.00    0.02    0.01    2.01 v B[0] (in)
                                         B[0] (net)
                  0.02    0.00    2.01 v input7/A (sky130_fd_sc_hd__buf_2)
    13    0.04    0.18    0.35    2.36 v input7/X (sky130_fd_sc_hd__buf_2)
                                         net7 (net)
                  0.18    0.00    2.36 v _224_/A (sky130_fd_sc_hd__or2_1)
     4    0.01    0.17    0.66    3.02 v _224_/X (sky130_fd_sc_hd__or2_1)
                                         _152_ (net)
                  0.17    0.00    3.02 v _226_/A3 (sky130_fd_sc_hd__o31a_1)
     3    0.01    0.15    0.59    3.62 v _226_/X (sky130_fd_sc_hd__o31a_1)
                                         _154_ (net)
                  0.15    0.00    3.62 v _258_/A3 (sky130_fd_sc_hd__o31a_1)
     2    0.01    0.13    0.56    4.18 v _258_/X (sky130_fd_sc_hd__o31a_1)
                                         _020_ (net)
                  0.13    0.00    4.18 v _259_/B (sky130_fd_sc_hd__xnor2_1)
     2    0.01    0.14    0.28    4.46 v _259_/Y (sky130_fd_sc_hd__xnor2_1)
                                         _021_ (net)
                  0.14    0.00    4.46 v _260_/B (sky130_fd_sc_hd__and2_1)
     3    0.01    0.10    0.41    4.87 v _260_/X (sky130_fd_sc_hd__and2_1)
                                         _022_ (net)
                  0.10    0.00    4.87 v _262_/A (sky130_fd_sc_hd__or2_1)
     2    0.01    0.14    0.59    5.45 v _262_/X (sky130_fd_sc_hd__or2_1)
                                         _024_ (net)
                  0.14    0.00    5.45 v _266_/B1 (sky130_fd_sc_hd__a311oi_2)
     3    0.01    0.39    0.50    5.96 ^ _266_/Y (sky130_fd_sc_hd__a311oi_2)
                                         _028_ (net)
                  0.39    0.00    5.96 ^ _267_/A_N (sky130_fd_sc_hd__and2b_1)
     1    0.00    0.07    0.49    6.45 v _267_/X (sky130_fd_sc_hd__and2b_1)
                                         _029_ (net)
                  0.07    0.00    6.45 v _281_/A2 (sky130_fd_sc_hd__a21o_1)
     1    0.01    0.12    0.40    6.85 v _281_/X (sky130_fd_sc_hd__a21o_1)
                                         net23 (net)
                  0.12    0.00    6.85 v output23/A (sky130_fd_sc_hd__buf_2)
     1    0.03    0.16    0.39    7.24 v output23/X (sky130_fd_sc_hd__buf_2)
                                         OUT[6] (net)
                  0.16    0.00    7.24 v OUT[6] (out)
                                  7.24   data arrival time

                  0.00   10.00   10.00   clock __VIRTUAL_CLK__ (rise edge)
                          0.00   10.00   clock network delay (ideal)
                         -0.25    9.75   clock uncertainty
                          0.00    9.75   clock reconvergence pessimism
                         -2.00    7.75   output external delay
                                  7.75   data required time
-----------------------------------------------------------------------------
                                  7.75   data required time
                                 -7.24   data arrival time
-----------------------------------------------------------------------------
                                  0.51   slack (MET)


Startpoint: A[3] (input port clocked by __VIRTUAL_CLK__)
Endpoint: OUT[4] (output port clocked by __VIRTUAL_CLK__)
Path Group: __VIRTUAL_CLK__
Path Type: max
Corner: Slowest

Fanout     Cap    Slew   Delay    Time   Description
-----------------------------------------------------------------------------
                  0.00    0.00    0.00   clock __VIRTUAL_CLK__ (rise edge)
                          0.00    0.00   clock network delay (ideal)
                          2.00    2.00 v input external delay
     1    0.00    0.02    0.01    2.01 v A[3] (in)
                                         A[3] (net)
                  0.02    0.00    2.01 v _172_/A (sky130_fd_sc_hd__clkbuf_4)
    13    0.04    0.17    0.34    2.36 v _172_/X (sky130_fd_sc_hd__clkbuf_4)
                                         _100_ (net)
                  0.17    0.00    2.36 v _178_/D (sky130_fd_sc_hd__and4_1)
     3    0.01    0.11    0.51    2.87 v _178_/X (sky130_fd_sc_hd__and4_1)
                                         _106_ (net)
                  0.11    0.00    2.87 v _182_/A (sky130_fd_sc_hd__or3_1)
     2    0.00    0.16    0.92    3.79 v _182_/X (sky130_fd_sc_hd__or3_1)
                                         _110_ (net)
                  0.16    0.00    3.79 v _187_/A1 (sky130_fd_sc_hd__a21o_1)
     2    0.00    0.08    0.36    4.15 v _187_/X (sky130_fd_sc_hd__a21o_1)
                                         _115_ (net)
                  0.08    0.00    4.15 v _189_/A3 (sky130_fd_sc_hd__a31o_1)
     2    0.01    0.12    0.47    4.62 v _189_/X (sky130_fd_sc_hd__a31o_1)
                                         _117_ (net)
                  0.12    0.00    4.62 v _191_/B (sky130_fd_sc_hd__xor2_1)
     2    0.01    0.34    0.37    4.99 ^ _191_/X (sky130_fd_sc_hd__xor2_1)
                                         _119_ (net)
                  0.34    0.00    4.99 ^ _200_/A (sky130_fd_sc_hd__nand3_1)
     3    0.01    0.29    0.38    5.37 v _200_/Y (sky130_fd_sc_hd__nand3_1)
                                         _128_ (net)
                  0.29    0.00    5.37 v _335_/A1 (sky130_fd_sc_hd__a31o_1)
     1    0.00    0.06    0.42    5.79 v _335_/X (sky130_fd_sc_hd__a31o_1)
                                         _091_ (net)
                  0.06    0.00    5.79 v _336_/C (sky130_fd_sc_hd__or3_1)
     1    0.00    0.14    0.75    6.54 v _336_/X (sky130_fd_sc_hd__or3_1)
                                         _092_ (net)
                  0.14    0.00    6.54 v _337_/A (sky130_fd_sc_hd__buf_1)
     1    0.01    0.13    0.27    6.81 v _337_/X (sky130_fd_sc_hd__buf_1)
                                         net21 (net)
                  0.13    0.00    6.82 v output21/A (sky130_fd_sc_hd__buf_2)
     1    0.03    0.16    0.39    7.21 v output21/X (sky130_fd_sc_hd__buf_2)
                                         OUT[4] (net)
                  0.16    0.00    7.21 v OUT[4] (out)
                                  7.21   data arrival time

                  0.00   10.00   10.00   clock __VIRTUAL_CLK__ (rise edge)
                          0.00   10.00   clock network delay (ideal)
                         -0.25    9.75   clock uncertainty
                          0.00    9.75   clock reconvergence pessimism
                         -2.00    7.75   output external delay
                                  7.75   data required time
-----------------------------------------------------------------------------
                                  7.75   data required time
                                 -7.21   data arrival time
-----------------------------------------------------------------------------
                                  0.54   slack (MET)


Startpoint: B[0] (input port clocked by __VIRTUAL_CLK__)
Endpoint: OUT[5] (output port clocked by __VIRTUAL_CLK__)
Path Group: __VIRTUAL_CLK__
Path Type: max
Corner: Slowest

Fanout     Cap    Slew   Delay    Time   Description
-----------------------------------------------------------------------------
                  0.00    0.00    0.00   clock __VIRTUAL_CLK__ (rise edge)
                          0.00    0.00   clock network delay (ideal)
                          2.00    2.00 v input external delay
     1    0.00    0.02    0.01    2.01 v B[0] (in)
                                         B[0] (net)
                  0.02    0.00    2.01 v input7/A (sky130_fd_sc_hd__buf_2)
    13    0.04    0.18    0.35    2.36 v input7/X (sky130_fd_sc_hd__buf_2)
                                         net7 (net)
                  0.18    0.00    2.36 v _224_/A (sky130_fd_sc_hd__or2_1)
     4    0.01    0.17    0.66    3.02 v _224_/X (sky130_fd_sc_hd__or2_1)
                                         _152_ (net)
                  0.17    0.00    3.02 v _230_/C (sky130_fd_sc_hd__and3_1)
     2    0.00    0.08    0.45    3.47 v _230_/X (sky130_fd_sc_hd__and3_1)
                                         _158_ (net)
                  0.08    0.00    3.47 v _231_/A2 (sky130_fd_sc_hd__o21ai_1)
     4    0.01    0.39    0.39    3.86 ^ _231_/Y (sky130_fd_sc_hd__o21ai_1)
                                         _159_ (net)
                  0.39    0.00    3.86 ^ _239_/A (sky130_fd_sc_hd__and2_1)
     2    0.01    0.15    0.41    4.28 ^ _239_/X (sky130_fd_sc_hd__and2_1)
                                         _002_ (net)
                  0.15    0.00    4.28 ^ _240_/B1 (sky130_fd_sc_hd__o21ai_2)
     4    0.01    0.12    0.19    4.46 v _240_/Y (sky130_fd_sc_hd__o21ai_2)
                                         _003_ (net)
                  0.12    0.00    4.46 v _247_/A2 (sky130_fd_sc_hd__a311o_2)
     5    0.02    0.17    0.85    5.31 v _247_/X (sky130_fd_sc_hd__a311o_2)
                                         _010_ (net)
                  0.17    0.00    5.32 v _253_/A2 (sky130_fd_sc_hd__a21o_1)
     1    0.00    0.06    0.37    5.68 v _253_/X (sky130_fd_sc_hd__a21o_1)
                                         _016_ (net)
                  0.06    0.00    5.68 v _256_/A (sky130_fd_sc_hd__and3_1)
     1    0.00    0.08    0.31    5.99 v _256_/X (sky130_fd_sc_hd__and3_1)
                                         _019_ (net)
                  0.08    0.00    5.99 v _257_/C1 (sky130_fd_sc_hd__a211o_1)
     1    0.01    0.15    0.53    6.52 v _257_/X (sky130_fd_sc_hd__a211o_1)
                                         net22 (net)
                  0.15    0.00    6.52 v output22/A (sky130_fd_sc_hd__buf_2)
     1    0.03    0.16    0.40    6.92 v output22/X (sky130_fd_sc_hd__buf_2)
                                         OUT[5] (net)
                  0.16    0.00    6.92 v OUT[5] (out)
                                  6.92   data arrival time

                  0.00   10.00   10.00   clock __VIRTUAL_CLK__ (rise edge)
                          0.00   10.00   clock network delay (ideal)
                         -0.25    9.75   clock uncertainty
                          0.00    9.75   clock reconvergence pessimism
                         -2.00    7.75   output external delay
                                  7.75   data required time
-----------------------------------------------------------------------------
                                  7.75   data required time
                                 -6.92   data arrival time
-----------------------------------------------------------------------------
                                  0.83   slack (MET)


Startpoint: OPCODE[0] (input port clocked by __VIRTUAL_CLK__)
Endpoint: OUT[1] (output port clocked by __VIRTUAL_CLK__)
Path Group: __VIRTUAL_CLK__
Path Type: max
Corner: Slowest

Fanout     Cap    Slew   Delay    Time   Description
-----------------------------------------------------------------------------
                  0.00    0.00    0.00   clock __VIRTUAL_CLK__ (rise edge)
                          0.00    0.00   clock network delay (ideal)
                          2.00    2.00 v input external delay
     1    0.00    0.02    0.01    2.01 v OPCODE[0] (in)
                                         OPCODE[0] (net)
                  0.02    0.00    2.01 v input14/A (sky130_fd_sc_hd__buf_1)
     5    0.01    0.15    0.23    2.24 v input14/X (sky130_fd_sc_hd__buf_1)
                                         net14 (net)
                  0.15    0.00    2.24 v _225_/A_N (sky130_fd_sc_hd__nand3b_4)
     9    0.02    0.21    0.43    2.67 v _225_/Y (sky130_fd_sc_hd__nand3b_4)
                                         _153_ (net)
                  0.21    0.00    2.67 v _232_/C (sky130_fd_sc_hd__and3_1)
     2    0.00    0.09    0.47    3.14 v _232_/X (sky130_fd_sc_hd__and3_1)
                                         _160_ (net)
                  0.09    0.00    3.14 v _235_/B (sky130_fd_sc_hd__or3_1)
     2    0.00    0.15    0.87    4.01 v _235_/X (sky130_fd_sc_hd__or3_1)
                                         _163_ (net)
                  0.15    0.00    4.01 v _304_/B (sky130_fd_sc_hd__and2b_1)
     1    0.00    0.07    0.37    4.38 v _304_/X (sky130_fd_sc_hd__and2b_1)
                                         _063_ (net)
                  0.07    0.00    4.38 v _305_/A (sky130_fd_sc_hd__nor2_1)
     1    0.00    0.11    0.15    4.54 ^ _305_/Y (sky130_fd_sc_hd__nor2_1)
                                         _064_ (net)
                  0.11    0.00    4.54 ^ _306_/B (sky130_fd_sc_hd__or3b_1)
     1    0.00    0.06    0.19    4.73 ^ _306_/X (sky130_fd_sc_hd__or3b_1)
                                         _065_ (net)
                  0.06    0.00    4.73 ^ _307_/D_N (sky130_fd_sc_hd__or4b_1)
     1    0.01    0.29    1.26    5.99 v _307_/X (sky130_fd_sc_hd__or4b_1)
                                         _066_ (net)
                  0.29    0.00    5.99 v _308_/A (sky130_fd_sc_hd__clkbuf_1)
     1    0.00    0.05    0.26    6.25 v _308_/X (sky130_fd_sc_hd__clkbuf_1)
                                         net18 (net)
                  0.05    0.00    6.25 v output18/A (sky130_fd_sc_hd__buf_2)
     1    0.03    0.16    0.35    6.60 v output18/X (sky130_fd_sc_hd__buf_2)
                                         OUT[1] (net)
                  0.16    0.00    6.60 v OUT[1] (out)
                                  6.60   data arrival time

                  0.00   10.00   10.00   clock __VIRTUAL_CLK__ (rise edge)
                          0.00   10.00   clock network delay (ideal)
                         -0.25    9.75   clock uncertainty
                          0.00    9.75   clock reconvergence pessimism
                         -2.00    7.75   output external delay
                                  7.75   data required time
-----------------------------------------------------------------------------
                                  7.75   data required time
                                 -6.60   data arrival time
-----------------------------------------------------------------------------
                                  1.15   slack (MET)


Startpoint: OPCODE[0] (input port clocked by __VIRTUAL_CLK__)
Endpoint: OUT[3] (output port clocked by __VIRTUAL_CLK__)
Path Group: __VIRTUAL_CLK__
Path Type: max
Corner: Slowest

Fanout     Cap    Slew   Delay    Time   Description
-----------------------------------------------------------------------------
                  0.00    0.00    0.00   clock __VIRTUAL_CLK__ (rise edge)
                          0.00    0.00   clock network delay (ideal)
                          2.00    2.00 v input external delay
     1    0.00    0.02    0.01    2.01 v OPCODE[0] (in)
                                         OPCODE[0] (net)
                  0.02    0.00    2.01 v input14/A (sky130_fd_sc_hd__buf_1)
     5    0.01    0.15    0.23    2.24 v input14/X (sky130_fd_sc_hd__buf_1)
                                         net14 (net)
                  0.15    0.00    2.24 v _225_/A_N (sky130_fd_sc_hd__nand3b_4)
     9    0.02    0.21    0.43    2.67 v _225_/Y (sky130_fd_sc_hd__nand3b_4)
                                         _153_ (net)
                  0.21    0.00    2.67 v _232_/C (sky130_fd_sc_hd__and3_1)
     2    0.00    0.09    0.47    3.14 v _232_/X (sky130_fd_sc_hd__and3_1)
                                         _160_ (net)
                  0.09    0.00    3.14 v _235_/B (sky130_fd_sc_hd__or3_1)
     2    0.00    0.15    0.87    4.01 v _235_/X (sky130_fd_sc_hd__or3_1)
                                         _163_ (net)
                  0.15    0.00    4.01 v _237_/B (sky130_fd_sc_hd__and3b_1)
     3    0.01    0.12    0.44    4.45 v _237_/X (sky130_fd_sc_hd__and3b_1)
                                         _000_ (net)
                  0.12    0.00    4.45 v _240_/A2 (sky130_fd_sc_hd__o21ai_2)
     4    0.01    0.29    0.32    4.77 ^ _240_/Y (sky130_fd_sc_hd__o21ai_2)
                                         _003_ (net)
                  0.29    0.00    4.77 ^ _318_/B (sky130_fd_sc_hd__nand2_1)
     1    0.01    0.14    0.22    4.99 v _318_/Y (sky130_fd_sc_hd__nand2_1)
                                         _075_ (net)
                  0.14    0.00    4.99 v _319_/B (sky130_fd_sc_hd__xnor2_1)
     1    0.00    0.10    0.26    5.25 v _319_/Y (sky130_fd_sc_hd__xnor2_1)
                                         _076_ (net)
                  0.10    0.00    5.25 v _325_/A2 (sky130_fd_sc_hd__a221o_1)
     1    0.01    0.18    0.78    6.03 v _325_/X (sky130_fd_sc_hd__a221o_1)
                                         net20 (net)
                  0.18    0.00    6.04 v output20/A (sky130_fd_sc_hd__buf_2)
     1    0.03    0.17    0.42    6.45 v output20/X (sky130_fd_sc_hd__buf_2)
                                         OUT[3] (net)
                  0.17    0.00    6.45 v OUT[3] (out)
                                  6.45   data arrival time

                  0.00   10.00   10.00   clock __VIRTUAL_CLK__ (rise edge)
                          0.00   10.00   clock network delay (ideal)
                         -0.25    9.75   clock uncertainty
                          0.00    9.75   clock reconvergence pessimism
                         -2.00    7.75   output external delay
                                  7.75   data required time
-----------------------------------------------------------------------------
                                  7.75   data required time
                                 -6.45   data arrival time
-----------------------------------------------------------------------------
                                  1.30   slack (MET)


Startpoint: B[0] (input port clocked by __VIRTUAL_CLK__)
Endpoint: OUT[2] (output port clocked by __VIRTUAL_CLK__)
Path Group: __VIRTUAL_CLK__
Path Type: max
Corner: Slowest

Fanout     Cap    Slew   Delay    Time   Description
-----------------------------------------------------------------------------
                  0.00    0.00    0.00   clock __VIRTUAL_CLK__ (rise edge)
                          0.00    0.00   clock network delay (ideal)
                          2.00    2.00 v input external delay
     1    0.00    0.02    0.01    2.01 v B[0] (in)
                                         B[0] (net)
                  0.02    0.00    2.01 v input7/A (sky130_fd_sc_hd__buf_2)
    13    0.04    0.18    0.35    2.36 v input7/X (sky130_fd_sc_hd__buf_2)
                                         net7 (net)
                  0.18    0.00    2.36 v _224_/A (sky130_fd_sc_hd__or2_1)
     4    0.01    0.17    0.66    3.02 v _224_/X (sky130_fd_sc_hd__or2_1)
                                         _152_ (net)
                  0.17    0.00    3.02 v _230_/C (sky130_fd_sc_hd__and3_1)
     2    0.00    0.08    0.45    3.47 v _230_/X (sky130_fd_sc_hd__and3_1)
                                         _158_ (net)
                  0.08    0.00    3.47 v _238_/C (sky130_fd_sc_hd__or3_1)
     1    0.00    0.13    0.73    4.20 v _238_/X (sky130_fd_sc_hd__or3_1)
                                         _001_ (net)
                  0.13    0.00    4.20 v _239_/B (sky130_fd_sc_hd__and2_1)
     2    0.01    0.10    0.40    4.60 v _239_/X (sky130_fd_sc_hd__and2_1)
                                         _002_ (net)
                  0.10    0.00    4.60 v _309_/A (sky130_fd_sc_hd__or3_1)
     1    0.00    0.14    0.89    5.49 v _309_/X (sky130_fd_sc_hd__or3_1)
                                         _067_ (net)
                  0.14    0.00    5.49 v _316_/A3 (sky130_fd_sc_hd__a31o_1)
     1    0.01    0.14    0.52    6.02 v _316_/X (sky130_fd_sc_hd__a31o_1)
                                         net19 (net)
                  0.14    0.00    6.02 v output19/A (sky130_fd_sc_hd__buf_2)
     1    0.03    0.16    0.40    6.41 v output19/X (sky130_fd_sc_hd__buf_2)
                                         OUT[2] (net)
                  0.16    0.00    6.41 v OUT[2] (out)
                                  6.41   data arrival time

                  0.00   10.00   10.00   clock __VIRTUAL_CLK__ (rise edge)
                          0.00   10.00   clock network delay (ideal)
                         -0.25    9.75   clock uncertainty
                          0.00    9.75   clock reconvergence pessimism
                         -2.00    7.75   output external delay
                                  7.75   data required time
-----------------------------------------------------------------------------
                                  7.75   data required time
                                 -6.41   data arrival time
-----------------------------------------------------------------------------
                                  1.34   slack (MET)


Startpoint: OPCODE[1] (input port clocked by __VIRTUAL_CLK__)
Endpoint: OUT[0] (output port clocked by __VIRTUAL_CLK__)
Path Group: __VIRTUAL_CLK__
Path Type: max
Corner: Slowest

Fanout     Cap    Slew   Delay    Time   Description
-----------------------------------------------------------------------------
                  0.00    0.00    0.00   clock __VIRTUAL_CLK__ (rise edge)
                          0.00    0.00   clock network delay (ideal)
                          2.00    2.00 v input external delay
     1    0.00    0.02    0.01    2.01 v OPCODE[1] (in)
                                         OPCODE[1] (net)
                  0.02    0.00    2.01 v input15/A (sky130_fd_sc_hd__clkbuf_2)
     6    0.02    0.17    0.27    2.28 v input15/X (sky130_fd_sc_hd__clkbuf_2)
                                         net15 (net)
                  0.17    0.00    2.28 v _166_/B (sky130_fd_sc_hd__or2_1)
     4    0.01    0.18    0.62    2.90 v _166_/X (sky130_fd_sc_hd__or2_1)
                                         _094_ (net)
                  0.18    0.00    2.90 v _214_/B (sky130_fd_sc_hd__or2_1)
     1    0.00    0.09    0.51    3.42 v _214_/X (sky130_fd_sc_hd__or2_1)
                                         _142_ (net)
                  0.09    0.00    3.42 v _215_/A (sky130_fd_sc_hd__buf_2)
     8    0.03    0.15    0.36    3.78 v _215_/X (sky130_fd_sc_hd__buf_2)
                                         _143_ (net)
                  0.15    0.00    3.78 v _296_/A2 (sky130_fd_sc_hd__o21ai_1)
     1    0.00    0.18    0.24    4.03 ^ _296_/Y (sky130_fd_sc_hd__o21ai_1)
                                         _056_ (net)
                  0.18    0.00    4.03 ^ _297_/B1 (sky130_fd_sc_hd__a31o_1)
     1    0.01    0.19    0.31    4.34 ^ _297_/X (sky130_fd_sc_hd__a31o_1)
                                         net17 (net)
                  0.19    0.00    4.34 ^ output17/A (sky130_fd_sc_hd__buf_2)
     1    0.03    0.28    0.42    4.76 ^ output17/X (sky130_fd_sc_hd__buf_2)
                                         OUT[0] (net)
                  0.28    0.00    4.76 ^ OUT[0] (out)
                                  4.76   data arrival time

                  0.00   10.00   10.00   clock __VIRTUAL_CLK__ (rise edge)
                          0.00   10.00   clock network delay (ideal)
                         -0.25    9.75   clock uncertainty
                          0.00    9.75   clock reconvergence pessimism
                         -2.00    7.75   output external delay
                                  7.75   data required time
-----------------------------------------------------------------------------
                                  7.75   data required time
                                 -4.76   data arrival time
-----------------------------------------------------------------------------
                                  2.99   slack (MET)



worst slack corner Slowest: 0.2936
======================= Typical Corner ===================================

Startpoint: B[0] (input port clocked by __VIRTUAL_CLK__)
Endpoint: OUT[6] (output port clocked by __VIRTUAL_CLK__)
Path Group: __VIRTUAL_CLK__
Path Type: max
Corner: Typical

Fanout     Cap    Slew   Delay    Time   Description
-----------------------------------------------------------------------------
                  0.00    0.00    0.00   clock __VIRTUAL_CLK__ (rise edge)
                          0.00    0.00   clock network delay (ideal)
                          2.00    2.00 v input external delay
     1    0.00    0.01    0.00    2.00 v B[0] (in)
                                         B[0] (net)
                  0.01    0.00    2.00 v input7/A (sky130_fd_sc_hd__buf_2)
    13    0.04    0.10    0.18    2.18 v input7/X (sky130_fd_sc_hd__buf_2)
                                         net7 (net)
                  0.10    0.00    2.18 v _224_/A (sky130_fd_sc_hd__or2_1)
     4    0.01    0.08    0.30    2.48 v _224_/X (sky130_fd_sc_hd__or2_1)
                                         _152_ (net)
                  0.08    0.00    2.49 v _230_/C (sky130_fd_sc_hd__and3_1)
     2    0.00    0.04    0.21    2.69 v _230_/X (sky130_fd_sc_hd__and3_1)
                                         _158_ (net)
                  0.04    0.00    2.69 v _231_/A2 (sky130_fd_sc_hd__o21ai_1)
     4    0.01    0.24    0.23    2.92 ^ _231_/Y (sky130_fd_sc_hd__o21ai_1)
                                         _159_ (net)
                  0.24    0.00    2.92 ^ _239_/A (sky130_fd_sc_hd__and2_1)
     2    0.01    0.09    0.21    3.13 ^ _239_/X (sky130_fd_sc_hd__and2_1)
                                         _002_ (net)
                  0.09    0.00    3.13 ^ _240_/B1 (sky130_fd_sc_hd__o21ai_2)
     4    0.01    0.06    0.09    3.22 v _240_/Y (sky130_fd_sc_hd__o21ai_2)
                                         _003_ (net)
                  0.06    0.00    3.22 v _247_/A2 (sky130_fd_sc_hd__a311o_2)
     5    0.02    0.09    0.44    3.66 v _247_/X (sky130_fd_sc_hd__a311o_2)
                                         _010_ (net)
                  0.09    0.00    3.66 v _266_/A3 (sky130_fd_sc_hd__a311oi_2)
     3    0.01    0.25    0.33    3.99 ^ _266_/Y (sky130_fd_sc_hd__a311oi_2)
                                         _028_ (net)
                  0.25    0.00    3.99 ^ _267_/A_N (sky130_fd_sc_hd__and2b_1)
     1    0.00    0.03    0.22    4.21 v _267_/X (sky130_fd_sc_hd__and2b_1)
                                         _029_ (net)
                  0.03    0.00    4.21 v _281_/A2 (sky130_fd_sc_hd__a21o_1)
     1    0.01    0.07    0.21    4.43 v _281_/X (sky130_fd_sc_hd__a21o_1)
                                         net23 (net)
                  0.07    0.00    4.43 v output23/A (sky130_fd_sc_hd__buf_2)
     1    0.03    0.09    0.20    4.63 v output23/X (sky130_fd_sc_hd__buf_2)
                                         OUT[6] (net)
                  0.09    0.00    4.63 v OUT[6] (out)
                                  4.63   data arrival time

                  0.00   10.00   10.00   clock __VIRTUAL_CLK__ (rise edge)
                          0.00   10.00   clock network delay (ideal)
                         -0.25    9.75   clock uncertainty
                          0.00    9.75   clock reconvergence pessimism
                         -2.00    7.75   output external delay
                                  7.75   data required time
-----------------------------------------------------------------------------
                                  7.75   data required time
                                 -4.63   data arrival time
-----------------------------------------------------------------------------
                                  3.12   slack (MET)


Startpoint: B[0] (input port clocked by __VIRTUAL_CLK__)
Endpoint: OUT[7] (output port clocked by __VIRTUAL_CLK__)
Path Group: __VIRTUAL_CLK__
Path Type: max
Corner: Typical

Fanout     Cap    Slew   Delay    Time   Description
-----------------------------------------------------------------------------
                  0.00    0.00    0.00   clock __VIRTUAL_CLK__ (rise edge)
                          0.00    0.00   clock network delay (ideal)
                          2.00    2.00 v input external delay
     1    0.00    0.01    0.00    2.00 v B[0] (in)
                                         B[0] (net)
                  0.01    0.00    2.00 v input7/A (sky130_fd_sc_hd__buf_2)
    13    0.04    0.10    0.18    2.18 v input7/X (sky130_fd_sc_hd__buf_2)
                                         net7 (net)
                  0.10    0.00    2.18 v _224_/A (sky130_fd_sc_hd__or2_1)
     4    0.01    0.08    0.30    2.48 v _224_/X (sky130_fd_sc_hd__or2_1)
                                         _152_ (net)
                  0.08    0.00    2.49 v _230_/C (sky130_fd_sc_hd__and3_1)
     2    0.00    0.04    0.21    2.69 v _230_/X (sky130_fd_sc_hd__and3_1)
                                         _158_ (net)
                  0.04    0.00    2.69 v _231_/A2 (sky130_fd_sc_hd__o21ai_1)
     4    0.01    0.24    0.23    2.92 ^ _231_/Y (sky130_fd_sc_hd__o21ai_1)
                                         _159_ (net)
                  0.24    0.00    2.92 ^ _239_/A (sky130_fd_sc_hd__and2_1)
     2    0.01    0.09    0.21    3.13 ^ _239_/X (sky130_fd_sc_hd__and2_1)
                                         _002_ (net)
                  0.09    0.00    3.13 ^ _240_/B1 (sky130_fd_sc_hd__o21ai_2)
     4    0.01    0.06    0.09    3.22 v _240_/Y (sky130_fd_sc_hd__o21ai_2)
                                         _003_ (net)
                  0.06    0.00    3.22 v _247_/A2 (sky130_fd_sc_hd__a311o_2)
     5    0.02    0.09    0.44    3.66 v _247_/X (sky130_fd_sc_hd__a311o_2)
                                         _010_ (net)
                  0.09    0.00    3.66 v _266_/A3 (sky130_fd_sc_hd__a311oi_2)
     3    0.01    0.25    0.33    3.99 ^ _266_/Y (sky130_fd_sc_hd__a311oi_2)
                                         _028_ (net)
                  0.25    0.00    3.99 ^ _286_/B (sky130_fd_sc_hd__or3_1)
     1    0.00    0.04    0.16    4.14 ^ _286_/X (sky130_fd_sc_hd__or3_1)
                                         _047_ (net)
                  0.04    0.00    4.14 ^ _292_/A3 (sky130_fd_sc_hd__a31o_1)
     1    0.01    0.14    0.21    4.36 ^ _292_/X (sky130_fd_sc_hd__a31o_1)
                                         net24 (net)
                  0.14    0.00    4.36 ^ output24/A (sky130_fd_sc_hd__buf_2)
     1    0.03    0.17    0.24    4.60 ^ output24/X (sky130_fd_sc_hd__buf_2)
                                         OUT[7] (net)
                  0.17    0.00    4.60 ^ OUT[7] (out)
                                  4.60   data arrival time

                  0.00   10.00   10.00   clock __VIRTUAL_CLK__ (rise edge)
                          0.00   10.00   clock network delay (ideal)
                         -0.25    9.75   clock uncertainty
                          0.00    9.75   clock reconvergence pessimism
                         -2.00    7.75   output external delay
                                  7.75   data required time
-----------------------------------------------------------------------------
                                  7.75   data required time
                                 -4.60   data arrival time
-----------------------------------------------------------------------------
                                  3.15   slack (MET)


Startpoint: B[0] (input port clocked by __VIRTUAL_CLK__)
Endpoint: OUT[4] (output port clocked by __VIRTUAL_CLK__)
Path Group: __VIRTUAL_CLK__
Path Type: max
Corner: Typical

Fanout     Cap    Slew   Delay    Time   Description
-----------------------------------------------------------------------------
                  0.00    0.00    0.00   clock __VIRTUAL_CLK__ (rise edge)
                          0.00    0.00   clock network delay (ideal)
                          2.00    2.00 v input external delay
     1    0.00    0.01    0.00    2.00 v B[0] (in)
                                         B[0] (net)
                  0.01    0.00    2.00 v input7/A (sky130_fd_sc_hd__buf_2)
    13    0.04    0.10    0.18    2.18 v input7/X (sky130_fd_sc_hd__buf_2)
                                         net7 (net)
                  0.10    0.00    2.18 v _224_/A (sky130_fd_sc_hd__or2_1)
     4    0.01    0.08    0.30    2.48 v _224_/X (sky130_fd_sc_hd__or2_1)
                                         _152_ (net)
                  0.08    0.00    2.49 v _230_/C (sky130_fd_sc_hd__and3_1)
     2    0.00    0.04    0.21    2.69 v _230_/X (sky130_fd_sc_hd__and3_1)
                                         _158_ (net)
                  0.04    0.00    2.69 v _231_/A2 (sky130_fd_sc_hd__o21ai_1)
     4    0.01    0.24    0.23    2.92 ^ _231_/Y (sky130_fd_sc_hd__o21ai_1)
                                         _159_ (net)
                  0.24    0.00    2.92 ^ _239_/A (sky130_fd_sc_hd__and2_1)
     2    0.01    0.09    0.21    3.13 ^ _239_/X (sky130_fd_sc_hd__and2_1)
                                         _002_ (net)
                  0.09    0.00    3.13 ^ _240_/B1 (sky130_fd_sc_hd__o21ai_2)
     4    0.01    0.06    0.09    3.22 v _240_/Y (sky130_fd_sc_hd__o21ai_2)
                                         _003_ (net)
                  0.06    0.00    3.22 v _247_/A2 (sky130_fd_sc_hd__a311o_2)
     5    0.02    0.09    0.44    3.66 v _247_/X (sky130_fd_sc_hd__a311o_2)
                                         _010_ (net)
                  0.09    0.00    3.66 v _328_/A (sky130_fd_sc_hd__and3_1)
     1    0.00    0.03    0.16    3.82 v _328_/X (sky130_fd_sc_hd__and3_1)
                                         _084_ (net)
                  0.03    0.00    3.82 v _336_/A (sky130_fd_sc_hd__or3_1)
     1    0.00    0.07    0.38    4.19 v _336_/X (sky130_fd_sc_hd__or3_1)
                                         _092_ (net)
                  0.07    0.00    4.19 v _337_/A (sky130_fd_sc_hd__buf_1)
     1    0.01    0.07    0.14    4.33 v _337_/X (sky130_fd_sc_hd__buf_1)
                                         net21 (net)
                  0.07    0.00    4.33 v output21/A (sky130_fd_sc_hd__buf_2)
     1    0.03    0.09    0.20    4.53 v output21/X (sky130_fd_sc_hd__buf_2)
                                         OUT[4] (net)
                  0.09    0.00    4.53 v OUT[4] (out)
                                  4.53   data arrival time

                  0.00   10.00   10.00   clock __VIRTUAL_CLK__ (rise edge)
                          0.00   10.00   clock network delay (ideal)
                         -0.25    9.75   clock uncertainty
                          0.00    9.75   clock reconvergence pessimism
                         -2.00    7.75   output external delay
                                  7.75   data required time
-----------------------------------------------------------------------------
                                  7.75   data required time
                                 -4.53   data arrival time
-----------------------------------------------------------------------------
                                  3.22   slack (MET)


Startpoint: B[0] (input port clocked by __VIRTUAL_CLK__)
Endpoint: OUT[5] (output port clocked by __VIRTUAL_CLK__)
Path Group: __VIRTUAL_CLK__
Path Type: max
Corner: Typical

Fanout     Cap    Slew   Delay    Time   Description
-----------------------------------------------------------------------------
                  0.00    0.00    0.00   clock __VIRTUAL_CLK__ (rise edge)
                          0.00    0.00   clock network delay (ideal)
                          2.00    2.00 v input external delay
     1    0.00    0.01    0.00    2.00 v B[0] (in)
                                         B[0] (net)
                  0.01    0.00    2.00 v input7/A (sky130_fd_sc_hd__buf_2)
    13    0.04    0.10    0.18    2.18 v input7/X (sky130_fd_sc_hd__buf_2)
                                         net7 (net)
                  0.10    0.00    2.18 v _224_/A (sky130_fd_sc_hd__or2_1)
     4    0.01    0.08    0.30    2.48 v _224_/X (sky130_fd_sc_hd__or2_1)
                                         _152_ (net)
                  0.08    0.00    2.49 v _230_/C (sky130_fd_sc_hd__and3_1)
     2    0.00    0.04    0.21    2.69 v _230_/X (sky130_fd_sc_hd__and3_1)
                                         _158_ (net)
                  0.04    0.00    2.69 v _231_/A2 (sky130_fd_sc_hd__o21ai_1)
     4    0.01    0.24    0.23    2.92 ^ _231_/Y (sky130_fd_sc_hd__o21ai_1)
                                         _159_ (net)
                  0.24    0.00    2.92 ^ _239_/A (sky130_fd_sc_hd__and2_1)
     2    0.01    0.09    0.21    3.13 ^ _239_/X (sky130_fd_sc_hd__and2_1)
                                         _002_ (net)
                  0.09    0.00    3.13 ^ _240_/B1 (sky130_fd_sc_hd__o21ai_2)
     4    0.01    0.06    0.09    3.22 v _240_/Y (sky130_fd_sc_hd__o21ai_2)
                                         _003_ (net)
                  0.06    0.00    3.22 v _247_/A2 (sky130_fd_sc_hd__a311o_2)
     5    0.02    0.09    0.44    3.66 v _247_/X (sky130_fd_sc_hd__a311o_2)
                                         _010_ (net)
                  0.09    0.00    3.66 v _253_/A2 (sky130_fd_sc_hd__a21o_1)
     1    0.00    0.03    0.20    3.85 v _253_/X (sky130_fd_sc_hd__a21o_1)
                                         _016_ (net)
                  0.03    0.00    3.85 v _256_/A (sky130_fd_sc_hd__and3_1)
     1    0.00    0.04    0.14    4.00 v _256_/X (sky130_fd_sc_hd__and3_1)
                                         _019_ (net)
                  0.04    0.00    4.00 v _257_/C1 (sky130_fd_sc_hd__a211o_1)
     1    0.01    0.08    0.28    4.27 v _257_/X (sky130_fd_sc_hd__a211o_1)
                                         net22 (net)
                  0.08    0.00    4.27 v output22/A (sky130_fd_sc_hd__buf_2)
     1    0.03    0.09    0.21    4.48 v output22/X (sky130_fd_sc_hd__buf_2)
                                         OUT[5] (net)
                  0.09    0.00    4.48 v OUT[5] (out)
                                  4.48   data arrival time

                  0.00   10.00   10.00   clock __VIRTUAL_CLK__ (rise edge)
                          0.00   10.00   clock network delay (ideal)
                         -0.25    9.75   clock uncertainty
                          0.00    9.75   clock reconvergence pessimism
                         -2.00    7.75   output external delay
                                  7.75   data required time
-----------------------------------------------------------------------------
                                  7.75   data required time
                                 -4.48   data arrival time
-----------------------------------------------------------------------------
                                  3.27   slack (MET)


Startpoint: OPCODE[0] (input port clocked by __VIRTUAL_CLK__)
Endpoint: OUT[3] (output port clocked by __VIRTUAL_CLK__)
Path Group: __VIRTUAL_CLK__
Path Type: max
Corner: Typical

Fanout     Cap    Slew   Delay    Time   Description
-----------------------------------------------------------------------------
                  0.00    0.00    0.00   clock __VIRTUAL_CLK__ (rise edge)
                          0.00    0.00   clock network delay (ideal)
                          2.00    2.00 v input external delay
     1    0.00    0.01    0.00    2.00 v OPCODE[0] (in)
                                         OPCODE[0] (net)
                  0.01    0.00    2.00 v input14/A (sky130_fd_sc_hd__buf_1)
     5    0.01    0.08    0.12    2.13 v input14/X (sky130_fd_sc_hd__buf_1)
                                         net14 (net)
                  0.08    0.00    2.13 v _225_/A_N (sky130_fd_sc_hd__nand3b_4)
     9    0.02    0.10    0.22    2.35 v _225_/Y (sky130_fd_sc_hd__nand3b_4)
                                         _153_ (net)
                  0.10    0.00    2.35 v _232_/C (sky130_fd_sc_hd__and3_1)
     2    0.00    0.04    0.22    2.57 v _232_/X (sky130_fd_sc_hd__and3_1)
                                         _160_ (net)
                  0.04    0.00    2.57 v _235_/B (sky130_fd_sc_hd__or3_1)
     2    0.00    0.07    0.37    2.94 v _235_/X (sky130_fd_sc_hd__or3_1)
                                         _163_ (net)
                  0.07    0.00    2.94 v _237_/B (sky130_fd_sc_hd__and3b_1)
     3    0.01    0.06    0.21    3.14 v _237_/X (sky130_fd_sc_hd__and3b_1)
                                         _000_ (net)
                  0.06    0.00    3.14 v _240_/A2 (sky130_fd_sc_hd__o21ai_2)
     4    0.01    0.17    0.18    3.33 ^ _240_/Y (sky130_fd_sc_hd__o21ai_2)
                                         _003_ (net)
                  0.17    0.00    3.33 ^ _318_/B (sky130_fd_sc_hd__nand2_1)
     1    0.01    0.08    0.10    3.43 v _318_/Y (sky130_fd_sc_hd__nand2_1)
                                         _075_ (net)
                  0.08    0.00    3.43 v _319_/B (sky130_fd_sc_hd__xnor2_1)
     1    0.00    0.05    0.14    3.57 v _319_/Y (sky130_fd_sc_hd__xnor2_1)
                                         _076_ (net)
                  0.05    0.00    3.57 v _325_/A2 (sky130_fd_sc_hd__a221o_1)
     1    0.01    0.09    0.41    3.98 v _325_/X (sky130_fd_sc_hd__a221o_1)
                                         net20 (net)
                  0.09    0.00    3.98 v output20/A (sky130_fd_sc_hd__buf_2)
     1    0.03    0.09    0.21    4.19 v output20/X (sky130_fd_sc_hd__buf_2)
                                         OUT[3] (net)
                  0.09    0.00    4.20 v OUT[3] (out)
                                  4.20   data arrival time

                  0.00   10.00   10.00   clock __VIRTUAL_CLK__ (rise edge)
                          0.00   10.00   clock network delay (ideal)
                         -0.25    9.75   clock uncertainty
                          0.00    9.75   clock reconvergence pessimism
                         -2.00    7.75   output external delay
                                  7.75   data required time
-----------------------------------------------------------------------------
                                  7.75   data required time
                                 -4.20   data arrival time
-----------------------------------------------------------------------------
                                  3.55   slack (MET)


Startpoint: OPCODE[0] (input port clocked by __VIRTUAL_CLK__)
Endpoint: OUT[1] (output port clocked by __VIRTUAL_CLK__)
Path Group: __VIRTUAL_CLK__
Path Type: max
Corner: Typical

Fanout     Cap    Slew   Delay    Time   Description
-----------------------------------------------------------------------------
                  0.00    0.00    0.00   clock __VIRTUAL_CLK__ (rise edge)
                          0.00    0.00   clock network delay (ideal)
                          2.00    2.00 v input external delay
     1    0.00    0.01    0.00    2.00 v OPCODE[0] (in)
                                         OPCODE[0] (net)
                  0.01    0.00    2.00 v input14/A (sky130_fd_sc_hd__buf_1)
     5    0.01    0.08    0.12    2.13 v input14/X (sky130_fd_sc_hd__buf_1)
                                         net14 (net)
                  0.08    0.00    2.13 v _225_/A_N (sky130_fd_sc_hd__nand3b_4)
     9    0.02    0.10    0.22    2.35 v _225_/Y (sky130_fd_sc_hd__nand3b_4)
                                         _153_ (net)
                  0.10    0.00    2.35 v _232_/C (sky130_fd_sc_hd__and3_1)
     2    0.00    0.04    0.22    2.57 v _232_/X (sky130_fd_sc_hd__and3_1)
                                         _160_ (net)
                  0.04    0.00    2.57 v _235_/B (sky130_fd_sc_hd__or3_1)
     2    0.00    0.07    0.37    2.94 v _235_/X (sky130_fd_sc_hd__or3_1)
                                         _163_ (net)
                  0.07    0.00    2.94 v _304_/B (sky130_fd_sc_hd__and2b_1)
     1    0.00    0.03    0.17    3.11 v _304_/X (sky130_fd_sc_hd__and2b_1)
                                         _063_ (net)
                  0.03    0.00    3.11 v _305_/A (sky130_fd_sc_hd__nor2_1)
     1    0.00    0.07    0.09    3.20 ^ _305_/Y (sky130_fd_sc_hd__nor2_1)
                                         _064_ (net)
                  0.07    0.00    3.20 ^ _306_/B (sky130_fd_sc_hd__or3b_1)
     1    0.00    0.03    0.10    3.30 ^ _306_/X (sky130_fd_sc_hd__or3b_1)
                                         _065_ (net)
                  0.03    0.00    3.30 ^ _307_/D_N (sky130_fd_sc_hd__or4b_1)
     1    0.01    0.14    0.53    3.83 v _307_/X (sky130_fd_sc_hd__or4b_1)
                                         _066_ (net)
                  0.14    0.00    3.83 v _308_/A (sky130_fd_sc_hd__clkbuf_1)
     1    0.00    0.02    0.13    3.96 v _308_/X (sky130_fd_sc_hd__clkbuf_1)
                                         net18 (net)
                  0.02    0.00    3.96 v output18/A (sky130_fd_sc_hd__buf_2)
     1    0.03    0.09    0.18    4.14 v output18/X (sky130_fd_sc_hd__buf_2)
                                         OUT[1] (net)
                  0.09    0.00    4.14 v OUT[1] (out)
                                  4.14   data arrival time

                  0.00   10.00   10.00   clock __VIRTUAL_CLK__ (rise edge)
                          0.00   10.00   clock network delay (ideal)
                         -0.25    9.75   clock uncertainty
                          0.00    9.75   clock reconvergence pessimism
                         -2.00    7.75   output external delay
                                  7.75   data required time
-----------------------------------------------------------------------------
                                  7.75   data required time
                                 -4.14   data arrival time
-----------------------------------------------------------------------------
                                  3.61   slack (MET)


Startpoint: B[0] (input port clocked by __VIRTUAL_CLK__)
Endpoint: OUT[2] (output port clocked by __VIRTUAL_CLK__)
Path Group: __VIRTUAL_CLK__
Path Type: max
Corner: Typical

Fanout     Cap    Slew   Delay    Time   Description
-----------------------------------------------------------------------------
                  0.00    0.00    0.00   clock __VIRTUAL_CLK__ (rise edge)
                          0.00    0.00   clock network delay (ideal)
                          2.00    2.00 v input external delay
     1    0.00    0.01    0.00    2.00 v B[0] (in)
                                         B[0] (net)
                  0.01    0.00    2.00 v input7/A (sky130_fd_sc_hd__buf_2)
    13    0.04    0.10    0.18    2.18 v input7/X (sky130_fd_sc_hd__buf_2)
                                         net7 (net)
                  0.10    0.00    2.18 v _224_/A (sky130_fd_sc_hd__or2_1)
     4    0.01    0.08    0.30    2.48 v _224_/X (sky130_fd_sc_hd__or2_1)
                                         _152_ (net)
                  0.08    0.00    2.49 v _230_/C (sky130_fd_sc_hd__and3_1)
     2    0.00    0.04    0.21    2.69 v _230_/X (sky130_fd_sc_hd__and3_1)
                                         _158_ (net)
                  0.04    0.00    2.69 v _238_/C (sky130_fd_sc_hd__or3_1)
     1    0.00    0.06    0.30    3.00 v _238_/X (sky130_fd_sc_hd__or3_1)
                                         _001_ (net)
                  0.06    0.00    3.00 v _239_/B (sky130_fd_sc_hd__and2_1)
     2    0.01    0.05    0.19    3.19 v _239_/X (sky130_fd_sc_hd__and2_1)
                                         _002_ (net)
                  0.05    0.00    3.19 v _309_/A (sky130_fd_sc_hd__or3_1)
     1    0.00    0.06    0.38    3.57 v _309_/X (sky130_fd_sc_hd__or3_1)
                                         _067_ (net)
                  0.06    0.00    3.57 v _316_/A3 (sky130_fd_sc_hd__a31o_1)
     1    0.01    0.08    0.28    3.84 v _316_/X (sky130_fd_sc_hd__a31o_1)
                                         net19 (net)
                  0.08    0.00    3.84 v output19/A (sky130_fd_sc_hd__buf_2)
     1    0.03    0.09    0.20    4.05 v output19/X (sky130_fd_sc_hd__buf_2)
                                         OUT[2] (net)
                  0.09    0.00    4.05 v OUT[2] (out)
                                  4.05   data arrival time

                  0.00   10.00   10.00   clock __VIRTUAL_CLK__ (rise edge)
                          0.00   10.00   clock network delay (ideal)
                         -0.25    9.75   clock uncertainty
                          0.00    9.75   clock reconvergence pessimism
                         -2.00    7.75   output external delay
                                  7.75   data required time
-----------------------------------------------------------------------------
                                  7.75   data required time
                                 -4.05   data arrival time
-----------------------------------------------------------------------------
                                  3.70   slack (MET)


Startpoint: OPCODE[1] (input port clocked by __VIRTUAL_CLK__)
Endpoint: OUT[0] (output port clocked by __VIRTUAL_CLK__)
Path Group: __VIRTUAL_CLK__
Path Type: max
Corner: Typical

Fanout     Cap    Slew   Delay    Time   Description
-----------------------------------------------------------------------------
                  0.00    0.00    0.00   clock __VIRTUAL_CLK__ (rise edge)
                          0.00    0.00   clock network delay (ideal)
                          2.00    2.00 v input external delay
     1    0.00    0.01    0.00    2.00 v OPCODE[1] (in)
                                         OPCODE[1] (net)
                  0.01    0.00    2.00 v input15/A (sky130_fd_sc_hd__clkbuf_2)
     6    0.02    0.09    0.15    2.15 v input15/X (sky130_fd_sc_hd__clkbuf_2)
                                         net15 (net)
                  0.09    0.00    2.15 v _166_/B (sky130_fd_sc_hd__or2_1)
     4    0.01    0.09    0.28    2.44 v _166_/X (sky130_fd_sc_hd__or2_1)
                                         _094_ (net)
                  0.09    0.00    2.44 v _214_/B (sky130_fd_sc_hd__or2_1)
     1    0.00    0.05    0.22    2.66 v _214_/X (sky130_fd_sc_hd__or2_1)
                                         _142_ (net)
                  0.05    0.00    2.66 v _215_/A (sky130_fd_sc_hd__buf_2)
     8    0.03    0.08    0.18    2.84 v _215_/X (sky130_fd_sc_hd__buf_2)
                                         _143_ (net)
                  0.08    0.00    2.84 v _296_/A2 (sky130_fd_sc_hd__o21ai_1)
     1    0.00    0.11    0.14    2.98 ^ _296_/Y (sky130_fd_sc_hd__o21ai_1)
                                         _056_ (net)
                  0.11    0.00    2.98 ^ _297_/B1 (sky130_fd_sc_hd__a31o_1)
     1    0.01    0.12    0.17    3.15 ^ _297_/X (sky130_fd_sc_hd__a31o_1)
                                         net17 (net)
                  0.12    0.00    3.15 ^ output17/A (sky130_fd_sc_hd__buf_2)
     1    0.03    0.17    0.24    3.39 ^ output17/X (sky130_fd_sc_hd__buf_2)
                                         OUT[0] (net)
                  0.17    0.00    3.39 ^ OUT[0] (out)
                                  3.39   data arrival time

                  0.00   10.00   10.00   clock __VIRTUAL_CLK__ (rise edge)
                          0.00   10.00   clock network delay (ideal)
                         -0.25    9.75   clock uncertainty
                          0.00    9.75   clock reconvergence pessimism
                         -2.00    7.75   output external delay
                                  7.75   data required time
-----------------------------------------------------------------------------
                                  7.75   data required time
                                 -3.39   data arrival time
-----------------------------------------------------------------------------
                                  4.36   slack (MET)



worst slack corner Typical: 3.1226
