
===========================================================================
report_checks -path_delay min (Hold)
============================================================================
======================= Fastest Corner ===================================

Startpoint: B[0] (input port clocked by __VIRTUAL_CLK__)
Endpoint: OUT[0] (output port clocked by __VIRTUAL_CLK__)
Path Group: __VIRTUAL_CLK__
Path Type: min
Corner: Fastest

Fanout     Cap    Slew   Delay    Time   Description
-----------------------------------------------------------------------------
                  0.00    0.00    0.00   clock __VIRTUAL_CLK__ (rise edge)
                          0.00    0.00   clock network delay (ideal)
                          2.00    2.00 v input external delay
     1    0.00    0.00    0.00    2.00 v B[0] (in)
                                         B[0] (net)
                  0.00    0.00    2.00 v input7/A (sky130_fd_sc_hd__buf_2)
    13    0.04    0.07    0.11    2.11 v input7/X (sky130_fd_sc_hd__buf_2)
                                         net7 (net)
                  0.07    0.00    2.11 v _297_/A1 (sky130_fd_sc_hd__a31o_1)
     1    0.01    0.04    0.14    2.25 v _297_/X (sky130_fd_sc_hd__a31o_1)
                                         net17 (net)
                  0.04    0.00    2.25 v output17/A (sky130_fd_sc_hd__buf_2)
     1    0.03    0.06    0.12    2.37 v output17/X (sky130_fd_sc_hd__buf_2)
                                         OUT[0] (net)
                  0.06    0.00    2.37 v OUT[0] (out)
                                  2.37   data arrival time

                  0.00    0.00    0.00   clock __VIRTUAL_CLK__ (rise edge)
                          0.00    0.00   clock network delay (ideal)
                          0.25    0.25   clock uncertainty
                          0.00    0.25   clock reconvergence pessimism
                         -2.00   -1.75   output external delay
                                 -1.75   data required time
-----------------------------------------------------------------------------
                                 -1.75   data required time
                                 -2.37   data arrival time
-----------------------------------------------------------------------------
                                  4.12   slack (MET)


Startpoint: A[5] (input port clocked by __VIRTUAL_CLK__)
Endpoint: OUT[5] (output port clocked by __VIRTUAL_CLK__)
Path Group: __VIRTUAL_CLK__
Path Type: min
Corner: Fastest

Fanout     Cap    Slew   Delay    Time   Description
-----------------------------------------------------------------------------
                  0.00    0.00    0.00   clock __VIRTUAL_CLK__ (rise edge)
                          0.00    0.00   clock network delay (ideal)
                          2.00    2.00 ^ input external delay
     1    0.00    0.01    0.01    2.01 ^ A[5] (in)
                                         A[5] (net)
                  0.01    0.00    2.01 ^ input4/A (sky130_fd_sc_hd__clkbuf_2)
     6    0.02    0.09    0.10    2.11 ^ input4/X (sky130_fd_sc_hd__clkbuf_2)
                                         net4 (net)
                  0.09    0.00    2.11 ^ _223_/A2 (sky130_fd_sc_hd__a311o_1)
     1    0.01    0.07    0.12    2.23 ^ _223_/X (sky130_fd_sc_hd__a311o_1)
                                         _151_ (net)
                  0.07    0.00    2.23 ^ _257_/B1 (sky130_fd_sc_hd__a211o_1)
     1    0.01    0.07    0.09    2.32 ^ _257_/X (sky130_fd_sc_hd__a211o_1)
                                         net22 (net)
                  0.07    0.00    2.32 ^ output22/A (sky130_fd_sc_hd__buf_2)
     1    0.03    0.13    0.14    2.46 ^ output22/X (sky130_fd_sc_hd__buf_2)
                                         OUT[5] (net)
                  0.13    0.00    2.46 ^ OUT[5] (out)
                                  2.46   data arrival time

                  0.00    0.00    0.00   clock __VIRTUAL_CLK__ (rise edge)
                          0.00    0.00   clock network delay (ideal)
                          0.25    0.25   clock uncertainty
                          0.00    0.25   clock reconvergence pessimism
                         -2.00   -1.75   output external delay
                                 -1.75   data required time
-----------------------------------------------------------------------------
                                 -1.75   data required time
                                 -2.46   data arrival time
-----------------------------------------------------------------------------
                                  4.21   slack (MET)


Startpoint: B[3] (input port clocked by __VIRTUAL_CLK__)
Endpoint: OUT[3] (output port clocked by __VIRTUAL_CLK__)
Path Group: __VIRTUAL_CLK__
Path Type: min
Corner: Fastest

Fanout     Cap    Slew   Delay    Time   Description
-----------------------------------------------------------------------------
                  0.00    0.00    0.00   clock __VIRTUAL_CLK__ (rise edge)
                          0.00    0.00   clock network delay (ideal)
                          2.00    2.00 ^ input external delay
     1    0.00    0.02    0.01    2.01 ^ B[3] (in)
                                         B[3] (net)
                  0.02    0.00    2.01 ^ _168_/A (sky130_fd_sc_hd__clkbuf_4)
    12    0.04    0.10    0.13    2.14 ^ _168_/X (sky130_fd_sc_hd__clkbuf_4)
                                         _096_ (net)
                  0.10    0.00    2.14 ^ _324_/A1 (sky130_fd_sc_hd__a311o_1)
     1    0.00    0.03    0.10    2.23 ^ _324_/X (sky130_fd_sc_hd__a311o_1)
                                         _081_ (net)
                  0.03    0.00    2.23 ^ _325_/C1 (sky130_fd_sc_hd__a221o_1)
     1    0.01    0.09    0.10    2.33 ^ _325_/X (sky130_fd_sc_hd__a221o_1)
                                         net20 (net)
                  0.09    0.00    2.33 ^ output20/A (sky130_fd_sc_hd__buf_2)
     1    0.03    0.13    0.15    2.48 ^ output20/X (sky130_fd_sc_hd__buf_2)
                                         OUT[3] (net)
                  0.13    0.00    2.48 ^ OUT[3] (out)
                                  2.48   data arrival time

                  0.00    0.00    0.00   clock __VIRTUAL_CLK__ (rise edge)
                          0.00    0.00   clock network delay (ideal)
                          0.25    0.25   clock uncertainty
                          0.00    0.25   clock reconvergence pessimism
                         -2.00   -1.75   output external delay
                                 -1.75   data required time
-----------------------------------------------------------------------------
                                 -1.75   data required time
                                 -2.48   data arrival time
-----------------------------------------------------------------------------
                                  4.23   slack (MET)


Startpoint: A[1] (input port clocked by __VIRTUAL_CLK__)
Endpoint: OUT[1] (output port clocked by __VIRTUAL_CLK__)
Path Group: __VIRTUAL_CLK__
Path Type: min
Corner: Fastest

Fanout     Cap    Slew   Delay    Time   Description
-----------------------------------------------------------------------------
                  0.00    0.00    0.00   clock __VIRTUAL_CLK__ (rise edge)
                          0.00    0.00   clock network delay (ideal)
                          2.00    2.00 v input external delay
     1    0.00    0.00    0.00    2.00 v A[1] (in)
                                         A[1] (net)
                  0.00    0.00    2.00 v input2/A (sky130_fd_sc_hd__clkbuf_4)
    13    0.04    0.07    0.12    2.12 v input2/X (sky130_fd_sc_hd__clkbuf_4)
                                         net2 (net)
                  0.07    0.00    2.12 v _303_/A (sky130_fd_sc_hd__nor2_1)
     1    0.00    0.05    0.07    2.19 ^ _303_/Y (sky130_fd_sc_hd__nor2_1)
                                         _062_ (net)
                  0.05    0.00    2.19 ^ _307_/C (sky130_fd_sc_hd__or4b_1)
     1    0.01    0.10    0.11    2.30 ^ _307_/X (sky130_fd_sc_hd__or4b_1)
                                         _066_ (net)
                  0.10    0.00    2.30 ^ _308_/A (sky130_fd_sc_hd__clkbuf_1)
     1    0.00    0.03    0.05    2.36 ^ _308_/X (sky130_fd_sc_hd__clkbuf_1)
                                         net18 (net)
                  0.03    0.00    2.36 ^ output18/A (sky130_fd_sc_hd__buf_2)
     1    0.03    0.13    0.13    2.48 ^ output18/X (sky130_fd_sc_hd__buf_2)
                                         OUT[1] (net)
                  0.13    0.00    2.49 ^ OUT[1] (out)
                                  2.49   data arrival time

                  0.00    0.00    0.00   clock __VIRTUAL_CLK__ (rise edge)
                          0.00    0.00   clock network delay (ideal)
                          0.25    0.25   clock uncertainty
                          0.00    0.25   clock reconvergence pessimism
                         -2.00   -1.75   output external delay
                                 -1.75   data required time
-----------------------------------------------------------------------------
                                 -1.75   data required time
                                 -2.49   data arrival time
-----------------------------------------------------------------------------
                                  4.24   slack (MET)


Startpoint: B[4] (input port clocked by __VIRTUAL_CLK__)
Endpoint: OUT[4] (output port clocked by __VIRTUAL_CLK__)
Path Group: __VIRTUAL_CLK__
Path Type: min
Corner: Fastest

Fanout     Cap    Slew   Delay    Time   Description
-----------------------------------------------------------------------------
                  0.00    0.00    0.00   clock __VIRTUAL_CLK__ (rise edge)
                          0.00    0.00   clock network delay (ideal)
                          2.00    2.00 ^ input external delay
     1    0.00    0.01    0.01    2.01 ^ B[4] (in)
                                         B[4] (net)
                  0.01    0.00    2.01 ^ input10/A (sky130_fd_sc_hd__clkbuf_2)
     6    0.02    0.10    0.10    2.11 ^ input10/X (sky130_fd_sc_hd__clkbuf_2)
                                         net10 (net)
                  0.10    0.00    2.11 ^ _331_/A1 (sky130_fd_sc_hd__a31o_1)
     1    0.00    0.02    0.08    2.19 ^ _331_/X (sky130_fd_sc_hd__a31o_1)
                                         _087_ (net)
                  0.02    0.00    2.19 ^ _336_/B (sky130_fd_sc_hd__or3_1)
     1    0.00    0.03    0.06    2.25 ^ _336_/X (sky130_fd_sc_hd__or3_1)
                                         _092_ (net)
                  0.03    0.00    2.25 ^ _337_/A (sky130_fd_sc_hd__buf_1)
     1    0.01    0.10    0.10    2.34 ^ _337_/X (sky130_fd_sc_hd__buf_1)
                                         net21 (net)
                  0.10    0.00    2.34 ^ output21/A (sky130_fd_sc_hd__buf_2)
     1    0.03    0.13    0.15    2.49 ^ output21/X (sky130_fd_sc_hd__buf_2)
                                         OUT[4] (net)
                  0.13    0.00    2.49 ^ OUT[4] (out)
                                  2.49   data arrival time

                  0.00    0.00    0.00   clock __VIRTUAL_CLK__ (rise edge)
                          0.00    0.00   clock network delay (ideal)
                          0.25    0.25   clock uncertainty
                          0.00    0.25   clock reconvergence pessimism
                         -2.00   -1.75   output external delay
                                 -1.75   data required time
-----------------------------------------------------------------------------
                                 -1.75   data required time
                                 -2.49   data arrival time
-----------------------------------------------------------------------------
                                  4.24   slack (MET)


Startpoint: OPCODE[2] (input port clocked by __VIRTUAL_CLK__)
Endpoint: OUT[2] (output port clocked by __VIRTUAL_CLK__)
Path Group: __VIRTUAL_CLK__
Path Type: min
Corner: Fastest

Fanout     Cap    Slew   Delay    Time   Description
-----------------------------------------------------------------------------
                  0.00    0.00    0.00   clock __VIRTUAL_CLK__ (rise edge)
                          0.00    0.00   clock network delay (ideal)
                          2.00    2.00 v input external delay
     1    0.00    0.00    0.00    2.00 v OPCODE[2] (in)
                                         OPCODE[2] (net)
                  0.00    0.00    2.00 v input16/A (sky130_fd_sc_hd__clkbuf_2)
     6    0.02    0.07    0.09    2.10 v input16/X (sky130_fd_sc_hd__clkbuf_2)
                                         net16 (net)
                  0.07    0.00    2.10 v _165_/A (sky130_fd_sc_hd__inv_2)
     2    0.01    0.04    0.05    2.15 ^ _165_/Y (sky130_fd_sc_hd__inv_2)
                                         _093_ (net)
                  0.04    0.00    2.15 ^ _167_/A (sky130_fd_sc_hd__nor2_2)
     8    0.03    0.05    0.05    2.20 v _167_/Y (sky130_fd_sc_hd__nor2_2)
                                         _095_ (net)
                  0.05    0.00    2.20 v _310_/B1 (sky130_fd_sc_hd__o21ai_1)
     1    0.00    0.04    0.05    2.25 ^ _310_/Y (sky130_fd_sc_hd__o21ai_1)
                                         _068_ (net)
                  0.04    0.00    2.25 ^ _315_/A2 (sky130_fd_sc_hd__o21bai_1)
     1    0.00    0.03    0.04    2.29 v _315_/Y (sky130_fd_sc_hd__o21bai_1)
                                         _073_ (net)
                  0.03    0.00    2.29 v _316_/B1 (sky130_fd_sc_hd__a31o_1)
     1    0.01    0.05    0.09    2.38 v _316_/X (sky130_fd_sc_hd__a31o_1)
                                         net19 (net)
                  0.05    0.00    2.38 v output19/A (sky130_fd_sc_hd__buf_2)
     1    0.03    0.06    0.12    2.50 v output19/X (sky130_fd_sc_hd__buf_2)
                                         OUT[2] (net)
                  0.06    0.00    2.50 v OUT[2] (out)
                                  2.50   data arrival time

                  0.00    0.00    0.00   clock __VIRTUAL_CLK__ (rise edge)
                          0.00    0.00   clock network delay (ideal)
                          0.25    0.25   clock uncertainty
                          0.00    0.25   clock reconvergence pessimism
                         -2.00   -1.75   output external delay
                                 -1.75   data required time
-----------------------------------------------------------------------------
                                 -1.75   data required time
                                 -2.50   data arrival time
-----------------------------------------------------------------------------
                                  4.25   slack (MET)


Startpoint: A[5] (input port clocked by __VIRTUAL_CLK__)
Endpoint: OUT[6] (output port clocked by __VIRTUAL_CLK__)
Path Group: __VIRTUAL_CLK__
Path Type: min
Corner: Fastest

Fanout     Cap    Slew   Delay    Time   Description
-----------------------------------------------------------------------------
                  0.00    0.00    0.00   clock __VIRTUAL_CLK__ (rise edge)
                          0.00    0.00   clock network delay (ideal)
                          2.00    2.00 v input external delay
     1    0.00    0.00    0.00    2.00 v A[5] (in)
                                         A[5] (net)
                  0.00    0.00    2.00 v input4/A (sky130_fd_sc_hd__clkbuf_2)
     6    0.02    0.05    0.08    2.09 v input4/X (sky130_fd_sc_hd__clkbuf_2)
                                         net4 (net)
                  0.05    0.00    2.09 v _251_/A (sky130_fd_sc_hd__nand2_1)
     3    0.01    0.08    0.08    2.17 ^ _251_/Y (sky130_fd_sc_hd__nand2_1)
                                         _014_ (net)
                  0.08    0.00    2.17 ^ _264_/A1 (sky130_fd_sc_hd__a31o_1)
     1    0.00    0.03    0.08    2.25 ^ _264_/X (sky130_fd_sc_hd__a31o_1)
                                         _026_ (net)
                  0.03    0.00    2.25 ^ _265_/B (sky130_fd_sc_hd__nand2_1)
     1    0.00    0.02    0.03    2.27 v _265_/Y (sky130_fd_sc_hd__nand2_1)
                                         _027_ (net)
                  0.02    0.00    2.27 v _281_/A1 (sky130_fd_sc_hd__a21o_1)
     1    0.01    0.04    0.11    2.38 v _281_/X (sky130_fd_sc_hd__a21o_1)
                                         net23 (net)
                  0.04    0.00    2.38 v output23/A (sky130_fd_sc_hd__buf_2)
     1    0.03    0.06    0.12    2.50 v output23/X (sky130_fd_sc_hd__buf_2)
                                         OUT[6] (net)
                  0.06    0.00    2.50 v OUT[6] (out)
                                  2.50   data arrival time

                  0.00    0.00    0.00   clock __VIRTUAL_CLK__ (rise edge)
                          0.00    0.00   clock network delay (ideal)
                          0.25    0.25   clock uncertainty
                          0.00    0.25   clock reconvergence pessimism
                         -2.00   -1.75   output external delay
                                 -1.75   data required time
-----------------------------------------------------------------------------
                                 -1.75   data required time
                                 -2.50   data arrival time
-----------------------------------------------------------------------------
                                  4.25   slack (MET)


Startpoint: OPCODE[2] (input port clocked by __VIRTUAL_CLK__)
Endpoint: OUT[7] (output port clocked by __VIRTUAL_CLK__)
Path Group: __VIRTUAL_CLK__
Path Type: min
Corner: Fastest

Fanout     Cap    Slew   Delay    Time   Description
-----------------------------------------------------------------------------
                  0.00    0.00    0.00   clock __VIRTUAL_CLK__ (rise edge)
                          0.00    0.00   clock network delay (ideal)
                          2.00    2.00 v input external delay
     1    0.00    0.00    0.00    2.00 v OPCODE[2] (in)
                                         OPCODE[2] (net)
                  0.00    0.00    2.00 v input16/A (sky130_fd_sc_hd__clkbuf_2)
     6    0.02    0.07    0.09    2.10 v input16/X (sky130_fd_sc_hd__clkbuf_2)
                                         net16 (net)
                  0.07    0.00    2.10 v _255_/A (sky130_fd_sc_hd__and3_2)
     7    0.02    0.06    0.15    2.25 v _255_/X (sky130_fd_sc_hd__and3_2)
                                         _018_ (net)
                  0.06    0.00    2.25 v _292_/A1 (sky130_fd_sc_hd__a31o_1)
     1    0.01    0.05    0.14    2.39 v _292_/X (sky130_fd_sc_hd__a31o_1)
                                         net24 (net)
                  0.05    0.00    2.39 v output24/A (sky130_fd_sc_hd__buf_2)
     1    0.03    0.06    0.12    2.51 v output24/X (sky130_fd_sc_hd__buf_2)
                                         OUT[7] (net)
                  0.06    0.00    2.51 v OUT[7] (out)
                                  2.51   data arrival time

                  0.00    0.00    0.00   clock __VIRTUAL_CLK__ (rise edge)
                          0.00    0.00   clock network delay (ideal)
                          0.25    0.25   clock uncertainty
                          0.00    0.25   clock reconvergence pessimism
                         -2.00   -1.75   output external delay
                                 -1.75   data required time
-----------------------------------------------------------------------------
                                 -1.75   data required time
                                 -2.51   data arrival time
-----------------------------------------------------------------------------
                                  4.26   slack (MET)



worst slack corner Fastest: 4.1203
======================= Slowest Corner ===================================

Startpoint: B[0] (input port clocked by __VIRTUAL_CLK__)
Endpoint: OUT[0] (output port clocked by __VIRTUAL_CLK__)
Path Group: __VIRTUAL_CLK__
Path Type: min
Corner: Slowest

Fanout     Cap    Slew   Delay    Time   Description
-----------------------------------------------------------------------------
                  0.00    0.00    0.00   clock __VIRTUAL_CLK__ (rise edge)
                          0.00    0.00   clock network delay (ideal)
                          2.00    2.00 v input external delay
     1    0.00    0.02    0.01    2.01 v B[0] (in)
                                         B[0] (net)
                  0.02    0.00    2.01 v input7/A (sky130_fd_sc_hd__buf_2)
    13    0.04    0.18    0.32    2.32 v input7/X (sky130_fd_sc_hd__buf_2)
                                         net7 (net)
                  0.18    0.00    2.33 v _297_/A1 (sky130_fd_sc_hd__a31o_1)
     1    0.01    0.13    0.42    2.74 v _297_/X (sky130_fd_sc_hd__a31o_1)
                                         net17 (net)
                  0.13    0.00    2.74 v output17/A (sky130_fd_sc_hd__buf_2)
     1    0.03    0.17    0.36    3.10 v output17/X (sky130_fd_sc_hd__buf_2)
                                         OUT[0] (net)
                  0.17    0.00    3.10 v OUT[0] (out)
                                  3.10   data arrival time

                  0.00    0.00    0.00   clock __VIRTUAL_CLK__ (rise edge)
                          0.00    0.00   clock network delay (ideal)
                          0.25    0.25   clock uncertainty
                          0.00    0.25   clock reconvergence pessimism
                         -2.00   -1.75   output external delay
                                 -1.75   data required time
-----------------------------------------------------------------------------
                                 -1.75   data required time
                                 -3.10   data arrival time
-----------------------------------------------------------------------------
                                  4.85   slack (MET)


Startpoint: A[5] (input port clocked by __VIRTUAL_CLK__)
Endpoint: OUT[5] (output port clocked by __VIRTUAL_CLK__)
Path Group: __VIRTUAL_CLK__
Path Type: min
Corner: Slowest

Fanout     Cap    Slew   Delay    Time   Description
-----------------------------------------------------------------------------
                  0.00    0.00    0.00   clock __VIRTUAL_CLK__ (rise edge)
                          0.00    0.00   clock network delay (ideal)
                          2.00    2.00 ^ input external delay
     1    0.00    0.03    0.02    2.02 ^ A[5] (in)
                                         A[5] (net)
                  0.03    0.00    2.02 ^ input4/A (sky130_fd_sc_hd__clkbuf_2)
     6    0.02    0.18    0.24    2.26 ^ input4/X (sky130_fd_sc_hd__clkbuf_2)
                                         net4 (net)
                  0.18    0.00    2.26 ^ _223_/A2 (sky130_fd_sc_hd__a311o_1)
     1    0.01    0.15    0.41    2.67 ^ _223_/X (sky130_fd_sc_hd__a311o_1)
                                         _151_ (net)
                  0.15    0.00    2.67 ^ _257_/B1 (sky130_fd_sc_hd__a211o_1)
     1    0.01    0.15    0.25    2.93 ^ _257_/X (sky130_fd_sc_hd__a211o_1)
                                         net22 (net)
                  0.15    0.00    2.93 ^ output22/A (sky130_fd_sc_hd__buf_2)
     1    0.03    0.27    0.36    3.29 ^ output22/X (sky130_fd_sc_hd__buf_2)
                                         OUT[5] (net)
                  0.27    0.00    3.29 ^ OUT[5] (out)
                                  3.29   data arrival time

                  0.00    0.00    0.00   clock __VIRTUAL_CLK__ (rise edge)
                          0.00    0.00   clock network delay (ideal)
                          0.25    0.25   clock uncertainty
                          0.00    0.25   clock reconvergence pessimism
                         -2.00   -1.75   output external delay
                                 -1.75   data required time
-----------------------------------------------------------------------------
                                 -1.75   data required time
                                 -3.29   data arrival time
-----------------------------------------------------------------------------
                                  5.04   slack (MET)


Startpoint: A[1] (input port clocked by __VIRTUAL_CLK__)
Endpoint: OUT[1] (output port clocked by __VIRTUAL_CLK__)
Path Group: __VIRTUAL_CLK__
Path Type: min
Corner: Slowest

Fanout     Cap    Slew   Delay    Time   Description
-----------------------------------------------------------------------------
                  0.00    0.00    0.00   clock __VIRTUAL_CLK__ (rise edge)
                          0.00    0.00   clock network delay (ideal)
                          2.00    2.00 v input external delay
     1    0.00    0.02    0.01    2.01 v A[1] (in)
                                         A[1] (net)
                  0.02    0.00    2.01 v input2/A (sky130_fd_sc_hd__clkbuf_4)
    13    0.04    0.17    0.31    2.32 v input2/X (sky130_fd_sc_hd__clkbuf_4)
                                         net2 (net)
                  0.17    0.00    2.32 v _303_/A (sky130_fd_sc_hd__nor2_1)
     1    0.00    0.11    0.18    2.50 ^ _303_/Y (sky130_fd_sc_hd__nor2_1)
                                         _062_ (net)
                  0.11    0.00    2.50 ^ _307_/C (sky130_fd_sc_hd__or4b_1)
     1    0.01    0.20    0.28    2.78 ^ _307_/X (sky130_fd_sc_hd__or4b_1)
                                         _066_ (net)
                  0.20    0.00    2.78 ^ _308_/A (sky130_fd_sc_hd__clkbuf_1)
     1    0.00    0.07    0.19    2.97 ^ _308_/X (sky130_fd_sc_hd__clkbuf_1)
                                         net18 (net)
                  0.07    0.00    2.97 ^ output18/A (sky130_fd_sc_hd__buf_2)
     1    0.03    0.27    0.32    3.29 ^ output18/X (sky130_fd_sc_hd__buf_2)
                                         OUT[1] (net)
                  0.27    0.00    3.29 ^ OUT[1] (out)
                                  3.29   data arrival time

                  0.00    0.00    0.00   clock __VIRTUAL_CLK__ (rise edge)
                          0.00    0.00   clock network delay (ideal)
                          0.25    0.25   clock uncertainty
                          0.00    0.25   clock reconvergence pessimism
                         -2.00   -1.75   output external delay
                                 -1.75   data required time
-----------------------------------------------------------------------------
                                 -1.75   data required time
                                 -3.29   data arrival time
-----------------------------------------------------------------------------
                                  5.04   slack (MET)


Startpoint: B[4] (input port clocked by __VIRTUAL_CLK__)
Endpoint: OUT[4] (output port clocked by __VIRTUAL_CLK__)
Path Group: __VIRTUAL_CLK__
Path Type: min
Corner: Slowest

Fanout     Cap    Slew   Delay    Time   Description
-----------------------------------------------------------------------------
                  0.00    0.00    0.00   clock __VIRTUAL_CLK__ (rise edge)
                          0.00    0.00   clock network delay (ideal)
                          2.00    2.00 ^ input external delay
     1    0.00    0.03    0.02    2.02 ^ B[4] (in)
                                         B[4] (net)
                  0.03    0.00    2.02 ^ input10/A (sky130_fd_sc_hd__clkbuf_2)
     6    0.02    0.19    0.25    2.27 ^ input10/X (sky130_fd_sc_hd__clkbuf_2)
                                         net10 (net)
                  0.19    0.00    2.27 ^ _331_/A1 (sky130_fd_sc_hd__a31o_1)
     1    0.00    0.06    0.29    2.56 ^ _331_/X (sky130_fd_sc_hd__a31o_1)
                                         _087_ (net)
                  0.06    0.00    2.56 ^ _336_/B (sky130_fd_sc_hd__or3_1)
     1    0.00    0.06    0.16    2.71 ^ _336_/X (sky130_fd_sc_hd__or3_1)
                                         _092_ (net)
                  0.06    0.00    2.71 ^ _337_/A (sky130_fd_sc_hd__buf_1)
     1    0.01    0.22    0.24    2.95 ^ _337_/X (sky130_fd_sc_hd__buf_1)
                                         net21 (net)
                  0.22    0.00    2.96 ^ output21/A (sky130_fd_sc_hd__buf_2)
     1    0.03    0.27    0.39    3.35 ^ output21/X (sky130_fd_sc_hd__buf_2)
                                         OUT[4] (net)
                  0.27    0.00    3.35 ^ OUT[4] (out)
                                  3.35   data arrival time

                  0.00    0.00    0.00   clock __VIRTUAL_CLK__ (rise edge)
                          0.00    0.00   clock network delay (ideal)
                          0.25    0.25   clock uncertainty
                          0.00    0.25   clock reconvergence pessimism
                         -2.00   -1.75   output external delay
                                 -1.75   data required time
-----------------------------------------------------------------------------
                                 -1.75   data required time
                                 -3.35   data arrival time
-----------------------------------------------------------------------------
                                  5.10   slack (MET)


Startpoint: B[3] (input port clocked by __VIRTUAL_CLK__)
Endpoint: OUT[3] (output port clocked by __VIRTUAL_CLK__)
Path Group: __VIRTUAL_CLK__
Path Type: min
Corner: Slowest

Fanout     Cap    Slew   Delay    Time   Description
-----------------------------------------------------------------------------
                  0.00    0.00    0.00   clock __VIRTUAL_CLK__ (rise edge)
                          0.00    0.00   clock network delay (ideal)
                          2.00    2.00 ^ input external delay
     1    0.00    0.03    0.02    2.02 ^ B[3] (in)
                                         B[3] (net)
                  0.03    0.00    2.02 ^ _168_/A (sky130_fd_sc_hd__clkbuf_4)
    12    0.04    0.22    0.32    2.34 ^ _168_/X (sky130_fd_sc_hd__clkbuf_4)
                                         _096_ (net)
                  0.22    0.00    2.34 ^ _324_/A1 (sky130_fd_sc_hd__a311o_1)
     1    0.00    0.09    0.35    2.69 ^ _324_/X (sky130_fd_sc_hd__a311o_1)
                                         _081_ (net)
                  0.09    0.00    2.69 ^ _325_/C1 (sky130_fd_sc_hd__a221o_1)
     1    0.01    0.20    0.27    2.96 ^ _325_/X (sky130_fd_sc_hd__a221o_1)
                                         net20 (net)
                  0.20    0.00    2.97 ^ output20/A (sky130_fd_sc_hd__buf_2)
     1    0.03    0.28    0.38    3.35 ^ output20/X (sky130_fd_sc_hd__buf_2)
                                         OUT[3] (net)
                  0.28    0.00    3.35 ^ OUT[3] (out)
                                  3.35   data arrival time

                  0.00    0.00    0.00   clock __VIRTUAL_CLK__ (rise edge)
                          0.00    0.00   clock network delay (ideal)
                          0.25    0.25   clock uncertainty
                          0.00    0.25   clock reconvergence pessimism
                         -2.00   -1.75   output external delay
                                 -1.75   data required time
-----------------------------------------------------------------------------
                                 -1.75   data required time
                                 -3.35   data arrival time
-----------------------------------------------------------------------------
                                  5.10   slack (MET)


Startpoint: A[5] (input port clocked by __VIRTUAL_CLK__)
Endpoint: OUT[6] (output port clocked by __VIRTUAL_CLK__)
Path Group: __VIRTUAL_CLK__
Path Type: min
Corner: Slowest

Fanout     Cap    Slew   Delay    Time   Description
-----------------------------------------------------------------------------
                  0.00    0.00    0.00   clock __VIRTUAL_CLK__ (rise edge)
                          0.00    0.00   clock network delay (ideal)
                          2.00    2.00 v input external delay
     1    0.00    0.02    0.01    2.01 v A[5] (in)
                                         A[5] (net)
                  0.02    0.00    2.01 v input4/A (sky130_fd_sc_hd__clkbuf_2)
     6    0.02    0.14    0.23    2.24 v input4/X (sky130_fd_sc_hd__clkbuf_2)
                                         net4 (net)
                  0.14    0.00    2.24 v _251_/A (sky130_fd_sc_hd__nand2_1)
     3    0.01    0.18    0.20    2.44 ^ _251_/Y (sky130_fd_sc_hd__nand2_1)
                                         _014_ (net)
                  0.18    0.00    2.44 ^ _264_/A1 (sky130_fd_sc_hd__a31o_1)
     1    0.00    0.07    0.29    2.72 ^ _264_/X (sky130_fd_sc_hd__a31o_1)
                                         _026_ (net)
                  0.07    0.00    2.72 ^ _265_/B (sky130_fd_sc_hd__nand2_1)
     1    0.00    0.08    0.11    2.83 v _265_/Y (sky130_fd_sc_hd__nand2_1)
                                         _027_ (net)
                  0.08    0.00    2.83 v _281_/A1 (sky130_fd_sc_hd__a21o_1)
     1    0.01    0.12    0.34    3.17 v _281_/X (sky130_fd_sc_hd__a21o_1)
                                         net23 (net)
                  0.12    0.00    3.17 v output23/A (sky130_fd_sc_hd__buf_2)
     1    0.03    0.16    0.35    3.52 v output23/X (sky130_fd_sc_hd__buf_2)
                                         OUT[6] (net)
                  0.16    0.00    3.52 v OUT[6] (out)
                                  3.52   data arrival time

                  0.00    0.00    0.00   clock __VIRTUAL_CLK__ (rise edge)
                          0.00    0.00   clock network delay (ideal)
                          0.25    0.25   clock uncertainty
                          0.00    0.25   clock reconvergence pessimism
                         -2.00   -1.75   output external delay
                                 -1.75   data required time
-----------------------------------------------------------------------------
                                 -1.75   data required time
                                 -3.52   data arrival time
-----------------------------------------------------------------------------
                                  5.27   slack (MET)


Startpoint: A[2] (input port clocked by __VIRTUAL_CLK__)
Endpoint: OUT[2] (output port clocked by __VIRTUAL_CLK__)
Path Group: __VIRTUAL_CLK__
Path Type: min
Corner: Slowest

Fanout     Cap    Slew   Delay    Time   Description
-----------------------------------------------------------------------------
                  0.00    0.00    0.00   clock __VIRTUAL_CLK__ (rise edge)
                          0.00    0.00   clock network delay (ideal)
                          2.00    2.00 ^ input external delay
     1    0.00    0.03    0.02    2.02 ^ A[2] (in)
                                         A[2] (net)
                  0.03    0.00    2.02 ^ _170_/A (sky130_fd_sc_hd__clkbuf_4)
    13    0.05    0.23    0.33    2.35 ^ _170_/X (sky130_fd_sc_hd__clkbuf_4)
                                         _098_ (net)
                  0.23    0.00    2.35 ^ _314_/A1 (sky130_fd_sc_hd__a311o_1)
     1    0.00    0.07    0.34    2.69 ^ _314_/X (sky130_fd_sc_hd__a311o_1)
                                         _072_ (net)
                  0.07    0.00    2.69 ^ _315_/B1_N (sky130_fd_sc_hd__o21bai_1)
     1    0.00    0.11    0.18    2.87 ^ _315_/Y (sky130_fd_sc_hd__o21bai_1)
                                         _073_ (net)
                  0.11    0.00    2.87 ^ _316_/B1 (sky130_fd_sc_hd__a31o_1)
     1    0.01    0.21    0.28    3.14 ^ _316_/X (sky130_fd_sc_hd__a31o_1)
                                         net19 (net)
                  0.21    0.00    3.14 ^ output19/A (sky130_fd_sc_hd__buf_2)
     1    0.03    0.27    0.39    3.53 ^ output19/X (sky130_fd_sc_hd__buf_2)
                                         OUT[2] (net)
                  0.27    0.00    3.53 ^ OUT[2] (out)
                                  3.53   data arrival time

                  0.00    0.00    0.00   clock __VIRTUAL_CLK__ (rise edge)
                          0.00    0.00   clock network delay (ideal)
                          0.25    0.25   clock uncertainty
                          0.00    0.25   clock reconvergence pessimism
                         -2.00   -1.75   output external delay
                                 -1.75   data required time
-----------------------------------------------------------------------------
                                 -1.75   data required time
                                 -3.53   data arrival time
-----------------------------------------------------------------------------
                                  5.28   slack (MET)


Startpoint: OPCODE[2] (input port clocked by __VIRTUAL_CLK__)
Endpoint: OUT[7] (output port clocked by __VIRTUAL_CLK__)
Path Group: __VIRTUAL_CLK__
Path Type: min
Corner: Slowest

Fanout     Cap    Slew   Delay    Time   Description
-----------------------------------------------------------------------------
                  0.00    0.00    0.00   clock __VIRTUAL_CLK__ (rise edge)
                          0.00    0.00   clock network delay (ideal)
                          2.00    2.00 v input external delay
     1    0.00    0.02    0.01    2.01 v OPCODE[2] (in)
                                         OPCODE[2] (net)
                  0.02    0.00    2.01 v input16/A (sky130_fd_sc_hd__clkbuf_2)
     6    0.02    0.18    0.25    2.26 v input16/X (sky130_fd_sc_hd__clkbuf_2)
                                         net16 (net)
                  0.18    0.00    2.26 v _255_/A (sky130_fd_sc_hd__and3_2)
     7    0.02    0.15    0.49    2.75 v _255_/X (sky130_fd_sc_hd__and3_2)
                                         _018_ (net)
                  0.15    0.00    2.75 v _292_/A1 (sky130_fd_sc_hd__a31o_1)
     1    0.01    0.14    0.42    3.17 v _292_/X (sky130_fd_sc_hd__a31o_1)
                                         net24 (net)
                  0.14    0.00    3.17 v output24/A (sky130_fd_sc_hd__buf_2)
     1    0.03    0.17    0.36    3.53 v output24/X (sky130_fd_sc_hd__buf_2)
                                         OUT[7] (net)
                  0.17    0.00    3.53 v OUT[7] (out)
                                  3.53   data arrival time

                  0.00    0.00    0.00   clock __VIRTUAL_CLK__ (rise edge)
                          0.00    0.00   clock network delay (ideal)
                          0.25    0.25   clock uncertainty
                          0.00    0.25   clock reconvergence pessimism
                         -2.00   -1.75   output external delay
                                 -1.75   data required time
-----------------------------------------------------------------------------
                                 -1.75   data required time
                                 -3.53   data arrival time
-----------------------------------------------------------------------------
                                  5.28   slack (MET)



worst slack corner Slowest: 4.8470
======================= Typical Corner ===================================

Startpoint: B[0] (input port clocked by __VIRTUAL_CLK__)
Endpoint: OUT[0] (output port clocked by __VIRTUAL_CLK__)
Path Group: __VIRTUAL_CLK__
Path Type: min
Corner: Typical

Fanout     Cap    Slew   Delay    Time   Description
-----------------------------------------------------------------------------
                  0.00    0.00    0.00   clock __VIRTUAL_CLK__ (rise edge)
                          0.00    0.00   clock network delay (ideal)
                          2.00    2.00 v input external delay
     1    0.00    0.01    0.00    2.00 v B[0] (in)
                                         B[0] (net)
                  0.01    0.00    2.00 v input7/A (sky130_fd_sc_hd__buf_2)
    13    0.04    0.10    0.16    2.17 v input7/X (sky130_fd_sc_hd__buf_2)
                                         net7 (net)
                  0.10    0.00    2.17 v _297_/A1 (sky130_fd_sc_hd__a31o_1)
     1    0.01    0.07    0.22    2.38 v _297_/X (sky130_fd_sc_hd__a31o_1)
                                         net17 (net)
                  0.07    0.00    2.39 v output17/A (sky130_fd_sc_hd__buf_2)
     1    0.03    0.09    0.18    2.57 v output17/X (sky130_fd_sc_hd__buf_2)
                                         OUT[0] (net)
                  0.09    0.00    2.57 v OUT[0] (out)
                                  2.57   data arrival time

                  0.00    0.00    0.00   clock __VIRTUAL_CLK__ (rise edge)
                          0.00    0.00   clock network delay (ideal)
                          0.25    0.25   clock uncertainty
                          0.00    0.25   clock reconvergence pessimism
                         -2.00   -1.75   output external delay
                                 -1.75   data required time
-----------------------------------------------------------------------------
                                 -1.75   data required time
                                 -2.57   data arrival time
-----------------------------------------------------------------------------
                                  4.32   slack (MET)


Startpoint: A[5] (input port clocked by __VIRTUAL_CLK__)
Endpoint: OUT[5] (output port clocked by __VIRTUAL_CLK__)
Path Group: __VIRTUAL_CLK__
Path Type: min
Corner: Typical

Fanout     Cap    Slew   Delay    Time   Description
-----------------------------------------------------------------------------
                  0.00    0.00    0.00   clock __VIRTUAL_CLK__ (rise edge)
                          0.00    0.00   clock network delay (ideal)
                          2.00    2.00 ^ input external delay
     1    0.00    0.02    0.01    2.01 ^ A[5] (in)
                                         A[5] (net)
                  0.02    0.00    2.01 ^ input4/A (sky130_fd_sc_hd__clkbuf_2)
     6    0.02    0.12    0.14    2.15 ^ input4/X (sky130_fd_sc_hd__clkbuf_2)
                                         net4 (net)
                  0.12    0.00    2.15 ^ _223_/A2 (sky130_fd_sc_hd__a311o_1)
     1    0.01    0.09    0.20    2.35 ^ _223_/X (sky130_fd_sc_hd__a311o_1)
                                         _151_ (net)
                  0.09    0.00    2.35 ^ _257_/B1 (sky130_fd_sc_hd__a211o_1)
     1    0.01    0.09    0.14    2.49 ^ _257_/X (sky130_fd_sc_hd__a211o_1)
                                         net22 (net)
                  0.09    0.00    2.49 ^ output22/A (sky130_fd_sc_hd__buf_2)
     1    0.03    0.17    0.20    2.69 ^ output22/X (sky130_fd_sc_hd__buf_2)
                                         OUT[5] (net)
                  0.17    0.00    2.69 ^ OUT[5] (out)
                                  2.69   data arrival time

                  0.00    0.00    0.00   clock __VIRTUAL_CLK__ (rise edge)
                          0.00    0.00   clock network delay (ideal)
                          0.25    0.25   clock uncertainty
                          0.00    0.25   clock reconvergence pessimism
                         -2.00   -1.75   output external delay
                                 -1.75   data required time
-----------------------------------------------------------------------------
                                 -1.75   data required time
                                 -2.69   data arrival time
-----------------------------------------------------------------------------
                                  4.44   slack (MET)


Startpoint: A[1] (input port clocked by __VIRTUAL_CLK__)
Endpoint: OUT[1] (output port clocked by __VIRTUAL_CLK__)
Path Group: __VIRTUAL_CLK__
Path Type: min
Corner: Typical

Fanout     Cap    Slew   Delay    Time   Description
-----------------------------------------------------------------------------
                  0.00    0.00    0.00   clock __VIRTUAL_CLK__ (rise edge)
                          0.00    0.00   clock network delay (ideal)
                          2.00    2.00 v input external delay
     1    0.00    0.01    0.00    2.00 v A[1] (in)
                                         A[1] (net)
                  0.01    0.00    2.00 v input2/A (sky130_fd_sc_hd__clkbuf_4)
    13    0.04    0.10    0.17    2.18 v input2/X (sky130_fd_sc_hd__clkbuf_4)
                                         net2 (net)
                  0.10    0.00    2.18 v _303_/A (sky130_fd_sc_hd__nor2_1)
     1    0.00    0.07    0.10    2.28 ^ _303_/Y (sky130_fd_sc_hd__nor2_1)
                                         _062_ (net)
                  0.07    0.00    2.28 ^ _307_/C (sky130_fd_sc_hd__or4b_1)
     1    0.01    0.13    0.16    2.44 ^ _307_/X (sky130_fd_sc_hd__or4b_1)
                                         _066_ (net)
                  0.13    0.00    2.44 ^ _308_/A (sky130_fd_sc_hd__clkbuf_1)
     1    0.00    0.04    0.09    2.53 ^ _308_/X (sky130_fd_sc_hd__clkbuf_1)
                                         net18 (net)
                  0.04    0.00    2.53 ^ output18/A (sky130_fd_sc_hd__buf_2)
     1    0.03    0.17    0.19    2.72 ^ output18/X (sky130_fd_sc_hd__buf_2)
                                         OUT[1] (net)
                  0.17    0.00    2.72 ^ OUT[1] (out)
                                  2.72   data arrival time

                  0.00    0.00    0.00   clock __VIRTUAL_CLK__ (rise edge)
                          0.00    0.00   clock network delay (ideal)
                          0.25    0.25   clock uncertainty
                          0.00    0.25   clock reconvergence pessimism
                         -2.00   -1.75   output external delay
                                 -1.75   data required time
-----------------------------------------------------------------------------
                                 -1.75   data required time
                                 -2.72   data arrival time
-----------------------------------------------------------------------------
                                  4.47   slack (MET)


Startpoint: B[3] (input port clocked by __VIRTUAL_CLK__)
Endpoint: OUT[3] (output port clocked by __VIRTUAL_CLK__)
Path Group: __VIRTUAL_CLK__
Path Type: min
Corner: Typical

Fanout     Cap    Slew   Delay    Time   Description
-----------------------------------------------------------------------------
                  0.00    0.00    0.00   clock __VIRTUAL_CLK__ (rise edge)
                          0.00    0.00   clock network delay (ideal)
                          2.00    2.00 ^ input external delay
     1    0.00    0.02    0.01    2.01 ^ B[3] (in)
                                         B[3] (net)
                  0.02    0.00    2.01 ^ _168_/A (sky130_fd_sc_hd__clkbuf_4)
    12    0.04    0.14    0.18    2.20 ^ _168_/X (sky130_fd_sc_hd__clkbuf_4)
                                         _096_ (net)
                  0.14    0.00    2.20 ^ _324_/A1 (sky130_fd_sc_hd__a311o_1)
     1    0.00    0.05    0.17    2.36 ^ _324_/X (sky130_fd_sc_hd__a311o_1)
                                         _081_ (net)
                  0.05    0.00    2.36 ^ _325_/C1 (sky130_fd_sc_hd__a221o_1)
     1    0.01    0.12    0.15    2.51 ^ _325_/X (sky130_fd_sc_hd__a221o_1)
                                         net20 (net)
                  0.12    0.00    2.51 ^ output20/A (sky130_fd_sc_hd__buf_2)
     1    0.03    0.17    0.22    2.73 ^ output20/X (sky130_fd_sc_hd__buf_2)
                                         OUT[3] (net)
                  0.17    0.00    2.73 ^ OUT[3] (out)
                                  2.73   data arrival time

                  0.00    0.00    0.00   clock __VIRTUAL_CLK__ (rise edge)
                          0.00    0.00   clock network delay (ideal)
                          0.25    0.25   clock uncertainty
                          0.00    0.25   clock reconvergence pessimism
                         -2.00   -1.75   output external delay
                                 -1.75   data required time
-----------------------------------------------------------------------------
                                 -1.75   data required time
                                 -2.73   data arrival time
-----------------------------------------------------------------------------
                                  4.48   slack (MET)


Startpoint: A[4] (input port clocked by __VIRTUAL_CLK__)
Endpoint: OUT[4] (output port clocked by __VIRTUAL_CLK__)
Path Group: __VIRTUAL_CLK__
Path Type: min
Corner: Typical

Fanout     Cap    Slew   Delay    Time   Description
-----------------------------------------------------------------------------
                  0.00    0.00    0.00   clock __VIRTUAL_CLK__ (rise edge)
                          0.00    0.00   clock network delay (ideal)
                          2.00    2.00 ^ input external delay
     1    0.00    0.02    0.01    2.01 ^ A[4] (in)
                                         A[4] (net)
                  0.02    0.00    2.01 ^ input3/A (sky130_fd_sc_hd__clkbuf_2)
     6    0.02    0.12    0.14    2.15 ^ input3/X (sky130_fd_sc_hd__clkbuf_2)
                                         net3 (net)
                  0.12    0.00    2.15 ^ _331_/A2 (sky130_fd_sc_hd__a31o_1)
     1    0.00    0.04    0.14    2.29 ^ _331_/X (sky130_fd_sc_hd__a31o_1)
                                         _087_ (net)
                  0.04    0.00    2.29 ^ _336_/B (sky130_fd_sc_hd__or3_1)
     1    0.00    0.04    0.09    2.38 ^ _336_/X (sky130_fd_sc_hd__or3_1)
                                         _092_ (net)
                  0.04    0.00    2.38 ^ _337_/A (sky130_fd_sc_hd__buf_1)
     1    0.01    0.14    0.14    2.51 ^ _337_/X (sky130_fd_sc_hd__buf_1)
                                         net21 (net)
                  0.14    0.00    2.52 ^ output21/A (sky130_fd_sc_hd__buf_2)
     1    0.03    0.17    0.22    2.73 ^ output21/X (sky130_fd_sc_hd__buf_2)
                                         OUT[4] (net)
                  0.17    0.00    2.73 ^ OUT[4] (out)
                                  2.73   data arrival time

                  0.00    0.00    0.00   clock __VIRTUAL_CLK__ (rise edge)
                          0.00    0.00   clock network delay (ideal)
                          0.25    0.25   clock uncertainty
                          0.00    0.25   clock reconvergence pessimism
                         -2.00   -1.75   output external delay
                                 -1.75   data required time
-----------------------------------------------------------------------------
                                 -1.75   data required time
                                 -2.73   data arrival time
-----------------------------------------------------------------------------
                                  4.48   slack (MET)


Startpoint: A[5] (input port clocked by __VIRTUAL_CLK__)
Endpoint: OUT[6] (output port clocked by __VIRTUAL_CLK__)
Path Group: __VIRTUAL_CLK__
Path Type: min
Corner: Typical

Fanout     Cap    Slew   Delay    Time   Description
-----------------------------------------------------------------------------
                  0.00    0.00    0.00   clock __VIRTUAL_CLK__ (rise edge)
                          0.00    0.00   clock network delay (ideal)
                          2.00    2.00 v input external delay
     1    0.00    0.01    0.00    2.00 v A[5] (in)
                                         A[5] (net)
                  0.01    0.00    2.00 v input4/A (sky130_fd_sc_hd__clkbuf_2)
     6    0.02    0.08    0.12    2.13 v input4/X (sky130_fd_sc_hd__clkbuf_2)
                                         net4 (net)
                  0.08    0.00    2.13 v _251_/A (sky130_fd_sc_hd__nand2_1)
     3    0.01    0.11    0.12    2.24 ^ _251_/Y (sky130_fd_sc_hd__nand2_1)
                                         _014_ (net)
                  0.11    0.00    2.24 ^ _264_/A1 (sky130_fd_sc_hd__a31o_1)
     1    0.00    0.04    0.13    2.38 ^ _264_/X (sky130_fd_sc_hd__a31o_1)
                                         _026_ (net)
                  0.04    0.00    2.38 ^ _265_/B (sky130_fd_sc_hd__nand2_1)
     1    0.00    0.03    0.05    2.43 v _265_/Y (sky130_fd_sc_hd__nand2_1)
                                         _027_ (net)
                  0.03    0.00    2.43 v _281_/A1 (sky130_fd_sc_hd__a21o_1)
     1    0.01    0.06    0.17    2.60 v _281_/X (sky130_fd_sc_hd__a21o_1)
                                         net23 (net)
                  0.06    0.00    2.60 v output23/A (sky130_fd_sc_hd__buf_2)
     1    0.03    0.09    0.18    2.78 v output23/X (sky130_fd_sc_hd__buf_2)
                                         OUT[6] (net)
                  0.09    0.00    2.78 v OUT[6] (out)
                                  2.78   data arrival time

                  0.00    0.00    0.00   clock __VIRTUAL_CLK__ (rise edge)
                          0.00    0.00   clock network delay (ideal)
                          0.25    0.25   clock uncertainty
                          0.00    0.25   clock reconvergence pessimism
                         -2.00   -1.75   output external delay
                                 -1.75   data required time
-----------------------------------------------------------------------------
                                 -1.75   data required time
                                 -2.78   data arrival time
-----------------------------------------------------------------------------
                                  4.53   slack (MET)


Startpoint: OPCODE[2] (input port clocked by __VIRTUAL_CLK__)
Endpoint: OUT[7] (output port clocked by __VIRTUAL_CLK__)
Path Group: __VIRTUAL_CLK__
Path Type: min
Corner: Typical

Fanout     Cap    Slew   Delay    Time   Description
-----------------------------------------------------------------------------
                  0.00    0.00    0.00   clock __VIRTUAL_CLK__ (rise edge)
                          0.00    0.00   clock network delay (ideal)
                          2.00    2.00 v input external delay
     1    0.00    0.01    0.00    2.00 v OPCODE[2] (in)
                                         OPCODE[2] (net)
                  0.01    0.00    2.00 v input16/A (sky130_fd_sc_hd__clkbuf_2)
     6    0.02    0.10    0.14    2.14 v input16/X (sky130_fd_sc_hd__clkbuf_2)
                                         net16 (net)
                  0.10    0.00    2.14 v _255_/A (sky130_fd_sc_hd__and3_2)
     7    0.02    0.08    0.23    2.38 v _255_/X (sky130_fd_sc_hd__and3_2)
                                         _018_ (net)
                  0.08    0.00    2.38 v _292_/A1 (sky130_fd_sc_hd__a31o_1)
     1    0.01    0.08    0.22    2.60 v _292_/X (sky130_fd_sc_hd__a31o_1)
                                         net24 (net)
                  0.08    0.00    2.60 v output24/A (sky130_fd_sc_hd__buf_2)
     1    0.03    0.09    0.19    2.78 v output24/X (sky130_fd_sc_hd__buf_2)
                                         OUT[7] (net)
                  0.09    0.00    2.78 v OUT[7] (out)
                                  2.78   data arrival time

                  0.00    0.00    0.00   clock __VIRTUAL_CLK__ (rise edge)
                          0.00    0.00   clock network delay (ideal)
                          0.25    0.25   clock uncertainty
                          0.00    0.25   clock reconvergence pessimism
                         -2.00   -1.75   output external delay
                                 -1.75   data required time
-----------------------------------------------------------------------------
                                 -1.75   data required time
                                 -2.78   data arrival time
-----------------------------------------------------------------------------
                                  4.53   slack (MET)


Startpoint: OPCODE[2] (input port clocked by __VIRTUAL_CLK__)
Endpoint: OUT[2] (output port clocked by __VIRTUAL_CLK__)
Path Group: __VIRTUAL_CLK__
Path Type: min
Corner: Typical

Fanout     Cap    Slew   Delay    Time   Description
-----------------------------------------------------------------------------
                  0.00    0.00    0.00   clock __VIRTUAL_CLK__ (rise edge)
                          0.00    0.00   clock network delay (ideal)
                          2.00    2.00 v input external delay
     1    0.00    0.01    0.00    2.00 v OPCODE[2] (in)
                                         OPCODE[2] (net)
                  0.01    0.00    2.00 v input16/A (sky130_fd_sc_hd__clkbuf_2)
     6    0.02    0.10    0.14    2.14 v input16/X (sky130_fd_sc_hd__clkbuf_2)
                                         net16 (net)
                  0.10    0.00    2.14 v _255_/A (sky130_fd_sc_hd__and3_2)
     7    0.02    0.08    0.23    2.38 v _255_/X (sky130_fd_sc_hd__and3_2)
                                         _018_ (net)
                  0.08    0.00    2.38 v _316_/A2 (sky130_fd_sc_hd__a31o_1)
     1    0.01    0.08    0.25    2.62 v _316_/X (sky130_fd_sc_hd__a31o_1)
                                         net19 (net)
                  0.08    0.00    2.63 v output19/A (sky130_fd_sc_hd__buf_2)
     1    0.03    0.09    0.18    2.81 v output19/X (sky130_fd_sc_hd__buf_2)
                                         OUT[2] (net)
                  0.09    0.00    2.81 v OUT[2] (out)
                                  2.81   data arrival time

                  0.00    0.00    0.00   clock __VIRTUAL_CLK__ (rise edge)
                          0.00    0.00   clock network delay (ideal)
                          0.25    0.25   clock uncertainty
                          0.00    0.25   clock reconvergence pessimism
                         -2.00   -1.75   output external delay
                                 -1.75   data required time
-----------------------------------------------------------------------------
                                 -1.75   data required time
                                 -2.81   data arrival time
-----------------------------------------------------------------------------
                                  4.56   slack (MET)



worst slack corner Typical: 4.3173
