OpenROAD b16bda7e82721d10566ff7e2b68f1ff0be9f9e38 
Features included (+) or not (-): +Charts +GPU +GUI +Python
This program is licensed under the BSD-3 license. See the LICENSE file for details.
Components of this program may be licensed under more restrictive licenses which must be honored.
define_corners Typical
read_liberty -corner Typical /home/omers/.volare/sky130A/libs.ref/sky130_fd_sc_hd/lib/sky130_fd_sc_hd__tt_025C_1v80.lib
Using 1e-12 for capacitance...
Using 1e+03 for resistance...
Using 1e-09 for time...
Using 1e+00 for voltage...
Using 1e-03 for current...
Using 1e-09 for power...
Using 1e-06 for distance...
[INFO]: Reading ODB at '/openlane/designs/alu/runs/RUN_2025.05.01_15.47.09/results/cts/alu.odb'…
Reading design constraints file at '/openlane/scripts/base.sdc'…
[INFO]: Setting output delay to: 2.0
[INFO]: Setting input delay to: 2.0
[WARNING STA-0366] port '__VIRTUAL_CLK__' not found.
[INFO]: Setting load to: 0.033442
[INFO]: Setting clock uncertainty to: 0.25
[INFO]: Setting clock transition to: 0.15
[WARNING STA-0419] transition time can not be specified for virtual clocks.
[INFO]: Setting timing derate to: 5.0 %
[INFO]: Propagating all clocks
[WARNING STA-0450] virtual clock __VIRTUAL_CLK__ can not be propagated.
[INFO]: Setting RC values...
min_report

===========================================================================
report_checks -path_delay min (Hold)
============================================================================
======================= Typical Corner ===================================

Startpoint: B[0] (input port clocked by __VIRTUAL_CLK__)
Endpoint: OUT[0] (output port clocked by __VIRTUAL_CLK__)
Path Group: __VIRTUAL_CLK__
Path Type: min

Fanout     Cap    Slew   Delay    Time   Description
-----------------------------------------------------------------------------
                  0.00    0.00    0.00   clock __VIRTUAL_CLK__ (rise edge)
                          0.00    0.00   clock network delay (ideal)
                          2.00    2.00 v input external delay
     1    0.00    0.01    0.00    2.00 v B[0] (in)
                                         B[0] (net)
                  0.01    0.00    2.00 v input7/A (sky130_fd_sc_hd__buf_2)
    13    0.03    0.09    0.15    2.16 v input7/X (sky130_fd_sc_hd__buf_2)
                                         net7 (net)
                  0.09    0.00    2.16 v _297_/A1 (sky130_fd_sc_hd__a31o_1)
     1    0.01    0.06    0.21    2.36 v _297_/X (sky130_fd_sc_hd__a31o_1)
                                         net17 (net)
                  0.06    0.00    2.36 v output17/A (sky130_fd_sc_hd__buf_2)
     1    0.03    0.09    0.18    2.54 v output17/X (sky130_fd_sc_hd__buf_2)
                                         OUT[0] (net)
                  0.09    0.00    2.54 v OUT[0] (out)
                                  2.54   data arrival time

                  0.00    0.00    0.00   clock __VIRTUAL_CLK__ (rise edge)
                          0.00    0.00   clock network delay (ideal)
                          0.25    0.25   clock uncertainty
                          0.00    0.25   clock reconvergence pessimism
                         -2.00   -1.75   output external delay
                                 -1.75   data required time
-----------------------------------------------------------------------------
                                 -1.75   data required time
                                 -2.54   data arrival time
-----------------------------------------------------------------------------
                                  4.29   slack (MET)


Startpoint: A[5] (input port clocked by __VIRTUAL_CLK__)
Endpoint: OUT[5] (output port clocked by __VIRTUAL_CLK__)
Path Group: __VIRTUAL_CLK__
Path Type: min

Fanout     Cap    Slew   Delay    Time   Description
-----------------------------------------------------------------------------
                  0.00    0.00    0.00   clock __VIRTUAL_CLK__ (rise edge)
                          0.00    0.00   clock network delay (ideal)
                          2.00    2.00 ^ input external delay
     1    0.00    0.02    0.01    2.01 ^ A[5] (in)
                                         A[5] (net)
                  0.02    0.00    2.01 ^ input4/A (sky130_fd_sc_hd__clkbuf_2)
     6    0.02    0.10    0.13    2.14 ^ input4/X (sky130_fd_sc_hd__clkbuf_2)
                                         net4 (net)
                  0.10    0.00    2.14 ^ _223_/A2 (sky130_fd_sc_hd__a311o_1)
     1    0.00    0.06    0.17    2.32 ^ _223_/X (sky130_fd_sc_hd__a311o_1)
                                         _151_ (net)
                  0.06    0.00    2.32 ^ _257_/B1 (sky130_fd_sc_hd__a211o_1)
     1    0.01    0.08    0.12    2.44 ^ _257_/X (sky130_fd_sc_hd__a211o_1)
                                         net22 (net)
                  0.08    0.00    2.44 ^ output22/A (sky130_fd_sc_hd__buf_2)
     1    0.03    0.17    0.20    2.64 ^ output22/X (sky130_fd_sc_hd__buf_2)
                                         OUT[5] (net)
                  0.17    0.00    2.64 ^ OUT[5] (out)
                                  2.64   data arrival time

                  0.00    0.00    0.00   clock __VIRTUAL_CLK__ (rise edge)
                          0.00    0.00   clock network delay (ideal)
                          0.25    0.25   clock uncertainty
                          0.00    0.25   clock reconvergence pessimism
                         -2.00   -1.75   output external delay
                                 -1.75   data required time
-----------------------------------------------------------------------------
                                 -1.75   data required time
                                 -2.64   data arrival time
-----------------------------------------------------------------------------
                                  4.39   slack (MET)


Startpoint: A[1] (input port clocked by __VIRTUAL_CLK__)
Endpoint: OUT[1] (output port clocked by __VIRTUAL_CLK__)
Path Group: __VIRTUAL_CLK__
Path Type: min

Fanout     Cap    Slew   Delay    Time   Description
-----------------------------------------------------------------------------
                  0.00    0.00    0.00   clock __VIRTUAL_CLK__ (rise edge)
                          0.00    0.00   clock network delay (ideal)
                          2.00    2.00 v input external delay
     1    0.00    0.01    0.00    2.00 v A[1] (in)
                                         A[1] (net)
                  0.01    0.00    2.00 v input2/A (sky130_fd_sc_hd__clkbuf_4)
    13    0.04    0.08    0.16    2.16 v input2/X (sky130_fd_sc_hd__clkbuf_4)
                                         net2 (net)
                  0.08    0.00    2.17 v _303_/A (sky130_fd_sc_hd__nor2_1)
     1    0.00    0.06    0.09    2.26 ^ _303_/Y (sky130_fd_sc_hd__nor2_1)
                                         _062_ (net)
                  0.06    0.00    2.26 ^ _307_/C (sky130_fd_sc_hd__or4b_1)
     1    0.01    0.09    0.13    2.39 ^ _307_/X (sky130_fd_sc_hd__or4b_1)
                                         _066_ (net)
                  0.09    0.00    2.39 ^ _308_/A (sky130_fd_sc_hd__clkbuf_1)
     1    0.00    0.04    0.08    2.47 ^ _308_/X (sky130_fd_sc_hd__clkbuf_1)
                                         net18 (net)
                  0.04    0.00    2.47 ^ output18/A (sky130_fd_sc_hd__buf_2)
     1    0.03    0.17    0.19    2.66 ^ output18/X (sky130_fd_sc_hd__buf_2)
                                         OUT[1] (net)
                  0.17    0.00    2.66 ^ OUT[1] (out)
                                  2.66   data arrival time

                  0.00    0.00    0.00   clock __VIRTUAL_CLK__ (rise edge)
                          0.00    0.00   clock network delay (ideal)
                          0.25    0.25   clock uncertainty
                          0.00    0.25   clock reconvergence pessimism
                         -2.00   -1.75   output external delay
                                 -1.75   data required time
-----------------------------------------------------------------------------
                                 -1.75   data required time
                                 -2.66   data arrival time
-----------------------------------------------------------------------------
                                  4.41   slack (MET)


Startpoint: B[3] (input port clocked by __VIRTUAL_CLK__)
Endpoint: OUT[3] (output port clocked by __VIRTUAL_CLK__)
Path Group: __VIRTUAL_CLK__
Path Type: min

Fanout     Cap    Slew   Delay    Time   Description
-----------------------------------------------------------------------------
                  0.00    0.00    0.00   clock __VIRTUAL_CLK__ (rise edge)
                          0.00    0.00   clock network delay (ideal)
                          2.00    2.00 ^ input external delay
     1    0.00    0.02    0.01    2.01 ^ B[3] (in)
                                         B[3] (net)
                  0.02    0.00    2.01 ^ _168_/A (sky130_fd_sc_hd__clkbuf_4)
    12    0.04    0.12    0.17    2.18 ^ _168_/X (sky130_fd_sc_hd__clkbuf_4)
                                         _096_ (net)
                  0.12    0.00    2.18 ^ _324_/A1 (sky130_fd_sc_hd__a311o_1)
     1    0.00    0.05    0.16    2.34 ^ _324_/X (sky130_fd_sc_hd__a311o_1)
                                         _081_ (net)
                  0.05    0.00    2.34 ^ _325_/C1 (sky130_fd_sc_hd__a221o_1)
     1    0.01    0.08    0.12    2.46 ^ _325_/X (sky130_fd_sc_hd__a221o_1)
                                         net20 (net)
                  0.08    0.00    2.46 ^ output20/A (sky130_fd_sc_hd__buf_2)
     1    0.03    0.17    0.20    2.67 ^ output20/X (sky130_fd_sc_hd__buf_2)
                                         OUT[3] (net)
                  0.17    0.00    2.67 ^ OUT[3] (out)
                                  2.67   data arrival time

                  0.00    0.00    0.00   clock __VIRTUAL_CLK__ (rise edge)
                          0.00    0.00   clock network delay (ideal)
                          0.25    0.25   clock uncertainty
                          0.00    0.25   clock reconvergence pessimism
                         -2.00   -1.75   output external delay
                                 -1.75   data required time
-----------------------------------------------------------------------------
                                 -1.75   data required time
                                 -2.67   data arrival time
-----------------------------------------------------------------------------
                                  4.42   slack (MET)


Startpoint: A[4] (input port clocked by __VIRTUAL_CLK__)
Endpoint: OUT[4] (output port clocked by __VIRTUAL_CLK__)
Path Group: __VIRTUAL_CLK__
Path Type: min

Fanout     Cap    Slew   Delay    Time   Description
-----------------------------------------------------------------------------
                  0.00    0.00    0.00   clock __VIRTUAL_CLK__ (rise edge)
                          0.00    0.00   clock network delay (ideal)
                          2.00    2.00 ^ input external delay
     1    0.00    0.02    0.01    2.01 ^ A[4] (in)
                                         A[4] (net)
                  0.02    0.00    2.01 ^ input3/A (sky130_fd_sc_hd__clkbuf_2)
     6    0.02    0.11    0.13    2.14 ^ input3/X (sky130_fd_sc_hd__clkbuf_2)
                                         net3 (net)
                  0.11    0.00    2.14 ^ _331_/A2 (sky130_fd_sc_hd__a31o_1)
     1    0.00    0.04    0.13    2.28 ^ _331_/X (sky130_fd_sc_hd__a31o_1)
                                         _087_ (net)
                  0.04    0.00    2.28 ^ _336_/B (sky130_fd_sc_hd__or3_1)
     1    0.00    0.04    0.08    2.36 ^ _336_/X (sky130_fd_sc_hd__or3_1)
                                         _092_ (net)
                  0.04    0.00    2.36 ^ _337_/A (sky130_fd_sc_hd__buf_1)
     1    0.01    0.10    0.11    2.47 ^ _337_/X (sky130_fd_sc_hd__buf_1)
                                         net21 (net)
                  0.10    0.00    2.47 ^ output21/A (sky130_fd_sc_hd__buf_2)
     1    0.03    0.17    0.21    2.68 ^ output21/X (sky130_fd_sc_hd__buf_2)
                                         OUT[4] (net)
                  0.17    0.00    2.68 ^ OUT[4] (out)
                                  2.68   data arrival time

                  0.00    0.00    0.00   clock __VIRTUAL_CLK__ (rise edge)
                          0.00    0.00   clock network delay (ideal)
                          0.25    0.25   clock uncertainty
                          0.00    0.25   clock reconvergence pessimism
                         -2.00   -1.75   output external delay
                                 -1.75   data required time
-----------------------------------------------------------------------------
                                 -1.75   data required time
                                 -2.68   data arrival time
-----------------------------------------------------------------------------
                                  4.43   slack (MET)


Startpoint: A[5] (input port clocked by __VIRTUAL_CLK__)
Endpoint: OUT[6] (output port clocked by __VIRTUAL_CLK__)
Path Group: __VIRTUAL_CLK__
Path Type: min

Fanout     Cap    Slew   Delay    Time   Description
-----------------------------------------------------------------------------
                  0.00    0.00    0.00   clock __VIRTUAL_CLK__ (rise edge)
                          0.00    0.00   clock network delay (ideal)
                          2.00    2.00 v input external delay
     1    0.00    0.01    0.00    2.00 v A[5] (in)
                                         A[5] (net)
                  0.01    0.00    2.00 v input4/A (sky130_fd_sc_hd__clkbuf_2)
     6    0.02    0.07    0.12    2.12 v input4/X (sky130_fd_sc_hd__clkbuf_2)
                                         net4 (net)
                  0.07    0.00    2.12 v _251_/A (sky130_fd_sc_hd__nand2_1)
     3    0.01    0.10    0.11    2.23 ^ _251_/Y (sky130_fd_sc_hd__nand2_1)
                                         _014_ (net)
                  0.10    0.00    2.23 ^ _264_/A1 (sky130_fd_sc_hd__a31o_1)
     1    0.00    0.04    0.13    2.36 ^ _264_/X (sky130_fd_sc_hd__a31o_1)
                                         _026_ (net)
                  0.04    0.00    2.36 ^ _265_/B (sky130_fd_sc_hd__nand2_1)
     1    0.00    0.03    0.04    2.40 v _265_/Y (sky130_fd_sc_hd__nand2_1)
                                         _027_ (net)
                  0.03    0.00    2.40 v _281_/A1 (sky130_fd_sc_hd__a21o_1)
     1    0.01    0.06    0.17    2.57 v _281_/X (sky130_fd_sc_hd__a21o_1)
                                         net23 (net)
                  0.06    0.00    2.57 v output23/A (sky130_fd_sc_hd__buf_2)
     1    0.03    0.09    0.18    2.74 v output23/X (sky130_fd_sc_hd__buf_2)
                                         OUT[6] (net)
                  0.09    0.00    2.74 v OUT[6] (out)
                                  2.74   data arrival time

                  0.00    0.00    0.00   clock __VIRTUAL_CLK__ (rise edge)
                          0.00    0.00   clock network delay (ideal)
                          0.25    0.25   clock uncertainty
                          0.00    0.25   clock reconvergence pessimism
                         -2.00   -1.75   output external delay
                                 -1.75   data required time
-----------------------------------------------------------------------------
                                 -1.75   data required time
                                 -2.74   data arrival time
-----------------------------------------------------------------------------
                                  4.49   slack (MET)


Startpoint: OPCODE[2] (input port clocked by __VIRTUAL_CLK__)
Endpoint: OUT[7] (output port clocked by __VIRTUAL_CLK__)
Path Group: __VIRTUAL_CLK__
Path Type: min

Fanout     Cap    Slew   Delay    Time   Description
-----------------------------------------------------------------------------
                  0.00    0.00    0.00   clock __VIRTUAL_CLK__ (rise edge)
                          0.00    0.00   clock network delay (ideal)
                          2.00    2.00 v input external delay
     1    0.00    0.01    0.00    2.00 v OPCODE[2] (in)
                                         OPCODE[2] (net)
                  0.01    0.00    2.00 v input16/A (sky130_fd_sc_hd__clkbuf_2)
     6    0.02    0.09    0.14    2.14 v input16/X (sky130_fd_sc_hd__clkbuf_2)
                                         net16 (net)
                  0.09    0.00    2.14 v _255_/A (sky130_fd_sc_hd__and3_2)
     7    0.02    0.07    0.22    2.36 v _255_/X (sky130_fd_sc_hd__and3_2)
                                         _018_ (net)
                  0.07    0.00    2.36 v _292_/A1 (sky130_fd_sc_hd__a31o_1)
     1    0.01    0.07    0.20    2.57 v _292_/X (sky130_fd_sc_hd__a31o_1)
                                         net24 (net)
                  0.07    0.00    2.57 v output24/A (sky130_fd_sc_hd__buf_2)
     1    0.03    0.09    0.18    2.75 v output24/X (sky130_fd_sc_hd__buf_2)
                                         OUT[7] (net)
                  0.09    0.00    2.75 v OUT[7] (out)
                                  2.75   data arrival time

                  0.00    0.00    0.00   clock __VIRTUAL_CLK__ (rise edge)
                          0.00    0.00   clock network delay (ideal)
                          0.25    0.25   clock uncertainty
                          0.00    0.25   clock reconvergence pessimism
                         -2.00   -1.75   output external delay
                                 -1.75   data required time
-----------------------------------------------------------------------------
                                 -1.75   data required time
                                 -2.75   data arrival time
-----------------------------------------------------------------------------
                                  4.50   slack (MET)


Startpoint: B[2] (input port clocked by __VIRTUAL_CLK__)
Endpoint: OUT[2] (output port clocked by __VIRTUAL_CLK__)
Path Group: __VIRTUAL_CLK__
Path Type: min

Fanout     Cap    Slew   Delay    Time   Description
-----------------------------------------------------------------------------
                  0.00    0.00    0.00   clock __VIRTUAL_CLK__ (rise edge)
                          0.00    0.00   clock network delay (ideal)
                          2.00    2.00 ^ input external delay
     1    0.00    0.02    0.01    2.01 ^ B[2] (in)
                                         B[2] (net)
                  0.02    0.00    2.01 ^ input9/A (sky130_fd_sc_hd__clkbuf_4)
    13    0.04    0.12    0.17    2.18 ^ input9/X (sky130_fd_sc_hd__clkbuf_4)
                                         net9 (net)
                  0.12    0.00    2.18 ^ _314_/A2 (sky130_fd_sc_hd__a311o_1)
     1    0.00    0.04    0.15    2.34 ^ _314_/X (sky130_fd_sc_hd__a311o_1)
                                         _072_ (net)
                  0.04    0.00    2.34 ^ _315_/B1_N (sky130_fd_sc_hd__o21bai_1)
     1    0.00    0.06    0.09    2.43 ^ _315_/Y (sky130_fd_sc_hd__o21bai_1)
                                         _073_ (net)
                  0.06    0.00    2.43 ^ _316_/B1 (sky130_fd_sc_hd__a31o_1)
     1    0.01    0.09    0.12    2.55 ^ _316_/X (sky130_fd_sc_hd__a31o_1)
                                         net19 (net)
                  0.09    0.00    2.55 ^ output19/A (sky130_fd_sc_hd__buf_2)
     1    0.03    0.17    0.20    2.76 ^ output19/X (sky130_fd_sc_hd__buf_2)
                                         OUT[2] (net)
                  0.17    0.00    2.76 ^ OUT[2] (out)
                                  2.76   data arrival time

                  0.00    0.00    0.00   clock __VIRTUAL_CLK__ (rise edge)
                          0.00    0.00   clock network delay (ideal)
                          0.25    0.25   clock uncertainty
                          0.00    0.25   clock reconvergence pessimism
                         -2.00   -1.75   output external delay
                                 -1.75   data required time
-----------------------------------------------------------------------------
                                 -1.75   data required time
                                 -2.76   data arrival time
-----------------------------------------------------------------------------
                                  4.51   slack (MET)



worst slack corner Typical: 4.2914
min_report_end
max_report

===========================================================================
report_checks -path_delay max (Setup)
============================================================================
======================= Typical Corner ===================================

Startpoint: B[0] (input port clocked by __VIRTUAL_CLK__)
Endpoint: OUT[6] (output port clocked by __VIRTUAL_CLK__)
Path Group: __VIRTUAL_CLK__
Path Type: max

Fanout     Cap    Slew   Delay    Time   Description
-----------------------------------------------------------------------------
                  0.00    0.00    0.00   clock __VIRTUAL_CLK__ (rise edge)
                          0.00    0.00   clock network delay (ideal)
                          2.00    2.00 v input external delay
     1    0.00    0.01    0.00    2.00 v B[0] (in)
                                         B[0] (net)
                  0.01    0.00    2.00 v input7/A (sky130_fd_sc_hd__buf_2)
    13    0.03    0.09    0.17    2.17 v input7/X (sky130_fd_sc_hd__buf_2)
                                         net7 (net)
                  0.09    0.00    2.17 v _224_/A (sky130_fd_sc_hd__or2_1)
     4    0.01    0.08    0.29    2.46 v _224_/X (sky130_fd_sc_hd__or2_1)
                                         _152_ (net)
                  0.08    0.00    2.46 v _226_/A3 (sky130_fd_sc_hd__o31a_1)
     3    0.01    0.08    0.30    2.76 v _226_/X (sky130_fd_sc_hd__o31a_1)
                                         _154_ (net)
                  0.08    0.00    2.76 v _258_/A3 (sky130_fd_sc_hd__o31a_1)
     2    0.01    0.07    0.28    3.04 v _258_/X (sky130_fd_sc_hd__o31a_1)
                                         _020_ (net)
                  0.07    0.00    3.04 v _259_/B (sky130_fd_sc_hd__xnor2_1)
     2    0.00    0.06    0.15    3.19 v _259_/Y (sky130_fd_sc_hd__xnor2_1)
                                         _021_ (net)
                  0.06    0.00    3.19 v _260_/B (sky130_fd_sc_hd__and2_1)
     3    0.01    0.05    0.18    3.37 v _260_/X (sky130_fd_sc_hd__and2_1)
                                         _022_ (net)
                  0.05    0.00    3.37 v _262_/A (sky130_fd_sc_hd__or2_1)
     2    0.01    0.07    0.26    3.63 v _262_/X (sky130_fd_sc_hd__or2_1)
                                         _024_ (net)
                  0.07    0.00    3.63 v _266_/B1 (sky130_fd_sc_hd__a311oi_2)
     3    0.01    0.24    0.29    3.92 ^ _266_/Y (sky130_fd_sc_hd__a311oi_2)
                                         _028_ (net)
                  0.24    0.00    3.92 ^ _267_/A_N (sky130_fd_sc_hd__and2b_1)
     1    0.00    0.03    0.22    4.15 v _267_/X (sky130_fd_sc_hd__and2b_1)
                                         _029_ (net)
                  0.03    0.00    4.15 v _281_/A2 (sky130_fd_sc_hd__a21o_1)
     1    0.01    0.06    0.21    4.35 v _281_/X (sky130_fd_sc_hd__a21o_1)
                                         net23 (net)
                  0.06    0.00    4.35 v output23/A (sky130_fd_sc_hd__buf_2)
     1    0.03    0.09    0.20    4.55 v output23/X (sky130_fd_sc_hd__buf_2)
                                         OUT[6] (net)
                  0.09    0.00    4.55 v OUT[6] (out)
                                  4.55   data arrival time

                  0.00   10.00   10.00   clock __VIRTUAL_CLK__ (rise edge)
                          0.00   10.00   clock network delay (ideal)
                         -0.25    9.75   clock uncertainty
                          0.00    9.75   clock reconvergence pessimism
                         -2.00    7.75   output external delay
                                  7.75   data required time
-----------------------------------------------------------------------------
                                  7.75   data required time
                                 -4.55   data arrival time
-----------------------------------------------------------------------------
                                  3.20   slack (MET)


Startpoint: B[0] (input port clocked by __VIRTUAL_CLK__)
Endpoint: OUT[7] (output port clocked by __VIRTUAL_CLK__)
Path Group: __VIRTUAL_CLK__
Path Type: max

Fanout     Cap    Slew   Delay    Time   Description
-----------------------------------------------------------------------------
                  0.00    0.00    0.00   clock __VIRTUAL_CLK__ (rise edge)
                          0.00    0.00   clock network delay (ideal)
                          2.00    2.00 v input external delay
     1    0.00    0.01    0.00    2.00 v B[0] (in)
                                         B[0] (net)
                  0.01    0.00    2.00 v input7/A (sky130_fd_sc_hd__buf_2)
    13    0.03    0.09    0.17    2.17 v input7/X (sky130_fd_sc_hd__buf_2)
                                         net7 (net)
                  0.09    0.00    2.17 v _224_/A (sky130_fd_sc_hd__or2_1)
     4    0.01    0.08    0.29    2.46 v _224_/X (sky130_fd_sc_hd__or2_1)
                                         _152_ (net)
                  0.08    0.00    2.46 v _226_/A3 (sky130_fd_sc_hd__o31a_1)
     3    0.01    0.08    0.30    2.76 v _226_/X (sky130_fd_sc_hd__o31a_1)
                                         _154_ (net)
                  0.08    0.00    2.76 v _258_/A3 (sky130_fd_sc_hd__o31a_1)
     2    0.01    0.07    0.28    3.04 v _258_/X (sky130_fd_sc_hd__o31a_1)
                                         _020_ (net)
                  0.07    0.00    3.04 v _259_/B (sky130_fd_sc_hd__xnor2_1)
     2    0.00    0.06    0.15    3.19 v _259_/Y (sky130_fd_sc_hd__xnor2_1)
                                         _021_ (net)
                  0.06    0.00    3.19 v _260_/B (sky130_fd_sc_hd__and2_1)
     3    0.01    0.05    0.18    3.37 v _260_/X (sky130_fd_sc_hd__and2_1)
                                         _022_ (net)
                  0.05    0.00    3.37 v _262_/A (sky130_fd_sc_hd__or2_1)
     2    0.01    0.07    0.26    3.63 v _262_/X (sky130_fd_sc_hd__or2_1)
                                         _024_ (net)
                  0.07    0.00    3.63 v _266_/B1 (sky130_fd_sc_hd__a311oi_2)
     3    0.01    0.24    0.29    3.92 ^ _266_/Y (sky130_fd_sc_hd__a311oi_2)
                                         _028_ (net)
                  0.24    0.00    3.92 ^ _286_/B (sky130_fd_sc_hd__or3_1)
     1    0.00    0.04    0.15    4.08 ^ _286_/X (sky130_fd_sc_hd__or3_1)
                                         _047_ (net)
                  0.04    0.00    4.08 ^ _292_/A3 (sky130_fd_sc_hd__a31o_1)
     1    0.01    0.11    0.20    4.28 ^ _292_/X (sky130_fd_sc_hd__a31o_1)
                                         net24 (net)
                  0.11    0.00    4.28 ^ output24/A (sky130_fd_sc_hd__buf_2)
     1    0.03    0.17    0.23    4.51 ^ output24/X (sky130_fd_sc_hd__buf_2)
                                         OUT[7] (net)
                  0.17    0.00    4.51 ^ OUT[7] (out)
                                  4.51   data arrival time

                  0.00   10.00   10.00   clock __VIRTUAL_CLK__ (rise edge)
                          0.00   10.00   clock network delay (ideal)
                         -0.25    9.75   clock uncertainty
                          0.00    9.75   clock reconvergence pessimism
                         -2.00    7.75   output external delay
                                  7.75   data required time
-----------------------------------------------------------------------------
                                  7.75   data required time
                                 -4.51   data arrival time
-----------------------------------------------------------------------------
                                  3.24   slack (MET)


Startpoint: B[0] (input port clocked by __VIRTUAL_CLK__)
Endpoint: OUT[4] (output port clocked by __VIRTUAL_CLK__)
Path Group: __VIRTUAL_CLK__
Path Type: max

Fanout     Cap    Slew   Delay    Time   Description
-----------------------------------------------------------------------------
                  0.00    0.00    0.00   clock __VIRTUAL_CLK__ (rise edge)
                          0.00    0.00   clock network delay (ideal)
                          2.00    2.00 v input external delay
     1    0.00    0.01    0.00    2.00 v B[0] (in)
                                         B[0] (net)
                  0.01    0.00    2.00 v input7/A (sky130_fd_sc_hd__buf_2)
    13    0.03    0.09    0.17    2.17 v input7/X (sky130_fd_sc_hd__buf_2)
                                         net7 (net)
                  0.09    0.00    2.17 v _224_/A (sky130_fd_sc_hd__or2_1)
     4    0.01    0.08    0.29    2.46 v _224_/X (sky130_fd_sc_hd__or2_1)
                                         _152_ (net)
                  0.08    0.00    2.46 v _230_/C (sky130_fd_sc_hd__and3_1)
     2    0.00    0.04    0.20    2.67 v _230_/X (sky130_fd_sc_hd__and3_1)
                                         _158_ (net)
                  0.04    0.00    2.67 v _231_/A2 (sky130_fd_sc_hd__o21ai_1)
     4    0.01    0.22    0.21    2.88 ^ _231_/Y (sky130_fd_sc_hd__o21ai_1)
                                         _159_ (net)
                  0.22    0.00    2.88 ^ _239_/A (sky130_fd_sc_hd__and2_1)
     2    0.01    0.09    0.20    3.08 ^ _239_/X (sky130_fd_sc_hd__and2_1)
                                         _002_ (net)
                  0.09    0.00    3.08 ^ _240_/B1 (sky130_fd_sc_hd__o21ai_2)
     4    0.01    0.06    0.08    3.16 v _240_/Y (sky130_fd_sc_hd__o21ai_2)
                                         _003_ (net)
                  0.06    0.00    3.16 v _247_/A2 (sky130_fd_sc_hd__a311o_2)
     5    0.02    0.09    0.43    3.59 v _247_/X (sky130_fd_sc_hd__a311o_2)
                                         _010_ (net)
                  0.09    0.00    3.59 v _328_/A (sky130_fd_sc_hd__and3_1)
     1    0.00    0.03    0.16    3.75 v _328_/X (sky130_fd_sc_hd__and3_1)
                                         _084_ (net)
                  0.03    0.00    3.75 v _336_/A (sky130_fd_sc_hd__or3_1)
     1    0.00    0.06    0.37    4.12 v _336_/X (sky130_fd_sc_hd__or3_1)
                                         _092_ (net)
                  0.06    0.00    4.12 v _337_/A (sky130_fd_sc_hd__buf_1)
     1    0.01    0.05    0.12    4.24 v _337_/X (sky130_fd_sc_hd__buf_1)
                                         net21 (net)
                  0.05    0.00    4.24 v output21/A (sky130_fd_sc_hd__buf_2)
     1    0.03    0.09    0.19    4.44 v output21/X (sky130_fd_sc_hd__buf_2)
                                         OUT[4] (net)
                  0.09    0.00    4.44 v OUT[4] (out)
                                  4.44   data arrival time

                  0.00   10.00   10.00   clock __VIRTUAL_CLK__ (rise edge)
                          0.00   10.00   clock network delay (ideal)
                         -0.25    9.75   clock uncertainty
                          0.00    9.75   clock reconvergence pessimism
                         -2.00    7.75   output external delay
                                  7.75   data required time
-----------------------------------------------------------------------------
                                  7.75   data required time
                                 -4.44   data arrival time
-----------------------------------------------------------------------------
                                  3.31   slack (MET)


Startpoint: B[0] (input port clocked by __VIRTUAL_CLK__)
Endpoint: OUT[5] (output port clocked by __VIRTUAL_CLK__)
Path Group: __VIRTUAL_CLK__
Path Type: max

Fanout     Cap    Slew   Delay    Time   Description
-----------------------------------------------------------------------------
                  0.00    0.00    0.00   clock __VIRTUAL_CLK__ (rise edge)
                          0.00    0.00   clock network delay (ideal)
                          2.00    2.00 v input external delay
     1    0.00    0.01    0.00    2.00 v B[0] (in)
                                         B[0] (net)
                  0.01    0.00    2.00 v input7/A (sky130_fd_sc_hd__buf_2)
    13    0.03    0.09    0.17    2.17 v input7/X (sky130_fd_sc_hd__buf_2)
                                         net7 (net)
                  0.09    0.00    2.17 v _224_/A (sky130_fd_sc_hd__or2_1)
     4    0.01    0.08    0.29    2.46 v _224_/X (sky130_fd_sc_hd__or2_1)
                                         _152_ (net)
                  0.08    0.00    2.46 v _230_/C (sky130_fd_sc_hd__and3_1)
     2    0.00    0.04    0.20    2.67 v _230_/X (sky130_fd_sc_hd__and3_1)
                                         _158_ (net)
                  0.04    0.00    2.67 v _231_/A2 (sky130_fd_sc_hd__o21ai_1)
     4    0.01    0.22    0.21    2.88 ^ _231_/Y (sky130_fd_sc_hd__o21ai_1)
                                         _159_ (net)
                  0.22    0.00    2.88 ^ _239_/A (sky130_fd_sc_hd__and2_1)
     2    0.01    0.09    0.20    3.08 ^ _239_/X (sky130_fd_sc_hd__and2_1)
                                         _002_ (net)
                  0.09    0.00    3.08 ^ _240_/B1 (sky130_fd_sc_hd__o21ai_2)
     4    0.01    0.06    0.08    3.16 v _240_/Y (sky130_fd_sc_hd__o21ai_2)
                                         _003_ (net)
                  0.06    0.00    3.16 v _247_/A2 (sky130_fd_sc_hd__a311o_2)
     5    0.02    0.09    0.43    3.59 v _247_/X (sky130_fd_sc_hd__a311o_2)
                                         _010_ (net)
                  0.09    0.00    3.59 v _253_/A2 (sky130_fd_sc_hd__a21o_1)
     1    0.00    0.03    0.19    3.78 v _253_/X (sky130_fd_sc_hd__a21o_1)
                                         _016_ (net)
                  0.03    0.00    3.78 v _256_/A (sky130_fd_sc_hd__and3_1)
     1    0.00    0.04    0.14    3.92 v _256_/X (sky130_fd_sc_hd__and3_1)
                                         _019_ (net)
                  0.04    0.00    3.92 v _257_/C1 (sky130_fd_sc_hd__a211o_1)
     1    0.01    0.07    0.26    4.18 v _257_/X (sky130_fd_sc_hd__a211o_1)
                                         net22 (net)
                  0.07    0.00    4.19 v output22/A (sky130_fd_sc_hd__buf_2)
     1    0.03    0.09    0.20    4.39 v output22/X (sky130_fd_sc_hd__buf_2)
                                         OUT[5] (net)
                  0.09    0.00    4.39 v OUT[5] (out)
                                  4.39   data arrival time

                  0.00   10.00   10.00   clock __VIRTUAL_CLK__ (rise edge)
                          0.00   10.00   clock network delay (ideal)
                         -0.25    9.75   clock uncertainty
                          0.00    9.75   clock reconvergence pessimism
                         -2.00    7.75   output external delay
                                  7.75   data required time
-----------------------------------------------------------------------------
                                  7.75   data required time
                                 -4.39   data arrival time
-----------------------------------------------------------------------------
                                  3.36   slack (MET)


Startpoint: OPCODE[0] (input port clocked by __VIRTUAL_CLK__)
Endpoint: OUT[3] (output port clocked by __VIRTUAL_CLK__)
Path Group: __VIRTUAL_CLK__
Path Type: max

Fanout     Cap    Slew   Delay    Time   Description
-----------------------------------------------------------------------------
                  0.00    0.00    0.00   clock __VIRTUAL_CLK__ (rise edge)
                          0.00    0.00   clock network delay (ideal)
                          2.00    2.00 v input external delay
     1    0.00    0.01    0.00    2.00 v OPCODE[0] (in)
                                         OPCODE[0] (net)
                  0.01    0.00    2.00 v input14/A (sky130_fd_sc_hd__buf_1)
     5    0.01    0.07    0.12    2.12 v input14/X (sky130_fd_sc_hd__buf_1)
                                         net14 (net)
                  0.07    0.00    2.12 v _225_/A_N (sky130_fd_sc_hd__nand3b_4)
     9    0.02    0.10    0.21    2.33 v _225_/Y (sky130_fd_sc_hd__nand3b_4)
                                         _153_ (net)
                  0.10    0.00    2.33 v _232_/C (sky130_fd_sc_hd__and3_1)
     2    0.00    0.04    0.22    2.55 v _232_/X (sky130_fd_sc_hd__and3_1)
                                         _160_ (net)
                  0.04    0.00    2.55 v _235_/B (sky130_fd_sc_hd__or3_1)
     2    0.00    0.07    0.37    2.91 v _235_/X (sky130_fd_sc_hd__or3_1)
                                         _163_ (net)
                  0.07    0.00    2.91 v _237_/B (sky130_fd_sc_hd__and3b_1)
     3    0.01    0.06    0.20    3.11 v _237_/X (sky130_fd_sc_hd__and3b_1)
                                         _000_ (net)
                  0.06    0.00    3.11 v _240_/A2 (sky130_fd_sc_hd__o21ai_2)
     4    0.01    0.16    0.17    3.29 ^ _240_/Y (sky130_fd_sc_hd__o21ai_2)
                                         _003_ (net)
                  0.16    0.00    3.29 ^ _318_/B (sky130_fd_sc_hd__nand2_1)
     1    0.00    0.08    0.09    3.38 v _318_/Y (sky130_fd_sc_hd__nand2_1)
                                         _075_ (net)
                  0.08    0.00    3.38 v _319_/B (sky130_fd_sc_hd__xnor2_1)
     1    0.00    0.05    0.14    3.52 v _319_/Y (sky130_fd_sc_hd__xnor2_1)
                                         _076_ (net)
                  0.05    0.00    3.52 v _325_/A2 (sky130_fd_sc_hd__a221o_1)
     1    0.01    0.08    0.39    3.91 v _325_/X (sky130_fd_sc_hd__a221o_1)
                                         net20 (net)
                  0.08    0.00    3.91 v output20/A (sky130_fd_sc_hd__buf_2)
     1    0.03    0.09    0.20    4.11 v output20/X (sky130_fd_sc_hd__buf_2)
                                         OUT[3] (net)
                  0.09    0.00    4.11 v OUT[3] (out)
                                  4.11   data arrival time

                  0.00   10.00   10.00   clock __VIRTUAL_CLK__ (rise edge)
                          0.00   10.00   clock network delay (ideal)
                         -0.25    9.75   clock uncertainty
                          0.00    9.75   clock reconvergence pessimism
                         -2.00    7.75   output external delay
                                  7.75   data required time
-----------------------------------------------------------------------------
                                  7.75   data required time
                                 -4.11   data arrival time
-----------------------------------------------------------------------------
                                  3.64   slack (MET)


Startpoint: OPCODE[0] (input port clocked by __VIRTUAL_CLK__)
Endpoint: OUT[1] (output port clocked by __VIRTUAL_CLK__)
Path Group: __VIRTUAL_CLK__
Path Type: max

Fanout     Cap    Slew   Delay    Time   Description
-----------------------------------------------------------------------------
                  0.00    0.00    0.00   clock __VIRTUAL_CLK__ (rise edge)
                          0.00    0.00   clock network delay (ideal)
                          2.00    2.00 v input external delay
     1    0.00    0.01    0.00    2.00 v OPCODE[0] (in)
                                         OPCODE[0] (net)
                  0.01    0.00    2.00 v input14/A (sky130_fd_sc_hd__buf_1)
     5    0.01    0.07    0.12    2.12 v input14/X (sky130_fd_sc_hd__buf_1)
                                         net14 (net)
                  0.07    0.00    2.12 v _225_/A_N (sky130_fd_sc_hd__nand3b_4)
     9    0.02    0.10    0.21    2.33 v _225_/Y (sky130_fd_sc_hd__nand3b_4)
                                         _153_ (net)
                  0.10    0.00    2.33 v _232_/C (sky130_fd_sc_hd__and3_1)
     2    0.00    0.04    0.22    2.55 v _232_/X (sky130_fd_sc_hd__and3_1)
                                         _160_ (net)
                  0.04    0.00    2.55 v _235_/B (sky130_fd_sc_hd__or3_1)
     2    0.00    0.07    0.37    2.91 v _235_/X (sky130_fd_sc_hd__or3_1)
                                         _163_ (net)
                  0.07    0.00    2.91 v _304_/B (sky130_fd_sc_hd__and2b_1)
     1    0.00    0.03    0.17    3.08 v _304_/X (sky130_fd_sc_hd__and2b_1)
                                         _063_ (net)
                  0.03    0.00    3.08 v _305_/A (sky130_fd_sc_hd__nor2_1)
     1    0.00    0.07    0.09    3.17 ^ _305_/Y (sky130_fd_sc_hd__nor2_1)
                                         _064_ (net)
                  0.07    0.00    3.17 ^ _306_/B (sky130_fd_sc_hd__or3b_1)
     1    0.00    0.03    0.10    3.27 ^ _306_/X (sky130_fd_sc_hd__or3b_1)
                                         _065_ (net)
                  0.03    0.00    3.27 ^ _307_/D_N (sky130_fd_sc_hd__or4b_1)
     1    0.01    0.12    0.50    3.77 v _307_/X (sky130_fd_sc_hd__or4b_1)
                                         _066_ (net)
                  0.12    0.00    3.77 v _308_/A (sky130_fd_sc_hd__clkbuf_1)
     1    0.00    0.02    0.12    3.89 v _308_/X (sky130_fd_sc_hd__clkbuf_1)
                                         net18 (net)
                  0.02    0.00    3.89 v output18/A (sky130_fd_sc_hd__buf_2)
     1    0.03    0.09    0.18    4.07 v output18/X (sky130_fd_sc_hd__buf_2)
                                         OUT[1] (net)
                  0.09    0.00    4.07 v OUT[1] (out)
                                  4.07   data arrival time

                  0.00   10.00   10.00   clock __VIRTUAL_CLK__ (rise edge)
                          0.00   10.00   clock network delay (ideal)
                         -0.25    9.75   clock uncertainty
                          0.00    9.75   clock reconvergence pessimism
                         -2.00    7.75   output external delay
                                  7.75   data required time
-----------------------------------------------------------------------------
                                  7.75   data required time
                                 -4.07   data arrival time
-----------------------------------------------------------------------------
                                  3.68   slack (MET)


Startpoint: B[0] (input port clocked by __VIRTUAL_CLK__)
Endpoint: OUT[2] (output port clocked by __VIRTUAL_CLK__)
Path Group: __VIRTUAL_CLK__
Path Type: max

Fanout     Cap    Slew   Delay    Time   Description
-----------------------------------------------------------------------------
                  0.00    0.00    0.00   clock __VIRTUAL_CLK__ (rise edge)
                          0.00    0.00   clock network delay (ideal)
                          2.00    2.00 v input external delay
     1    0.00    0.01    0.00    2.00 v B[0] (in)
                                         B[0] (net)
                  0.01    0.00    2.00 v input7/A (sky130_fd_sc_hd__buf_2)
    13    0.03    0.09    0.17    2.17 v input7/X (sky130_fd_sc_hd__buf_2)
                                         net7 (net)
                  0.09    0.00    2.17 v _224_/A (sky130_fd_sc_hd__or2_1)
     4    0.01    0.08    0.29    2.46 v _224_/X (sky130_fd_sc_hd__or2_1)
                                         _152_ (net)
                  0.08    0.00    2.46 v _230_/C (sky130_fd_sc_hd__and3_1)
     2    0.00    0.04    0.20    2.67 v _230_/X (sky130_fd_sc_hd__and3_1)
                                         _158_ (net)
                  0.04    0.00    2.67 v _238_/C (sky130_fd_sc_hd__or3_1)
     1    0.00    0.06    0.30    2.97 v _238_/X (sky130_fd_sc_hd__or3_1)
                                         _001_ (net)
                  0.06    0.00    2.97 v _239_/B (sky130_fd_sc_hd__and2_1)
     2    0.01    0.05    0.18    3.15 v _239_/X (sky130_fd_sc_hd__and2_1)
                                         _002_ (net)
                  0.05    0.00    3.15 v _309_/A (sky130_fd_sc_hd__or3_1)
     1    0.00    0.06    0.38    3.53 v _309_/X (sky130_fd_sc_hd__or3_1)
                                         _067_ (net)
                  0.06    0.00    3.53 v _316_/A3 (sky130_fd_sc_hd__a31o_1)
     1    0.01    0.06    0.26    3.79 v _316_/X (sky130_fd_sc_hd__a31o_1)
                                         net19 (net)
                  0.06    0.00    3.79 v output19/A (sky130_fd_sc_hd__buf_2)
     1    0.03    0.09    0.20    3.99 v output19/X (sky130_fd_sc_hd__buf_2)
                                         OUT[2] (net)
                  0.09    0.00    3.99 v OUT[2] (out)
                                  3.99   data arrival time

                  0.00   10.00   10.00   clock __VIRTUAL_CLK__ (rise edge)
                          0.00   10.00   clock network delay (ideal)
                         -0.25    9.75   clock uncertainty
                          0.00    9.75   clock reconvergence pessimism
                         -2.00    7.75   output external delay
                                  7.75   data required time
-----------------------------------------------------------------------------
                                  7.75   data required time
                                 -3.99   data arrival time
-----------------------------------------------------------------------------
                                  3.76   slack (MET)


Startpoint: OPCODE[1] (input port clocked by __VIRTUAL_CLK__)
Endpoint: OUT[0] (output port clocked by __VIRTUAL_CLK__)
Path Group: __VIRTUAL_CLK__
Path Type: max

Fanout     Cap    Slew   Delay    Time   Description
-----------------------------------------------------------------------------
                  0.00    0.00    0.00   clock __VIRTUAL_CLK__ (rise edge)
                          0.00    0.00   clock network delay (ideal)
                          2.00    2.00 v input external delay
     1    0.00    0.01    0.00    2.00 v OPCODE[1] (in)
                                         OPCODE[1] (net)
                  0.01    0.00    2.00 v input15/A (sky130_fd_sc_hd__clkbuf_2)
     6    0.02    0.09    0.15    2.15 v input15/X (sky130_fd_sc_hd__clkbuf_2)
                                         net15 (net)
                  0.09    0.00    2.15 v _166_/B (sky130_fd_sc_hd__or2_1)
     4    0.01    0.08    0.27    2.42 v _166_/X (sky130_fd_sc_hd__or2_1)
                                         _094_ (net)
                  0.08    0.00    2.42 v _214_/B (sky130_fd_sc_hd__or2_1)
     1    0.00    0.04    0.22    2.64 v _214_/X (sky130_fd_sc_hd__or2_1)
                                         _142_ (net)
                  0.04    0.00    2.64 v _215_/A (sky130_fd_sc_hd__buf_2)
     8    0.02    0.07    0.17    2.81 v _215_/X (sky130_fd_sc_hd__buf_2)
                                         _143_ (net)
                  0.07    0.00    2.81 v _296_/A2 (sky130_fd_sc_hd__o21ai_1)
     1    0.00    0.10    0.13    2.94 ^ _296_/Y (sky130_fd_sc_hd__o21ai_1)
                                         _056_ (net)
                  0.10    0.00    2.94 ^ _297_/B1 (sky130_fd_sc_hd__a31o_1)
     1    0.01    0.10    0.16    3.10 ^ _297_/X (sky130_fd_sc_hd__a31o_1)
                                         net17 (net)
                  0.10    0.00    3.10 ^ output17/A (sky130_fd_sc_hd__buf_2)
     1    0.03    0.17    0.23    3.33 ^ output17/X (sky130_fd_sc_hd__buf_2)
                                         OUT[0] (net)
                  0.17    0.00    3.33 ^ OUT[0] (out)
                                  3.33   data arrival time

                  0.00   10.00   10.00   clock __VIRTUAL_CLK__ (rise edge)
                          0.00   10.00   clock network delay (ideal)
                         -0.25    9.75   clock uncertainty
                          0.00    9.75   clock reconvergence pessimism
                         -2.00    7.75   output external delay
                                  7.75   data required time
-----------------------------------------------------------------------------
                                  7.75   data required time
                                 -3.33   data arrival time
-----------------------------------------------------------------------------
                                  4.42   slack (MET)



worst slack corner Typical: 3.2001
max_report_end
checks_report

===========================================================================
report_checks -unconstrained
===========================================================================
======================= Typical Corner ===================================

Startpoint: B[0] (input port clocked by __VIRTUAL_CLK__)
Endpoint: OUT[6] (output port clocked by __VIRTUAL_CLK__)
Path Group: __VIRTUAL_CLK__
Path Type: max

Fanout     Cap    Slew   Delay    Time   Description
-----------------------------------------------------------------------------
                  0.00    0.00    0.00   clock __VIRTUAL_CLK__ (rise edge)
                          0.00    0.00   clock network delay (ideal)
                          2.00    2.00 v input external delay
     1    0.00    0.01    0.00    2.00 v B[0] (in)
                                         B[0] (net)
                  0.01    0.00    2.00 v input7/A (sky130_fd_sc_hd__buf_2)
    13    0.03    0.09    0.17    2.17 v input7/X (sky130_fd_sc_hd__buf_2)
                                         net7 (net)
                  0.09    0.00    2.17 v _224_/A (sky130_fd_sc_hd__or2_1)
     4    0.01    0.08    0.29    2.46 v _224_/X (sky130_fd_sc_hd__or2_1)
                                         _152_ (net)
                  0.08    0.00    2.46 v _226_/A3 (sky130_fd_sc_hd__o31a_1)
     3    0.01    0.08    0.30    2.76 v _226_/X (sky130_fd_sc_hd__o31a_1)
                                         _154_ (net)
                  0.08    0.00    2.76 v _258_/A3 (sky130_fd_sc_hd__o31a_1)
     2    0.01    0.07    0.28    3.04 v _258_/X (sky130_fd_sc_hd__o31a_1)
                                         _020_ (net)
                  0.07    0.00    3.04 v _259_/B (sky130_fd_sc_hd__xnor2_1)
     2    0.00    0.06    0.15    3.19 v _259_/Y (sky130_fd_sc_hd__xnor2_1)
                                         _021_ (net)
                  0.06    0.00    3.19 v _260_/B (sky130_fd_sc_hd__and2_1)
     3    0.01    0.05    0.18    3.37 v _260_/X (sky130_fd_sc_hd__and2_1)
                                         _022_ (net)
                  0.05    0.00    3.37 v _262_/A (sky130_fd_sc_hd__or2_1)
     2    0.01    0.07    0.26    3.63 v _262_/X (sky130_fd_sc_hd__or2_1)
                                         _024_ (net)
                  0.07    0.00    3.63 v _266_/B1 (sky130_fd_sc_hd__a311oi_2)
     3    0.01    0.24    0.29    3.92 ^ _266_/Y (sky130_fd_sc_hd__a311oi_2)
                                         _028_ (net)
                  0.24    0.00    3.92 ^ _267_/A_N (sky130_fd_sc_hd__and2b_1)
     1    0.00    0.03    0.22    4.15 v _267_/X (sky130_fd_sc_hd__and2b_1)
                                         _029_ (net)
                  0.03    0.00    4.15 v _281_/A2 (sky130_fd_sc_hd__a21o_1)
     1    0.01    0.06    0.21    4.35 v _281_/X (sky130_fd_sc_hd__a21o_1)
                                         net23 (net)
                  0.06    0.00    4.35 v output23/A (sky130_fd_sc_hd__buf_2)
     1    0.03    0.09    0.20    4.55 v output23/X (sky130_fd_sc_hd__buf_2)
                                         OUT[6] (net)
                  0.09    0.00    4.55 v OUT[6] (out)
                                  4.55   data arrival time

                  0.00   10.00   10.00   clock __VIRTUAL_CLK__ (rise edge)
                          0.00   10.00   clock network delay (ideal)
                         -0.25    9.75   clock uncertainty
                          0.00    9.75   clock reconvergence pessimism
                         -2.00    7.75   output external delay
                                  7.75   data required time
-----------------------------------------------------------------------------
                                  7.75   data required time
                                 -4.55   data arrival time
-----------------------------------------------------------------------------
                                  3.20   slack (MET)




===========================================================================
report_checks --slack_max -0.01
============================================================================
======================= Typical Corner ===================================

No paths found.


===========================================================================
 report_check_types -max_slew -max_cap -max_fanout -violators
============================================================================
======================= Typical Corner ===================================


max slew violations count Typical: 0
max fanout violations count Typical: 0
max cap violations count Typical: 0

===========================================================================
report_parasitic_annotation -report_unannotated
============================================================================
Found 0 unannotated drivers.
Found 0 partially unannotated drivers.

===========================================================================
max slew violation count 0
max fanout violation count 0
max cap violation count 0
============================================================================

===========================================================================
check_setup -verbose -unconstrained_endpoints -multiple_clock -no_clock -no_input_delay -loops -generated_clocks
===========================================================================
checks_report_end
power_report

===========================================================================
 report_power
============================================================================
======================= Typical Corner ===================================

Group                  Internal  Switching    Leakage      Total
                          Power      Power      Power      Power (Watts)
----------------------------------------------------------------
Sequential             0.00e+00   0.00e+00   0.00e+00   0.00e+00   0.0%
Combinational          3.60e-05   4.61e-05   6.60e-10   8.22e-05 100.0%
Clock                  0.00e+00   0.00e+00   2.33e-10   2.33e-10   0.0%
Macro                  0.00e+00   0.00e+00   0.00e+00   0.00e+00   0.0%
Pad                    0.00e+00   0.00e+00   0.00e+00   0.00e+00   0.0%
----------------------------------------------------------------
Total                  3.60e-05   4.61e-05   8.94e-10   8.22e-05 100.0%
                          43.8%      56.1%       0.0%

power_report_end
summary_report

===========================================================================
report_tns
============================================================================
tns 0.00

===========================================================================
report_wns
============================================================================
wns 0.00

===========================================================================
report_worst_slack -max (Setup)
============================================================================
worst slack 3.20

===========================================================================
report_worst_slack -min (Hold)
============================================================================
worst slack 4.29
summary_report_end
area_report

===========================================================================
report_design_area
============================================================================
Design area 1524 u^2 14% utilization.
area_report_end
check_nonpropagated_clocks
__VIRTUAL_CLK__
check_nonpropagated_clocks_end
[WARNING] Did not save OpenROAD database!
Writing SDF to '/openlane/designs/alu/runs/RUN_2025.05.01_15.47.09/results/signoff/alu.sdf'…
Writing timing model to '/openlane/designs/alu/runs/RUN_2025.05.01_15.47.09/results/signoff/alu.lib'…
