Instance,Terminal,Layer,X location,Y location,Voltage
FILLER_0_12_37,VPWR,li1,23.2300,46.2400,1.799992
FILLER_0_12_29,VPWR,li1,20.7000,46.2400,1.799993
FILLER_0_12_27,VPWR,li1,18.1700,46.2400,1.799994
FILLER_0_12_13,VPWR,li1,13.3400,46.2400,1.799995
FILLER_0_11_42,VPWR,li1,26.2200,40.8000,1.799995
FILLER_0_11_30,VPWR,li1,22.0800,40.8000,1.799996
FILLER_0_11_18,VPWR,li1,16.5600,40.8000,1.799997
FILLER_0_11_6,VPWR,li1,11.0400,40.8000,1.799998
FILLER_0_10_42,VPWR,li1,25.3000,40.8000,1.799995
FILLER_0_10_29,VPWR,li1,20.7000,40.8000,1.799996
FILLER_0_10_26,VPWR,li1,17.9400,40.8000,1.799996
FILLER_0_10_18,VPWR,li1,15.6400,40.8000,1.799997
FILLER_0_10_6,VPWR,li1,11.0400,40.8000,1.799998
FILLER_0_9_44,VPWR,li1,26.6800,35.3600,1.799998
FILLER_0_9_32,VPWR,li1,23.0000,35.3600,1.799998
FILLER_0_9_15,VPWR,li1,13.1100,35.3600,1.799998
FILLER_0_9_3,VPWR,li1,9.6600,35.3600,1.799998
FILLER_0_8_43,VPWR,li1,25.5300,35.3600,1.799998
FILLER_0_8_39,VPWR,li1,24.3800,35.3600,1.799998
FILLER_0_8_29,VPWR,li1,19.7800,35.3600,1.799998
FILLER_0_8_26,VPWR,li1,17.9400,35.3600,1.799998
FILLER_0_8_14,VPWR,li1,14.7200,35.3600,1.799998
FILLER_0_8_6,VPWR,li1,8.5100,35.3600,1.799998
FILLER_0_7_46,VPWR,li1,27.1400,29.9200,1.799998
FILLER_0_7_38,VPWR,li1,24.8400,29.9200,1.799998
FILLER_0_7_26,VPWR,li1,20.2400,29.9200,1.799998
FILLER_0_7_21,VPWR,li1,15.6400,29.9200,1.799998
FILLER_0_7_13,VPWR,li1,13.3400,29.9200,1.799998
FILLER_0_7_7,VPWR,li1,8.9700,29.9200,1.799999
FILLER_0_7_3,VPWR,li1,7.1300,29.9200,1.799999
FILLER_0_6_40,VPWR,li1,25.7600,29.9200,1.799998
FILLER_0_6_29,VPWR,li1,19.0900,29.9200,1.799998
FILLER_0_6_15,VPWR,li1,13.8000,29.9200,1.799998
FILLER_0_6_3,VPWR,li1,9.6600,29.9200,1.799999
FILLER_0_5_43,VPWR,li1,25.5300,24.4800,1.799996
FILLER_0_5_35,VPWR,li1,23.4600,24.4800,1.799996
FILLER_0_5_23,VPWR,li1,18.8600,24.4800,1.799997
FILLER_0_5_18,VPWR,li1,14.2600,24.4800,1.799997
FILLER_0_5_6,VPWR,li1,11.0400,24.4800,1.799998
FILLER_0_4_47,VPWR,li1,27.3700,24.4800,1.799996
FILLER_0_4_41,VPWR,li1,25.7600,24.4800,1.799996
FILLER_0_4_29,VPWR,li1,21.6200,24.4800,1.799996
FILLER_0_4_27,VPWR,li1,18.1700,24.4800,1.799997
FILLER_0_4_15,VPWR,li1,15.1800,24.4800,1.799997
FILLER_0_4_3,VPWR,li1,9.6600,24.4800,1.799998
FILLER_0_3_43,VPWR,li1,25.5300,19.0400,1.799995
FILLER_0_3_39,VPWR,li1,24.3800,19.0400,1.799996
FILLER_0_3_30,VPWR,li1,20.0100,19.0400,1.799996
FILLER_0_3_18,VPWR,li1,16.5600,19.0400,1.799997
FILLER_0_3_6,VPWR,li1,11.0400,19.0400,1.799998
FILLER_0_2_47,VPWR,li1,27.3700,19.0400,1.799995
FILLER_0_2_41,VPWR,li1,25.7600,19.0400,1.799995
FILLER_0_2_29,VPWR,li1,21.6200,19.0400,1.799996
FILLER_0_2_27,VPWR,li1,18.1700,19.0400,1.799997
FILLER_0_2_15,VPWR,li1,15.1800,19.0400,1.799997
FILLER_0_2_3,VPWR,li1,9.6600,19.0400,1.799998
FILLER_0_1_36,VPWR,li1,24.8400,13.6000,1.799993
FILLER_0_1_24,VPWR,li1,19.3200,13.6000,1.799994
FILLER_0_1_9,VPWR,li1,12.4200,13.6000,1.799996
FILLER_0_0_37,VPWR,li1,22.7700,13.6000,1.799993
FILLER_0_0_29,VPWR,li1,20.7000,13.6000,1.799994
FILLER_0_0_16,VPWR,li1,15.6400,13.6000,1.799995
FILLER_0_0_9,VPWR,li1,10.1200,13.6000,1.799996
output16,VPWR,li1,26.2200,13.6000,1.799993
output15,VPWR,li1,23.9200,13.6000,1.799993
output14,VPWR,li1,26.6800,19.0400,1.799995
output13,VPWR,li1,26.6800,24.4800,1.799996
output12,VPWR,li1,26.6800,35.3600,1.799998
output11,VPWR,li1,26.6800,40.8000,1.799995
output10,VPWR,li1,26.6800,46.2400,1.799992
output9,VPWR,li1,24.8400,46.2400,1.799992
input8,VPWR,li1,8.9700,13.6000,1.799996
input7,VPWR,li1,7.5900,13.6000,1.799996
input6,VPWR,li1,7.5900,19.0400,1.799998
input5,VPWR,li1,7.5900,24.4800,1.799998
input4,VPWR,li1,7.5900,35.3600,1.799998
input3,VPWR,li1,7.5900,40.8000,1.799998
input2,VPWR,li1,7.5900,40.8000,1.799998
input1,VPWR,li1,9.2000,46.2400,1.799996
TAP_TAPCELL_ROW_12_32,VPWR,li1,18.6300,45.9330,1.799993
TAP_TAPCELL_ROW_10_31,VPWR,li1,18.6300,40.4930,1.799996
TAP_TAPCELL_ROW_8_30,VPWR,li1,18.6300,35.0530,1.799998
TAP_TAPCELL_ROW_6_29,VPWR,li1,18.6300,29.6130,1.799998
TAP_TAPCELL_ROW_4_28,VPWR,li1,18.6300,24.1730,1.799997
TAP_TAPCELL_ROW_2_27,VPWR,li1,18.6300,18.7330,1.799997
TAP_TAPCELL_ROW_0_26,VPWR,li1,18.6300,13.2930,1.799994
PHY_EDGE_ROW_12_Left_25,VPWR,li1,6.2100,46.2400,1.799996
PHY_EDGE_ROW_11_Left_24,VPWR,li1,6.2100,40.8000,1.799998
PHY_EDGE_ROW_10_Left_23,VPWR,li1,6.2100,40.8000,1.799998
PHY_EDGE_ROW_9_Left_22,VPWR,li1,6.2100,35.3600,1.799998
PHY_EDGE_ROW_8_Left_21,VPWR,li1,6.2100,35.3600,1.799998
PHY_EDGE_ROW_7_Left_20,VPWR,li1,6.2100,29.9200,1.799999
PHY_EDGE_ROW_6_Left_19,VPWR,li1,6.2100,29.9200,1.799999
PHY_EDGE_ROW_5_Left_18,VPWR,li1,6.2100,24.4800,1.799998
PHY_EDGE_ROW_4_Left_17,VPWR,li1,6.2100,24.4800,1.799998
PHY_EDGE_ROW_3_Left_16,VPWR,li1,6.2100,19.0400,1.799998
PHY_EDGE_ROW_2_Left_15,VPWR,li1,6.2100,19.0400,1.799998
PHY_EDGE_ROW_1_Left_14,VPWR,li1,6.2100,13.6000,1.799996
PHY_EDGE_ROW_0_Left_13,VPWR,li1,6.2100,13.6000,1.799996
PHY_EDGE_ROW_12_Right_12,VPWR,li1,28.2900,46.2400,1.799992
PHY_EDGE_ROW_11_Right_11,VPWR,li1,28.2900,40.8000,1.799995
PHY_EDGE_ROW_10_Right_10,VPWR,li1,28.2900,40.8000,1.799995
PHY_EDGE_ROW_9_Right_9,VPWR,li1,28.2900,35.3600,1.799998
PHY_EDGE_ROW_8_Right_8,VPWR,li1,28.2900,35.3600,1.799998
PHY_EDGE_ROW_7_Right_7,VPWR,li1,28.2900,29.9200,1.799998
PHY_EDGE_ROW_6_Right_6,VPWR,li1,28.2900,29.9200,1.799998
PHY_EDGE_ROW_5_Right_5,VPWR,li1,28.2900,24.4800,1.799996
PHY_EDGE_ROW_4_Right_4,VPWR,li1,28.2900,24.4800,1.799996
PHY_EDGE_ROW_3_Right_3,VPWR,li1,28.2900,19.0400,1.799995
PHY_EDGE_ROW_2_Right_2,VPWR,li1,28.2900,19.0400,1.799995
PHY_EDGE_ROW_1_Right_1,VPWR,li1,28.2900,13.6000,1.799993
PHY_EDGE_ROW_0_Right_0,VPWR,li1,28.2900,13.6000,1.799993
_27_,VPWR,li1,22.7700,19.0400,1.799996
_26_,VPWR,li1,16.7900,29.9200,1.799998
_25_,VPWR,li1,11.7300,13.6000,1.799996
_24_,VPWR,li1,20.9300,29.9200,1.799998
_23_,VPWR,li1,15.8700,13.6000,1.799995
_22_,VPWR,li1,10.3500,29.9200,1.799999
_21_,VPWR,li1,8.2800,13.6000,1.799996
_20_,VPWR,li1,22.0800,35.3600,1.799998
_19_,VPWR,li1,10.3500,35.3600,1.799998
_18_,VPWR,li1,21.3900,19.0400,1.799996
_17_,VPWR,li1,23.6900,40.8000,1.799995
_16_,VPWR,li1,8.0500,29.9200,1.799999
_15_,VPWR,li1,23.2300,29.9200,1.799998
_14_,VPWR,li1,16.5600,46.2400,1.799994
_13_,VPWR,li1,16.7900,29.9200,1.799998
_12_,VPWR,li1,15.4100,35.3600,1.799998
_11_,VPWR,li1,18.6300,35.3600,1.799998
_10_,VPWR,li1,15.4100,24.4800,1.799997
