
===========================================================================
report_checks -path_delay min (Hold)
============================================================================
======================= Typical Corner ===================================

Startpoint: B[0] (input port clocked by __VIRTUAL_CLK__)
Endpoint: OUT[0] (output port clocked by __VIRTUAL_CLK__)
Path Group: __VIRTUAL_CLK__
Path Type: min

Fanout     Cap    Slew   Delay    Time   Description
-----------------------------------------------------------------------------
                  0.00    0.00    0.00   clock __VIRTUAL_CLK__ (rise edge)
                          0.00    0.00   clock network delay (ideal)
                          2.00    2.00 v input external delay
     1    0.00    0.01    0.00    2.00 v B[0] (in)
                                         B[0] (net)
                  0.01    0.00    2.00 v input7/A (sky130_fd_sc_hd__buf_2)
    13    0.03    0.09    0.15    2.16 v input7/X (sky130_fd_sc_hd__buf_2)
                                         net7 (net)
                  0.09    0.00    2.16 v _297_/A1 (sky130_fd_sc_hd__a31o_1)
     1    0.01    0.06    0.21    2.36 v _297_/X (sky130_fd_sc_hd__a31o_1)
                                         net17 (net)
                  0.06    0.00    2.36 v output17/A (sky130_fd_sc_hd__buf_2)
     1    0.03    0.09    0.18    2.54 v output17/X (sky130_fd_sc_hd__buf_2)
                                         OUT[0] (net)
                  0.09    0.00    2.54 v OUT[0] (out)
                                  2.54   data arrival time

                  0.00    0.00    0.00   clock __VIRTUAL_CLK__ (rise edge)
                          0.00    0.00   clock network delay (ideal)
                          0.25    0.25   clock uncertainty
                          0.00    0.25   clock reconvergence pessimism
                         -2.00   -1.75   output external delay
                                 -1.75   data required time
-----------------------------------------------------------------------------
                                 -1.75   data required time
                                 -2.54   data arrival time
-----------------------------------------------------------------------------
                                  4.29   slack (MET)


Startpoint: A[5] (input port clocked by __VIRTUAL_CLK__)
Endpoint: OUT[5] (output port clocked by __VIRTUAL_CLK__)
Path Group: __VIRTUAL_CLK__
Path Type: min

Fanout     Cap    Slew   Delay    Time   Description
-----------------------------------------------------------------------------
                  0.00    0.00    0.00   clock __VIRTUAL_CLK__ (rise edge)
                          0.00    0.00   clock network delay (ideal)
                          2.00    2.00 ^ input external delay
     1    0.00    0.02    0.01    2.01 ^ A[5] (in)
                                         A[5] (net)
                  0.02    0.00    2.01 ^ input4/A (sky130_fd_sc_hd__clkbuf_2)
     6    0.02    0.10    0.13    2.14 ^ input4/X (sky130_fd_sc_hd__clkbuf_2)
                                         net4 (net)
                  0.10    0.00    2.14 ^ _223_/A2 (sky130_fd_sc_hd__a311o_1)
     1    0.00    0.06    0.17    2.32 ^ _223_/X (sky130_fd_sc_hd__a311o_1)
                                         _151_ (net)
                  0.06    0.00    2.32 ^ _257_/B1 (sky130_fd_sc_hd__a211o_1)
     1    0.01    0.08    0.12    2.44 ^ _257_/X (sky130_fd_sc_hd__a211o_1)
                                         net22 (net)
                  0.08    0.00    2.44 ^ output22/A (sky130_fd_sc_hd__buf_2)
     1    0.03    0.17    0.20    2.64 ^ output22/X (sky130_fd_sc_hd__buf_2)
                                         OUT[5] (net)
                  0.17    0.00    2.64 ^ OUT[5] (out)
                                  2.64   data arrival time

                  0.00    0.00    0.00   clock __VIRTUAL_CLK__ (rise edge)
                          0.00    0.00   clock network delay (ideal)
                          0.25    0.25   clock uncertainty
                          0.00    0.25   clock reconvergence pessimism
                         -2.00   -1.75   output external delay
                                 -1.75   data required time
-----------------------------------------------------------------------------
                                 -1.75   data required time
                                 -2.64   data arrival time
-----------------------------------------------------------------------------
                                  4.39   slack (MET)


Startpoint: A[1] (input port clocked by __VIRTUAL_CLK__)
Endpoint: OUT[1] (output port clocked by __VIRTUAL_CLK__)
Path Group: __VIRTUAL_CLK__
Path Type: min

Fanout     Cap    Slew   Delay    Time   Description
-----------------------------------------------------------------------------
                  0.00    0.00    0.00   clock __VIRTUAL_CLK__ (rise edge)
                          0.00    0.00   clock network delay (ideal)
                          2.00    2.00 v input external delay
     1    0.00    0.01    0.00    2.00 v A[1] (in)
                                         A[1] (net)
                  0.01    0.00    2.00 v input2/A (sky130_fd_sc_hd__clkbuf_4)
    13    0.04    0.08    0.16    2.16 v input2/X (sky130_fd_sc_hd__clkbuf_4)
                                         net2 (net)
                  0.08    0.00    2.17 v _303_/A (sky130_fd_sc_hd__nor2_1)
     1    0.00    0.06    0.09    2.26 ^ _303_/Y (sky130_fd_sc_hd__nor2_1)
                                         _062_ (net)
                  0.06    0.00    2.26 ^ _307_/C (sky130_fd_sc_hd__or4b_1)
     1    0.01    0.09    0.13    2.39 ^ _307_/X (sky130_fd_sc_hd__or4b_1)
                                         _066_ (net)
                  0.09    0.00    2.39 ^ _308_/A (sky130_fd_sc_hd__clkbuf_1)
     1    0.00    0.04    0.08    2.47 ^ _308_/X (sky130_fd_sc_hd__clkbuf_1)
                                         net18 (net)
                  0.04    0.00    2.47 ^ output18/A (sky130_fd_sc_hd__buf_2)
     1    0.03    0.17    0.19    2.66 ^ output18/X (sky130_fd_sc_hd__buf_2)
                                         OUT[1] (net)
                  0.17    0.00    2.66 ^ OUT[1] (out)
                                  2.66   data arrival time

                  0.00    0.00    0.00   clock __VIRTUAL_CLK__ (rise edge)
                          0.00    0.00   clock network delay (ideal)
                          0.25    0.25   clock uncertainty
                          0.00    0.25   clock reconvergence pessimism
                         -2.00   -1.75   output external delay
                                 -1.75   data required time
-----------------------------------------------------------------------------
                                 -1.75   data required time
                                 -2.66   data arrival time
-----------------------------------------------------------------------------
                                  4.41   slack (MET)


Startpoint: B[3] (input port clocked by __VIRTUAL_CLK__)
Endpoint: OUT[3] (output port clocked by __VIRTUAL_CLK__)
Path Group: __VIRTUAL_CLK__
Path Type: min

Fanout     Cap    Slew   Delay    Time   Description
-----------------------------------------------------------------------------
                  0.00    0.00    0.00   clock __VIRTUAL_CLK__ (rise edge)
                          0.00    0.00   clock network delay (ideal)
                          2.00    2.00 ^ input external delay
     1    0.00    0.02    0.01    2.01 ^ B[3] (in)
                                         B[3] (net)
                  0.02    0.00    2.01 ^ _168_/A (sky130_fd_sc_hd__clkbuf_4)
    12    0.04    0.12    0.17    2.18 ^ _168_/X (sky130_fd_sc_hd__clkbuf_4)
                                         _096_ (net)
                  0.12    0.00    2.18 ^ _324_/A1 (sky130_fd_sc_hd__a311o_1)
     1    0.00    0.05    0.16    2.34 ^ _324_/X (sky130_fd_sc_hd__a311o_1)
                                         _081_ (net)
                  0.05    0.00    2.34 ^ _325_/C1 (sky130_fd_sc_hd__a221o_1)
     1    0.01    0.08    0.12    2.46 ^ _325_/X (sky130_fd_sc_hd__a221o_1)
                                         net20 (net)
                  0.08    0.00    2.46 ^ output20/A (sky130_fd_sc_hd__buf_2)
     1    0.03    0.17    0.20    2.67 ^ output20/X (sky130_fd_sc_hd__buf_2)
                                         OUT[3] (net)
                  0.17    0.00    2.67 ^ OUT[3] (out)
                                  2.67   data arrival time

                  0.00    0.00    0.00   clock __VIRTUAL_CLK__ (rise edge)
                          0.00    0.00   clock network delay (ideal)
                          0.25    0.25   clock uncertainty
                          0.00    0.25   clock reconvergence pessimism
                         -2.00   -1.75   output external delay
                                 -1.75   data required time
-----------------------------------------------------------------------------
                                 -1.75   data required time
                                 -2.67   data arrival time
-----------------------------------------------------------------------------
                                  4.42   slack (MET)


Startpoint: A[4] (input port clocked by __VIRTUAL_CLK__)
Endpoint: OUT[4] (output port clocked by __VIRTUAL_CLK__)
Path Group: __VIRTUAL_CLK__
Path Type: min

Fanout     Cap    Slew   Delay    Time   Description
-----------------------------------------------------------------------------
                  0.00    0.00    0.00   clock __VIRTUAL_CLK__ (rise edge)
                          0.00    0.00   clock network delay (ideal)
                          2.00    2.00 ^ input external delay
     1    0.00    0.02    0.01    2.01 ^ A[4] (in)
                                         A[4] (net)
                  0.02    0.00    2.01 ^ input3/A (sky130_fd_sc_hd__clkbuf_2)
     6    0.02    0.11    0.13    2.14 ^ input3/X (sky130_fd_sc_hd__clkbuf_2)
                                         net3 (net)
                  0.11    0.00    2.14 ^ _331_/A2 (sky130_fd_sc_hd__a31o_1)
     1    0.00    0.04    0.13    2.28 ^ _331_/X (sky130_fd_sc_hd__a31o_1)
                                         _087_ (net)
                  0.04    0.00    2.28 ^ _336_/B (sky130_fd_sc_hd__or3_1)
     1    0.00    0.04    0.08    2.36 ^ _336_/X (sky130_fd_sc_hd__or3_1)
                                         _092_ (net)
                  0.04    0.00    2.36 ^ _337_/A (sky130_fd_sc_hd__buf_1)
     1    0.01    0.10    0.11    2.47 ^ _337_/X (sky130_fd_sc_hd__buf_1)
                                         net21 (net)
                  0.10    0.00    2.47 ^ output21/A (sky130_fd_sc_hd__buf_2)
     1    0.03    0.17    0.21    2.68 ^ output21/X (sky130_fd_sc_hd__buf_2)
                                         OUT[4] (net)
                  0.17    0.00    2.68 ^ OUT[4] (out)
                                  2.68   data arrival time

                  0.00    0.00    0.00   clock __VIRTUAL_CLK__ (rise edge)
                          0.00    0.00   clock network delay (ideal)
                          0.25    0.25   clock uncertainty
                          0.00    0.25   clock reconvergence pessimism
                         -2.00   -1.75   output external delay
                                 -1.75   data required time
-----------------------------------------------------------------------------
                                 -1.75   data required time
                                 -2.68   data arrival time
-----------------------------------------------------------------------------
                                  4.43   slack (MET)


Startpoint: A[5] (input port clocked by __VIRTUAL_CLK__)
Endpoint: OUT[6] (output port clocked by __VIRTUAL_CLK__)
Path Group: __VIRTUAL_CLK__
Path Type: min

Fanout     Cap    Slew   Delay    Time   Description
-----------------------------------------------------------------------------
                  0.00    0.00    0.00   clock __VIRTUAL_CLK__ (rise edge)
                          0.00    0.00   clock network delay (ideal)
                          2.00    2.00 v input external delay
     1    0.00    0.01    0.00    2.00 v A[5] (in)
                                         A[5] (net)
                  0.01    0.00    2.00 v input4/A (sky130_fd_sc_hd__clkbuf_2)
     6    0.02    0.07    0.12    2.12 v input4/X (sky130_fd_sc_hd__clkbuf_2)
                                         net4 (net)
                  0.07    0.00    2.12 v _251_/A (sky130_fd_sc_hd__nand2_1)
     3    0.01    0.10    0.11    2.23 ^ _251_/Y (sky130_fd_sc_hd__nand2_1)
                                         _014_ (net)
                  0.10    0.00    2.23 ^ _264_/A1 (sky130_fd_sc_hd__a31o_1)
     1    0.00    0.04    0.13    2.36 ^ _264_/X (sky130_fd_sc_hd__a31o_1)
                                         _026_ (net)
                  0.04    0.00    2.36 ^ _265_/B (sky130_fd_sc_hd__nand2_1)
     1    0.00    0.03    0.04    2.40 v _265_/Y (sky130_fd_sc_hd__nand2_1)
                                         _027_ (net)
                  0.03    0.00    2.40 v _281_/A1 (sky130_fd_sc_hd__a21o_1)
     1    0.01    0.06    0.17    2.57 v _281_/X (sky130_fd_sc_hd__a21o_1)
                                         net23 (net)
                  0.06    0.00    2.57 v output23/A (sky130_fd_sc_hd__buf_2)
     1    0.03    0.09    0.18    2.74 v output23/X (sky130_fd_sc_hd__buf_2)
                                         OUT[6] (net)
                  0.09    0.00    2.74 v OUT[6] (out)
                                  2.74   data arrival time

                  0.00    0.00    0.00   clock __VIRTUAL_CLK__ (rise edge)
                          0.00    0.00   clock network delay (ideal)
                          0.25    0.25   clock uncertainty
                          0.00    0.25   clock reconvergence pessimism
                         -2.00   -1.75   output external delay
                                 -1.75   data required time
-----------------------------------------------------------------------------
                                 -1.75   data required time
                                 -2.74   data arrival time
-----------------------------------------------------------------------------
                                  4.49   slack (MET)


Startpoint: OPCODE[2] (input port clocked by __VIRTUAL_CLK__)
Endpoint: OUT[7] (output port clocked by __VIRTUAL_CLK__)
Path Group: __VIRTUAL_CLK__
Path Type: min

Fanout     Cap    Slew   Delay    Time   Description
-----------------------------------------------------------------------------
                  0.00    0.00    0.00   clock __VIRTUAL_CLK__ (rise edge)
                          0.00    0.00   clock network delay (ideal)
                          2.00    2.00 v input external delay
     1    0.00    0.01    0.00    2.00 v OPCODE[2] (in)
                                         OPCODE[2] (net)
                  0.01    0.00    2.00 v input16/A (sky130_fd_sc_hd__clkbuf_2)
     6    0.02    0.09    0.14    2.14 v input16/X (sky130_fd_sc_hd__clkbuf_2)
                                         net16 (net)
                  0.09    0.00    2.14 v _255_/A (sky130_fd_sc_hd__and3_2)
     7    0.02    0.07    0.22    2.36 v _255_/X (sky130_fd_sc_hd__and3_2)
                                         _018_ (net)
                  0.07    0.00    2.36 v _292_/A1 (sky130_fd_sc_hd__a31o_1)
     1    0.01    0.07    0.20    2.57 v _292_/X (sky130_fd_sc_hd__a31o_1)
                                         net24 (net)
                  0.07    0.00    2.57 v output24/A (sky130_fd_sc_hd__buf_2)
     1    0.03    0.09    0.18    2.75 v output24/X (sky130_fd_sc_hd__buf_2)
                                         OUT[7] (net)
                  0.09    0.00    2.75 v OUT[7] (out)
                                  2.75   data arrival time

                  0.00    0.00    0.00   clock __VIRTUAL_CLK__ (rise edge)
                          0.00    0.00   clock network delay (ideal)
                          0.25    0.25   clock uncertainty
                          0.00    0.25   clock reconvergence pessimism
                         -2.00   -1.75   output external delay
                                 -1.75   data required time
-----------------------------------------------------------------------------
                                 -1.75   data required time
                                 -2.75   data arrival time
-----------------------------------------------------------------------------
                                  4.50   slack (MET)


Startpoint: B[2] (input port clocked by __VIRTUAL_CLK__)
Endpoint: OUT[2] (output port clocked by __VIRTUAL_CLK__)
Path Group: __VIRTUAL_CLK__
Path Type: min

Fanout     Cap    Slew   Delay    Time   Description
-----------------------------------------------------------------------------
                  0.00    0.00    0.00   clock __VIRTUAL_CLK__ (rise edge)
                          0.00    0.00   clock network delay (ideal)
                          2.00    2.00 ^ input external delay
     1    0.00    0.02    0.01    2.01 ^ B[2] (in)
                                         B[2] (net)
                  0.02    0.00    2.01 ^ input9/A (sky130_fd_sc_hd__clkbuf_4)
    13    0.04    0.12    0.17    2.18 ^ input9/X (sky130_fd_sc_hd__clkbuf_4)
                                         net9 (net)
                  0.12    0.00    2.18 ^ _314_/A2 (sky130_fd_sc_hd__a311o_1)
     1    0.00    0.04    0.15    2.34 ^ _314_/X (sky130_fd_sc_hd__a311o_1)
                                         _072_ (net)
                  0.04    0.00    2.34 ^ _315_/B1_N (sky130_fd_sc_hd__o21bai_1)
     1    0.00    0.06    0.09    2.43 ^ _315_/Y (sky130_fd_sc_hd__o21bai_1)
                                         _073_ (net)
                  0.06    0.00    2.43 ^ _316_/B1 (sky130_fd_sc_hd__a31o_1)
     1    0.01    0.09    0.12    2.55 ^ _316_/X (sky130_fd_sc_hd__a31o_1)
                                         net19 (net)
                  0.09    0.00    2.55 ^ output19/A (sky130_fd_sc_hd__buf_2)
     1    0.03    0.17    0.20    2.76 ^ output19/X (sky130_fd_sc_hd__buf_2)
                                         OUT[2] (net)
                  0.17    0.00    2.76 ^ OUT[2] (out)
                                  2.76   data arrival time

                  0.00    0.00    0.00   clock __VIRTUAL_CLK__ (rise edge)
                          0.00    0.00   clock network delay (ideal)
                          0.25    0.25   clock uncertainty
                          0.00    0.25   clock reconvergence pessimism
                         -2.00   -1.75   output external delay
                                 -1.75   data required time
-----------------------------------------------------------------------------
                                 -1.75   data required time
                                 -2.76   data arrival time
-----------------------------------------------------------------------------
                                  4.51   slack (MET)



worst slack corner Typical: 4.2914
