OpenROAD b16bda7e82721d10566ff7e2b68f1ff0be9f9e38 
Features included (+) or not (-): +Charts +GPU +GUI +Python
This program is licensed under the BSD-3 license. See the LICENSE file for details.
Components of this program may be licensed under more restrictive licenses which must be honored.
define_corners Typical
read_liberty -corner Typical /home/omers/.volare/sky130A/libs.ref/sky130_fd_sc_hd/lib/sky130_fd_sc_hd__tt_025C_1v80.lib
Using 1e-12 for capacitance...
Using 1e+03 for resistance...
Using 1e-09 for time...
Using 1e+00 for voltage...
Using 1e-03 for current...
Using 1e-09 for power...
Using 1e-06 for distance...
[INFO]: Reading ODB at '/openlane/designs/alu/runs/RUN_2025.05.01_15.47.09/tmp/15-alu.odb'…
Reading design constraints file at '/openlane/scripts/base.sdc'…
[INFO]: Setting output delay to: 2.0
[INFO]: Setting input delay to: 2.0
[WARNING STA-0366] port '__VIRTUAL_CLK__' not found.
[INFO]: Setting load to: 0.033442
[INFO]: Setting clock uncertainty to: 0.25
[INFO]: Setting clock transition to: 0.15
[WARNING STA-0419] transition time can not be specified for virtual clocks.
[INFO]: Setting timing derate to: 5.0 %
[INFO]: Propagating all clocks
[WARNING STA-0450] virtual clock __VIRTUAL_CLK__ can not be propagated.
[INFO]: Setting RC values...
min_report

===========================================================================
report_checks -path_delay min (Hold)
============================================================================
======================= Typical Corner ===================================

Startpoint: B[0] (input port clocked by __VIRTUAL_CLK__)
Endpoint: OUT[0] (output port clocked by __VIRTUAL_CLK__)
Path Group: __VIRTUAL_CLK__
Path Type: min

Fanout     Cap    Slew   Delay    Time   Description
-----------------------------------------------------------------------------
                  0.00    0.00    0.00   clock __VIRTUAL_CLK__ (rise edge)
                          0.00    0.00   clock network delay (ideal)
                          2.00    2.00 v input external delay
     1    0.00    0.01    0.00    2.00 v B[0] (in)
                                         B[0] (net)
                  0.01    0.00    2.00 v input7/A (sky130_fd_sc_hd__buf_2)
    13    0.04    0.09    0.16    2.16 v input7/X (sky130_fd_sc_hd__buf_2)
                                         net7 (net)
                  0.09    0.00    2.16 v _297_/A1 (sky130_fd_sc_hd__a31o_1)
     1    0.01    0.07    0.21    2.38 v _297_/X (sky130_fd_sc_hd__a31o_1)
                                         net17 (net)
                  0.07    0.00    2.38 v output17/A (sky130_fd_sc_hd__buf_2)
     1    0.04    0.09    0.18    2.56 v output17/X (sky130_fd_sc_hd__buf_2)
                                         OUT[0] (net)
                  0.09    0.00    2.56 v OUT[0] (out)
                                  2.56   data arrival time

                  0.00    0.00    0.00   clock __VIRTUAL_CLK__ (rise edge)
                          0.00    0.00   clock network delay (ideal)
                          0.25    0.25   clock uncertainty
                          0.00    0.25   clock reconvergence pessimism
                         -2.00   -1.75   output external delay
                                 -1.75   data required time
-----------------------------------------------------------------------------
                                 -1.75   data required time
                                 -2.56   data arrival time
-----------------------------------------------------------------------------
                                  4.31   slack (MET)


Startpoint: A[5] (input port clocked by __VIRTUAL_CLK__)
Endpoint: OUT[5] (output port clocked by __VIRTUAL_CLK__)
Path Group: __VIRTUAL_CLK__
Path Type: min

Fanout     Cap    Slew   Delay    Time   Description
-----------------------------------------------------------------------------
                  0.00    0.00    0.00   clock __VIRTUAL_CLK__ (rise edge)
                          0.00    0.00   clock network delay (ideal)
                          2.00    2.00 ^ input external delay
     1    0.00    0.02    0.01    2.01 ^ A[5] (in)
                                         A[5] (net)
                  0.02    0.00    2.01 ^ input4/A (sky130_fd_sc_hd__clkbuf_2)
     6    0.02    0.12    0.14    2.15 ^ input4/X (sky130_fd_sc_hd__clkbuf_2)
                                         net4 (net)
                  0.12    0.00    2.15 ^ _223_/A2 (sky130_fd_sc_hd__a311o_1)
     1    0.00    0.07    0.18    2.33 ^ _223_/X (sky130_fd_sc_hd__a311o_1)
                                         _151_ (net)
                  0.07    0.00    2.33 ^ _257_/B1 (sky130_fd_sc_hd__a211o_1)
     1    0.00    0.03    0.09    2.42 ^ _257_/X (sky130_fd_sc_hd__a211o_1)
                                         net22 (net)
                  0.03    0.00    2.42 ^ output22/A (sky130_fd_sc_hd__buf_2)
     1    0.03    0.17    0.18    2.60 ^ output22/X (sky130_fd_sc_hd__buf_2)
                                         OUT[5] (net)
                  0.17    0.00    2.60 ^ OUT[5] (out)
                                  2.60   data arrival time

                  0.00    0.00    0.00   clock __VIRTUAL_CLK__ (rise edge)
                          0.00    0.00   clock network delay (ideal)
                          0.25    0.25   clock uncertainty
                          0.00    0.25   clock reconvergence pessimism
                         -2.00   -1.75   output external delay
                                 -1.75   data required time
-----------------------------------------------------------------------------
                                 -1.75   data required time
                                 -2.60   data arrival time
-----------------------------------------------------------------------------
                                  4.35   slack (MET)


Startpoint: A[1] (input port clocked by __VIRTUAL_CLK__)
Endpoint: OUT[1] (output port clocked by __VIRTUAL_CLK__)
Path Group: __VIRTUAL_CLK__
Path Type: min

Fanout     Cap    Slew   Delay    Time   Description
-----------------------------------------------------------------------------
                  0.00    0.00    0.00   clock __VIRTUAL_CLK__ (rise edge)
                          0.00    0.00   clock network delay (ideal)
                          2.00    2.00 v input external delay
     1    0.00    0.01    0.01    2.01 v A[1] (in)
                                         A[1] (net)
                  0.01    0.00    2.01 v input2/A (sky130_fd_sc_hd__clkbuf_4)
    13    0.03    0.08    0.16    2.16 v input2/X (sky130_fd_sc_hd__clkbuf_4)
                                         net2 (net)
                  0.08    0.00    2.16 v _303_/A (sky130_fd_sc_hd__nor2_1)
     1    0.00    0.07    0.09    2.26 ^ _303_/Y (sky130_fd_sc_hd__nor2_1)
                                         _062_ (net)
                  0.07    0.00    2.26 ^ _307_/C (sky130_fd_sc_hd__or4b_1)
     1    0.01    0.10    0.14    2.40 ^ _307_/X (sky130_fd_sc_hd__or4b_1)
                                         _066_ (net)
                  0.10    0.00    2.40 ^ _308_/A (sky130_fd_sc_hd__clkbuf_1)
     1    0.00    0.05    0.10    2.49 ^ _308_/X (sky130_fd_sc_hd__clkbuf_1)
                                         net18 (net)
                  0.05    0.00    2.49 ^ output18/A (sky130_fd_sc_hd__buf_2)
     1    0.03    0.17    0.19    2.68 ^ output18/X (sky130_fd_sc_hd__buf_2)
                                         OUT[1] (net)
                  0.17    0.00    2.68 ^ OUT[1] (out)
                                  2.68   data arrival time

                  0.00    0.00    0.00   clock __VIRTUAL_CLK__ (rise edge)
                          0.00    0.00   clock network delay (ideal)
                          0.25    0.25   clock uncertainty
                          0.00    0.25   clock reconvergence pessimism
                         -2.00   -1.75   output external delay
                                 -1.75   data required time
-----------------------------------------------------------------------------
                                 -1.75   data required time
                                 -2.68   data arrival time
-----------------------------------------------------------------------------
                                  4.43   slack (MET)


Startpoint: A[6] (input port clocked by __VIRTUAL_CLK__)
Endpoint: OUT[6] (output port clocked by __VIRTUAL_CLK__)
Path Group: __VIRTUAL_CLK__
Path Type: min

Fanout     Cap    Slew   Delay    Time   Description
-----------------------------------------------------------------------------
                  0.00    0.00    0.00   clock __VIRTUAL_CLK__ (rise edge)
                          0.00    0.00   clock network delay (ideal)
                          2.00    2.00 v input external delay
     1    0.00    0.01    0.00    2.00 v A[6] (in)
                                         A[6] (net)
                  0.01    0.00    2.00 v input5/A (sky130_fd_sc_hd__dlymetal6s2s_1)
     5    0.02    0.10    0.17    2.17 v input5/X (sky130_fd_sc_hd__dlymetal6s2s_1)
                                         net5 (net)
                  0.10    0.00    2.17 v _279_/A1 (sky130_fd_sc_hd__o211ai_1)
     1    0.00    0.07    0.18    2.35 ^ _279_/Y (sky130_fd_sc_hd__o211ai_1)
                                         _041_ (net)
                  0.07    0.00    2.35 ^ _280_/B1 (sky130_fd_sc_hd__a31o_1)
     1    0.00    0.05    0.10    2.45 ^ _280_/X (sky130_fd_sc_hd__a31o_1)
                                         _042_ (net)
                  0.05    0.00    2.45 ^ _281_/B1 (sky130_fd_sc_hd__a21o_1)
     1    0.00    0.03    0.07    2.51 ^ _281_/X (sky130_fd_sc_hd__a21o_1)
                                         net23 (net)
                  0.03    0.00    2.51 ^ output23/A (sky130_fd_sc_hd__buf_2)
     1    0.03    0.17    0.18    2.69 ^ output23/X (sky130_fd_sc_hd__buf_2)
                                         OUT[6] (net)
                  0.17    0.00    2.69 ^ OUT[6] (out)
                                  2.69   data arrival time

                  0.00    0.00    0.00   clock __VIRTUAL_CLK__ (rise edge)
                          0.00    0.00   clock network delay (ideal)
                          0.25    0.25   clock uncertainty
                          0.00    0.25   clock reconvergence pessimism
                         -2.00   -1.75   output external delay
                                 -1.75   data required time
-----------------------------------------------------------------------------
                                 -1.75   data required time
                                 -2.69   data arrival time
-----------------------------------------------------------------------------
                                  4.44   slack (MET)


Startpoint: OPCODE[2] (input port clocked by __VIRTUAL_CLK__)
Endpoint: OUT[7] (output port clocked by __VIRTUAL_CLK__)
Path Group: __VIRTUAL_CLK__
Path Type: min

Fanout     Cap    Slew   Delay    Time   Description
-----------------------------------------------------------------------------
                  0.00    0.00    0.00   clock __VIRTUAL_CLK__ (rise edge)
                          0.00    0.00   clock network delay (ideal)
                          2.00    2.00 v input external delay
     1    0.00    0.01    0.01    2.01 v OPCODE[2] (in)
                                         OPCODE[2] (net)
                  0.01    0.00    2.01 v input16/A (sky130_fd_sc_hd__clkbuf_2)
     6    0.03    0.10    0.14    2.15 v input16/X (sky130_fd_sc_hd__clkbuf_2)
                                         net16 (net)
                  0.10    0.00    2.15 v _255_/A (sky130_fd_sc_hd__and3_2)
     7    0.02    0.07    0.23    2.38 v _255_/X (sky130_fd_sc_hd__and3_2)
                                         _018_ (net)
                  0.07    0.00    2.38 v _292_/A1 (sky130_fd_sc_hd__a31o_1)
     1    0.00    0.03    0.16    2.54 v _292_/X (sky130_fd_sc_hd__a31o_1)
                                         net24 (net)
                  0.03    0.00    2.54 v output24/A (sky130_fd_sc_hd__buf_2)
     1    0.03    0.09    0.16    2.70 v output24/X (sky130_fd_sc_hd__buf_2)
                                         OUT[7] (net)
                  0.09    0.00    2.71 v OUT[7] (out)
                                  2.71   data arrival time

                  0.00    0.00    0.00   clock __VIRTUAL_CLK__ (rise edge)
                          0.00    0.00   clock network delay (ideal)
                          0.25    0.25   clock uncertainty
                          0.00    0.25   clock reconvergence pessimism
                         -2.00   -1.75   output external delay
                                 -1.75   data required time
-----------------------------------------------------------------------------
                                 -1.75   data required time
                                 -2.71   data arrival time
-----------------------------------------------------------------------------
                                  4.46   slack (MET)


Startpoint: B[3] (input port clocked by __VIRTUAL_CLK__)
Endpoint: OUT[3] (output port clocked by __VIRTUAL_CLK__)
Path Group: __VIRTUAL_CLK__
Path Type: min

Fanout     Cap    Slew   Delay    Time   Description
-----------------------------------------------------------------------------
                  0.00    0.00    0.00   clock __VIRTUAL_CLK__ (rise edge)
                          0.00    0.00   clock network delay (ideal)
                          2.00    2.00 ^ input external delay
     1    0.00    0.02    0.01    2.01 ^ B[3] (in)
                                         B[3] (net)
                  0.02    0.00    2.01 ^ _168_/A (sky130_fd_sc_hd__clkbuf_4)
    12    0.04    0.13    0.18    2.19 ^ _168_/X (sky130_fd_sc_hd__clkbuf_4)
                                         _096_ (net)
                  0.13    0.00    2.19 ^ _324_/A1 (sky130_fd_sc_hd__a311o_1)
     1    0.00    0.05    0.16    2.36 ^ _324_/X (sky130_fd_sc_hd__a311o_1)
                                         _081_ (net)
                  0.05    0.00    2.36 ^ _325_/C1 (sky130_fd_sc_hd__a221o_1)
     1    0.01    0.10    0.13    2.49 ^ _325_/X (sky130_fd_sc_hd__a221o_1)
                                         net20 (net)
                  0.10    0.00    2.49 ^ output20/A (sky130_fd_sc_hd__buf_2)
     1    0.04    0.18    0.21    2.71 ^ output20/X (sky130_fd_sc_hd__buf_2)
                                         OUT[3] (net)
                  0.18    0.00    2.71 ^ OUT[3] (out)
                                  2.71   data arrival time

                  0.00    0.00    0.00   clock __VIRTUAL_CLK__ (rise edge)
                          0.00    0.00   clock network delay (ideal)
                          0.25    0.25   clock uncertainty
                          0.00    0.25   clock reconvergence pessimism
                         -2.00   -1.75   output external delay
                                 -1.75   data required time
-----------------------------------------------------------------------------
                                 -1.75   data required time
                                 -2.71   data arrival time
-----------------------------------------------------------------------------
                                  4.46   slack (MET)


Startpoint: A[4] (input port clocked by __VIRTUAL_CLK__)
Endpoint: OUT[4] (output port clocked by __VIRTUAL_CLK__)
Path Group: __VIRTUAL_CLK__
Path Type: min

Fanout     Cap    Slew   Delay    Time   Description
-----------------------------------------------------------------------------
                  0.00    0.00    0.00   clock __VIRTUAL_CLK__ (rise edge)
                          0.00    0.00   clock network delay (ideal)
                          2.00    2.00 ^ input external delay
     1    0.00    0.02    0.01    2.01 ^ A[4] (in)
                                         A[4] (net)
                  0.02    0.00    2.01 ^ input3/A (sky130_fd_sc_hd__clkbuf_2)
     6    0.02    0.11    0.14    2.15 ^ input3/X (sky130_fd_sc_hd__clkbuf_2)
                                         net3 (net)
                  0.11    0.00    2.15 ^ _331_/A2 (sky130_fd_sc_hd__a31o_1)
     1    0.00    0.04    0.14    2.29 ^ _331_/X (sky130_fd_sc_hd__a31o_1)
                                         _087_ (net)
                  0.04    0.00    2.29 ^ _336_/B (sky130_fd_sc_hd__or3_1)
     1    0.00    0.04    0.09    2.37 ^ _336_/X (sky130_fd_sc_hd__or3_1)
                                         _092_ (net)
                  0.04    0.00    2.37 ^ _337_/A (sky130_fd_sc_hd__buf_1)
     1    0.01    0.12    0.13    2.50 ^ _337_/X (sky130_fd_sc_hd__buf_1)
                                         net21 (net)
                  0.12    0.00    2.50 ^ output21/A (sky130_fd_sc_hd__buf_2)
     1    0.03    0.17    0.21    2.71 ^ output21/X (sky130_fd_sc_hd__buf_2)
                                         OUT[4] (net)
                  0.17    0.00    2.71 ^ OUT[4] (out)
                                  2.71   data arrival time

                  0.00    0.00    0.00   clock __VIRTUAL_CLK__ (rise edge)
                          0.00    0.00   clock network delay (ideal)
                          0.25    0.25   clock uncertainty
                          0.00    0.25   clock reconvergence pessimism
                         -2.00   -1.75   output external delay
                                 -1.75   data required time
-----------------------------------------------------------------------------
                                 -1.75   data required time
                                 -2.71   data arrival time
-----------------------------------------------------------------------------
                                  4.46   slack (MET)


Startpoint: OPCODE[2] (input port clocked by __VIRTUAL_CLK__)
Endpoint: OUT[2] (output port clocked by __VIRTUAL_CLK__)
Path Group: __VIRTUAL_CLK__
Path Type: min

Fanout     Cap    Slew   Delay    Time   Description
-----------------------------------------------------------------------------
                  0.00    0.00    0.00   clock __VIRTUAL_CLK__ (rise edge)
                          0.00    0.00   clock network delay (ideal)
                          2.00    2.00 v input external delay
     1    0.00    0.01    0.01    2.01 v OPCODE[2] (in)
                                         OPCODE[2] (net)
                  0.01    0.00    2.01 v input16/A (sky130_fd_sc_hd__clkbuf_2)
     6    0.03    0.10    0.14    2.15 v input16/X (sky130_fd_sc_hd__clkbuf_2)
                                         net16 (net)
                  0.10    0.00    2.15 v _255_/A (sky130_fd_sc_hd__and3_2)
     7    0.02    0.07    0.23    2.38 v _255_/X (sky130_fd_sc_hd__and3_2)
                                         _018_ (net)
                  0.07    0.00    2.38 v _316_/A2 (sky130_fd_sc_hd__a31o_1)
     1    0.01    0.06    0.23    2.61 v _316_/X (sky130_fd_sc_hd__a31o_1)
                                         net19 (net)
                  0.06    0.00    2.61 v output19/A (sky130_fd_sc_hd__buf_2)
     1    0.03    0.09    0.18    2.79 v output19/X (sky130_fd_sc_hd__buf_2)
                                         OUT[2] (net)
                  0.09    0.00    2.79 v OUT[2] (out)
                                  2.79   data arrival time

                  0.00    0.00    0.00   clock __VIRTUAL_CLK__ (rise edge)
                          0.00    0.00   clock network delay (ideal)
                          0.25    0.25   clock uncertainty
                          0.00    0.25   clock reconvergence pessimism
                         -2.00   -1.75   output external delay
                                 -1.75   data required time
-----------------------------------------------------------------------------
                                 -1.75   data required time
                                 -2.79   data arrival time
-----------------------------------------------------------------------------
                                  4.54   slack (MET)



worst slack corner Typical: 4.3113
min_report_end
max_report

===========================================================================
report_checks -path_delay max (Setup)
============================================================================
======================= Typical Corner ===================================

Startpoint: B[0] (input port clocked by __VIRTUAL_CLK__)
Endpoint: OUT[6] (output port clocked by __VIRTUAL_CLK__)
Path Group: __VIRTUAL_CLK__
Path Type: max

Fanout     Cap    Slew   Delay    Time   Description
-----------------------------------------------------------------------------
                  0.00    0.00    0.00   clock __VIRTUAL_CLK__ (rise edge)
                          0.00    0.00   clock network delay (ideal)
                          2.00    2.00 v input external delay
     1    0.00    0.01    0.01    2.01 v B[0] (in)
                                         B[0] (net)
                  0.01    0.00    2.01 v input7/A (sky130_fd_sc_hd__buf_2)
    13    0.04    0.09    0.17    2.18 v input7/X (sky130_fd_sc_hd__buf_2)
                                         net7 (net)
                  0.09    0.00    2.18 v _224_/A (sky130_fd_sc_hd__or2_1)
     4    0.01    0.08    0.30    2.48 v _224_/X (sky130_fd_sc_hd__or2_1)
                                         _152_ (net)
                  0.08    0.00    2.48 v _226_/A3 (sky130_fd_sc_hd__o31a_1)
     3    0.01    0.08    0.31    2.78 v _226_/X (sky130_fd_sc_hd__o31a_1)
                                         _154_ (net)
                  0.08    0.00    2.78 v _258_/A3 (sky130_fd_sc_hd__o31a_1)
     2    0.01    0.07    0.29    3.08 v _258_/X (sky130_fd_sc_hd__o31a_1)
                                         _020_ (net)
                  0.07    0.00    3.08 v _259_/B (sky130_fd_sc_hd__xnor2_1)
     2    0.00    0.06    0.14    3.22 v _259_/Y (sky130_fd_sc_hd__xnor2_1)
                                         _021_ (net)
                  0.06    0.00    3.22 v _260_/B (sky130_fd_sc_hd__and2_1)
     3    0.01    0.05    0.19    3.41 v _260_/X (sky130_fd_sc_hd__and2_1)
                                         _022_ (net)
                  0.05    0.00    3.41 v _262_/A (sky130_fd_sc_hd__or2_1)
     2    0.01    0.07    0.27    3.68 v _262_/X (sky130_fd_sc_hd__or2_1)
                                         _024_ (net)
                  0.07    0.00    3.68 v _266_/B1 (sky130_fd_sc_hd__a311oi_2)
     3    0.01    0.26    0.31    3.99 ^ _266_/Y (sky130_fd_sc_hd__a311oi_2)
                                         _028_ (net)
                  0.26    0.00    3.99 ^ _267_/A_N (sky130_fd_sc_hd__and2b_1)
     1    0.00    0.04    0.23    4.22 v _267_/X (sky130_fd_sc_hd__and2b_1)
                                         _029_ (net)
                  0.04    0.00    4.22 v _281_/A2 (sky130_fd_sc_hd__a21o_1)
     1    0.00    0.03    0.17    4.39 v _281_/X (sky130_fd_sc_hd__a21o_1)
                                         net23 (net)
                  0.03    0.00    4.39 v output23/A (sky130_fd_sc_hd__buf_2)
     1    0.03    0.09    0.18    4.57 v output23/X (sky130_fd_sc_hd__buf_2)
                                         OUT[6] (net)
                  0.09    0.00    4.57 v OUT[6] (out)
                                  4.57   data arrival time

                  0.00   10.00   10.00   clock __VIRTUAL_CLK__ (rise edge)
                          0.00   10.00   clock network delay (ideal)
                         -0.25    9.75   clock uncertainty
                          0.00    9.75   clock reconvergence pessimism
                         -2.00    7.75   output external delay
                                  7.75   data required time
-----------------------------------------------------------------------------
                                  7.75   data required time
                                 -4.57   data arrival time
-----------------------------------------------------------------------------
                                  3.18   slack (MET)


Startpoint: B[0] (input port clocked by __VIRTUAL_CLK__)
Endpoint: OUT[4] (output port clocked by __VIRTUAL_CLK__)
Path Group: __VIRTUAL_CLK__
Path Type: max

Fanout     Cap    Slew   Delay    Time   Description
-----------------------------------------------------------------------------
                  0.00    0.00    0.00   clock __VIRTUAL_CLK__ (rise edge)
                          0.00    0.00   clock network delay (ideal)
                          2.00    2.00 v input external delay
     1    0.00    0.01    0.01    2.01 v B[0] (in)
                                         B[0] (net)
                  0.01    0.00    2.01 v input7/A (sky130_fd_sc_hd__buf_2)
    13    0.04    0.09    0.17    2.18 v input7/X (sky130_fd_sc_hd__buf_2)
                                         net7 (net)
                  0.09    0.00    2.18 v _224_/A (sky130_fd_sc_hd__or2_1)
     4    0.01    0.08    0.30    2.48 v _224_/X (sky130_fd_sc_hd__or2_1)
                                         _152_ (net)
                  0.08    0.00    2.48 v _230_/C (sky130_fd_sc_hd__and3_1)
     2    0.00    0.05    0.21    2.69 v _230_/X (sky130_fd_sc_hd__and3_1)
                                         _158_ (net)
                  0.05    0.00    2.69 v _231_/A2 (sky130_fd_sc_hd__o21ai_1)
     4    0.01    0.24    0.23    2.92 ^ _231_/Y (sky130_fd_sc_hd__o21ai_1)
                                         _159_ (net)
                  0.24    0.00    2.92 ^ _239_/A (sky130_fd_sc_hd__and2_1)
     2    0.01    0.10    0.21    3.14 ^ _239_/X (sky130_fd_sc_hd__and2_1)
                                         _002_ (net)
                  0.10    0.00    3.14 ^ _240_/B1 (sky130_fd_sc_hd__o21ai_2)
     4    0.01    0.06    0.09    3.22 v _240_/Y (sky130_fd_sc_hd__o21ai_2)
                                         _003_ (net)
                  0.06    0.00    3.22 v _247_/A2 (sky130_fd_sc_hd__a311o_2)
     5    0.01    0.08    0.42    3.64 v _247_/X (sky130_fd_sc_hd__a311o_2)
                                         _010_ (net)
                  0.08    0.00    3.64 v _328_/A (sky130_fd_sc_hd__and3_1)
     1    0.00    0.03    0.16    3.80 v _328_/X (sky130_fd_sc_hd__and3_1)
                                         _084_ (net)
                  0.03    0.00    3.80 v _336_/A (sky130_fd_sc_hd__or3_1)
     1    0.00    0.07    0.38    4.18 v _336_/X (sky130_fd_sc_hd__or3_1)
                                         _092_ (net)
                  0.07    0.00    4.18 v _337_/A (sky130_fd_sc_hd__buf_1)
     1    0.01    0.06    0.13    4.31 v _337_/X (sky130_fd_sc_hd__buf_1)
                                         net21 (net)
                  0.06    0.00    4.31 v output21/A (sky130_fd_sc_hd__buf_2)
     1    0.03    0.09    0.20    4.51 v output21/X (sky130_fd_sc_hd__buf_2)
                                         OUT[4] (net)
                  0.09    0.00    4.51 v OUT[4] (out)
                                  4.51   data arrival time

                  0.00   10.00   10.00   clock __VIRTUAL_CLK__ (rise edge)
                          0.00   10.00   clock network delay (ideal)
                         -0.25    9.75   clock uncertainty
                          0.00    9.75   clock reconvergence pessimism
                         -2.00    7.75   output external delay
                                  7.75   data required time
-----------------------------------------------------------------------------
                                  7.75   data required time
                                 -4.51   data arrival time
-----------------------------------------------------------------------------
                                  3.24   slack (MET)


Startpoint: B[0] (input port clocked by __VIRTUAL_CLK__)
Endpoint: OUT[7] (output port clocked by __VIRTUAL_CLK__)
Path Group: __VIRTUAL_CLK__
Path Type: max

Fanout     Cap    Slew   Delay    Time   Description
-----------------------------------------------------------------------------
                  0.00    0.00    0.00   clock __VIRTUAL_CLK__ (rise edge)
                          0.00    0.00   clock network delay (ideal)
                          2.00    2.00 v input external delay
     1    0.00    0.01    0.01    2.01 v B[0] (in)
                                         B[0] (net)
                  0.01    0.00    2.01 v input7/A (sky130_fd_sc_hd__buf_2)
    13    0.04    0.09    0.17    2.18 v input7/X (sky130_fd_sc_hd__buf_2)
                                         net7 (net)
                  0.09    0.00    2.18 v _224_/A (sky130_fd_sc_hd__or2_1)
     4    0.01    0.08    0.30    2.48 v _224_/X (sky130_fd_sc_hd__or2_1)
                                         _152_ (net)
                  0.08    0.00    2.48 v _226_/A3 (sky130_fd_sc_hd__o31a_1)
     3    0.01    0.08    0.31    2.78 v _226_/X (sky130_fd_sc_hd__o31a_1)
                                         _154_ (net)
                  0.08    0.00    2.78 v _258_/A3 (sky130_fd_sc_hd__o31a_1)
     2    0.01    0.07    0.29    3.08 v _258_/X (sky130_fd_sc_hd__o31a_1)
                                         _020_ (net)
                  0.07    0.00    3.08 v _259_/B (sky130_fd_sc_hd__xnor2_1)
     2    0.00    0.06    0.14    3.22 v _259_/Y (sky130_fd_sc_hd__xnor2_1)
                                         _021_ (net)
                  0.06    0.00    3.22 v _260_/B (sky130_fd_sc_hd__and2_1)
     3    0.01    0.05    0.19    3.41 v _260_/X (sky130_fd_sc_hd__and2_1)
                                         _022_ (net)
                  0.05    0.00    3.41 v _262_/A (sky130_fd_sc_hd__or2_1)
     2    0.01    0.07    0.27    3.68 v _262_/X (sky130_fd_sc_hd__or2_1)
                                         _024_ (net)
                  0.07    0.00    3.68 v _266_/B1 (sky130_fd_sc_hd__a311oi_2)
     3    0.01    0.26    0.31    3.99 ^ _266_/Y (sky130_fd_sc_hd__a311oi_2)
                                         _028_ (net)
                  0.26    0.00    3.99 ^ _286_/B (sky130_fd_sc_hd__or3_1)
     1    0.00    0.04    0.16    4.15 ^ _286_/X (sky130_fd_sc_hd__or3_1)
                                         _047_ (net)
                  0.04    0.00    4.15 ^ _292_/A3 (sky130_fd_sc_hd__a31o_1)
     1    0.00    0.04    0.13    4.28 ^ _292_/X (sky130_fd_sc_hd__a31o_1)
                                         net24 (net)
                  0.04    0.00    4.28 ^ output24/A (sky130_fd_sc_hd__buf_2)
     1    0.03    0.17    0.20    4.48 ^ output24/X (sky130_fd_sc_hd__buf_2)
                                         OUT[7] (net)
                  0.17    0.00    4.49 ^ OUT[7] (out)
                                  4.49   data arrival time

                  0.00   10.00   10.00   clock __VIRTUAL_CLK__ (rise edge)
                          0.00   10.00   clock network delay (ideal)
                         -0.25    9.75   clock uncertainty
                          0.00    9.75   clock reconvergence pessimism
                         -2.00    7.75   output external delay
                                  7.75   data required time
-----------------------------------------------------------------------------
                                  7.75   data required time
                                 -4.49   data arrival time
-----------------------------------------------------------------------------
                                  3.26   slack (MET)


Startpoint: B[0] (input port clocked by __VIRTUAL_CLK__)
Endpoint: OUT[5] (output port clocked by __VIRTUAL_CLK__)
Path Group: __VIRTUAL_CLK__
Path Type: max

Fanout     Cap    Slew   Delay    Time   Description
-----------------------------------------------------------------------------
                  0.00    0.00    0.00   clock __VIRTUAL_CLK__ (rise edge)
                          0.00    0.00   clock network delay (ideal)
                          2.00    2.00 v input external delay
     1    0.00    0.01    0.01    2.01 v B[0] (in)
                                         B[0] (net)
                  0.01    0.00    2.01 v input7/A (sky130_fd_sc_hd__buf_2)
    13    0.04    0.09    0.17    2.18 v input7/X (sky130_fd_sc_hd__buf_2)
                                         net7 (net)
                  0.09    0.00    2.18 v _224_/A (sky130_fd_sc_hd__or2_1)
     4    0.01    0.08    0.30    2.48 v _224_/X (sky130_fd_sc_hd__or2_1)
                                         _152_ (net)
                  0.08    0.00    2.48 v _230_/C (sky130_fd_sc_hd__and3_1)
     2    0.00    0.05    0.21    2.69 v _230_/X (sky130_fd_sc_hd__and3_1)
                                         _158_ (net)
                  0.05    0.00    2.69 v _231_/A2 (sky130_fd_sc_hd__o21ai_1)
     4    0.01    0.24    0.23    2.92 ^ _231_/Y (sky130_fd_sc_hd__o21ai_1)
                                         _159_ (net)
                  0.24    0.00    2.92 ^ _239_/A (sky130_fd_sc_hd__and2_1)
     2    0.01    0.10    0.21    3.14 ^ _239_/X (sky130_fd_sc_hd__and2_1)
                                         _002_ (net)
                  0.10    0.00    3.14 ^ _240_/B1 (sky130_fd_sc_hd__o21ai_2)
     4    0.01    0.06    0.09    3.22 v _240_/Y (sky130_fd_sc_hd__o21ai_2)
                                         _003_ (net)
                  0.06    0.00    3.22 v _247_/A2 (sky130_fd_sc_hd__a311o_2)
     5    0.01    0.08    0.42    3.64 v _247_/X (sky130_fd_sc_hd__a311o_2)
                                         _010_ (net)
                  0.08    0.00    3.64 v _253_/A2 (sky130_fd_sc_hd__a21o_1)
     1    0.00    0.03    0.19    3.84 v _253_/X (sky130_fd_sc_hd__a21o_1)
                                         _016_ (net)
                  0.03    0.00    3.84 v _256_/A (sky130_fd_sc_hd__and3_1)
     1    0.00    0.04    0.14    3.98 v _256_/X (sky130_fd_sc_hd__and3_1)
                                         _019_ (net)
                  0.04    0.00    3.98 v _257_/C1 (sky130_fd_sc_hd__a211o_1)
     1    0.00    0.04    0.22    4.20 v _257_/X (sky130_fd_sc_hd__a211o_1)
                                         net22 (net)
                  0.04    0.00    4.20 v output22/A (sky130_fd_sc_hd__buf_2)
     1    0.03    0.09    0.19    4.39 v output22/X (sky130_fd_sc_hd__buf_2)
                                         OUT[5] (net)
                  0.09    0.00    4.39 v OUT[5] (out)
                                  4.39   data arrival time

                  0.00   10.00   10.00   clock __VIRTUAL_CLK__ (rise edge)
                          0.00   10.00   clock network delay (ideal)
                         -0.25    9.75   clock uncertainty
                          0.00    9.75   clock reconvergence pessimism
                         -2.00    7.75   output external delay
                                  7.75   data required time
-----------------------------------------------------------------------------
                                  7.75   data required time
                                 -4.39   data arrival time
-----------------------------------------------------------------------------
                                  3.36   slack (MET)


Startpoint: OPCODE[0] (input port clocked by __VIRTUAL_CLK__)
Endpoint: OUT[3] (output port clocked by __VIRTUAL_CLK__)
Path Group: __VIRTUAL_CLK__
Path Type: max

Fanout     Cap    Slew   Delay    Time   Description
-----------------------------------------------------------------------------
                  0.00    0.00    0.00   clock __VIRTUAL_CLK__ (rise edge)
                          0.00    0.00   clock network delay (ideal)
                          2.00    2.00 v input external delay
     1    0.00    0.01    0.01    2.01 v OPCODE[0] (in)
                                         OPCODE[0] (net)
                  0.01    0.00    2.01 v input14/A (sky130_fd_sc_hd__buf_1)
     5    0.01    0.08    0.12    2.13 v input14/X (sky130_fd_sc_hd__buf_1)
                                         net14 (net)
                  0.08    0.00    2.13 v _225_/A_N (sky130_fd_sc_hd__nand3b_4)
     9    0.03    0.11    0.22    2.35 v _225_/Y (sky130_fd_sc_hd__nand3b_4)
                                         _153_ (net)
                  0.11    0.00    2.35 v _232_/C (sky130_fd_sc_hd__and3_1)
     2    0.00    0.04    0.22    2.57 v _232_/X (sky130_fd_sc_hd__and3_1)
                                         _160_ (net)
                  0.04    0.00    2.57 v _235_/B (sky130_fd_sc_hd__or3_1)
     2    0.00    0.07    0.37    2.94 v _235_/X (sky130_fd_sc_hd__or3_1)
                                         _163_ (net)
                  0.07    0.00    2.94 v _237_/B (sky130_fd_sc_hd__and3b_1)
     3    0.01    0.06    0.21    3.14 v _237_/X (sky130_fd_sc_hd__and3b_1)
                                         _000_ (net)
                  0.06    0.00    3.14 v _240_/A2 (sky130_fd_sc_hd__o21ai_2)
     4    0.01    0.17    0.18    3.32 ^ _240_/Y (sky130_fd_sc_hd__o21ai_2)
                                         _003_ (net)
                  0.17    0.00    3.32 ^ _318_/B (sky130_fd_sc_hd__nand2_1)
     1    0.01    0.08    0.10    3.42 v _318_/Y (sky130_fd_sc_hd__nand2_1)
                                         _075_ (net)
                  0.08    0.00    3.42 v _319_/B (sky130_fd_sc_hd__xnor2_1)
     1    0.00    0.05    0.14    3.56 v _319_/Y (sky130_fd_sc_hd__xnor2_1)
                                         _076_ (net)
                  0.05    0.00    3.56 v _325_/A2 (sky130_fd_sc_hd__a221o_1)
     1    0.01    0.08    0.40    3.96 v _325_/X (sky130_fd_sc_hd__a221o_1)
                                         net20 (net)
                  0.08    0.00    3.97 v output20/A (sky130_fd_sc_hd__buf_2)
     1    0.04    0.09    0.21    4.18 v output20/X (sky130_fd_sc_hd__buf_2)
                                         OUT[3] (net)
                  0.09    0.00    4.18 v OUT[3] (out)
                                  4.18   data arrival time

                  0.00   10.00   10.00   clock __VIRTUAL_CLK__ (rise edge)
                          0.00   10.00   clock network delay (ideal)
                         -0.25    9.75   clock uncertainty
                          0.00    9.75   clock reconvergence pessimism
                         -2.00    7.75   output external delay
                                  7.75   data required time
-----------------------------------------------------------------------------
                                  7.75   data required time
                                 -4.18   data arrival time
-----------------------------------------------------------------------------
                                  3.57   slack (MET)


Startpoint: OPCODE[0] (input port clocked by __VIRTUAL_CLK__)
Endpoint: OUT[1] (output port clocked by __VIRTUAL_CLK__)
Path Group: __VIRTUAL_CLK__
Path Type: max

Fanout     Cap    Slew   Delay    Time   Description
-----------------------------------------------------------------------------
                  0.00    0.00    0.00   clock __VIRTUAL_CLK__ (rise edge)
                          0.00    0.00   clock network delay (ideal)
                          2.00    2.00 v input external delay
     1    0.00    0.01    0.01    2.01 v OPCODE[0] (in)
                                         OPCODE[0] (net)
                  0.01    0.00    2.01 v input14/A (sky130_fd_sc_hd__buf_1)
     5    0.01    0.08    0.12    2.13 v input14/X (sky130_fd_sc_hd__buf_1)
                                         net14 (net)
                  0.08    0.00    2.13 v _225_/A_N (sky130_fd_sc_hd__nand3b_4)
     9    0.03    0.11    0.22    2.35 v _225_/Y (sky130_fd_sc_hd__nand3b_4)
                                         _153_ (net)
                  0.11    0.00    2.35 v _232_/C (sky130_fd_sc_hd__and3_1)
     2    0.00    0.04    0.22    2.57 v _232_/X (sky130_fd_sc_hd__and3_1)
                                         _160_ (net)
                  0.04    0.00    2.57 v _235_/B (sky130_fd_sc_hd__or3_1)
     2    0.00    0.07    0.37    2.94 v _235_/X (sky130_fd_sc_hd__or3_1)
                                         _163_ (net)
                  0.07    0.00    2.94 v _304_/B (sky130_fd_sc_hd__and2b_1)
     1    0.00    0.04    0.18    3.11 v _304_/X (sky130_fd_sc_hd__and2b_1)
                                         _063_ (net)
                  0.04    0.00    3.11 v _305_/A (sky130_fd_sc_hd__nor2_1)
     1    0.00    0.07    0.09    3.20 ^ _305_/Y (sky130_fd_sc_hd__nor2_1)
                                         _064_ (net)
                  0.07    0.00    3.20 ^ _306_/B (sky130_fd_sc_hd__or3b_1)
     1    0.00    0.04    0.10    3.31 ^ _306_/X (sky130_fd_sc_hd__or3b_1)
                                         _065_ (net)
                  0.04    0.00    3.31 ^ _307_/D_N (sky130_fd_sc_hd__or4b_1)
     1    0.01    0.12    0.51    3.82 v _307_/X (sky130_fd_sc_hd__or4b_1)
                                         _066_ (net)
                  0.12    0.00    3.82 v _308_/A (sky130_fd_sc_hd__clkbuf_1)
     1    0.00    0.03    0.13    3.95 v _308_/X (sky130_fd_sc_hd__clkbuf_1)
                                         net18 (net)
                  0.03    0.00    3.95 v output18/A (sky130_fd_sc_hd__buf_2)
     1    0.03    0.09    0.18    4.13 v output18/X (sky130_fd_sc_hd__buf_2)
                                         OUT[1] (net)
                  0.09    0.00    4.13 v OUT[1] (out)
                                  4.13   data arrival time

                  0.00   10.00   10.00   clock __VIRTUAL_CLK__ (rise edge)
                          0.00   10.00   clock network delay (ideal)
                         -0.25    9.75   clock uncertainty
                          0.00    9.75   clock reconvergence pessimism
                         -2.00    7.75   output external delay
                                  7.75   data required time
-----------------------------------------------------------------------------
                                  7.75   data required time
                                 -4.13   data arrival time
-----------------------------------------------------------------------------
                                  3.62   slack (MET)


Startpoint: B[0] (input port clocked by __VIRTUAL_CLK__)
Endpoint: OUT[2] (output port clocked by __VIRTUAL_CLK__)
Path Group: __VIRTUAL_CLK__
Path Type: max

Fanout     Cap    Slew   Delay    Time   Description
-----------------------------------------------------------------------------
                  0.00    0.00    0.00   clock __VIRTUAL_CLK__ (rise edge)
                          0.00    0.00   clock network delay (ideal)
                          2.00    2.00 v input external delay
     1    0.00    0.01    0.01    2.01 v B[0] (in)
                                         B[0] (net)
                  0.01    0.00    2.01 v input7/A (sky130_fd_sc_hd__buf_2)
    13    0.04    0.09    0.17    2.18 v input7/X (sky130_fd_sc_hd__buf_2)
                                         net7 (net)
                  0.09    0.00    2.18 v _224_/A (sky130_fd_sc_hd__or2_1)
     4    0.01    0.08    0.30    2.48 v _224_/X (sky130_fd_sc_hd__or2_1)
                                         _152_ (net)
                  0.08    0.00    2.48 v _230_/C (sky130_fd_sc_hd__and3_1)
     2    0.00    0.05    0.21    2.69 v _230_/X (sky130_fd_sc_hd__and3_1)
                                         _158_ (net)
                  0.05    0.00    2.69 v _238_/C (sky130_fd_sc_hd__or3_1)
     1    0.00    0.06    0.32    3.01 v _238_/X (sky130_fd_sc_hd__or3_1)
                                         _001_ (net)
                  0.06    0.00    3.01 v _239_/B (sky130_fd_sc_hd__and2_1)
     2    0.01    0.06    0.19    3.20 v _239_/X (sky130_fd_sc_hd__and2_1)
                                         _002_ (net)
                  0.06    0.00    3.20 v _309_/A (sky130_fd_sc_hd__or3_1)
     1    0.00    0.07    0.39    3.59 v _309_/X (sky130_fd_sc_hd__or3_1)
                                         _067_ (net)
                  0.07    0.00    3.59 v _316_/A3 (sky130_fd_sc_hd__a31o_1)
     1    0.01    0.07    0.26    3.85 v _316_/X (sky130_fd_sc_hd__a31o_1)
                                         net19 (net)
                  0.07    0.00    3.85 v output19/A (sky130_fd_sc_hd__buf_2)
     1    0.03    0.09    0.20    4.05 v output19/X (sky130_fd_sc_hd__buf_2)
                                         OUT[2] (net)
                  0.09    0.00    4.05 v OUT[2] (out)
                                  4.05   data arrival time

                  0.00   10.00   10.00   clock __VIRTUAL_CLK__ (rise edge)
                          0.00   10.00   clock network delay (ideal)
                         -0.25    9.75   clock uncertainty
                          0.00    9.75   clock reconvergence pessimism
                         -2.00    7.75   output external delay
                                  7.75   data required time
-----------------------------------------------------------------------------
                                  7.75   data required time
                                 -4.05   data arrival time
-----------------------------------------------------------------------------
                                  3.70   slack (MET)


Startpoint: OPCODE[0] (input port clocked by __VIRTUAL_CLK__)
Endpoint: OUT[0] (output port clocked by __VIRTUAL_CLK__)
Path Group: __VIRTUAL_CLK__
Path Type: max

Fanout     Cap    Slew   Delay    Time   Description
-----------------------------------------------------------------------------
                  0.00    0.00    0.00   clock __VIRTUAL_CLK__ (rise edge)
                          0.00    0.00   clock network delay (ideal)
                          2.00    2.00 v input external delay
     1    0.00    0.01    0.01    2.01 v OPCODE[0] (in)
                                         OPCODE[0] (net)
                  0.01    0.00    2.01 v input14/A (sky130_fd_sc_hd__buf_1)
     5    0.01    0.08    0.12    2.13 v input14/X (sky130_fd_sc_hd__buf_1)
                                         net14 (net)
                  0.08    0.00    2.13 v _166_/A (sky130_fd_sc_hd__or2_1)
     4    0.01    0.08    0.29    2.42 v _166_/X (sky130_fd_sc_hd__or2_1)
                                         _094_ (net)
                  0.08    0.00    2.42 v _214_/B (sky130_fd_sc_hd__or2_1)
     1    0.00    0.04    0.22    2.64 v _214_/X (sky130_fd_sc_hd__or2_1)
                                         _142_ (net)
                  0.04    0.00    2.64 v _215_/A (sky130_fd_sc_hd__buf_2)
     8    0.03    0.07    0.17    2.82 v _215_/X (sky130_fd_sc_hd__buf_2)
                                         _143_ (net)
                  0.07    0.00    2.82 v _296_/A2 (sky130_fd_sc_hd__o21ai_1)
     1    0.00    0.11    0.14    2.96 ^ _296_/Y (sky130_fd_sc_hd__o21ai_1)
                                         _056_ (net)
                  0.11    0.00    2.96 ^ _297_/B1 (sky130_fd_sc_hd__a31o_1)
     1    0.01    0.11    0.17    3.12 ^ _297_/X (sky130_fd_sc_hd__a31o_1)
                                         net17 (net)
                  0.11    0.00    3.12 ^ output17/A (sky130_fd_sc_hd__buf_2)
     1    0.04    0.18    0.24    3.36 ^ output17/X (sky130_fd_sc_hd__buf_2)
                                         OUT[0] (net)
                  0.18    0.00    3.37 ^ OUT[0] (out)
                                  3.37   data arrival time

                  0.00   10.00   10.00   clock __VIRTUAL_CLK__ (rise edge)
                          0.00   10.00   clock network delay (ideal)
                         -0.25    9.75   clock uncertainty
                          0.00    9.75   clock reconvergence pessimism
                         -2.00    7.75   output external delay
                                  7.75   data required time
-----------------------------------------------------------------------------
                                  7.75   data required time
                                 -3.37   data arrival time
-----------------------------------------------------------------------------
                                  4.38   slack (MET)



worst slack corner Typical: 3.1795
max_report_end
checks_report

===========================================================================
report_checks -unconstrained
===========================================================================
======================= Typical Corner ===================================

Startpoint: B[0] (input port clocked by __VIRTUAL_CLK__)
Endpoint: OUT[6] (output port clocked by __VIRTUAL_CLK__)
Path Group: __VIRTUAL_CLK__
Path Type: max

Fanout     Cap    Slew   Delay    Time   Description
-----------------------------------------------------------------------------
                  0.00    0.00    0.00   clock __VIRTUAL_CLK__ (rise edge)
                          0.00    0.00   clock network delay (ideal)
                          2.00    2.00 v input external delay
     1    0.00    0.01    0.01    2.01 v B[0] (in)
                                         B[0] (net)
                  0.01    0.00    2.01 v input7/A (sky130_fd_sc_hd__buf_2)
    13    0.04    0.09    0.17    2.18 v input7/X (sky130_fd_sc_hd__buf_2)
                                         net7 (net)
                  0.09    0.00    2.18 v _224_/A (sky130_fd_sc_hd__or2_1)
     4    0.01    0.08    0.30    2.48 v _224_/X (sky130_fd_sc_hd__or2_1)
                                         _152_ (net)
                  0.08    0.00    2.48 v _226_/A3 (sky130_fd_sc_hd__o31a_1)
     3    0.01    0.08    0.31    2.78 v _226_/X (sky130_fd_sc_hd__o31a_1)
                                         _154_ (net)
                  0.08    0.00    2.78 v _258_/A3 (sky130_fd_sc_hd__o31a_1)
     2    0.01    0.07    0.29    3.08 v _258_/X (sky130_fd_sc_hd__o31a_1)
                                         _020_ (net)
                  0.07    0.00    3.08 v _259_/B (sky130_fd_sc_hd__xnor2_1)
     2    0.00    0.06    0.14    3.22 v _259_/Y (sky130_fd_sc_hd__xnor2_1)
                                         _021_ (net)
                  0.06    0.00    3.22 v _260_/B (sky130_fd_sc_hd__and2_1)
     3    0.01    0.05    0.19    3.41 v _260_/X (sky130_fd_sc_hd__and2_1)
                                         _022_ (net)
                  0.05    0.00    3.41 v _262_/A (sky130_fd_sc_hd__or2_1)
     2    0.01    0.07    0.27    3.68 v _262_/X (sky130_fd_sc_hd__or2_1)
                                         _024_ (net)
                  0.07    0.00    3.68 v _266_/B1 (sky130_fd_sc_hd__a311oi_2)
     3    0.01    0.26    0.31    3.99 ^ _266_/Y (sky130_fd_sc_hd__a311oi_2)
                                         _028_ (net)
                  0.26    0.00    3.99 ^ _267_/A_N (sky130_fd_sc_hd__and2b_1)
     1    0.00    0.04    0.23    4.22 v _267_/X (sky130_fd_sc_hd__and2b_1)
                                         _029_ (net)
                  0.04    0.00    4.22 v _281_/A2 (sky130_fd_sc_hd__a21o_1)
     1    0.00    0.03    0.17    4.39 v _281_/X (sky130_fd_sc_hd__a21o_1)
                                         net23 (net)
                  0.03    0.00    4.39 v output23/A (sky130_fd_sc_hd__buf_2)
     1    0.03    0.09    0.18    4.57 v output23/X (sky130_fd_sc_hd__buf_2)
                                         OUT[6] (net)
                  0.09    0.00    4.57 v OUT[6] (out)
                                  4.57   data arrival time

                  0.00   10.00   10.00   clock __VIRTUAL_CLK__ (rise edge)
                          0.00   10.00   clock network delay (ideal)
                         -0.25    9.75   clock uncertainty
                          0.00    9.75   clock reconvergence pessimism
                         -2.00    7.75   output external delay
                                  7.75   data required time
-----------------------------------------------------------------------------
                                  7.75   data required time
                                 -4.57   data arrival time
-----------------------------------------------------------------------------
                                  3.18   slack (MET)




===========================================================================
report_checks --slack_max -0.01
============================================================================
======================= Typical Corner ===================================

No paths found.


===========================================================================
 report_check_types -max_slew -max_cap -max_fanout -violators
============================================================================
======================= Typical Corner ===================================


max slew violations count Typical: 0
max fanout violations count Typical: 0
max cap violations count Typical: 0

===========================================================================
report_parasitic_annotation -report_unannotated
============================================================================
Found 0 unannotated drivers.
Found 22 partially unannotated drivers.
 A[3]
 A[4]
 B[7]
 OPCODE[1]
 _167_/Y
 _189_/X
 _196_/X
 _199_/Y
 _213_/Y
 _218_/Y
 _220_/X
 _247_/X
 _257_/X
 _259_/Y
 _279_/Y
 _281_/X
 _283_/X
 _292_/X
 input15/X
 input2/X
 input7/X
 input8/X

===========================================================================
max slew violation count 0
max fanout violation count 0
max cap violation count 0
============================================================================

===========================================================================
check_setup -verbose -unconstrained_endpoints -multiple_clock -no_clock -no_input_delay -loops -generated_clocks
===========================================================================
checks_report_end
power_report

===========================================================================
 report_power
============================================================================
======================= Typical Corner ===================================

Group                  Internal  Switching    Leakage      Total
                          Power      Power      Power      Power (Watts)
----------------------------------------------------------------
Sequential             0.00e+00   0.00e+00   0.00e+00   0.00e+00   0.0%
Combinational          3.60e-05   4.85e-05   6.60e-10   8.45e-05 100.0%
Clock                  0.00e+00   0.00e+00   2.33e-10   2.33e-10   0.0%
Macro                  0.00e+00   0.00e+00   0.00e+00   0.00e+00   0.0%
Pad                    0.00e+00   0.00e+00   0.00e+00   0.00e+00   0.0%
----------------------------------------------------------------
Total                  3.60e-05   4.85e-05   8.94e-10   8.45e-05 100.0%
                          42.7%      57.3%       0.0%

power_report_end
summary_report

===========================================================================
report_tns
============================================================================
tns 0.00

===========================================================================
report_wns
============================================================================
wns 0.00

===========================================================================
report_worst_slack -max (Setup)
============================================================================
worst slack 3.18

===========================================================================
report_worst_slack -min (Hold)
============================================================================
worst slack 4.31
summary_report_end
area_report

===========================================================================
report_design_area
============================================================================
Design area 1524 u^2 14% utilization.
area_report_end
check_nonpropagated_clocks
__VIRTUAL_CLK__
check_nonpropagated_clocks_end
[WARNING] Did not save OpenROAD database!
Writing SDF to '/openlane/designs/alu/runs/RUN_2025.05.01_15.47.09/results/signoff/alu.sdf'…
Writing timing model to '/openlane/designs/alu/runs/RUN_2025.05.01_15.47.09/results/signoff/alu.lib'…
