OpenROAD b16bda7e82721d10566ff7e2b68f1ff0be9f9e38 
Features included (+) or not (-): +Charts +GPU +GUI +Python
This program is licensed under the BSD-3 license. See the LICENSE file for details.
Components of this program may be licensed under more restrictive licenses which must be honored.
define_corners Typical
read_liberty -corner Typical /home/omers/.volare/sky130A/libs.ref/sky130_fd_sc_hd/lib/sky130_fd_sc_hd__tt_025C_1v80.lib
Using 1e-12 for capacitance...
Using 1e+03 for resistance...
Using 1e-09 for time...
Using 1e+00 for voltage...
Using 1e-03 for current...
Using 1e-09 for power...
Using 1e-06 for distance...
[INFO]: Reading ODB at '/openlane/designs/alu/runs/RUN_2025.05.01_15.47.09/tmp/routing/19-global.odb'…
Reading design constraints file at '/openlane/scripts/base.sdc'…
[INFO]: Setting output delay to: 2.0
[INFO]: Setting input delay to: 2.0
[WARNING STA-0366] port '__VIRTUAL_CLK__' not found.
[INFO]: Setting load to: 0.033442
[INFO]: Setting clock uncertainty to: 0.25
[INFO]: Setting clock transition to: 0.15
[WARNING STA-0419] transition time can not be specified for virtual clocks.
[INFO]: Setting timing derate to: 5.0 %
[INFO]: Propagating all clocks
[WARNING STA-0450] virtual clock __VIRTUAL_CLK__ can not be propagated.
min_report

===========================================================================
report_checks -path_delay min (Hold)
============================================================================
======================= Typical Corner ===================================

Startpoint: B[0] (input port clocked by __VIRTUAL_CLK__)
Endpoint: OUT[0] (output port clocked by __VIRTUAL_CLK__)
Path Group: __VIRTUAL_CLK__
Path Type: min

Fanout     Cap    Slew   Delay    Time   Description
-----------------------------------------------------------------------------
                  0.00    0.00    0.00   clock __VIRTUAL_CLK__ (rise edge)
                          0.00    0.00   clock network delay (ideal)
                          2.00    2.00 v input external delay
     1    0.00    0.01    0.00    2.00 v B[0] (in)
                                         B[0] (net)
                  0.01    0.00    2.00 v input7/A (sky130_fd_sc_hd__buf_2)
    13    0.03    0.07    0.14    2.14 v input7/X (sky130_fd_sc_hd__buf_2)
                                         net7 (net)
                  0.07    0.00    2.14 v _297_/A1 (sky130_fd_sc_hd__a31o_1)
     1    0.00    0.03    0.16    2.31 v _297_/X (sky130_fd_sc_hd__a31o_1)
                                         net17 (net)
                  0.03    0.00    2.31 v output17/A (sky130_fd_sc_hd__buf_2)
     1    0.03    0.09    0.16    2.47 v output17/X (sky130_fd_sc_hd__buf_2)
                                         OUT[0] (net)
                  0.09    0.00    2.47 v OUT[0] (out)
                                  2.47   data arrival time

                  0.00    0.00    0.00   clock __VIRTUAL_CLK__ (rise edge)
                          0.00    0.00   clock network delay (ideal)
                          0.25    0.25   clock uncertainty
                          0.00    0.25   clock reconvergence pessimism
                         -2.00   -1.75   output external delay
                                 -1.75   data required time
-----------------------------------------------------------------------------
                                 -1.75   data required time
                                 -2.47   data arrival time
-----------------------------------------------------------------------------
                                  4.22   slack (MET)


Startpoint: A[5] (input port clocked by __VIRTUAL_CLK__)
Endpoint: OUT[5] (output port clocked by __VIRTUAL_CLK__)
Path Group: __VIRTUAL_CLK__
Path Type: min

Fanout     Cap    Slew   Delay    Time   Description
-----------------------------------------------------------------------------
                  0.00    0.00    0.00   clock __VIRTUAL_CLK__ (rise edge)
                          0.00    0.00   clock network delay (ideal)
                          2.00    2.00 ^ input external delay
     1    0.00    0.02    0.01    2.01 ^ A[5] (in)
                                         A[5] (net)
                  0.02    0.00    2.01 ^ input4/A (sky130_fd_sc_hd__clkbuf_2)
     6    0.01    0.08    0.12    2.13 ^ input4/X (sky130_fd_sc_hd__clkbuf_2)
                                         net4 (net)
                  0.08    0.00    2.13 ^ _223_/A2 (sky130_fd_sc_hd__a311o_1)
     1    0.00    0.05    0.15    2.28 ^ _223_/X (sky130_fd_sc_hd__a311o_1)
                                         _151_ (net)
                  0.05    0.00    2.28 ^ _257_/B1 (sky130_fd_sc_hd__a211o_1)
     1    0.00    0.03    0.08    2.35 ^ _257_/X (sky130_fd_sc_hd__a211o_1)
                                         net22 (net)
                  0.03    0.00    2.35 ^ output22/A (sky130_fd_sc_hd__buf_2)
     1    0.03    0.17    0.18    2.54 ^ output22/X (sky130_fd_sc_hd__buf_2)
                                         OUT[5] (net)
                  0.17    0.00    2.54 ^ OUT[5] (out)
                                  2.54   data arrival time

                  0.00    0.00    0.00   clock __VIRTUAL_CLK__ (rise edge)
                          0.00    0.00   clock network delay (ideal)
                          0.25    0.25   clock uncertainty
                          0.00    0.25   clock reconvergence pessimism
                         -2.00   -1.75   output external delay
                                 -1.75   data required time
-----------------------------------------------------------------------------
                                 -1.75   data required time
                                 -2.54   data arrival time
-----------------------------------------------------------------------------
                                  4.29   slack (MET)


Startpoint: A[1] (input port clocked by __VIRTUAL_CLK__)
Endpoint: OUT[1] (output port clocked by __VIRTUAL_CLK__)
Path Group: __VIRTUAL_CLK__
Path Type: min

Fanout     Cap    Slew   Delay    Time   Description
-----------------------------------------------------------------------------
                  0.00    0.00    0.00   clock __VIRTUAL_CLK__ (rise edge)
                          0.00    0.00   clock network delay (ideal)
                          2.00    2.00 v input external delay
     1    0.00    0.01    0.00    2.00 v A[1] (in)
                                         A[1] (net)
                  0.01    0.00    2.00 v input2/A (sky130_fd_sc_hd__clkbuf_4)
    13    0.03    0.07    0.15    2.15 v input2/X (sky130_fd_sc_hd__clkbuf_4)
                                         net2 (net)
                  0.07    0.00    2.15 v _303_/A (sky130_fd_sc_hd__nor2_1)
     1    0.00    0.06    0.09    2.23 ^ _303_/Y (sky130_fd_sc_hd__nor2_1)
                                         _062_ (net)
                  0.06    0.00    2.23 ^ _307_/C (sky130_fd_sc_hd__or4b_1)
     1    0.00    0.03    0.09    2.33 ^ _307_/X (sky130_fd_sc_hd__or4b_1)
                                         _066_ (net)
                  0.03    0.00    2.33 ^ _308_/A (sky130_fd_sc_hd__clkbuf_1)
     1    0.00    0.03    0.07    2.39 ^ _308_/X (sky130_fd_sc_hd__clkbuf_1)
                                         net18 (net)
                  0.03    0.00    2.39 ^ output18/A (sky130_fd_sc_hd__buf_2)
     1    0.03    0.17    0.18    2.57 ^ output18/X (sky130_fd_sc_hd__buf_2)
                                         OUT[1] (net)
                  0.17    0.00    2.57 ^ OUT[1] (out)
                                  2.57   data arrival time

                  0.00    0.00    0.00   clock __VIRTUAL_CLK__ (rise edge)
                          0.00    0.00   clock network delay (ideal)
                          0.25    0.25   clock uncertainty
                          0.00    0.25   clock reconvergence pessimism
                         -2.00   -1.75   output external delay
                                 -1.75   data required time
-----------------------------------------------------------------------------
                                 -1.75   data required time
                                 -2.57   data arrival time
-----------------------------------------------------------------------------
                                  4.32   slack (MET)


Startpoint: A[4] (input port clocked by __VIRTUAL_CLK__)
Endpoint: OUT[4] (output port clocked by __VIRTUAL_CLK__)
Path Group: __VIRTUAL_CLK__
Path Type: min

Fanout     Cap    Slew   Delay    Time   Description
-----------------------------------------------------------------------------
                  0.00    0.00    0.00   clock __VIRTUAL_CLK__ (rise edge)
                          0.00    0.00   clock network delay (ideal)
                          2.00    2.00 ^ input external delay
     1    0.00    0.02    0.01    2.01 ^ A[4] (in)
                                         A[4] (net)
                  0.02    0.00    2.01 ^ input3/A (sky130_fd_sc_hd__clkbuf_2)
     6    0.01    0.08    0.12    2.13 ^ input3/X (sky130_fd_sc_hd__clkbuf_2)
                                         net3 (net)
                  0.08    0.00    2.13 ^ _331_/A2 (sky130_fd_sc_hd__a31o_1)
     1    0.00    0.03    0.13    2.25 ^ _331_/X (sky130_fd_sc_hd__a31o_1)
                                         _087_ (net)
                  0.03    0.00    2.25 ^ _336_/B (sky130_fd_sc_hd__or3_1)
     1    0.00    0.03    0.08    2.33 ^ _336_/X (sky130_fd_sc_hd__or3_1)
                                         _092_ (net)
                  0.03    0.00    2.33 ^ _337_/A (sky130_fd_sc_hd__buf_1)
     1    0.00    0.03    0.07    2.40 ^ _337_/X (sky130_fd_sc_hd__buf_1)
                                         net21 (net)
                  0.03    0.00    2.40 ^ output21/A (sky130_fd_sc_hd__buf_2)
     1    0.03    0.17    0.18    2.58 ^ output21/X (sky130_fd_sc_hd__buf_2)
                                         OUT[4] (net)
                  0.17    0.00    2.58 ^ OUT[4] (out)
                                  2.58   data arrival time

                  0.00    0.00    0.00   clock __VIRTUAL_CLK__ (rise edge)
                          0.00    0.00   clock network delay (ideal)
                          0.25    0.25   clock uncertainty
                          0.00    0.25   clock reconvergence pessimism
                         -2.00   -1.75   output external delay
                                 -1.75   data required time
-----------------------------------------------------------------------------
                                 -1.75   data required time
                                 -2.58   data arrival time
-----------------------------------------------------------------------------
                                  4.33   slack (MET)


Startpoint: B[3] (input port clocked by __VIRTUAL_CLK__)
Endpoint: OUT[3] (output port clocked by __VIRTUAL_CLK__)
Path Group: __VIRTUAL_CLK__
Path Type: min

Fanout     Cap    Slew   Delay    Time   Description
-----------------------------------------------------------------------------
                  0.00    0.00    0.00   clock __VIRTUAL_CLK__ (rise edge)
                          0.00    0.00   clock network delay (ideal)
                          2.00    2.00 ^ input external delay
     1    0.00    0.02    0.01    2.01 ^ B[3] (in)
                                         B[3] (net)
                  0.02    0.00    2.01 ^ _168_/A (sky130_fd_sc_hd__clkbuf_4)
    12    0.03    0.10    0.16    2.17 ^ _168_/X (sky130_fd_sc_hd__clkbuf_4)
                                         _096_ (net)
                  0.10    0.00    2.17 ^ _324_/A1 (sky130_fd_sc_hd__a311o_1)
     1    0.00    0.04    0.15    2.32 ^ _324_/X (sky130_fd_sc_hd__a311o_1)
                                         _081_ (net)
                  0.04    0.00    2.32 ^ _325_/C1 (sky130_fd_sc_hd__a221o_1)
     1    0.00    0.03    0.08    2.40 ^ _325_/X (sky130_fd_sc_hd__a221o_1)
                                         net20 (net)
                  0.03    0.00    2.40 ^ output20/A (sky130_fd_sc_hd__buf_2)
     1    0.03    0.17    0.18    2.58 ^ output20/X (sky130_fd_sc_hd__buf_2)
                                         OUT[3] (net)
                  0.17    0.00    2.58 ^ OUT[3] (out)
                                  2.58   data arrival time

                  0.00    0.00    0.00   clock __VIRTUAL_CLK__ (rise edge)
                          0.00    0.00   clock network delay (ideal)
                          0.25    0.25   clock uncertainty
                          0.00    0.25   clock reconvergence pessimism
                         -2.00   -1.75   output external delay
                                 -1.75   data required time
-----------------------------------------------------------------------------
                                 -1.75   data required time
                                 -2.58   data arrival time
-----------------------------------------------------------------------------
                                  4.33   slack (MET)


Startpoint: A[6] (input port clocked by __VIRTUAL_CLK__)
Endpoint: OUT[6] (output port clocked by __VIRTUAL_CLK__)
Path Group: __VIRTUAL_CLK__
Path Type: min

Fanout     Cap    Slew   Delay    Time   Description
-----------------------------------------------------------------------------
                  0.00    0.00    0.00   clock __VIRTUAL_CLK__ (rise edge)
                          0.00    0.00   clock network delay (ideal)
                          2.00    2.00 v input external delay
     1    0.00    0.01    0.00    2.00 v A[6] (in)
                                         A[6] (net)
                  0.01    0.00    2.00 v input5/A (sky130_fd_sc_hd__dlymetal6s2s_1)
     5    0.01    0.07    0.14    2.14 v input5/X (sky130_fd_sc_hd__dlymetal6s2s_1)
                                         net5 (net)
                  0.07    0.00    2.14 v _279_/A1 (sky130_fd_sc_hd__o211ai_1)
     1    0.00    0.07    0.16    2.31 ^ _279_/Y (sky130_fd_sc_hd__o211ai_1)
                                         _041_ (net)
                  0.07    0.00    2.31 ^ _280_/B1 (sky130_fd_sc_hd__a31o_1)
     1    0.00    0.04    0.09    2.40 ^ _280_/X (sky130_fd_sc_hd__a31o_1)
                                         _042_ (net)
                  0.04    0.00    2.40 ^ _281_/B1 (sky130_fd_sc_hd__a21o_1)
     1    0.00    0.03    0.06    2.46 ^ _281_/X (sky130_fd_sc_hd__a21o_1)
                                         net23 (net)
                  0.03    0.00    2.46 ^ output23/A (sky130_fd_sc_hd__buf_2)
     1    0.03    0.17    0.18    2.64 ^ output23/X (sky130_fd_sc_hd__buf_2)
                                         OUT[6] (net)
                  0.17    0.00    2.64 ^ OUT[6] (out)
                                  2.64   data arrival time

                  0.00    0.00    0.00   clock __VIRTUAL_CLK__ (rise edge)
                          0.00    0.00   clock network delay (ideal)
                          0.25    0.25   clock uncertainty
                          0.00    0.25   clock reconvergence pessimism
                         -2.00   -1.75   output external delay
                                 -1.75   data required time
-----------------------------------------------------------------------------
                                 -1.75   data required time
                                 -2.64   data arrival time
-----------------------------------------------------------------------------
                                  4.39   slack (MET)


Startpoint: A[2] (input port clocked by __VIRTUAL_CLK__)
Endpoint: OUT[2] (output port clocked by __VIRTUAL_CLK__)
Path Group: __VIRTUAL_CLK__
Path Type: min

Fanout     Cap    Slew   Delay    Time   Description
-----------------------------------------------------------------------------
                  0.00    0.00    0.00   clock __VIRTUAL_CLK__ (rise edge)
                          0.00    0.00   clock network delay (ideal)
                          2.00    2.00 ^ input external delay
     1    0.00    0.02    0.01    2.01 ^ A[2] (in)
                                         A[2] (net)
                  0.02    0.00    2.01 ^ _170_/A (sky130_fd_sc_hd__clkbuf_4)
    13    0.03    0.11    0.16    2.17 ^ _170_/X (sky130_fd_sc_hd__clkbuf_4)
                                         _098_ (net)
                  0.11    0.00    2.17 ^ _314_/A1 (sky130_fd_sc_hd__a311o_1)
     1    0.00    0.04    0.14    2.31 ^ _314_/X (sky130_fd_sc_hd__a311o_1)
                                         _072_ (net)
                  0.04    0.00    2.31 ^ _315_/B1_N (sky130_fd_sc_hd__o21bai_1)
     1    0.00    0.05    0.09    2.40 ^ _315_/Y (sky130_fd_sc_hd__o21bai_1)
                                         _073_ (net)
                  0.05    0.00    2.40 ^ _316_/B1 (sky130_fd_sc_hd__a31o_1)
     1    0.00    0.03    0.08    2.48 ^ _316_/X (sky130_fd_sc_hd__a31o_1)
                                         net19 (net)
                  0.03    0.00    2.48 ^ output19/A (sky130_fd_sc_hd__buf_2)
     1    0.03    0.17    0.18    2.66 ^ output19/X (sky130_fd_sc_hd__buf_2)
                                         OUT[2] (net)
                  0.17    0.00    2.66 ^ OUT[2] (out)
                                  2.66   data arrival time

                  0.00    0.00    0.00   clock __VIRTUAL_CLK__ (rise edge)
                          0.00    0.00   clock network delay (ideal)
                          0.25    0.25   clock uncertainty
                          0.00    0.25   clock reconvergence pessimism
                         -2.00   -1.75   output external delay
                                 -1.75   data required time
-----------------------------------------------------------------------------
                                 -1.75   data required time
                                 -2.66   data arrival time
-----------------------------------------------------------------------------
                                  4.41   slack (MET)


Startpoint: OPCODE[2] (input port clocked by __VIRTUAL_CLK__)
Endpoint: OUT[7] (output port clocked by __VIRTUAL_CLK__)
Path Group: __VIRTUAL_CLK__
Path Type: min

Fanout     Cap    Slew   Delay    Time   Description
-----------------------------------------------------------------------------
                  0.00    0.00    0.00   clock __VIRTUAL_CLK__ (rise edge)
                          0.00    0.00   clock network delay (ideal)
                          2.00    2.00 v input external delay
     1    0.00    0.01    0.00    2.00 v OPCODE[2] (in)
                                         OPCODE[2] (net)
                  0.01    0.00    2.00 v input16/A (sky130_fd_sc_hd__clkbuf_2)
     6    0.02    0.09    0.13    2.13 v input16/X (sky130_fd_sc_hd__clkbuf_2)
                                         net16 (net)
                  0.09    0.00    2.13 v _255_/A (sky130_fd_sc_hd__and3_2)
     7    0.01    0.06    0.21    2.34 v _255_/X (sky130_fd_sc_hd__and3_2)
                                         _018_ (net)
                  0.06    0.00    2.34 v _292_/A1 (sky130_fd_sc_hd__a31o_1)
     1    0.00    0.03    0.16    2.50 v _292_/X (sky130_fd_sc_hd__a31o_1)
                                         net24 (net)
                  0.03    0.00    2.50 v output24/A (sky130_fd_sc_hd__buf_2)
     1    0.03    0.09    0.16    2.66 v output24/X (sky130_fd_sc_hd__buf_2)
                                         OUT[7] (net)
                  0.09    0.00    2.66 v OUT[7] (out)
                                  2.66   data arrival time

                  0.00    0.00    0.00   clock __VIRTUAL_CLK__ (rise edge)
                          0.00    0.00   clock network delay (ideal)
                          0.25    0.25   clock uncertainty
                          0.00    0.25   clock reconvergence pessimism
                         -2.00   -1.75   output external delay
                                 -1.75   data required time
-----------------------------------------------------------------------------
                                 -1.75   data required time
                                 -2.66   data arrival time
-----------------------------------------------------------------------------
                                  4.41   slack (MET)



worst slack corner Typical: 4.2214
min_report_end
max_report

===========================================================================
report_checks -path_delay max (Setup)
============================================================================
======================= Typical Corner ===================================

Startpoint: B[0] (input port clocked by __VIRTUAL_CLK__)
Endpoint: OUT[6] (output port clocked by __VIRTUAL_CLK__)
Path Group: __VIRTUAL_CLK__
Path Type: max

Fanout     Cap    Slew   Delay    Time   Description
-----------------------------------------------------------------------------
                  0.00    0.00    0.00   clock __VIRTUAL_CLK__ (rise edge)
                          0.00    0.00   clock network delay (ideal)
                          2.00    2.00 v input external delay
     1    0.00    0.01    0.00    2.00 v B[0] (in)
                                         B[0] (net)
                  0.01    0.00    2.00 v input7/A (sky130_fd_sc_hd__buf_2)
    13    0.03    0.07    0.16    2.16 v input7/X (sky130_fd_sc_hd__buf_2)
                                         net7 (net)
                  0.07    0.00    2.16 v _224_/A (sky130_fd_sc_hd__or2_1)
     4    0.01    0.07    0.28    2.43 v _224_/X (sky130_fd_sc_hd__or2_1)
                                         _152_ (net)
                  0.07    0.00    2.43 v _226_/A3 (sky130_fd_sc_hd__o31a_1)
     3    0.01    0.08    0.29    2.73 v _226_/X (sky130_fd_sc_hd__o31a_1)
                                         _154_ (net)
                  0.08    0.00    2.73 v _258_/A3 (sky130_fd_sc_hd__o31a_1)
     2    0.01    0.07    0.28    3.01 v _258_/X (sky130_fd_sc_hd__o31a_1)
                                         _020_ (net)
                  0.07    0.00    3.01 v _259_/B (sky130_fd_sc_hd__xnor2_1)
     2    0.00    0.06    0.14    3.14 v _259_/Y (sky130_fd_sc_hd__xnor2_1)
                                         _021_ (net)
                  0.06    0.00    3.14 v _260_/B (sky130_fd_sc_hd__and2_1)
     3    0.01    0.05    0.17    3.32 v _260_/X (sky130_fd_sc_hd__and2_1)
                                         _022_ (net)
                  0.05    0.00    3.32 v _262_/A (sky130_fd_sc_hd__or2_1)
     2    0.01    0.07    0.25    3.57 v _262_/X (sky130_fd_sc_hd__or2_1)
                                         _024_ (net)
                  0.07    0.00    3.57 v _266_/B1 (sky130_fd_sc_hd__a311oi_2)
     3    0.01    0.23    0.28    3.86 ^ _266_/Y (sky130_fd_sc_hd__a311oi_2)
                                         _028_ (net)
                  0.23    0.00    3.86 ^ _267_/A_N (sky130_fd_sc_hd__and2b_1)
     1    0.00    0.03    0.22    4.07 v _267_/X (sky130_fd_sc_hd__and2b_1)
                                         _029_ (net)
                  0.03    0.00    4.07 v _281_/A2 (sky130_fd_sc_hd__a21o_1)
     1    0.00    0.03    0.17    4.24 v _281_/X (sky130_fd_sc_hd__a21o_1)
                                         net23 (net)
                  0.03    0.00    4.24 v output23/A (sky130_fd_sc_hd__buf_2)
     1    0.03    0.09    0.18    4.42 v output23/X (sky130_fd_sc_hd__buf_2)
                                         OUT[6] (net)
                  0.09    0.00    4.42 v OUT[6] (out)
                                  4.42   data arrival time

                  0.00   10.00   10.00   clock __VIRTUAL_CLK__ (rise edge)
                          0.00   10.00   clock network delay (ideal)
                         -0.25    9.75   clock uncertainty
                          0.00    9.75   clock reconvergence pessimism
                         -2.00    7.75   output external delay
                                  7.75   data required time
-----------------------------------------------------------------------------
                                  7.75   data required time
                                 -4.42   data arrival time
-----------------------------------------------------------------------------
                                  3.33   slack (MET)


Startpoint: OPCODE[0] (input port clocked by __VIRTUAL_CLK__)
Endpoint: OUT[7] (output port clocked by __VIRTUAL_CLK__)
Path Group: __VIRTUAL_CLK__
Path Type: max

Fanout     Cap    Slew   Delay    Time   Description
-----------------------------------------------------------------------------
                  0.00    0.00    0.00   clock __VIRTUAL_CLK__ (rise edge)
                          0.00    0.00   clock network delay (ideal)
                          2.00    2.00 v input external delay
     1    0.00    0.01    0.00    2.00 v OPCODE[0] (in)
                                         OPCODE[0] (net)
                  0.01    0.00    2.00 v input14/A (sky130_fd_sc_hd__buf_1)
     5    0.01    0.06    0.11    2.11 v input14/X (sky130_fd_sc_hd__buf_1)
                                         net14 (net)
                  0.06    0.00    2.11 v _225_/A_N (sky130_fd_sc_hd__nand3b_4)
     9    0.02    0.09    0.20    2.31 v _225_/Y (sky130_fd_sc_hd__nand3b_4)
                                         _153_ (net)
                  0.09    0.00    2.31 v _232_/C (sky130_fd_sc_hd__and3_1)
     2    0.00    0.04    0.21    2.52 v _232_/X (sky130_fd_sc_hd__and3_1)
                                         _160_ (net)
                  0.04    0.00    2.52 v _235_/B (sky130_fd_sc_hd__or3_1)
     2    0.00    0.07    0.36    2.88 v _235_/X (sky130_fd_sc_hd__or3_1)
                                         _163_ (net)
                  0.07    0.00    2.88 v _237_/B (sky130_fd_sc_hd__and3b_1)
     3    0.01    0.06    0.20    3.08 v _237_/X (sky130_fd_sc_hd__and3b_1)
                                         _000_ (net)
                  0.06    0.00    3.08 v _240_/A2 (sky130_fd_sc_hd__o21ai_2)
     4    0.01    0.16    0.16    3.24 ^ _240_/Y (sky130_fd_sc_hd__o21ai_2)
                                         _003_ (net)
                  0.16    0.00    3.24 ^ _247_/A2 (sky130_fd_sc_hd__a311o_2)
     5    0.01    0.09    0.25    3.49 ^ _247_/X (sky130_fd_sc_hd__a311o_2)
                                         _010_ (net)
                  0.09    0.00    3.49 ^ _266_/A3 (sky130_fd_sc_hd__a311oi_2)
     3    0.01    0.09    0.11    3.60 v _266_/Y (sky130_fd_sc_hd__a311oi_2)
                                         _028_ (net)
                  0.09    0.00    3.60 v _286_/B (sky130_fd_sc_hd__or3_1)
     1    0.00    0.06    0.36    3.96 v _286_/X (sky130_fd_sc_hd__or3_1)
                                         _047_ (net)
                  0.06    0.00    3.96 v _292_/A3 (sky130_fd_sc_hd__a31o_1)
     1    0.00    0.03    0.22    4.18 v _292_/X (sky130_fd_sc_hd__a31o_1)
                                         net24 (net)
                  0.03    0.00    4.18 v output24/A (sky130_fd_sc_hd__buf_2)
     1    0.03    0.09    0.18    4.37 v output24/X (sky130_fd_sc_hd__buf_2)
                                         OUT[7] (net)
                  0.09    0.00    4.37 v OUT[7] (out)
                                  4.37   data arrival time

                  0.00   10.00   10.00   clock __VIRTUAL_CLK__ (rise edge)
                          0.00   10.00   clock network delay (ideal)
                         -0.25    9.75   clock uncertainty
                          0.00    9.75   clock reconvergence pessimism
                         -2.00    7.75   output external delay
                                  7.75   data required time
-----------------------------------------------------------------------------
                                  7.75   data required time
                                 -4.37   data arrival time
-----------------------------------------------------------------------------
                                  3.38   slack (MET)


Startpoint: B[0] (input port clocked by __VIRTUAL_CLK__)
Endpoint: OUT[4] (output port clocked by __VIRTUAL_CLK__)
Path Group: __VIRTUAL_CLK__
Path Type: max

Fanout     Cap    Slew   Delay    Time   Description
-----------------------------------------------------------------------------
                  0.00    0.00    0.00   clock __VIRTUAL_CLK__ (rise edge)
                          0.00    0.00   clock network delay (ideal)
                          2.00    2.00 v input external delay
     1    0.00    0.01    0.00    2.00 v B[0] (in)
                                         B[0] (net)
                  0.01    0.00    2.00 v input7/A (sky130_fd_sc_hd__buf_2)
    13    0.03    0.07    0.16    2.16 v input7/X (sky130_fd_sc_hd__buf_2)
                                         net7 (net)
                  0.07    0.00    2.16 v _224_/A (sky130_fd_sc_hd__or2_1)
     4    0.01    0.07    0.28    2.43 v _224_/X (sky130_fd_sc_hd__or2_1)
                                         _152_ (net)
                  0.07    0.00    2.43 v _230_/C (sky130_fd_sc_hd__and3_1)
     2    0.00    0.04    0.20    2.64 v _230_/X (sky130_fd_sc_hd__and3_1)
                                         _158_ (net)
                  0.04    0.00    2.64 v _231_/A2 (sky130_fd_sc_hd__o21ai_1)
     4    0.01    0.20    0.20    2.83 ^ _231_/Y (sky130_fd_sc_hd__o21ai_1)
                                         _159_ (net)
                  0.20    0.00    2.83 ^ _239_/A (sky130_fd_sc_hd__and2_1)
     2    0.01    0.08    0.19    3.02 ^ _239_/X (sky130_fd_sc_hd__and2_1)
                                         _002_ (net)
                  0.08    0.00    3.02 ^ _240_/B1 (sky130_fd_sc_hd__o21ai_2)
     4    0.01    0.05    0.08    3.10 v _240_/Y (sky130_fd_sc_hd__o21ai_2)
                                         _003_ (net)
                  0.05    0.00    3.10 v _247_/A2 (sky130_fd_sc_hd__a311o_2)
     5    0.01    0.08    0.42    3.51 v _247_/X (sky130_fd_sc_hd__a311o_2)
                                         _010_ (net)
                  0.08    0.00    3.51 v _328_/A (sky130_fd_sc_hd__and3_1)
     1    0.00    0.03    0.15    3.67 v _328_/X (sky130_fd_sc_hd__and3_1)
                                         _084_ (net)
                  0.03    0.00    3.67 v _336_/A (sky130_fd_sc_hd__or3_1)
     1    0.00    0.06    0.37    4.04 v _336_/X (sky130_fd_sc_hd__or3_1)
                                         _092_ (net)
                  0.06    0.00    4.04 v _337_/A (sky130_fd_sc_hd__buf_1)
     1    0.00    0.02    0.09    4.13 v _337_/X (sky130_fd_sc_hd__buf_1)
                                         net21 (net)
                  0.02    0.00    4.13 v output21/A (sky130_fd_sc_hd__buf_2)
     1    0.03    0.09    0.18    4.31 v output21/X (sky130_fd_sc_hd__buf_2)
                                         OUT[4] (net)
                  0.09    0.00    4.31 v OUT[4] (out)
                                  4.31   data arrival time

                  0.00   10.00   10.00   clock __VIRTUAL_CLK__ (rise edge)
                          0.00   10.00   clock network delay (ideal)
                         -0.25    9.75   clock uncertainty
                          0.00    9.75   clock reconvergence pessimism
                         -2.00    7.75   output external delay
                                  7.75   data required time
-----------------------------------------------------------------------------
                                  7.75   data required time
                                 -4.31   data arrival time
-----------------------------------------------------------------------------
                                  3.44   slack (MET)


Startpoint: B[0] (input port clocked by __VIRTUAL_CLK__)
Endpoint: OUT[5] (output port clocked by __VIRTUAL_CLK__)
Path Group: __VIRTUAL_CLK__
Path Type: max

Fanout     Cap    Slew   Delay    Time   Description
-----------------------------------------------------------------------------
                  0.00    0.00    0.00   clock __VIRTUAL_CLK__ (rise edge)
                          0.00    0.00   clock network delay (ideal)
                          2.00    2.00 v input external delay
     1    0.00    0.01    0.00    2.00 v B[0] (in)
                                         B[0] (net)
                  0.01    0.00    2.00 v input7/A (sky130_fd_sc_hd__buf_2)
    13    0.03    0.07    0.16    2.16 v input7/X (sky130_fd_sc_hd__buf_2)
                                         net7 (net)
                  0.07    0.00    2.16 v _224_/A (sky130_fd_sc_hd__or2_1)
     4    0.01    0.07    0.28    2.43 v _224_/X (sky130_fd_sc_hd__or2_1)
                                         _152_ (net)
                  0.07    0.00    2.43 v _230_/C (sky130_fd_sc_hd__and3_1)
     2    0.00    0.04    0.20    2.64 v _230_/X (sky130_fd_sc_hd__and3_1)
                                         _158_ (net)
                  0.04    0.00    2.64 v _231_/A2 (sky130_fd_sc_hd__o21ai_1)
     4    0.01    0.20    0.20    2.83 ^ _231_/Y (sky130_fd_sc_hd__o21ai_1)
                                         _159_ (net)
                  0.20    0.00    2.83 ^ _239_/A (sky130_fd_sc_hd__and2_1)
     2    0.01    0.08    0.19    3.02 ^ _239_/X (sky130_fd_sc_hd__and2_1)
                                         _002_ (net)
                  0.08    0.00    3.02 ^ _240_/B1 (sky130_fd_sc_hd__o21ai_2)
     4    0.01    0.05    0.08    3.10 v _240_/Y (sky130_fd_sc_hd__o21ai_2)
                                         _003_ (net)
                  0.05    0.00    3.10 v _247_/A2 (sky130_fd_sc_hd__a311o_2)
     5    0.01    0.08    0.42    3.51 v _247_/X (sky130_fd_sc_hd__a311o_2)
                                         _010_ (net)
                  0.08    0.00    3.51 v _253_/A2 (sky130_fd_sc_hd__a21o_1)
     1    0.00    0.03    0.19    3.70 v _253_/X (sky130_fd_sc_hd__a21o_1)
                                         _016_ (net)
                  0.03    0.00    3.70 v _256_/A (sky130_fd_sc_hd__and3_1)
     1    0.00    0.03    0.13    3.83 v _256_/X (sky130_fd_sc_hd__and3_1)
                                         _019_ (net)
                  0.03    0.00    3.83 v _257_/C1 (sky130_fd_sc_hd__a211o_1)
     1    0.00    0.04    0.22    4.05 v _257_/X (sky130_fd_sc_hd__a211o_1)
                                         net22 (net)
                  0.04    0.00    4.05 v output22/A (sky130_fd_sc_hd__buf_2)
     1    0.03    0.09    0.19    4.24 v output22/X (sky130_fd_sc_hd__buf_2)
                                         OUT[5] (net)
                  0.09    0.00    4.24 v OUT[5] (out)
                                  4.24   data arrival time

                  0.00   10.00   10.00   clock __VIRTUAL_CLK__ (rise edge)
                          0.00   10.00   clock network delay (ideal)
                         -0.25    9.75   clock uncertainty
                          0.00    9.75   clock reconvergence pessimism
                         -2.00    7.75   output external delay
                                  7.75   data required time
-----------------------------------------------------------------------------
                                  7.75   data required time
                                 -4.24   data arrival time
-----------------------------------------------------------------------------
                                  3.51   slack (MET)


Startpoint: OPCODE[0] (input port clocked by __VIRTUAL_CLK__)
Endpoint: OUT[3] (output port clocked by __VIRTUAL_CLK__)
Path Group: __VIRTUAL_CLK__
Path Type: max

Fanout     Cap    Slew   Delay    Time   Description
-----------------------------------------------------------------------------
                  0.00    0.00    0.00   clock __VIRTUAL_CLK__ (rise edge)
                          0.00    0.00   clock network delay (ideal)
                          2.00    2.00 v input external delay
     1    0.00    0.01    0.00    2.00 v OPCODE[0] (in)
                                         OPCODE[0] (net)
                  0.01    0.00    2.00 v input14/A (sky130_fd_sc_hd__buf_1)
     5    0.01    0.06    0.11    2.11 v input14/X (sky130_fd_sc_hd__buf_1)
                                         net14 (net)
                  0.06    0.00    2.11 v _225_/A_N (sky130_fd_sc_hd__nand3b_4)
     9    0.02    0.09    0.20    2.31 v _225_/Y (sky130_fd_sc_hd__nand3b_4)
                                         _153_ (net)
                  0.09    0.00    2.31 v _232_/C (sky130_fd_sc_hd__and3_1)
     2    0.00    0.04    0.21    2.52 v _232_/X (sky130_fd_sc_hd__and3_1)
                                         _160_ (net)
                  0.04    0.00    2.52 v _235_/B (sky130_fd_sc_hd__or3_1)
     2    0.00    0.07    0.36    2.88 v _235_/X (sky130_fd_sc_hd__or3_1)
                                         _163_ (net)
                  0.07    0.00    2.88 v _237_/B (sky130_fd_sc_hd__and3b_1)
     3    0.01    0.06    0.20    3.08 v _237_/X (sky130_fd_sc_hd__and3b_1)
                                         _000_ (net)
                  0.06    0.00    3.08 v _240_/A2 (sky130_fd_sc_hd__o21ai_2)
     4    0.01    0.16    0.16    3.24 ^ _240_/Y (sky130_fd_sc_hd__o21ai_2)
                                         _003_ (net)
                  0.16    0.00    3.24 ^ _318_/B (sky130_fd_sc_hd__nand2_1)
     1    0.00    0.07    0.09    3.33 v _318_/Y (sky130_fd_sc_hd__nand2_1)
                                         _075_ (net)
                  0.07    0.00    3.33 v _319_/B (sky130_fd_sc_hd__xnor2_1)
     1    0.00    0.04    0.13    3.46 v _319_/Y (sky130_fd_sc_hd__xnor2_1)
                                         _076_ (net)
                  0.04    0.00    3.46 v _325_/A2 (sky130_fd_sc_hd__a221o_1)
     1    0.00    0.05    0.34    3.80 v _325_/X (sky130_fd_sc_hd__a221o_1)
                                         net20 (net)
                  0.05    0.00    3.80 v output20/A (sky130_fd_sc_hd__buf_2)
     1    0.03    0.09    0.19    3.99 v output20/X (sky130_fd_sc_hd__buf_2)
                                         OUT[3] (net)
                  0.09    0.00    3.99 v OUT[3] (out)
                                  3.99   data arrival time

                  0.00   10.00   10.00   clock __VIRTUAL_CLK__ (rise edge)
                          0.00   10.00   clock network delay (ideal)
                         -0.25    9.75   clock uncertainty
                          0.00    9.75   clock reconvergence pessimism
                         -2.00    7.75   output external delay
                                  7.75   data required time
-----------------------------------------------------------------------------
                                  7.75   data required time
                                 -3.99   data arrival time
-----------------------------------------------------------------------------
                                  3.76   slack (MET)


Startpoint: OPCODE[0] (input port clocked by __VIRTUAL_CLK__)
Endpoint: OUT[1] (output port clocked by __VIRTUAL_CLK__)
Path Group: __VIRTUAL_CLK__
Path Type: max

Fanout     Cap    Slew   Delay    Time   Description
-----------------------------------------------------------------------------
                  0.00    0.00    0.00   clock __VIRTUAL_CLK__ (rise edge)
                          0.00    0.00   clock network delay (ideal)
                          2.00    2.00 v input external delay
     1    0.00    0.01    0.00    2.00 v OPCODE[0] (in)
                                         OPCODE[0] (net)
                  0.01    0.00    2.00 v input14/A (sky130_fd_sc_hd__buf_1)
     5    0.01    0.06    0.11    2.11 v input14/X (sky130_fd_sc_hd__buf_1)
                                         net14 (net)
                  0.06    0.00    2.11 v _225_/A_N (sky130_fd_sc_hd__nand3b_4)
     9    0.02    0.09    0.20    2.31 v _225_/Y (sky130_fd_sc_hd__nand3b_4)
                                         _153_ (net)
                  0.09    0.00    2.31 v _232_/C (sky130_fd_sc_hd__and3_1)
     2    0.00    0.04    0.21    2.52 v _232_/X (sky130_fd_sc_hd__and3_1)
                                         _160_ (net)
                  0.04    0.00    2.52 v _235_/B (sky130_fd_sc_hd__or3_1)
     2    0.00    0.07    0.36    2.88 v _235_/X (sky130_fd_sc_hd__or3_1)
                                         _163_ (net)
                  0.07    0.00    2.88 v _304_/B (sky130_fd_sc_hd__and2b_1)
     1    0.00    0.03    0.17    3.04 v _304_/X (sky130_fd_sc_hd__and2b_1)
                                         _063_ (net)
                  0.03    0.00    3.04 v _305_/A (sky130_fd_sc_hd__nor2_1)
     1    0.00    0.06    0.08    3.13 ^ _305_/Y (sky130_fd_sc_hd__nor2_1)
                                         _064_ (net)
                  0.06    0.00    3.13 ^ _306_/B (sky130_fd_sc_hd__or3b_1)
     1    0.00    0.03    0.09    3.22 ^ _306_/X (sky130_fd_sc_hd__or3b_1)
                                         _065_ (net)
                  0.03    0.00    3.22 ^ _307_/D_N (sky130_fd_sc_hd__or4b_1)
     1    0.00    0.08    0.43    3.65 v _307_/X (sky130_fd_sc_hd__or4b_1)
                                         _066_ (net)
                  0.08    0.00    3.65 v _308_/A (sky130_fd_sc_hd__clkbuf_1)
     1    0.00    0.02    0.10    3.75 v _308_/X (sky130_fd_sc_hd__clkbuf_1)
                                         net18 (net)
                  0.02    0.00    3.75 v output18/A (sky130_fd_sc_hd__buf_2)
     1    0.03    0.09    0.18    3.93 v output18/X (sky130_fd_sc_hd__buf_2)
                                         OUT[1] (net)
                  0.09    0.00    3.93 v OUT[1] (out)
                                  3.93   data arrival time

                  0.00   10.00   10.00   clock __VIRTUAL_CLK__ (rise edge)
                          0.00   10.00   clock network delay (ideal)
                         -0.25    9.75   clock uncertainty
                          0.00    9.75   clock reconvergence pessimism
                         -2.00    7.75   output external delay
                                  7.75   data required time
-----------------------------------------------------------------------------
                                  7.75   data required time
                                 -3.93   data arrival time
-----------------------------------------------------------------------------
                                  3.82   slack (MET)


Startpoint: B[0] (input port clocked by __VIRTUAL_CLK__)
Endpoint: OUT[2] (output port clocked by __VIRTUAL_CLK__)
Path Group: __VIRTUAL_CLK__
Path Type: max

Fanout     Cap    Slew   Delay    Time   Description
-----------------------------------------------------------------------------
                  0.00    0.00    0.00   clock __VIRTUAL_CLK__ (rise edge)
                          0.00    0.00   clock network delay (ideal)
                          2.00    2.00 v input external delay
     1    0.00    0.01    0.00    2.00 v B[0] (in)
                                         B[0] (net)
                  0.01    0.00    2.00 v input7/A (sky130_fd_sc_hd__buf_2)
    13    0.03    0.07    0.16    2.16 v input7/X (sky130_fd_sc_hd__buf_2)
                                         net7 (net)
                  0.07    0.00    2.16 v _224_/A (sky130_fd_sc_hd__or2_1)
     4    0.01    0.07    0.28    2.43 v _224_/X (sky130_fd_sc_hd__or2_1)
                                         _152_ (net)
                  0.07    0.00    2.43 v _230_/C (sky130_fd_sc_hd__and3_1)
     2    0.00    0.04    0.20    2.64 v _230_/X (sky130_fd_sc_hd__and3_1)
                                         _158_ (net)
                  0.04    0.00    2.64 v _238_/C (sky130_fd_sc_hd__or3_1)
     1    0.00    0.06    0.30    2.94 v _238_/X (sky130_fd_sc_hd__or3_1)
                                         _001_ (net)
                  0.06    0.00    2.94 v _239_/B (sky130_fd_sc_hd__and2_1)
     2    0.01    0.05    0.18    3.11 v _239_/X (sky130_fd_sc_hd__and2_1)
                                         _002_ (net)
                  0.05    0.00    3.11 v _309_/A (sky130_fd_sc_hd__or3_1)
     1    0.00    0.06    0.37    3.49 v _309_/X (sky130_fd_sc_hd__or3_1)
                                         _067_ (net)
                  0.06    0.00    3.49 v _316_/A3 (sky130_fd_sc_hd__a31o_1)
     1    0.00    0.03    0.22    3.71 v _316_/X (sky130_fd_sc_hd__a31o_1)
                                         net19 (net)
                  0.03    0.00    3.71 v output19/A (sky130_fd_sc_hd__buf_2)
     1    0.03    0.09    0.18    3.89 v output19/X (sky130_fd_sc_hd__buf_2)
                                         OUT[2] (net)
                  0.09    0.00    3.89 v OUT[2] (out)
                                  3.89   data arrival time

                  0.00   10.00   10.00   clock __VIRTUAL_CLK__ (rise edge)
                          0.00   10.00   clock network delay (ideal)
                         -0.25    9.75   clock uncertainty
                          0.00    9.75   clock reconvergence pessimism
                         -2.00    7.75   output external delay
                                  7.75   data required time
-----------------------------------------------------------------------------
                                  7.75   data required time
                                 -3.89   data arrival time
-----------------------------------------------------------------------------
                                  3.86   slack (MET)


Startpoint: OPCODE[1] (input port clocked by __VIRTUAL_CLK__)
Endpoint: OUT[0] (output port clocked by __VIRTUAL_CLK__)
Path Group: __VIRTUAL_CLK__
Path Type: max

Fanout     Cap    Slew   Delay    Time   Description
-----------------------------------------------------------------------------
                  0.00    0.00    0.00   clock __VIRTUAL_CLK__ (rise edge)
                          0.00    0.00   clock network delay (ideal)
                          2.00    2.00 v input external delay
     1    0.00    0.01    0.00    2.00 v OPCODE[1] (in)
                                         OPCODE[1] (net)
                  0.01    0.00    2.00 v input15/A (sky130_fd_sc_hd__clkbuf_2)
     6    0.02    0.08    0.14    2.14 v input15/X (sky130_fd_sc_hd__clkbuf_2)
                                         net15 (net)
                  0.08    0.00    2.14 v _166_/B (sky130_fd_sc_hd__or2_1)
     4    0.01    0.08    0.27    2.41 v _166_/X (sky130_fd_sc_hd__or2_1)
                                         _094_ (net)
                  0.08    0.00    2.41 v _214_/B (sky130_fd_sc_hd__or2_1)
     1    0.00    0.04    0.22    2.62 v _214_/X (sky130_fd_sc_hd__or2_1)
                                         _142_ (net)
                  0.04    0.00    2.62 v _215_/A (sky130_fd_sc_hd__buf_2)
     8    0.02    0.06    0.16    2.78 v _215_/X (sky130_fd_sc_hd__buf_2)
                                         _143_ (net)
                  0.06    0.00    2.78 v _296_/A2 (sky130_fd_sc_hd__o21ai_1)
     1    0.00    0.10    0.12    2.90 ^ _296_/Y (sky130_fd_sc_hd__o21ai_1)
                                         _056_ (net)
                  0.10    0.00    2.90 ^ _297_/B1 (sky130_fd_sc_hd__a31o_1)
     1    0.00    0.04    0.10    3.00 ^ _297_/X (sky130_fd_sc_hd__a31o_1)
                                         net17 (net)
                  0.04    0.00    3.00 ^ output17/A (sky130_fd_sc_hd__buf_2)
     1    0.03    0.17    0.20    3.20 ^ output17/X (sky130_fd_sc_hd__buf_2)
                                         OUT[0] (net)
                  0.17    0.00    3.20 ^ OUT[0] (out)
                                  3.20   data arrival time

                  0.00   10.00   10.00   clock __VIRTUAL_CLK__ (rise edge)
                          0.00   10.00   clock network delay (ideal)
                         -0.25    9.75   clock uncertainty
                          0.00    9.75   clock reconvergence pessimism
                         -2.00    7.75   output external delay
                                  7.75   data required time
-----------------------------------------------------------------------------
                                  7.75   data required time
                                 -3.20   data arrival time
-----------------------------------------------------------------------------
                                  4.55   slack (MET)



worst slack corner Typical: 3.3296
max_report_end
checks_report

===========================================================================
report_checks -unconstrained
===========================================================================
======================= Typical Corner ===================================

Startpoint: B[0] (input port clocked by __VIRTUAL_CLK__)
Endpoint: OUT[6] (output port clocked by __VIRTUAL_CLK__)
Path Group: __VIRTUAL_CLK__
Path Type: max

Fanout     Cap    Slew   Delay    Time   Description
-----------------------------------------------------------------------------
                  0.00    0.00    0.00   clock __VIRTUAL_CLK__ (rise edge)
                          0.00    0.00   clock network delay (ideal)
                          2.00    2.00 v input external delay
     1    0.00    0.01    0.00    2.00 v B[0] (in)
                                         B[0] (net)
                  0.01    0.00    2.00 v input7/A (sky130_fd_sc_hd__buf_2)
    13    0.03    0.07    0.16    2.16 v input7/X (sky130_fd_sc_hd__buf_2)
                                         net7 (net)
                  0.07    0.00    2.16 v _224_/A (sky130_fd_sc_hd__or2_1)
     4    0.01    0.07    0.28    2.43 v _224_/X (sky130_fd_sc_hd__or2_1)
                                         _152_ (net)
                  0.07    0.00    2.43 v _226_/A3 (sky130_fd_sc_hd__o31a_1)
     3    0.01    0.08    0.29    2.73 v _226_/X (sky130_fd_sc_hd__o31a_1)
                                         _154_ (net)
                  0.08    0.00    2.73 v _258_/A3 (sky130_fd_sc_hd__o31a_1)
     2    0.01    0.07    0.28    3.01 v _258_/X (sky130_fd_sc_hd__o31a_1)
                                         _020_ (net)
                  0.07    0.00    3.01 v _259_/B (sky130_fd_sc_hd__xnor2_1)
     2    0.00    0.06    0.14    3.14 v _259_/Y (sky130_fd_sc_hd__xnor2_1)
                                         _021_ (net)
                  0.06    0.00    3.14 v _260_/B (sky130_fd_sc_hd__and2_1)
     3    0.01    0.05    0.17    3.32 v _260_/X (sky130_fd_sc_hd__and2_1)
                                         _022_ (net)
                  0.05    0.00    3.32 v _262_/A (sky130_fd_sc_hd__or2_1)
     2    0.01    0.07    0.25    3.57 v _262_/X (sky130_fd_sc_hd__or2_1)
                                         _024_ (net)
                  0.07    0.00    3.57 v _266_/B1 (sky130_fd_sc_hd__a311oi_2)
     3    0.01    0.23    0.28    3.86 ^ _266_/Y (sky130_fd_sc_hd__a311oi_2)
                                         _028_ (net)
                  0.23    0.00    3.86 ^ _267_/A_N (sky130_fd_sc_hd__and2b_1)
     1    0.00    0.03    0.22    4.07 v _267_/X (sky130_fd_sc_hd__and2b_1)
                                         _029_ (net)
                  0.03    0.00    4.07 v _281_/A2 (sky130_fd_sc_hd__a21o_1)
     1    0.00    0.03    0.17    4.24 v _281_/X (sky130_fd_sc_hd__a21o_1)
                                         net23 (net)
                  0.03    0.00    4.24 v output23/A (sky130_fd_sc_hd__buf_2)
     1    0.03    0.09    0.18    4.42 v output23/X (sky130_fd_sc_hd__buf_2)
                                         OUT[6] (net)
                  0.09    0.00    4.42 v OUT[6] (out)
                                  4.42   data arrival time

                  0.00   10.00   10.00   clock __VIRTUAL_CLK__ (rise edge)
                          0.00   10.00   clock network delay (ideal)
                         -0.25    9.75   clock uncertainty
                          0.00    9.75   clock reconvergence pessimism
                         -2.00    7.75   output external delay
                                  7.75   data required time
-----------------------------------------------------------------------------
                                  7.75   data required time
                                 -4.42   data arrival time
-----------------------------------------------------------------------------
                                  3.33   slack (MET)




===========================================================================
report_checks --slack_max -0.01
============================================================================
======================= Typical Corner ===================================

No paths found.


===========================================================================
 report_check_types -max_slew -max_cap -max_fanout -violators
============================================================================
======================= Typical Corner ===================================


max slew violations count Typical: 0
max fanout violations count Typical: 0
max cap violations count Typical: 0

===========================================================================
report_parasitic_annotation -report_unannotated
============================================================================
Found 216 unannotated drivers.
 A[0]
 A[1]
 A[2]
 A[3]
 A[4]
 A[5]
 A[6]
 A[7]
 B[0]
 B[1]
 B[2]
 B[3]
 B[4]
 B[5]
 B[6]
 B[7]
 OPCODE[0]
 OPCODE[1]
 OPCODE[2]
 _165_/Y
 _166_/X
 _167_/Y
 _168_/X
 _169_/Y
 _170_/X
 _171_/Y
 _172_/X
 _173_/Y
 _174_/X
 _175_/Y
 _176_/Y
 _177_/Y
 _178_/X
 _179_/Y
 _180_/Y
 _181_/Y
 _182_/X
 _183_/Y
 _184_/X
 _185_/X
 _186_/X
 _187_/X
 _188_/X
 _189_/X
 _190_/Y
 _191_/X
 _192_/Y
 _193_/X
 _194_/Y
 _195_/X
 _196_/X
 _197_/Y
 _198_/X
 _199_/Y
 _200_/Y
 _201_/X
 _202_/X
 _203_/X
 _204_/Y
 _205_/Y
 _206_/Y
 _207_/Y
 _208_/X
 _209_/Y
 _210_/X
 _211_/Y
 _212_/Y
 _213_/Y
 _214_/X
 _215_/X
 _216_/Y
 _217_/Y
 _218_/Y
 _219_/X
 _220_/X
 _221_/Y
 _222_/X
 _223_/X
 _224_/X
 _225_/Y
 _226_/X
 _227_/Y
 _228_/Y
 _229_/Y
 _230_/X
 _231_/Y
 _232_/X
 _233_/Y
 _234_/X
 _235_/X
 _236_/X
 _237_/X
 _238_/X
 _239_/X
 _240_/Y
 _241_/X
 _242_/Y
 _243_/Y
 _244_/Y
 _245_/X
 _246_/Y
 _247_/X
 _248_/X
 _249_/Y
 _250_/X
 _251_/Y
 _252_/Y
 _253_/X
 _254_/Y
 _255_/X
 _256_/X
 _257_/X
 _258_/X
 _259_/Y
 _260_/X
 _261_/Y
 _262_/X
 _263_/Y
 _264_/X
 _265_/Y
 _266_/Y
 _267_/X
 _268_/Y
 _269_/Y
 _270_/X
 _271_/Y
 _272_/X
 _273_/X
 _274_/Y
 _275_/Y
 _276_/Y
 _277_/X
 _278_/X
 _279_/Y
 _280_/X
 _281_/X
 _282_/Y
 _283_/X
 _284_/X
 _285_/Y
 _286_/X
 _287_/Y
 _288_/X
 _289_/Y
 _290_/X
 _291_/X
 _292_/X
 _293_/X
 _294_/Y
 _295_/X
 _296_/Y
 _297_/X
 _298_/Y
 _299_/X
 _300_/X
 _301_/X
 _302_/X
 _303_/Y
 _304_/X
 _305_/Y
 _306_/X
 _307_/X
 _308_/X
 _309_/X
 _310_/Y
 _311_/Y
 _312_/X
 _313_/Y
 _314_/X
 _315_/Y
 _316_/X
 _317_/X
 _318_/Y
 _319_/Y
 _320_/X
 _321_/Y
 _322_/X
 _323_/Y
 _324_/X
 _325_/X
 _326_/X
 _327_/Y
 _328_/X
 _329_/Y
 _330_/X
 _331_/X
 _332_/X
 _333_/X
 _334_/Y
 _335_/X
 _336_/X
 _337_/X
 input1/X
 input10/X
 input11/X
 input12/X
 input13/X
 input14/X
 input15/X
 input16/X
 input2/X
 input3/X
 input4/X
 input5/X
 input6/X
 input7/X
 input8/X
 input9/X
 output17/X
 output18/X
 output19/X
 output20/X
 output21/X
 output22/X
 output23/X
 output24/X
Found 0 partially unannotated drivers.

===========================================================================
max slew violation count 0
max fanout violation count 0
max cap violation count 0
============================================================================

===========================================================================
check_setup -verbose -unconstrained_endpoints -multiple_clock -no_clock -no_input_delay -loops -generated_clocks
===========================================================================
checks_report_end
power_report

===========================================================================
 report_power
============================================================================
======================= Typical Corner ===================================

Group                  Internal  Switching    Leakage      Total
                          Power      Power      Power      Power (Watts)
----------------------------------------------------------------
Sequential             0.00e+00   0.00e+00   0.00e+00   0.00e+00   0.0%
Combinational          3.58e-05   3.85e-05   6.60e-10   7.42e-05 100.0%
Clock                  0.00e+00   0.00e+00   2.33e-10   2.33e-10   0.0%
Macro                  0.00e+00   0.00e+00   0.00e+00   0.00e+00   0.0%
Pad                    0.00e+00   0.00e+00   0.00e+00   0.00e+00   0.0%
----------------------------------------------------------------
Total                  3.58e-05   3.85e-05   8.94e-10   7.42e-05 100.0%
                          48.2%      51.8%       0.0%

power_report_end
summary_report

===========================================================================
report_tns
============================================================================
tns 0.00

===========================================================================
report_wns
============================================================================
wns 0.00

===========================================================================
report_worst_slack -max (Setup)
============================================================================
worst slack 3.33

===========================================================================
report_worst_slack -min (Hold)
============================================================================
worst slack 4.22
summary_report_end
area_report

===========================================================================
report_design_area
============================================================================
Design area 1524 u^2 14% utilization.
area_report_end
check_nonpropagated_clocks
__VIRTUAL_CLK__
check_nonpropagated_clocks_end
[WARNING] Did not save OpenROAD database!
