
===========================================================================
report_checks -path_delay min (Hold)
============================================================================
======================= Typical Corner ===================================

Startpoint: B[0] (input port clocked by __VIRTUAL_CLK__)
Endpoint: OUT[0] (output port clocked by __VIRTUAL_CLK__)
Path Group: __VIRTUAL_CLK__
Path Type: min

Fanout     Cap    Slew   Delay    Time   Description
-----------------------------------------------------------------------------
                  0.00    0.00    0.00   clock __VIRTUAL_CLK__ (rise edge)
                          0.00    0.00   clock network delay (ideal)
                          2.00    2.00 v input external delay
    13    0.03    0.07    0.05    2.05 v B[0] (in)
                                         B[0] (net)
                  0.07    0.00    2.05 v _297_/A1 (sky130_fd_sc_hd__a31o_2)
     1    0.03    0.10    0.27    2.32 v _297_/X (sky130_fd_sc_hd__a31o_2)
                                         OUT[0] (net)
                  0.10    0.00    2.32 v OUT[0] (out)
                                  2.32   data arrival time

                  0.00    0.00    0.00   clock __VIRTUAL_CLK__ (rise edge)
                          0.00    0.00   clock network delay (ideal)
                          0.25    0.25   clock uncertainty
                          0.00    0.25   clock reconvergence pessimism
                         -2.00   -1.75   output external delay
                                 -1.75   data required time
-----------------------------------------------------------------------------
                                 -1.75   data required time
                                 -2.32   data arrival time
-----------------------------------------------------------------------------
                                  4.07   slack (MET)


Startpoint: A[5] (input port clocked by __VIRTUAL_CLK__)
Endpoint: OUT[5] (output port clocked by __VIRTUAL_CLK__)
Path Group: __VIRTUAL_CLK__
Path Type: min

Fanout     Cap    Slew   Delay    Time   Description
-----------------------------------------------------------------------------
                  0.00    0.00    0.00   clock __VIRTUAL_CLK__ (rise edge)
                          0.00    0.00   clock network delay (ideal)
                          2.00    2.00 v input external delay
     6    0.02    0.04    0.03    2.03 v A[5] (in)
                                         A[5] (net)
                  0.04    0.00    2.03 v _216_/A (sky130_fd_sc_hd__nor2_2)
     1    0.00    0.06    0.08    2.11 ^ _216_/Y (sky130_fd_sc_hd__nor2_2)
                                         _144_ (net)
                  0.06    0.00    2.11 ^ _223_/B1 (sky130_fd_sc_hd__a311o_2)
     1    0.00    0.03    0.09    2.21 ^ _223_/X (sky130_fd_sc_hd__a311o_2)
                                         _151_ (net)
                  0.03    0.00    2.21 ^ _257_/B1 (sky130_fd_sc_hd__a211o_2)
     1    0.03    0.16    0.18    2.38 ^ _257_/X (sky130_fd_sc_hd__a211o_2)
                                         OUT[5] (net)
                  0.16    0.00    2.38 ^ OUT[5] (out)
                                  2.38   data arrival time

                  0.00    0.00    0.00   clock __VIRTUAL_CLK__ (rise edge)
                          0.00    0.00   clock network delay (ideal)
                          0.25    0.25   clock uncertainty
                          0.00    0.25   clock reconvergence pessimism
                         -2.00   -1.75   output external delay
                                 -1.75   data required time
-----------------------------------------------------------------------------
                                 -1.75   data required time
                                 -2.38   data arrival time
-----------------------------------------------------------------------------
                                  4.13   slack (MET)


Startpoint: A[6] (input port clocked by __VIRTUAL_CLK__)
Endpoint: OUT[6] (output port clocked by __VIRTUAL_CLK__)
Path Group: __VIRTUAL_CLK__
Path Type: min

Fanout     Cap    Slew   Delay    Time   Description
-----------------------------------------------------------------------------
                  0.00    0.00    0.00   clock __VIRTUAL_CLK__ (rise edge)
                          0.00    0.00   clock network delay (ideal)
                          2.00    2.00 v input external delay
     5    0.02    0.04    0.03    2.03 v A[6] (in)
                                         A[6] (net)
                  0.04    0.00    2.03 v _279_/A1 (sky130_fd_sc_hd__o211ai_2)
     1    0.00    0.04    0.13    2.16 ^ _279_/Y (sky130_fd_sc_hd__o211ai_2)
                                         _041_ (net)
                  0.04    0.00    2.16 ^ _280_/B1 (sky130_fd_sc_hd__a31o_2)
     1    0.00    0.03    0.08    2.24 ^ _280_/X (sky130_fd_sc_hd__a31o_2)
                                         _042_ (net)
                  0.03    0.00    2.24 ^ _281_/B1 (sky130_fd_sc_hd__a21o_2)
     1    0.03    0.17    0.17    2.42 ^ _281_/X (sky130_fd_sc_hd__a21o_2)
                                         OUT[6] (net)
                  0.17    0.00    2.42 ^ OUT[6] (out)
                                  2.42   data arrival time

                  0.00    0.00    0.00   clock __VIRTUAL_CLK__ (rise edge)
                          0.00    0.00   clock network delay (ideal)
                          0.25    0.25   clock uncertainty
                          0.00    0.25   clock reconvergence pessimism
                         -2.00   -1.75   output external delay
                                 -1.75   data required time
-----------------------------------------------------------------------------
                                 -1.75   data required time
                                 -2.42   data arrival time
-----------------------------------------------------------------------------
                                  4.17   slack (MET)


Startpoint: OPCODE[2] (input port clocked by __VIRTUAL_CLK__)
Endpoint: OUT[7] (output port clocked by __VIRTUAL_CLK__)
Path Group: __VIRTUAL_CLK__
Path Type: min

Fanout     Cap    Slew   Delay    Time   Description
-----------------------------------------------------------------------------
                  0.00    0.00    0.00   clock __VIRTUAL_CLK__ (rise edge)
                          0.00    0.00   clock network delay (ideal)
                          2.00    2.00 v input external delay
     6    0.02    0.04    0.03    2.03 v OPCODE[2] (in)
                                         OPCODE[2] (net)
                  0.04    0.00    2.03 v _255_/A (sky130_fd_sc_hd__and3_2)
     7    0.01    0.06    0.19    2.21 v _255_/X (sky130_fd_sc_hd__and3_2)
                                         _018_ (net)
                  0.06    0.00    2.21 v _292_/A1 (sky130_fd_sc_hd__a31o_2)
     1    0.03    0.10    0.27    2.48 v _292_/X (sky130_fd_sc_hd__a31o_2)
                                         OUT[7] (net)
                  0.10    0.00    2.48 v OUT[7] (out)
                                  2.48   data arrival time

                  0.00    0.00    0.00   clock __VIRTUAL_CLK__ (rise edge)
                          0.00    0.00   clock network delay (ideal)
                          0.25    0.25   clock uncertainty
                          0.00    0.25   clock reconvergence pessimism
                         -2.00   -1.75   output external delay
                                 -1.75   data required time
-----------------------------------------------------------------------------
                                 -1.75   data required time
                                 -2.48   data arrival time
-----------------------------------------------------------------------------
                                  4.23   slack (MET)


Startpoint: OPCODE[2] (input port clocked by __VIRTUAL_CLK__)
Endpoint: OUT[2] (output port clocked by __VIRTUAL_CLK__)
Path Group: __VIRTUAL_CLK__
Path Type: min

Fanout     Cap    Slew   Delay    Time   Description
-----------------------------------------------------------------------------
                  0.00    0.00    0.00   clock __VIRTUAL_CLK__ (rise edge)
                          0.00    0.00   clock network delay (ideal)
                          2.00    2.00 v input external delay
     6    0.02    0.04    0.03    2.03 v OPCODE[2] (in)
                                         OPCODE[2] (net)
                  0.04    0.00    2.03 v _255_/A (sky130_fd_sc_hd__and3_2)
     7    0.01    0.06    0.19    2.21 v _255_/X (sky130_fd_sc_hd__and3_2)
                                         _018_ (net)
                  0.06    0.00    2.21 v _316_/A2 (sky130_fd_sc_hd__a31o_2)
     1    0.03    0.10    0.30    2.51 v _316_/X (sky130_fd_sc_hd__a31o_2)
                                         OUT[2] (net)
                  0.10    0.00    2.51 v OUT[2] (out)
                                  2.51   data arrival time

                  0.00    0.00    0.00   clock __VIRTUAL_CLK__ (rise edge)
                          0.00    0.00   clock network delay (ideal)
                          0.25    0.25   clock uncertainty
                          0.00    0.25   clock reconvergence pessimism
                         -2.00   -1.75   output external delay
                                 -1.75   data required time
-----------------------------------------------------------------------------
                                 -1.75   data required time
                                 -2.51   data arrival time
-----------------------------------------------------------------------------
                                  4.26   slack (MET)


Startpoint: OPCODE[2] (input port clocked by __VIRTUAL_CLK__)
Endpoint: OUT[3] (output port clocked by __VIRTUAL_CLK__)
Path Group: __VIRTUAL_CLK__
Path Type: min

Fanout     Cap    Slew   Delay    Time   Description
-----------------------------------------------------------------------------
                  0.00    0.00    0.00   clock __VIRTUAL_CLK__ (rise edge)
                          0.00    0.00   clock network delay (ideal)
                          2.00    2.00 ^ input external delay
     6    0.02    0.09    0.06    2.06 ^ OPCODE[2] (in)
                                         OPCODE[2] (net)
                  0.09    0.00    2.06 ^ _255_/A (sky130_fd_sc_hd__and3_2)
     7    0.01    0.09    0.21    2.27 ^ _255_/X (sky130_fd_sc_hd__and3_2)
                                         _018_ (net)
                  0.09    0.00    2.27 ^ _325_/A1 (sky130_fd_sc_hd__a221o_2)
     1    0.03    0.18    0.25    2.52 ^ _325_/X (sky130_fd_sc_hd__a221o_2)
                                         OUT[3] (net)
                  0.18    0.00    2.52 ^ OUT[3] (out)
                                  2.52   data arrival time

                  0.00    0.00    0.00   clock __VIRTUAL_CLK__ (rise edge)
                          0.00    0.00   clock network delay (ideal)
                          0.25    0.25   clock uncertainty
                          0.00    0.25   clock reconvergence pessimism
                         -2.00   -1.75   output external delay
                                 -1.75   data required time
-----------------------------------------------------------------------------
                                 -1.75   data required time
                                 -2.52   data arrival time
-----------------------------------------------------------------------------
                                  4.27   slack (MET)


Startpoint: A[1] (input port clocked by __VIRTUAL_CLK__)
Endpoint: OUT[1] (output port clocked by __VIRTUAL_CLK__)
Path Group: __VIRTUAL_CLK__
Path Type: min

Fanout     Cap    Slew   Delay    Time   Description
-----------------------------------------------------------------------------
                  0.00    0.00    0.00   clock __VIRTUAL_CLK__ (rise edge)
                          0.00    0.00   clock network delay (ideal)
                          2.00    2.00 v input external delay
    13    0.03    0.08    0.05    2.05 v A[1] (in)
                                         A[1] (net)
                  0.08    0.00    2.05 v _303_/A (sky130_fd_sc_hd__nor2_2)
     1    0.00    0.05    0.09    2.14 ^ _303_/Y (sky130_fd_sc_hd__nor2_2)
                                         _062_ (net)
                  0.05    0.00    2.14 ^ _307_/C (sky130_fd_sc_hd__or4b_2)
     1    0.00    0.03    0.10    2.24 ^ _307_/X (sky130_fd_sc_hd__or4b_2)
                                         _066_ (net)
                  0.03    0.00    2.24 ^ _308_/A (sky130_fd_sc_hd__buf_1)
     1    0.03    0.40    0.30    2.54 ^ _308_/X (sky130_fd_sc_hd__buf_1)
                                         OUT[1] (net)
                  0.40    0.00    2.54 ^ OUT[1] (out)
                                  2.54   data arrival time

                  0.00    0.00    0.00   clock __VIRTUAL_CLK__ (rise edge)
                          0.00    0.00   clock network delay (ideal)
                          0.25    0.25   clock uncertainty
                          0.00    0.25   clock reconvergence pessimism
                         -2.00   -1.75   output external delay
                                 -1.75   data required time
-----------------------------------------------------------------------------
                                 -1.75   data required time
                                 -2.54   data arrival time
-----------------------------------------------------------------------------
                                  4.29   slack (MET)


Startpoint: A[4] (input port clocked by __VIRTUAL_CLK__)
Endpoint: OUT[4] (output port clocked by __VIRTUAL_CLK__)
Path Group: __VIRTUAL_CLK__
Path Type: min

Fanout     Cap    Slew   Delay    Time   Description
-----------------------------------------------------------------------------
                  0.00    0.00    0.00   clock __VIRTUAL_CLK__ (rise edge)
                          0.00    0.00   clock network delay (ideal)
                          2.00    2.00 ^ input external delay
     6    0.02    0.10    0.06    2.06 ^ A[4] (in)
                                         A[4] (net)
                  0.10    0.00    2.06 ^ _331_/A2 (sky130_fd_sc_hd__a31o_2)
     1    0.00    0.03    0.14    2.21 ^ _331_/X (sky130_fd_sc_hd__a31o_2)
                                         _087_ (net)
                  0.03    0.00    2.21 ^ _336_/B (sky130_fd_sc_hd__or3_2)
     1    0.00    0.03    0.08    2.29 ^ _336_/X (sky130_fd_sc_hd__or3_2)
                                         _092_ (net)
                  0.03    0.00    2.29 ^ _337_/A (sky130_fd_sc_hd__buf_1)
     1    0.03    0.40    0.30    2.59 ^ _337_/X (sky130_fd_sc_hd__buf_1)
                                         OUT[4] (net)
                  0.40    0.00    2.59 ^ OUT[4] (out)
                                  2.59   data arrival time

                  0.00    0.00    0.00   clock __VIRTUAL_CLK__ (rise edge)
                          0.00    0.00   clock network delay (ideal)
                          0.25    0.25   clock uncertainty
                          0.00    0.25   clock reconvergence pessimism
                         -2.00   -1.75   output external delay
                                 -1.75   data required time
-----------------------------------------------------------------------------
                                 -1.75   data required time
                                 -2.59   data arrival time
-----------------------------------------------------------------------------
                                  4.34   slack (MET)



worst slack corner Typical: 4.0652
