
===========================================================================
report_checks -unconstrained
===========================================================================
======================= Typical Corner ===================================

Startpoint: A[3] (input port clocked by __VIRTUAL_CLK__)
Endpoint: OUT[4] (output port clocked by __VIRTUAL_CLK__)
Path Group: __VIRTUAL_CLK__
Path Type: max

Fanout     Cap    Slew   Delay    Time   Description
-----------------------------------------------------------------------------
                  0.00    0.00    0.00   clock __VIRTUAL_CLK__ (rise edge)
                          0.00    0.00   clock network delay (ideal)
                          2.00    2.00 v input external delay
     1    0.00    0.01    0.00    2.00 v A[3] (in)
                                         A[3] (net)
                  0.01    0.00    2.00 v _172_/A (sky130_fd_sc_hd__buf_1)
    13    0.04    0.24    0.25    2.25 v _172_/X (sky130_fd_sc_hd__buf_1)
                                         _100_ (net)
                  0.24    0.00    2.25 v _178_/D (sky130_fd_sc_hd__and4_2)
     3    0.01    0.05    0.35    2.60 v _178_/X (sky130_fd_sc_hd__and4_2)
                                         _106_ (net)
                  0.05    0.00    2.60 v _182_/A (sky130_fd_sc_hd__or3_2)
     2    0.00    0.08    0.50    3.10 v _182_/X (sky130_fd_sc_hd__or3_2)
                                         _110_ (net)
                  0.08    0.00    3.10 v _187_/A1 (sky130_fd_sc_hd__a21o_2)
     2    0.00    0.04    0.21    3.31 v _187_/X (sky130_fd_sc_hd__a21o_2)
                                         _115_ (net)
                  0.04    0.00    3.31 v _189_/A3 (sky130_fd_sc_hd__a31o_2)
     2    0.01    0.06    0.28    3.59 v _189_/X (sky130_fd_sc_hd__a31o_2)
                                         _117_ (net)
                  0.06    0.00    3.59 v _191_/B (sky130_fd_sc_hd__xor2_2)
     2    0.01    0.07    0.16    3.75 v _191_/X (sky130_fd_sc_hd__xor2_2)
                                         _119_ (net)
                  0.07    0.00    3.75 v _332_/B1 (sky130_fd_sc_hd__a21o_2)
     1    0.00    0.03    0.19    3.94 v _332_/X (sky130_fd_sc_hd__a21o_2)
                                         _088_ (net)
                  0.03    0.00    3.94 v _335_/A3 (sky130_fd_sc_hd__a31o_2)
     1    0.00    0.03    0.23    4.18 v _335_/X (sky130_fd_sc_hd__a31o_2)
                                         _091_ (net)
                  0.03    0.00    4.18 v _336_/C (sky130_fd_sc_hd__or3_2)
     1    0.00    0.07    0.41    4.59 v _336_/X (sky130_fd_sc_hd__or3_2)
                                         _092_ (net)
                  0.07    0.00    4.59 v _337_/A (sky130_fd_sc_hd__buf_1)
     1    0.03    0.19    0.24    4.83 v _337_/X (sky130_fd_sc_hd__buf_1)
                                         OUT[4] (net)
                  0.19    0.00    4.83 v OUT[4] (out)
                                  4.83   data arrival time

                  0.00   10.00   10.00   clock __VIRTUAL_CLK__ (rise edge)
                          0.00   10.00   clock network delay (ideal)
                         -0.25    9.75   clock uncertainty
                          0.00    9.75   clock reconvergence pessimism
                         -2.00    7.75   output external delay
                                  7.75   data required time
-----------------------------------------------------------------------------
                                  7.75   data required time
                                 -4.83   data arrival time
-----------------------------------------------------------------------------
                                  2.92   slack (MET)




===========================================================================
report_checks --slack_max -0.01
============================================================================
======================= Typical Corner ===================================

No paths found.


===========================================================================
 report_check_types -max_slew -max_cap -max_fanout -violators
============================================================================
======================= Typical Corner ===================================


max slew violations count Typical: 0
max fanout violations count Typical: 0
max cap violations count Typical: 0

===========================================================================
report_parasitic_annotation -report_unannotated
============================================================================
Found 192 unannotated drivers.
 A[0]
 A[1]
 A[2]
 A[3]
 A[4]
 A[5]
 A[6]
 A[7]
 B[0]
 B[1]
 B[2]
 B[3]
 B[4]
 B[5]
 B[6]
 B[7]
 OPCODE[0]
 OPCODE[1]
 OPCODE[2]
 _165_/Y
 _166_/X
 _167_/Y
 _168_/X
 _169_/Y
 _170_/X
 _171_/Y
 _172_/X
 _173_/Y
 _174_/X
 _175_/Y
 _176_/Y
 _177_/Y
 _178_/X
 _179_/Y
 _180_/Y
 _181_/Y
 _182_/X
 _183_/Y
 _184_/X
 _185_/X
 _186_/X
 _187_/X
 _188_/X
 _189_/X
 _190_/Y
 _191_/X
 _192_/Y
 _193_/X
 _194_/Y
 _195_/X
 _196_/X
 _197_/Y
 _198_/X
 _199_/Y
 _200_/Y
 _201_/X
 _202_/X
 _203_/X
 _204_/Y
 _205_/Y
 _206_/Y
 _207_/Y
 _208_/X
 _209_/Y
 _210_/X
 _211_/Y
 _212_/Y
 _213_/Y
 _214_/X
 _215_/X
 _216_/Y
 _217_/Y
 _218_/Y
 _219_/X
 _220_/X
 _221_/Y
 _222_/X
 _223_/X
 _224_/X
 _225_/Y
 _226_/X
 _227_/Y
 _228_/Y
 _229_/Y
 _230_/X
 _231_/Y
 _232_/X
 _233_/Y
 _234_/X
 _235_/X
 _236_/X
 _237_/X
 _238_/X
 _239_/X
 _240_/Y
 _241_/X
 _242_/Y
 _243_/Y
 _244_/Y
 _245_/X
 _246_/Y
 _247_/X
 _248_/X
 _249_/Y
 _250_/X
 _251_/Y
 _252_/Y
 _253_/X
 _254_/Y
 _255_/X
 _256_/X
 _257_/X
 _258_/X
 _259_/Y
 _260_/X
 _261_/Y
 _262_/X
 _263_/Y
 _264_/X
 _265_/Y
 _266_/Y
 _267_/X
 _268_/Y
 _269_/Y
 _270_/X
 _271_/Y
 _272_/X
 _273_/X
 _274_/Y
 _275_/Y
 _276_/Y
 _277_/X
 _278_/X
 _279_/Y
 _280_/X
 _281_/X
 _282_/Y
 _283_/X
 _284_/X
 _285_/Y
 _286_/X
 _287_/Y
 _288_/X
 _289_/Y
 _290_/X
 _291_/X
 _292_/X
 _293_/X
 _294_/Y
 _295_/X
 _296_/Y
 _297_/X
 _298_/Y
 _299_/X
 _300_/X
 _301_/X
 _302_/X
 _303_/Y
 _304_/X
 _305_/Y
 _306_/X
 _307_/X
 _308_/X
 _309_/X
 _310_/Y
 _311_/Y
 _312_/X
 _313_/Y
 _314_/X
 _315_/Y
 _316_/X
 _317_/X
 _318_/Y
 _319_/Y
 _320_/X
 _321_/Y
 _322_/X
 _323_/Y
 _324_/X
 _325_/X
 _326_/X
 _327_/Y
 _328_/X
 _329_/Y
 _330_/X
 _331_/X
 _332_/X
 _333_/X
 _334_/Y
 _335_/X
 _336_/X
 _337_/X
Found 0 partially unannotated drivers.

===========================================================================
max slew violation count 0
max fanout violation count 0
max cap violation count 0
============================================================================

===========================================================================
check_setup -verbose -unconstrained_endpoints -multiple_clock -no_clock -no_input_delay -loops -generated_clocks
===========================================================================
