
===========================================================================
report_checks -path_delay max (Setup)
============================================================================
======================= Typical Corner ===================================

Startpoint: B[0] (input port clocked by __VIRTUAL_CLK__)
Endpoint: OUT[6] (output port clocked by __VIRTUAL_CLK__)
Path Group: __VIRTUAL_CLK__
Path Type: max

Fanout     Cap    Slew   Delay    Time   Description
-----------------------------------------------------------------------------
                  0.00    0.00    0.00   clock __VIRTUAL_CLK__ (rise edge)
                          0.00    0.00   clock network delay (ideal)
                          2.00    2.00 v input external delay
     1    0.00    0.01    0.00    2.00 v B[0] (in)
                                         B[0] (net)
                  0.01    0.00    2.00 v input7/A (sky130_fd_sc_hd__buf_2)
    13    0.03    0.07    0.16    2.16 v input7/X (sky130_fd_sc_hd__buf_2)
                                         net7 (net)
                  0.07    0.00    2.16 v _224_/A (sky130_fd_sc_hd__or2_1)
     4    0.01    0.07    0.28    2.43 v _224_/X (sky130_fd_sc_hd__or2_1)
                                         _152_ (net)
                  0.07    0.00    2.43 v _226_/A3 (sky130_fd_sc_hd__o31a_1)
     3    0.01    0.08    0.29    2.73 v _226_/X (sky130_fd_sc_hd__o31a_1)
                                         _154_ (net)
                  0.08    0.00    2.73 v _258_/A3 (sky130_fd_sc_hd__o31a_1)
     2    0.01    0.07    0.28    3.01 v _258_/X (sky130_fd_sc_hd__o31a_1)
                                         _020_ (net)
                  0.07    0.00    3.01 v _259_/B (sky130_fd_sc_hd__xnor2_1)
     2    0.00    0.06    0.14    3.14 v _259_/Y (sky130_fd_sc_hd__xnor2_1)
                                         _021_ (net)
                  0.06    0.00    3.14 v _260_/B (sky130_fd_sc_hd__and2_1)
     3    0.01    0.05    0.17    3.32 v _260_/X (sky130_fd_sc_hd__and2_1)
                                         _022_ (net)
                  0.05    0.00    3.32 v _262_/A (sky130_fd_sc_hd__or2_1)
     2    0.01    0.07    0.25    3.57 v _262_/X (sky130_fd_sc_hd__or2_1)
                                         _024_ (net)
                  0.07    0.00    3.57 v _266_/B1 (sky130_fd_sc_hd__a311oi_2)
     3    0.01    0.23    0.28    3.86 ^ _266_/Y (sky130_fd_sc_hd__a311oi_2)
                                         _028_ (net)
                  0.23    0.00    3.86 ^ _267_/A_N (sky130_fd_sc_hd__and2b_1)
     1    0.00    0.03    0.22    4.07 v _267_/X (sky130_fd_sc_hd__and2b_1)
                                         _029_ (net)
                  0.03    0.00    4.07 v _281_/A2 (sky130_fd_sc_hd__a21o_1)
     1    0.00    0.03    0.17    4.24 v _281_/X (sky130_fd_sc_hd__a21o_1)
                                         net23 (net)
                  0.03    0.00    4.24 v output23/A (sky130_fd_sc_hd__buf_2)
     1    0.03    0.09    0.18    4.42 v output23/X (sky130_fd_sc_hd__buf_2)
                                         OUT[6] (net)
                  0.09    0.00    4.42 v OUT[6] (out)
                                  4.42   data arrival time

                  0.00   10.00   10.00   clock __VIRTUAL_CLK__ (rise edge)
                          0.00   10.00   clock network delay (ideal)
                         -0.25    9.75   clock uncertainty
                          0.00    9.75   clock reconvergence pessimism
                         -2.00    7.75   output external delay
                                  7.75   data required time
-----------------------------------------------------------------------------
                                  7.75   data required time
                                 -4.42   data arrival time
-----------------------------------------------------------------------------
                                  3.33   slack (MET)


Startpoint: OPCODE[0] (input port clocked by __VIRTUAL_CLK__)
Endpoint: OUT[7] (output port clocked by __VIRTUAL_CLK__)
Path Group: __VIRTUAL_CLK__
Path Type: max

Fanout     Cap    Slew   Delay    Time   Description
-----------------------------------------------------------------------------
                  0.00    0.00    0.00   clock __VIRTUAL_CLK__ (rise edge)
                          0.00    0.00   clock network delay (ideal)
                          2.00    2.00 v input external delay
     1    0.00    0.01    0.00    2.00 v OPCODE[0] (in)
                                         OPCODE[0] (net)
                  0.01    0.00    2.00 v input14/A (sky130_fd_sc_hd__buf_1)
     5    0.01    0.06    0.11    2.11 v input14/X (sky130_fd_sc_hd__buf_1)
                                         net14 (net)
                  0.06    0.00    2.11 v _225_/A_N (sky130_fd_sc_hd__nand3b_4)
     9    0.02    0.09    0.20    2.31 v _225_/Y (sky130_fd_sc_hd__nand3b_4)
                                         _153_ (net)
                  0.09    0.00    2.31 v _232_/C (sky130_fd_sc_hd__and3_1)
     2    0.00    0.04    0.21    2.52 v _232_/X (sky130_fd_sc_hd__and3_1)
                                         _160_ (net)
                  0.04    0.00    2.52 v _235_/B (sky130_fd_sc_hd__or3_1)
     2    0.00    0.07    0.36    2.88 v _235_/X (sky130_fd_sc_hd__or3_1)
                                         _163_ (net)
                  0.07    0.00    2.88 v _237_/B (sky130_fd_sc_hd__and3b_1)
     3    0.01    0.06    0.20    3.08 v _237_/X (sky130_fd_sc_hd__and3b_1)
                                         _000_ (net)
                  0.06    0.00    3.08 v _240_/A2 (sky130_fd_sc_hd__o21ai_2)
     4    0.01    0.16    0.16    3.24 ^ _240_/Y (sky130_fd_sc_hd__o21ai_2)
                                         _003_ (net)
                  0.16    0.00    3.24 ^ _247_/A2 (sky130_fd_sc_hd__a311o_2)
     5    0.01    0.09    0.25    3.49 ^ _247_/X (sky130_fd_sc_hd__a311o_2)
                                         _010_ (net)
                  0.09    0.00    3.49 ^ _266_/A3 (sky130_fd_sc_hd__a311oi_2)
     3    0.01    0.09    0.11    3.60 v _266_/Y (sky130_fd_sc_hd__a311oi_2)
                                         _028_ (net)
                  0.09    0.00    3.60 v _286_/B (sky130_fd_sc_hd__or3_1)
     1    0.00    0.06    0.36    3.96 v _286_/X (sky130_fd_sc_hd__or3_1)
                                         _047_ (net)
                  0.06    0.00    3.96 v _292_/A3 (sky130_fd_sc_hd__a31o_1)
     1    0.00    0.03    0.22    4.18 v _292_/X (sky130_fd_sc_hd__a31o_1)
                                         net24 (net)
                  0.03    0.00    4.18 v output24/A (sky130_fd_sc_hd__buf_2)
     1    0.03    0.09    0.18    4.37 v output24/X (sky130_fd_sc_hd__buf_2)
                                         OUT[7] (net)
                  0.09    0.00    4.37 v OUT[7] (out)
                                  4.37   data arrival time

                  0.00   10.00   10.00   clock __VIRTUAL_CLK__ (rise edge)
                          0.00   10.00   clock network delay (ideal)
                         -0.25    9.75   clock uncertainty
                          0.00    9.75   clock reconvergence pessimism
                         -2.00    7.75   output external delay
                                  7.75   data required time
-----------------------------------------------------------------------------
                                  7.75   data required time
                                 -4.37   data arrival time
-----------------------------------------------------------------------------
                                  3.38   slack (MET)


Startpoint: B[0] (input port clocked by __VIRTUAL_CLK__)
Endpoint: OUT[4] (output port clocked by __VIRTUAL_CLK__)
Path Group: __VIRTUAL_CLK__
Path Type: max

Fanout     Cap    Slew   Delay    Time   Description
-----------------------------------------------------------------------------
                  0.00    0.00    0.00   clock __VIRTUAL_CLK__ (rise edge)
                          0.00    0.00   clock network delay (ideal)
                          2.00    2.00 v input external delay
     1    0.00    0.01    0.00    2.00 v B[0] (in)
                                         B[0] (net)
                  0.01    0.00    2.00 v input7/A (sky130_fd_sc_hd__buf_2)
    13    0.03    0.07    0.16    2.16 v input7/X (sky130_fd_sc_hd__buf_2)
                                         net7 (net)
                  0.07    0.00    2.16 v _224_/A (sky130_fd_sc_hd__or2_1)
     4    0.01    0.07    0.28    2.43 v _224_/X (sky130_fd_sc_hd__or2_1)
                                         _152_ (net)
                  0.07    0.00    2.43 v _230_/C (sky130_fd_sc_hd__and3_1)
     2    0.00    0.04    0.20    2.64 v _230_/X (sky130_fd_sc_hd__and3_1)
                                         _158_ (net)
                  0.04    0.00    2.64 v _231_/A2 (sky130_fd_sc_hd__o21ai_1)
     4    0.01    0.20    0.20    2.83 ^ _231_/Y (sky130_fd_sc_hd__o21ai_1)
                                         _159_ (net)
                  0.20    0.00    2.83 ^ _239_/A (sky130_fd_sc_hd__and2_1)
     2    0.01    0.08    0.19    3.02 ^ _239_/X (sky130_fd_sc_hd__and2_1)
                                         _002_ (net)
                  0.08    0.00    3.02 ^ _240_/B1 (sky130_fd_sc_hd__o21ai_2)
     4    0.01    0.05    0.08    3.10 v _240_/Y (sky130_fd_sc_hd__o21ai_2)
                                         _003_ (net)
                  0.05    0.00    3.10 v _247_/A2 (sky130_fd_sc_hd__a311o_2)
     5    0.01    0.08    0.42    3.51 v _247_/X (sky130_fd_sc_hd__a311o_2)
                                         _010_ (net)
                  0.08    0.00    3.51 v _328_/A (sky130_fd_sc_hd__and3_1)
     1    0.00    0.03    0.15    3.67 v _328_/X (sky130_fd_sc_hd__and3_1)
                                         _084_ (net)
                  0.03    0.00    3.67 v _336_/A (sky130_fd_sc_hd__or3_1)
     1    0.00    0.06    0.37    4.04 v _336_/X (sky130_fd_sc_hd__or3_1)
                                         _092_ (net)
                  0.06    0.00    4.04 v _337_/A (sky130_fd_sc_hd__buf_1)
     1    0.00    0.02    0.09    4.13 v _337_/X (sky130_fd_sc_hd__buf_1)
                                         net21 (net)
                  0.02    0.00    4.13 v output21/A (sky130_fd_sc_hd__buf_2)
     1    0.03    0.09    0.18    4.31 v output21/X (sky130_fd_sc_hd__buf_2)
                                         OUT[4] (net)
                  0.09    0.00    4.31 v OUT[4] (out)
                                  4.31   data arrival time

                  0.00   10.00   10.00   clock __VIRTUAL_CLK__ (rise edge)
                          0.00   10.00   clock network delay (ideal)
                         -0.25    9.75   clock uncertainty
                          0.00    9.75   clock reconvergence pessimism
                         -2.00    7.75   output external delay
                                  7.75   data required time
-----------------------------------------------------------------------------
                                  7.75   data required time
                                 -4.31   data arrival time
-----------------------------------------------------------------------------
                                  3.44   slack (MET)


Startpoint: B[0] (input port clocked by __VIRTUAL_CLK__)
Endpoint: OUT[5] (output port clocked by __VIRTUAL_CLK__)
Path Group: __VIRTUAL_CLK__
Path Type: max

Fanout     Cap    Slew   Delay    Time   Description
-----------------------------------------------------------------------------
                  0.00    0.00    0.00   clock __VIRTUAL_CLK__ (rise edge)
                          0.00    0.00   clock network delay (ideal)
                          2.00    2.00 v input external delay
     1    0.00    0.01    0.00    2.00 v B[0] (in)
                                         B[0] (net)
                  0.01    0.00    2.00 v input7/A (sky130_fd_sc_hd__buf_2)
    13    0.03    0.07    0.16    2.16 v input7/X (sky130_fd_sc_hd__buf_2)
                                         net7 (net)
                  0.07    0.00    2.16 v _224_/A (sky130_fd_sc_hd__or2_1)
     4    0.01    0.07    0.28    2.43 v _224_/X (sky130_fd_sc_hd__or2_1)
                                         _152_ (net)
                  0.07    0.00    2.43 v _230_/C (sky130_fd_sc_hd__and3_1)
     2    0.00    0.04    0.20    2.64 v _230_/X (sky130_fd_sc_hd__and3_1)
                                         _158_ (net)
                  0.04    0.00    2.64 v _231_/A2 (sky130_fd_sc_hd__o21ai_1)
     4    0.01    0.20    0.20    2.83 ^ _231_/Y (sky130_fd_sc_hd__o21ai_1)
                                         _159_ (net)
                  0.20    0.00    2.83 ^ _239_/A (sky130_fd_sc_hd__and2_1)
     2    0.01    0.08    0.19    3.02 ^ _239_/X (sky130_fd_sc_hd__and2_1)
                                         _002_ (net)
                  0.08    0.00    3.02 ^ _240_/B1 (sky130_fd_sc_hd__o21ai_2)
     4    0.01    0.05    0.08    3.10 v _240_/Y (sky130_fd_sc_hd__o21ai_2)
                                         _003_ (net)
                  0.05    0.00    3.10 v _247_/A2 (sky130_fd_sc_hd__a311o_2)
     5    0.01    0.08    0.42    3.51 v _247_/X (sky130_fd_sc_hd__a311o_2)
                                         _010_ (net)
                  0.08    0.00    3.51 v _253_/A2 (sky130_fd_sc_hd__a21o_1)
     1    0.00    0.03    0.19    3.70 v _253_/X (sky130_fd_sc_hd__a21o_1)
                                         _016_ (net)
                  0.03    0.00    3.70 v _256_/A (sky130_fd_sc_hd__and3_1)
     1    0.00    0.03    0.13    3.83 v _256_/X (sky130_fd_sc_hd__and3_1)
                                         _019_ (net)
                  0.03    0.00    3.83 v _257_/C1 (sky130_fd_sc_hd__a211o_1)
     1    0.00    0.04    0.22    4.05 v _257_/X (sky130_fd_sc_hd__a211o_1)
                                         net22 (net)
                  0.04    0.00    4.05 v output22/A (sky130_fd_sc_hd__buf_2)
     1    0.03    0.09    0.19    4.24 v output22/X (sky130_fd_sc_hd__buf_2)
                                         OUT[5] (net)
                  0.09    0.00    4.24 v OUT[5] (out)
                                  4.24   data arrival time

                  0.00   10.00   10.00   clock __VIRTUAL_CLK__ (rise edge)
                          0.00   10.00   clock network delay (ideal)
                         -0.25    9.75   clock uncertainty
                          0.00    9.75   clock reconvergence pessimism
                         -2.00    7.75   output external delay
                                  7.75   data required time
-----------------------------------------------------------------------------
                                  7.75   data required time
                                 -4.24   data arrival time
-----------------------------------------------------------------------------
                                  3.51   slack (MET)


Startpoint: OPCODE[0] (input port clocked by __VIRTUAL_CLK__)
Endpoint: OUT[3] (output port clocked by __VIRTUAL_CLK__)
Path Group: __VIRTUAL_CLK__
Path Type: max

Fanout     Cap    Slew   Delay    Time   Description
-----------------------------------------------------------------------------
                  0.00    0.00    0.00   clock __VIRTUAL_CLK__ (rise edge)
                          0.00    0.00   clock network delay (ideal)
                          2.00    2.00 v input external delay
     1    0.00    0.01    0.00    2.00 v OPCODE[0] (in)
                                         OPCODE[0] (net)
                  0.01    0.00    2.00 v input14/A (sky130_fd_sc_hd__buf_1)
     5    0.01    0.06    0.11    2.11 v input14/X (sky130_fd_sc_hd__buf_1)
                                         net14 (net)
                  0.06    0.00    2.11 v _225_/A_N (sky130_fd_sc_hd__nand3b_4)
     9    0.02    0.09    0.20    2.31 v _225_/Y (sky130_fd_sc_hd__nand3b_4)
                                         _153_ (net)
                  0.09    0.00    2.31 v _232_/C (sky130_fd_sc_hd__and3_1)
     2    0.00    0.04    0.21    2.52 v _232_/X (sky130_fd_sc_hd__and3_1)
                                         _160_ (net)
                  0.04    0.00    2.52 v _235_/B (sky130_fd_sc_hd__or3_1)
     2    0.00    0.07    0.36    2.88 v _235_/X (sky130_fd_sc_hd__or3_1)
                                         _163_ (net)
                  0.07    0.00    2.88 v _237_/B (sky130_fd_sc_hd__and3b_1)
     3    0.01    0.06    0.20    3.08 v _237_/X (sky130_fd_sc_hd__and3b_1)
                                         _000_ (net)
                  0.06    0.00    3.08 v _240_/A2 (sky130_fd_sc_hd__o21ai_2)
     4    0.01    0.16    0.16    3.24 ^ _240_/Y (sky130_fd_sc_hd__o21ai_2)
                                         _003_ (net)
                  0.16    0.00    3.24 ^ _318_/B (sky130_fd_sc_hd__nand2_1)
     1    0.00    0.07    0.09    3.33 v _318_/Y (sky130_fd_sc_hd__nand2_1)
                                         _075_ (net)
                  0.07    0.00    3.33 v _319_/B (sky130_fd_sc_hd__xnor2_1)
     1    0.00    0.04    0.13    3.46 v _319_/Y (sky130_fd_sc_hd__xnor2_1)
                                         _076_ (net)
                  0.04    0.00    3.46 v _325_/A2 (sky130_fd_sc_hd__a221o_1)
     1    0.00    0.05    0.34    3.80 v _325_/X (sky130_fd_sc_hd__a221o_1)
                                         net20 (net)
                  0.05    0.00    3.80 v output20/A (sky130_fd_sc_hd__buf_2)
     1    0.03    0.09    0.19    3.99 v output20/X (sky130_fd_sc_hd__buf_2)
                                         OUT[3] (net)
                  0.09    0.00    3.99 v OUT[3] (out)
                                  3.99   data arrival time

                  0.00   10.00   10.00   clock __VIRTUAL_CLK__ (rise edge)
                          0.00   10.00   clock network delay (ideal)
                         -0.25    9.75   clock uncertainty
                          0.00    9.75   clock reconvergence pessimism
                         -2.00    7.75   output external delay
                                  7.75   data required time
-----------------------------------------------------------------------------
                                  7.75   data required time
                                 -3.99   data arrival time
-----------------------------------------------------------------------------
                                  3.76   slack (MET)


Startpoint: OPCODE[0] (input port clocked by __VIRTUAL_CLK__)
Endpoint: OUT[1] (output port clocked by __VIRTUAL_CLK__)
Path Group: __VIRTUAL_CLK__
Path Type: max

Fanout     Cap    Slew   Delay    Time   Description
-----------------------------------------------------------------------------
                  0.00    0.00    0.00   clock __VIRTUAL_CLK__ (rise edge)
                          0.00    0.00   clock network delay (ideal)
                          2.00    2.00 v input external delay
     1    0.00    0.01    0.00    2.00 v OPCODE[0] (in)
                                         OPCODE[0] (net)
                  0.01    0.00    2.00 v input14/A (sky130_fd_sc_hd__buf_1)
     5    0.01    0.06    0.11    2.11 v input14/X (sky130_fd_sc_hd__buf_1)
                                         net14 (net)
                  0.06    0.00    2.11 v _225_/A_N (sky130_fd_sc_hd__nand3b_4)
     9    0.02    0.09    0.20    2.31 v _225_/Y (sky130_fd_sc_hd__nand3b_4)
                                         _153_ (net)
                  0.09    0.00    2.31 v _232_/C (sky130_fd_sc_hd__and3_1)
     2    0.00    0.04    0.21    2.52 v _232_/X (sky130_fd_sc_hd__and3_1)
                                         _160_ (net)
                  0.04    0.00    2.52 v _235_/B (sky130_fd_sc_hd__or3_1)
     2    0.00    0.07    0.36    2.88 v _235_/X (sky130_fd_sc_hd__or3_1)
                                         _163_ (net)
                  0.07    0.00    2.88 v _304_/B (sky130_fd_sc_hd__and2b_1)
     1    0.00    0.03    0.17    3.04 v _304_/X (sky130_fd_sc_hd__and2b_1)
                                         _063_ (net)
                  0.03    0.00    3.04 v _305_/A (sky130_fd_sc_hd__nor2_1)
     1    0.00    0.06    0.08    3.13 ^ _305_/Y (sky130_fd_sc_hd__nor2_1)
                                         _064_ (net)
                  0.06    0.00    3.13 ^ _306_/B (sky130_fd_sc_hd__or3b_1)
     1    0.00    0.03    0.09    3.22 ^ _306_/X (sky130_fd_sc_hd__or3b_1)
                                         _065_ (net)
                  0.03    0.00    3.22 ^ _307_/D_N (sky130_fd_sc_hd__or4b_1)
     1    0.00    0.08    0.43    3.65 v _307_/X (sky130_fd_sc_hd__or4b_1)
                                         _066_ (net)
                  0.08    0.00    3.65 v _308_/A (sky130_fd_sc_hd__clkbuf_1)
     1    0.00    0.02    0.10    3.75 v _308_/X (sky130_fd_sc_hd__clkbuf_1)
                                         net18 (net)
                  0.02    0.00    3.75 v output18/A (sky130_fd_sc_hd__buf_2)
     1    0.03    0.09    0.18    3.93 v output18/X (sky130_fd_sc_hd__buf_2)
                                         OUT[1] (net)
                  0.09    0.00    3.93 v OUT[1] (out)
                                  3.93   data arrival time

                  0.00   10.00   10.00   clock __VIRTUAL_CLK__ (rise edge)
                          0.00   10.00   clock network delay (ideal)
                         -0.25    9.75   clock uncertainty
                          0.00    9.75   clock reconvergence pessimism
                         -2.00    7.75   output external delay
                                  7.75   data required time
-----------------------------------------------------------------------------
                                  7.75   data required time
                                 -3.93   data arrival time
-----------------------------------------------------------------------------
                                  3.82   slack (MET)


Startpoint: B[0] (input port clocked by __VIRTUAL_CLK__)
Endpoint: OUT[2] (output port clocked by __VIRTUAL_CLK__)
Path Group: __VIRTUAL_CLK__
Path Type: max

Fanout     Cap    Slew   Delay    Time   Description
-----------------------------------------------------------------------------
                  0.00    0.00    0.00   clock __VIRTUAL_CLK__ (rise edge)
                          0.00    0.00   clock network delay (ideal)
                          2.00    2.00 v input external delay
     1    0.00    0.01    0.00    2.00 v B[0] (in)
                                         B[0] (net)
                  0.01    0.00    2.00 v input7/A (sky130_fd_sc_hd__buf_2)
    13    0.03    0.07    0.16    2.16 v input7/X (sky130_fd_sc_hd__buf_2)
                                         net7 (net)
                  0.07    0.00    2.16 v _224_/A (sky130_fd_sc_hd__or2_1)
     4    0.01    0.07    0.28    2.43 v _224_/X (sky130_fd_sc_hd__or2_1)
                                         _152_ (net)
                  0.07    0.00    2.43 v _230_/C (sky130_fd_sc_hd__and3_1)
     2    0.00    0.04    0.20    2.64 v _230_/X (sky130_fd_sc_hd__and3_1)
                                         _158_ (net)
                  0.04    0.00    2.64 v _238_/C (sky130_fd_sc_hd__or3_1)
     1    0.00    0.06    0.30    2.94 v _238_/X (sky130_fd_sc_hd__or3_1)
                                         _001_ (net)
                  0.06    0.00    2.94 v _239_/B (sky130_fd_sc_hd__and2_1)
     2    0.01    0.05    0.18    3.11 v _239_/X (sky130_fd_sc_hd__and2_1)
                                         _002_ (net)
                  0.05    0.00    3.11 v _309_/A (sky130_fd_sc_hd__or3_1)
     1    0.00    0.06    0.37    3.49 v _309_/X (sky130_fd_sc_hd__or3_1)
                                         _067_ (net)
                  0.06    0.00    3.49 v _316_/A3 (sky130_fd_sc_hd__a31o_1)
     1    0.00    0.03    0.22    3.71 v _316_/X (sky130_fd_sc_hd__a31o_1)
                                         net19 (net)
                  0.03    0.00    3.71 v output19/A (sky130_fd_sc_hd__buf_2)
     1    0.03    0.09    0.18    3.89 v output19/X (sky130_fd_sc_hd__buf_2)
                                         OUT[2] (net)
                  0.09    0.00    3.89 v OUT[2] (out)
                                  3.89   data arrival time

                  0.00   10.00   10.00   clock __VIRTUAL_CLK__ (rise edge)
                          0.00   10.00   clock network delay (ideal)
                         -0.25    9.75   clock uncertainty
                          0.00    9.75   clock reconvergence pessimism
                         -2.00    7.75   output external delay
                                  7.75   data required time
-----------------------------------------------------------------------------
                                  7.75   data required time
                                 -3.89   data arrival time
-----------------------------------------------------------------------------
                                  3.86   slack (MET)


Startpoint: OPCODE[1] (input port clocked by __VIRTUAL_CLK__)
Endpoint: OUT[0] (output port clocked by __VIRTUAL_CLK__)
Path Group: __VIRTUAL_CLK__
Path Type: max

Fanout     Cap    Slew   Delay    Time   Description
-----------------------------------------------------------------------------
                  0.00    0.00    0.00   clock __VIRTUAL_CLK__ (rise edge)
                          0.00    0.00   clock network delay (ideal)
                          2.00    2.00 v input external delay
     1    0.00    0.01    0.00    2.00 v OPCODE[1] (in)
                                         OPCODE[1] (net)
                  0.01    0.00    2.00 v input15/A (sky130_fd_sc_hd__clkbuf_2)
     6    0.02    0.08    0.14    2.14 v input15/X (sky130_fd_sc_hd__clkbuf_2)
                                         net15 (net)
                  0.08    0.00    2.14 v _166_/B (sky130_fd_sc_hd__or2_1)
     4    0.01    0.08    0.27    2.41 v _166_/X (sky130_fd_sc_hd__or2_1)
                                         _094_ (net)
                  0.08    0.00    2.41 v _214_/B (sky130_fd_sc_hd__or2_1)
     1    0.00    0.04    0.22    2.62 v _214_/X (sky130_fd_sc_hd__or2_1)
                                         _142_ (net)
                  0.04    0.00    2.62 v _215_/A (sky130_fd_sc_hd__buf_2)
     8    0.02    0.06    0.16    2.78 v _215_/X (sky130_fd_sc_hd__buf_2)
                                         _143_ (net)
                  0.06    0.00    2.78 v _296_/A2 (sky130_fd_sc_hd__o21ai_1)
     1    0.00    0.10    0.12    2.90 ^ _296_/Y (sky130_fd_sc_hd__o21ai_1)
                                         _056_ (net)
                  0.10    0.00    2.90 ^ _297_/B1 (sky130_fd_sc_hd__a31o_1)
     1    0.00    0.04    0.10    3.00 ^ _297_/X (sky130_fd_sc_hd__a31o_1)
                                         net17 (net)
                  0.04    0.00    3.00 ^ output17/A (sky130_fd_sc_hd__buf_2)
     1    0.03    0.17    0.20    3.20 ^ output17/X (sky130_fd_sc_hd__buf_2)
                                         OUT[0] (net)
                  0.17    0.00    3.20 ^ OUT[0] (out)
                                  3.20   data arrival time

                  0.00   10.00   10.00   clock __VIRTUAL_CLK__ (rise edge)
                          0.00   10.00   clock network delay (ideal)
                         -0.25    9.75   clock uncertainty
                          0.00    9.75   clock reconvergence pessimism
                         -2.00    7.75   output external delay
                                  7.75   data required time
-----------------------------------------------------------------------------
                                  7.75   data required time
                                 -3.20   data arrival time
-----------------------------------------------------------------------------
                                  4.55   slack (MET)



worst slack corner Typical: 3.3296
