
===========================================================================
report_checks -unconstrained
===========================================================================
======================= Typical Corner ===================================

Startpoint: B[0] (input port clocked by __VIRTUAL_CLK__)
Endpoint: OUT[6] (output port clocked by __VIRTUAL_CLK__)
Path Group: __VIRTUAL_CLK__
Path Type: max

Fanout     Cap    Slew   Delay    Time   Description
-----------------------------------------------------------------------------
                  0.00    0.00    0.00   clock __VIRTUAL_CLK__ (rise edge)
                          0.00    0.00   clock network delay (ideal)
                          2.00    2.00 v input external delay
     1    0.00    0.01    0.00    2.00 v B[0] (in)
                                         B[0] (net)
                  0.01    0.00    2.00 v input7/A (sky130_fd_sc_hd__buf_2)
    13    0.03    0.07    0.16    2.16 v input7/X (sky130_fd_sc_hd__buf_2)
                                         net7 (net)
                  0.07    0.00    2.16 v _224_/A (sky130_fd_sc_hd__or2_1)
     4    0.01    0.07    0.28    2.43 v _224_/X (sky130_fd_sc_hd__or2_1)
                                         _152_ (net)
                  0.07    0.00    2.43 v _226_/A3 (sky130_fd_sc_hd__o31a_1)
     3    0.01    0.08    0.29    2.73 v _226_/X (sky130_fd_sc_hd__o31a_1)
                                         _154_ (net)
                  0.08    0.00    2.73 v _258_/A3 (sky130_fd_sc_hd__o31a_1)
     2    0.01    0.07    0.28    3.01 v _258_/X (sky130_fd_sc_hd__o31a_1)
                                         _020_ (net)
                  0.07    0.00    3.01 v _259_/B (sky130_fd_sc_hd__xnor2_1)
     2    0.00    0.06    0.14    3.14 v _259_/Y (sky130_fd_sc_hd__xnor2_1)
                                         _021_ (net)
                  0.06    0.00    3.14 v _260_/B (sky130_fd_sc_hd__and2_1)
     3    0.01    0.05    0.17    3.32 v _260_/X (sky130_fd_sc_hd__and2_1)
                                         _022_ (net)
                  0.05    0.00    3.32 v _262_/A (sky130_fd_sc_hd__or2_1)
     2    0.01    0.07    0.25    3.57 v _262_/X (sky130_fd_sc_hd__or2_1)
                                         _024_ (net)
                  0.07    0.00    3.57 v _266_/B1 (sky130_fd_sc_hd__a311oi_2)
     3    0.01    0.23    0.28    3.86 ^ _266_/Y (sky130_fd_sc_hd__a311oi_2)
                                         _028_ (net)
                  0.23    0.00    3.86 ^ _267_/A_N (sky130_fd_sc_hd__and2b_1)
     1    0.00    0.03    0.22    4.07 v _267_/X (sky130_fd_sc_hd__and2b_1)
                                         _029_ (net)
                  0.03    0.00    4.07 v _281_/A2 (sky130_fd_sc_hd__a21o_1)
     1    0.00    0.03    0.17    4.24 v _281_/X (sky130_fd_sc_hd__a21o_1)
                                         net23 (net)
                  0.03    0.00    4.24 v output23/A (sky130_fd_sc_hd__buf_2)
     1    0.03    0.09    0.18    4.42 v output23/X (sky130_fd_sc_hd__buf_2)
                                         OUT[6] (net)
                  0.09    0.00    4.42 v OUT[6] (out)
                                  4.42   data arrival time

                  0.00   10.00   10.00   clock __VIRTUAL_CLK__ (rise edge)
                          0.00   10.00   clock network delay (ideal)
                         -0.25    9.75   clock uncertainty
                          0.00    9.75   clock reconvergence pessimism
                         -2.00    7.75   output external delay
                                  7.75   data required time
-----------------------------------------------------------------------------
                                  7.75   data required time
                                 -4.42   data arrival time
-----------------------------------------------------------------------------
                                  3.33   slack (MET)




===========================================================================
report_checks --slack_max -0.01
============================================================================
======================= Typical Corner ===================================

No paths found.


===========================================================================
 report_check_types -max_slew -max_cap -max_fanout -violators
============================================================================
======================= Typical Corner ===================================


max slew violations count Typical: 0
max fanout violations count Typical: 0
max cap violations count Typical: 0

===========================================================================
report_parasitic_annotation -report_unannotated
============================================================================
Found 216 unannotated drivers.
 A[0]
 A[1]
 A[2]
 A[3]
 A[4]
 A[5]
 A[6]
 A[7]
 B[0]
 B[1]
 B[2]
 B[3]
 B[4]
 B[5]
 B[6]
 B[7]
 OPCODE[0]
 OPCODE[1]
 OPCODE[2]
 _165_/Y
 _166_/X
 _167_/Y
 _168_/X
 _169_/Y
 _170_/X
 _171_/Y
 _172_/X
 _173_/Y
 _174_/X
 _175_/Y
 _176_/Y
 _177_/Y
 _178_/X
 _179_/Y
 _180_/Y
 _181_/Y
 _182_/X
 _183_/Y
 _184_/X
 _185_/X
 _186_/X
 _187_/X
 _188_/X
 _189_/X
 _190_/Y
 _191_/X
 _192_/Y
 _193_/X
 _194_/Y
 _195_/X
 _196_/X
 _197_/Y
 _198_/X
 _199_/Y
 _200_/Y
 _201_/X
 _202_/X
 _203_/X
 _204_/Y
 _205_/Y
 _206_/Y
 _207_/Y
 _208_/X
 _209_/Y
 _210_/X
 _211_/Y
 _212_/Y
 _213_/Y
 _214_/X
 _215_/X
 _216_/Y
 _217_/Y
 _218_/Y
 _219_/X
 _220_/X
 _221_/Y
 _222_/X
 _223_/X
 _224_/X
 _225_/Y
 _226_/X
 _227_/Y
 _228_/Y
 _229_/Y
 _230_/X
 _231_/Y
 _232_/X
 _233_/Y
 _234_/X
 _235_/X
 _236_/X
 _237_/X
 _238_/X
 _239_/X
 _240_/Y
 _241_/X
 _242_/Y
 _243_/Y
 _244_/Y
 _245_/X
 _246_/Y
 _247_/X
 _248_/X
 _249_/Y
 _250_/X
 _251_/Y
 _252_/Y
 _253_/X
 _254_/Y
 _255_/X
 _256_/X
 _257_/X
 _258_/X
 _259_/Y
 _260_/X
 _261_/Y
 _262_/X
 _263_/Y
 _264_/X
 _265_/Y
 _266_/Y
 _267_/X
 _268_/Y
 _269_/Y
 _270_/X
 _271_/Y
 _272_/X
 _273_/X
 _274_/Y
 _275_/Y
 _276_/Y
 _277_/X
 _278_/X
 _279_/Y
 _280_/X
 _281_/X
 _282_/Y
 _283_/X
 _284_/X
 _285_/Y
 _286_/X
 _287_/Y
 _288_/X
 _289_/Y
 _290_/X
 _291_/X
 _292_/X
 _293_/X
 _294_/Y
 _295_/X
 _296_/Y
 _297_/X
 _298_/Y
 _299_/X
 _300_/X
 _301_/X
 _302_/X
 _303_/Y
 _304_/X
 _305_/Y
 _306_/X
 _307_/X
 _308_/X
 _309_/X
 _310_/Y
 _311_/Y
 _312_/X
 _313_/Y
 _314_/X
 _315_/Y
 _316_/X
 _317_/X
 _318_/Y
 _319_/Y
 _320_/X
 _321_/Y
 _322_/X
 _323_/Y
 _324_/X
 _325_/X
 _326_/X
 _327_/Y
 _328_/X
 _329_/Y
 _330_/X
 _331_/X
 _332_/X
 _333_/X
 _334_/Y
 _335_/X
 _336_/X
 _337_/X
 input1/X
 input10/X
 input11/X
 input12/X
 input13/X
 input14/X
 input15/X
 input16/X
 input2/X
 input3/X
 input4/X
 input5/X
 input6/X
 input7/X
 input8/X
 input9/X
 output17/X
 output18/X
 output19/X
 output20/X
 output21/X
 output22/X
 output23/X
 output24/X
Found 0 partially unannotated drivers.

===========================================================================
max slew violation count 0
max fanout violation count 0
max cap violation count 0
============================================================================

===========================================================================
check_setup -verbose -unconstrained_endpoints -multiple_clock -no_clock -no_input_delay -loops -generated_clocks
===========================================================================
