
===========================================================================
report_checks -path_delay min (Hold)
============================================================================
======================= Typical Corner ===================================

Startpoint: B[0] (input port clocked by __VIRTUAL_CLK__)
Endpoint: OUT[0] (output port clocked by __VIRTUAL_CLK__)
Path Group: __VIRTUAL_CLK__
Path Type: min

Fanout     Cap    Slew   Delay    Time   Description
-----------------------------------------------------------------------------
                  0.00    0.00    0.00   clock __VIRTUAL_CLK__ (rise edge)
                          0.00    0.00   clock network delay (ideal)
                          2.00    2.00 v input external delay
     1    0.00    0.01    0.00    2.00 v B[0] (in)
                                         B[0] (net)
                  0.01    0.00    2.00 v input7/A (sky130_fd_sc_hd__buf_2)
    13    0.03    0.07    0.14    2.14 v input7/X (sky130_fd_sc_hd__buf_2)
                                         net7 (net)
                  0.07    0.00    2.14 v _297_/A1 (sky130_fd_sc_hd__a31o_1)
     1    0.00    0.03    0.16    2.31 v _297_/X (sky130_fd_sc_hd__a31o_1)
                                         net17 (net)
                  0.03    0.00    2.31 v output17/A (sky130_fd_sc_hd__buf_2)
     1    0.03    0.09    0.16    2.47 v output17/X (sky130_fd_sc_hd__buf_2)
                                         OUT[0] (net)
                  0.09    0.00    2.47 v OUT[0] (out)
                                  2.47   data arrival time

                  0.00    0.00    0.00   clock __VIRTUAL_CLK__ (rise edge)
                          0.00    0.00   clock network delay (ideal)
                          0.25    0.25   clock uncertainty
                          0.00    0.25   clock reconvergence pessimism
                         -2.00   -1.75   output external delay
                                 -1.75   data required time
-----------------------------------------------------------------------------
                                 -1.75   data required time
                                 -2.47   data arrival time
-----------------------------------------------------------------------------
                                  4.22   slack (MET)


Startpoint: A[5] (input port clocked by __VIRTUAL_CLK__)
Endpoint: OUT[5] (output port clocked by __VIRTUAL_CLK__)
Path Group: __VIRTUAL_CLK__
Path Type: min

Fanout     Cap    Slew   Delay    Time   Description
-----------------------------------------------------------------------------
                  0.00    0.00    0.00   clock __VIRTUAL_CLK__ (rise edge)
                          0.00    0.00   clock network delay (ideal)
                          2.00    2.00 ^ input external delay
     1    0.00    0.02    0.01    2.01 ^ A[5] (in)
                                         A[5] (net)
                  0.02    0.00    2.01 ^ input4/A (sky130_fd_sc_hd__clkbuf_2)
     6    0.01    0.08    0.12    2.13 ^ input4/X (sky130_fd_sc_hd__clkbuf_2)
                                         net4 (net)
                  0.08    0.00    2.13 ^ _223_/A2 (sky130_fd_sc_hd__a311o_1)
     1    0.00    0.05    0.15    2.28 ^ _223_/X (sky130_fd_sc_hd__a311o_1)
                                         _151_ (net)
                  0.05    0.00    2.28 ^ _257_/B1 (sky130_fd_sc_hd__a211o_1)
     1    0.00    0.03    0.08    2.35 ^ _257_/X (sky130_fd_sc_hd__a211o_1)
                                         net22 (net)
                  0.03    0.00    2.35 ^ output22/A (sky130_fd_sc_hd__buf_2)
     1    0.03    0.17    0.18    2.54 ^ output22/X (sky130_fd_sc_hd__buf_2)
                                         OUT[5] (net)
                  0.17    0.00    2.54 ^ OUT[5] (out)
                                  2.54   data arrival time

                  0.00    0.00    0.00   clock __VIRTUAL_CLK__ (rise edge)
                          0.00    0.00   clock network delay (ideal)
                          0.25    0.25   clock uncertainty
                          0.00    0.25   clock reconvergence pessimism
                         -2.00   -1.75   output external delay
                                 -1.75   data required time
-----------------------------------------------------------------------------
                                 -1.75   data required time
                                 -2.54   data arrival time
-----------------------------------------------------------------------------
                                  4.29   slack (MET)


Startpoint: A[1] (input port clocked by __VIRTUAL_CLK__)
Endpoint: OUT[1] (output port clocked by __VIRTUAL_CLK__)
Path Group: __VIRTUAL_CLK__
Path Type: min

Fanout     Cap    Slew   Delay    Time   Description
-----------------------------------------------------------------------------
                  0.00    0.00    0.00   clock __VIRTUAL_CLK__ (rise edge)
                          0.00    0.00   clock network delay (ideal)
                          2.00    2.00 v input external delay
     1    0.00    0.01    0.00    2.00 v A[1] (in)
                                         A[1] (net)
                  0.01    0.00    2.00 v input2/A (sky130_fd_sc_hd__clkbuf_4)
    13    0.03    0.07    0.15    2.15 v input2/X (sky130_fd_sc_hd__clkbuf_4)
                                         net2 (net)
                  0.07    0.00    2.15 v _303_/A (sky130_fd_sc_hd__nor2_1)
     1    0.00    0.06    0.09    2.23 ^ _303_/Y (sky130_fd_sc_hd__nor2_1)
                                         _062_ (net)
                  0.06    0.00    2.23 ^ _307_/C (sky130_fd_sc_hd__or4b_1)
     1    0.00    0.03    0.09    2.33 ^ _307_/X (sky130_fd_sc_hd__or4b_1)
                                         _066_ (net)
                  0.03    0.00    2.33 ^ _308_/A (sky130_fd_sc_hd__clkbuf_1)
     1    0.00    0.03    0.07    2.39 ^ _308_/X (sky130_fd_sc_hd__clkbuf_1)
                                         net18 (net)
                  0.03    0.00    2.39 ^ output18/A (sky130_fd_sc_hd__buf_2)
     1    0.03    0.17    0.18    2.57 ^ output18/X (sky130_fd_sc_hd__buf_2)
                                         OUT[1] (net)
                  0.17    0.00    2.57 ^ OUT[1] (out)
                                  2.57   data arrival time

                  0.00    0.00    0.00   clock __VIRTUAL_CLK__ (rise edge)
                          0.00    0.00   clock network delay (ideal)
                          0.25    0.25   clock uncertainty
                          0.00    0.25   clock reconvergence pessimism
                         -2.00   -1.75   output external delay
                                 -1.75   data required time
-----------------------------------------------------------------------------
                                 -1.75   data required time
                                 -2.57   data arrival time
-----------------------------------------------------------------------------
                                  4.32   slack (MET)


Startpoint: A[4] (input port clocked by __VIRTUAL_CLK__)
Endpoint: OUT[4] (output port clocked by __VIRTUAL_CLK__)
Path Group: __VIRTUAL_CLK__
Path Type: min

Fanout     Cap    Slew   Delay    Time   Description
-----------------------------------------------------------------------------
                  0.00    0.00    0.00   clock __VIRTUAL_CLK__ (rise edge)
                          0.00    0.00   clock network delay (ideal)
                          2.00    2.00 ^ input external delay
     1    0.00    0.02    0.01    2.01 ^ A[4] (in)
                                         A[4] (net)
                  0.02    0.00    2.01 ^ input3/A (sky130_fd_sc_hd__clkbuf_2)
     6    0.01    0.08    0.12    2.13 ^ input3/X (sky130_fd_sc_hd__clkbuf_2)
                                         net3 (net)
                  0.08    0.00    2.13 ^ _331_/A2 (sky130_fd_sc_hd__a31o_1)
     1    0.00    0.03    0.13    2.25 ^ _331_/X (sky130_fd_sc_hd__a31o_1)
                                         _087_ (net)
                  0.03    0.00    2.25 ^ _336_/B (sky130_fd_sc_hd__or3_1)
     1    0.00    0.03    0.08    2.33 ^ _336_/X (sky130_fd_sc_hd__or3_1)
                                         _092_ (net)
                  0.03    0.00    2.33 ^ _337_/A (sky130_fd_sc_hd__buf_1)
     1    0.00    0.03    0.07    2.40 ^ _337_/X (sky130_fd_sc_hd__buf_1)
                                         net21 (net)
                  0.03    0.00    2.40 ^ output21/A (sky130_fd_sc_hd__buf_2)
     1    0.03    0.17    0.18    2.58 ^ output21/X (sky130_fd_sc_hd__buf_2)
                                         OUT[4] (net)
                  0.17    0.00    2.58 ^ OUT[4] (out)
                                  2.58   data arrival time

                  0.00    0.00    0.00   clock __VIRTUAL_CLK__ (rise edge)
                          0.00    0.00   clock network delay (ideal)
                          0.25    0.25   clock uncertainty
                          0.00    0.25   clock reconvergence pessimism
                         -2.00   -1.75   output external delay
                                 -1.75   data required time
-----------------------------------------------------------------------------
                                 -1.75   data required time
                                 -2.58   data arrival time
-----------------------------------------------------------------------------
                                  4.33   slack (MET)


Startpoint: B[3] (input port clocked by __VIRTUAL_CLK__)
Endpoint: OUT[3] (output port clocked by __VIRTUAL_CLK__)
Path Group: __VIRTUAL_CLK__
Path Type: min

Fanout     Cap    Slew   Delay    Time   Description
-----------------------------------------------------------------------------
                  0.00    0.00    0.00   clock __VIRTUAL_CLK__ (rise edge)
                          0.00    0.00   clock network delay (ideal)
                          2.00    2.00 ^ input external delay
     1    0.00    0.02    0.01    2.01 ^ B[3] (in)
                                         B[3] (net)
                  0.02    0.00    2.01 ^ _168_/A (sky130_fd_sc_hd__clkbuf_4)
    12    0.03    0.10    0.16    2.17 ^ _168_/X (sky130_fd_sc_hd__clkbuf_4)
                                         _096_ (net)
                  0.10    0.00    2.17 ^ _324_/A1 (sky130_fd_sc_hd__a311o_1)
     1    0.00    0.04    0.15    2.32 ^ _324_/X (sky130_fd_sc_hd__a311o_1)
                                         _081_ (net)
                  0.04    0.00    2.32 ^ _325_/C1 (sky130_fd_sc_hd__a221o_1)
     1    0.00    0.03    0.08    2.40 ^ _325_/X (sky130_fd_sc_hd__a221o_1)
                                         net20 (net)
                  0.03    0.00    2.40 ^ output20/A (sky130_fd_sc_hd__buf_2)
     1    0.03    0.17    0.18    2.58 ^ output20/X (sky130_fd_sc_hd__buf_2)
                                         OUT[3] (net)
                  0.17    0.00    2.58 ^ OUT[3] (out)
                                  2.58   data arrival time

                  0.00    0.00    0.00   clock __VIRTUAL_CLK__ (rise edge)
                          0.00    0.00   clock network delay (ideal)
                          0.25    0.25   clock uncertainty
                          0.00    0.25   clock reconvergence pessimism
                         -2.00   -1.75   output external delay
                                 -1.75   data required time
-----------------------------------------------------------------------------
                                 -1.75   data required time
                                 -2.58   data arrival time
-----------------------------------------------------------------------------
                                  4.33   slack (MET)


Startpoint: A[6] (input port clocked by __VIRTUAL_CLK__)
Endpoint: OUT[6] (output port clocked by __VIRTUAL_CLK__)
Path Group: __VIRTUAL_CLK__
Path Type: min

Fanout     Cap    Slew   Delay    Time   Description
-----------------------------------------------------------------------------
                  0.00    0.00    0.00   clock __VIRTUAL_CLK__ (rise edge)
                          0.00    0.00   clock network delay (ideal)
                          2.00    2.00 v input external delay
     1    0.00    0.01    0.00    2.00 v A[6] (in)
                                         A[6] (net)
                  0.01    0.00    2.00 v input5/A (sky130_fd_sc_hd__dlymetal6s2s_1)
     5    0.01    0.07    0.14    2.14 v input5/X (sky130_fd_sc_hd__dlymetal6s2s_1)
                                         net5 (net)
                  0.07    0.00    2.14 v _279_/A1 (sky130_fd_sc_hd__o211ai_1)
     1    0.00    0.07    0.16    2.31 ^ _279_/Y (sky130_fd_sc_hd__o211ai_1)
                                         _041_ (net)
                  0.07    0.00    2.31 ^ _280_/B1 (sky130_fd_sc_hd__a31o_1)
     1    0.00    0.04    0.09    2.40 ^ _280_/X (sky130_fd_sc_hd__a31o_1)
                                         _042_ (net)
                  0.04    0.00    2.40 ^ _281_/B1 (sky130_fd_sc_hd__a21o_1)
     1    0.00    0.03    0.06    2.46 ^ _281_/X (sky130_fd_sc_hd__a21o_1)
                                         net23 (net)
                  0.03    0.00    2.46 ^ output23/A (sky130_fd_sc_hd__buf_2)
     1    0.03    0.17    0.18    2.64 ^ output23/X (sky130_fd_sc_hd__buf_2)
                                         OUT[6] (net)
                  0.17    0.00    2.64 ^ OUT[6] (out)
                                  2.64   data arrival time

                  0.00    0.00    0.00   clock __VIRTUAL_CLK__ (rise edge)
                          0.00    0.00   clock network delay (ideal)
                          0.25    0.25   clock uncertainty
                          0.00    0.25   clock reconvergence pessimism
                         -2.00   -1.75   output external delay
                                 -1.75   data required time
-----------------------------------------------------------------------------
                                 -1.75   data required time
                                 -2.64   data arrival time
-----------------------------------------------------------------------------
                                  4.39   slack (MET)


Startpoint: A[2] (input port clocked by __VIRTUAL_CLK__)
Endpoint: OUT[2] (output port clocked by __VIRTUAL_CLK__)
Path Group: __VIRTUAL_CLK__
Path Type: min

Fanout     Cap    Slew   Delay    Time   Description
-----------------------------------------------------------------------------
                  0.00    0.00    0.00   clock __VIRTUAL_CLK__ (rise edge)
                          0.00    0.00   clock network delay (ideal)
                          2.00    2.00 ^ input external delay
     1    0.00    0.02    0.01    2.01 ^ A[2] (in)
                                         A[2] (net)
                  0.02    0.00    2.01 ^ _170_/A (sky130_fd_sc_hd__clkbuf_4)
    13    0.03    0.11    0.16    2.17 ^ _170_/X (sky130_fd_sc_hd__clkbuf_4)
                                         _098_ (net)
                  0.11    0.00    2.17 ^ _314_/A1 (sky130_fd_sc_hd__a311o_1)
     1    0.00    0.04    0.14    2.31 ^ _314_/X (sky130_fd_sc_hd__a311o_1)
                                         _072_ (net)
                  0.04    0.00    2.31 ^ _315_/B1_N (sky130_fd_sc_hd__o21bai_1)
     1    0.00    0.05    0.09    2.40 ^ _315_/Y (sky130_fd_sc_hd__o21bai_1)
                                         _073_ (net)
                  0.05    0.00    2.40 ^ _316_/B1 (sky130_fd_sc_hd__a31o_1)
     1    0.00    0.03    0.08    2.48 ^ _316_/X (sky130_fd_sc_hd__a31o_1)
                                         net19 (net)
                  0.03    0.00    2.48 ^ output19/A (sky130_fd_sc_hd__buf_2)
     1    0.03    0.17    0.18    2.66 ^ output19/X (sky130_fd_sc_hd__buf_2)
                                         OUT[2] (net)
                  0.17    0.00    2.66 ^ OUT[2] (out)
                                  2.66   data arrival time

                  0.00    0.00    0.00   clock __VIRTUAL_CLK__ (rise edge)
                          0.00    0.00   clock network delay (ideal)
                          0.25    0.25   clock uncertainty
                          0.00    0.25   clock reconvergence pessimism
                         -2.00   -1.75   output external delay
                                 -1.75   data required time
-----------------------------------------------------------------------------
                                 -1.75   data required time
                                 -2.66   data arrival time
-----------------------------------------------------------------------------
                                  4.41   slack (MET)


Startpoint: OPCODE[2] (input port clocked by __VIRTUAL_CLK__)
Endpoint: OUT[7] (output port clocked by __VIRTUAL_CLK__)
Path Group: __VIRTUAL_CLK__
Path Type: min

Fanout     Cap    Slew   Delay    Time   Description
-----------------------------------------------------------------------------
                  0.00    0.00    0.00   clock __VIRTUAL_CLK__ (rise edge)
                          0.00    0.00   clock network delay (ideal)
                          2.00    2.00 v input external delay
     1    0.00    0.01    0.00    2.00 v OPCODE[2] (in)
                                         OPCODE[2] (net)
                  0.01    0.00    2.00 v input16/A (sky130_fd_sc_hd__clkbuf_2)
     6    0.02    0.09    0.13    2.13 v input16/X (sky130_fd_sc_hd__clkbuf_2)
                                         net16 (net)
                  0.09    0.00    2.13 v _255_/A (sky130_fd_sc_hd__and3_2)
     7    0.01    0.06    0.21    2.34 v _255_/X (sky130_fd_sc_hd__and3_2)
                                         _018_ (net)
                  0.06    0.00    2.34 v _292_/A1 (sky130_fd_sc_hd__a31o_1)
     1    0.00    0.03    0.16    2.50 v _292_/X (sky130_fd_sc_hd__a31o_1)
                                         net24 (net)
                  0.03    0.00    2.50 v output24/A (sky130_fd_sc_hd__buf_2)
     1    0.03    0.09    0.16    2.66 v output24/X (sky130_fd_sc_hd__buf_2)
                                         OUT[7] (net)
                  0.09    0.00    2.66 v OUT[7] (out)
                                  2.66   data arrival time

                  0.00    0.00    0.00   clock __VIRTUAL_CLK__ (rise edge)
                          0.00    0.00   clock network delay (ideal)
                          0.25    0.25   clock uncertainty
                          0.00    0.25   clock reconvergence pessimism
                         -2.00   -1.75   output external delay
                                 -1.75   data required time
-----------------------------------------------------------------------------
                                 -1.75   data required time
                                 -2.66   data arrival time
-----------------------------------------------------------------------------
                                  4.41   slack (MET)



worst slack corner Typical: 4.2214
