
===========================================================================
report_checks -path_delay min (Hold)
============================================================================
======================= Fastest Corner ===================================

Startpoint: B[0] (input port clocked by __VIRTUAL_CLK__)
Endpoint: OUT[0] (output port clocked by __VIRTUAL_CLK__)
Path Group: __VIRTUAL_CLK__
Path Type: min
Corner: Fastest

Fanout     Cap    Slew   Delay    Time   Description
-----------------------------------------------------------------------------
                  0.00    0.00    0.00   clock __VIRTUAL_CLK__ (rise edge)
                          0.00    0.00   clock network delay (ideal)
                          2.00    2.00 v input external delay
     1    0.00    0.00    0.00    2.00 v B[0] (in)
                                         B[0] (net)
                  0.00    0.00    2.00 v input7/A (sky130_fd_sc_hd__buf_2)
    13    0.04    0.08    0.11    2.11 v input7/X (sky130_fd_sc_hd__buf_2)
                                         net7 (net)
                  0.08    0.00    2.12 v _297_/A1 (sky130_fd_sc_hd__a31o_1)
     1    0.01    0.05    0.15    2.26 v _297_/X (sky130_fd_sc_hd__a31o_1)
                                         net17 (net)
                  0.05    0.00    2.26 v output17/A (sky130_fd_sc_hd__buf_2)
     1    0.03    0.06    0.12    2.38 v output17/X (sky130_fd_sc_hd__buf_2)
                                         OUT[0] (net)
                  0.06    0.00    2.38 v OUT[0] (out)
                                  2.38   data arrival time

                  0.00    0.00    0.00   clock __VIRTUAL_CLK__ (rise edge)
                          0.00    0.00   clock network delay (ideal)
                          0.25    0.25   clock uncertainty
                          0.00    0.25   clock reconvergence pessimism
                         -2.00   -1.75   output external delay
                                 -1.75   data required time
-----------------------------------------------------------------------------
                                 -1.75   data required time
                                 -2.38   data arrival time
-----------------------------------------------------------------------------
                                  4.13   slack (MET)


Startpoint: A[5] (input port clocked by __VIRTUAL_CLK__)
Endpoint: OUT[5] (output port clocked by __VIRTUAL_CLK__)
Path Group: __VIRTUAL_CLK__
Path Type: min
Corner: Fastest

Fanout     Cap    Slew   Delay    Time   Description
-----------------------------------------------------------------------------
                  0.00    0.00    0.00   clock __VIRTUAL_CLK__ (rise edge)
                          0.00    0.00   clock network delay (ideal)
                          2.00    2.00 ^ input external delay
     1    0.00    0.02    0.01    2.01 ^ A[5] (in)
                                         A[5] (net)
                  0.02    0.00    2.01 ^ input4/A (sky130_fd_sc_hd__clkbuf_2)
     6    0.02    0.10    0.10    2.11 ^ input4/X (sky130_fd_sc_hd__clkbuf_2)
                                         net4 (net)
                  0.10    0.00    2.11 ^ _223_/A2 (sky130_fd_sc_hd__a311o_1)
     1    0.01    0.07    0.13    2.24 ^ _223_/X (sky130_fd_sc_hd__a311o_1)
                                         _151_ (net)
                  0.07    0.00    2.24 ^ _257_/B1 (sky130_fd_sc_hd__a211o_1)
     1    0.01    0.08    0.10    2.33 ^ _257_/X (sky130_fd_sc_hd__a211o_1)
                                         net22 (net)
                  0.08    0.00    2.34 ^ output22/A (sky130_fd_sc_hd__buf_2)
     1    0.03    0.13    0.14    2.48 ^ output22/X (sky130_fd_sc_hd__buf_2)
                                         OUT[5] (net)
                  0.13    0.00    2.48 ^ OUT[5] (out)
                                  2.48   data arrival time

                  0.00    0.00    0.00   clock __VIRTUAL_CLK__ (rise edge)
                          0.00    0.00   clock network delay (ideal)
                          0.25    0.25   clock uncertainty
                          0.00    0.25   clock reconvergence pessimism
                         -2.00   -1.75   output external delay
                                 -1.75   data required time
-----------------------------------------------------------------------------
                                 -1.75   data required time
                                 -2.48   data arrival time
-----------------------------------------------------------------------------
                                  4.23   slack (MET)


Startpoint: B[3] (input port clocked by __VIRTUAL_CLK__)
Endpoint: OUT[3] (output port clocked by __VIRTUAL_CLK__)
Path Group: __VIRTUAL_CLK__
Path Type: min
Corner: Fastest

Fanout     Cap    Slew   Delay    Time   Description
-----------------------------------------------------------------------------
                  0.00    0.00    0.00   clock __VIRTUAL_CLK__ (rise edge)
                          0.00    0.00   clock network delay (ideal)
                          2.00    2.00 ^ input external delay
     1    0.00    0.02    0.01    2.01 ^ B[3] (in)
                                         B[3] (net)
                  0.02    0.00    2.01 ^ _168_/A (sky130_fd_sc_hd__clkbuf_4)
    12    0.05    0.11    0.13    2.14 ^ _168_/X (sky130_fd_sc_hd__clkbuf_4)
                                         _096_ (net)
                  0.11    0.00    2.14 ^ _324_/A1 (sky130_fd_sc_hd__a311o_1)
     1    0.00    0.04    0.10    2.24 ^ _324_/X (sky130_fd_sc_hd__a311o_1)
                                         _081_ (net)
                  0.04    0.00    2.24 ^ _325_/C1 (sky130_fd_sc_hd__a221o_1)
     1    0.01    0.10    0.10    2.34 ^ _325_/X (sky130_fd_sc_hd__a221o_1)
                                         net20 (net)
                  0.10    0.00    2.35 ^ output20/A (sky130_fd_sc_hd__buf_2)
     1    0.03    0.13    0.15    2.49 ^ output20/X (sky130_fd_sc_hd__buf_2)
                                         OUT[3] (net)
                  0.13    0.00    2.50 ^ OUT[3] (out)
                                  2.50   data arrival time

                  0.00    0.00    0.00   clock __VIRTUAL_CLK__ (rise edge)
                          0.00    0.00   clock network delay (ideal)
                          0.25    0.25   clock uncertainty
                          0.00    0.25   clock reconvergence pessimism
                         -2.00   -1.75   output external delay
                                 -1.75   data required time
-----------------------------------------------------------------------------
                                 -1.75   data required time
                                 -2.50   data arrival time
-----------------------------------------------------------------------------
                                  4.25   slack (MET)


Startpoint: A[1] (input port clocked by __VIRTUAL_CLK__)
Endpoint: OUT[1] (output port clocked by __VIRTUAL_CLK__)
Path Group: __VIRTUAL_CLK__
Path Type: min
Corner: Fastest

Fanout     Cap    Slew   Delay    Time   Description
-----------------------------------------------------------------------------
                  0.00    0.00    0.00   clock __VIRTUAL_CLK__ (rise edge)
                          0.00    0.00   clock network delay (ideal)
                          2.00    2.00 v input external delay
     1    0.00    0.00    0.00    2.00 v A[1] (in)
                                         A[1] (net)
                  0.00    0.00    2.00 v input2/A (sky130_fd_sc_hd__clkbuf_4)
    13    0.05    0.08    0.12    2.12 v input2/X (sky130_fd_sc_hd__clkbuf_4)
                                         net2 (net)
                  0.08    0.00    2.12 v _303_/A (sky130_fd_sc_hd__nor2_1)
     1    0.00    0.05    0.07    2.20 ^ _303_/Y (sky130_fd_sc_hd__nor2_1)
                                         _062_ (net)
                  0.05    0.00    2.20 ^ _307_/C (sky130_fd_sc_hd__or4b_1)
     1    0.01    0.11    0.12    2.31 ^ _307_/X (sky130_fd_sc_hd__or4b_1)
                                         _066_ (net)
                  0.11    0.00    2.32 ^ _308_/A (sky130_fd_sc_hd__clkbuf_1)
     1    0.00    0.03    0.06    2.37 ^ _308_/X (sky130_fd_sc_hd__clkbuf_1)
                                         net18 (net)
                  0.03    0.00    2.37 ^ output18/A (sky130_fd_sc_hd__buf_2)
     1    0.03    0.13    0.13    2.50 ^ output18/X (sky130_fd_sc_hd__buf_2)
                                         OUT[1] (net)
                  0.13    0.00    2.50 ^ OUT[1] (out)
                                  2.50   data arrival time

                  0.00    0.00    0.00   clock __VIRTUAL_CLK__ (rise edge)
                          0.00    0.00   clock network delay (ideal)
                          0.25    0.25   clock uncertainty
                          0.00    0.25   clock reconvergence pessimism
                         -2.00   -1.75   output external delay
                                 -1.75   data required time
-----------------------------------------------------------------------------
                                 -1.75   data required time
                                 -2.50   data arrival time
-----------------------------------------------------------------------------
                                  4.25   slack (MET)


Startpoint: B[4] (input port clocked by __VIRTUAL_CLK__)
Endpoint: OUT[4] (output port clocked by __VIRTUAL_CLK__)
Path Group: __VIRTUAL_CLK__
Path Type: min
Corner: Fastest

Fanout     Cap    Slew   Delay    Time   Description
-----------------------------------------------------------------------------
                  0.00    0.00    0.00   clock __VIRTUAL_CLK__ (rise edge)
                          0.00    0.00   clock network delay (ideal)
                          2.00    2.00 ^ input external delay
     1    0.00    0.02    0.01    2.01 ^ B[4] (in)
                                         B[4] (net)
                  0.02    0.00    2.01 ^ input10/A (sky130_fd_sc_hd__clkbuf_2)
     6    0.02    0.10    0.11    2.11 ^ input10/X (sky130_fd_sc_hd__clkbuf_2)
                                         net10 (net)
                  0.10    0.00    2.11 ^ _331_/A1 (sky130_fd_sc_hd__a31o_1)
     1    0.00    0.02    0.08    2.19 ^ _331_/X (sky130_fd_sc_hd__a31o_1)
                                         _087_ (net)
                  0.02    0.00    2.19 ^ _336_/B (sky130_fd_sc_hd__or3_1)
     1    0.00    0.03    0.06    2.25 ^ _336_/X (sky130_fd_sc_hd__or3_1)
                                         _092_ (net)
                  0.03    0.00    2.25 ^ _337_/A (sky130_fd_sc_hd__buf_1)
     1    0.01    0.11    0.10    2.35 ^ _337_/X (sky130_fd_sc_hd__buf_1)
                                         net21 (net)
                  0.11    0.00    2.36 ^ output21/A (sky130_fd_sc_hd__buf_2)
     1    0.03    0.13    0.15    2.50 ^ output21/X (sky130_fd_sc_hd__buf_2)
                                         OUT[4] (net)
                  0.13    0.00    2.51 ^ OUT[4] (out)
                                  2.51   data arrival time

                  0.00    0.00    0.00   clock __VIRTUAL_CLK__ (rise edge)
                          0.00    0.00   clock network delay (ideal)
                          0.25    0.25   clock uncertainty
                          0.00    0.25   clock reconvergence pessimism
                         -2.00   -1.75   output external delay
                                 -1.75   data required time
-----------------------------------------------------------------------------
                                 -1.75   data required time
                                 -2.51   data arrival time
-----------------------------------------------------------------------------
                                  4.26   slack (MET)


Startpoint: A[5] (input port clocked by __VIRTUAL_CLK__)
Endpoint: OUT[6] (output port clocked by __VIRTUAL_CLK__)
Path Group: __VIRTUAL_CLK__
Path Type: min
Corner: Fastest

Fanout     Cap    Slew   Delay    Time   Description
-----------------------------------------------------------------------------
                  0.00    0.00    0.00   clock __VIRTUAL_CLK__ (rise edge)
                          0.00    0.00   clock network delay (ideal)
                          2.00    2.00 v input external delay
     1    0.00    0.00    0.00    2.00 v A[5] (in)
                                         A[5] (net)
                  0.00    0.00    2.00 v input4/A (sky130_fd_sc_hd__clkbuf_2)
     6    0.02    0.06    0.09    2.09 v input4/X (sky130_fd_sc_hd__clkbuf_2)
                                         net4 (net)
                  0.06    0.00    2.09 v _251_/A (sky130_fd_sc_hd__nand2_1)
     3    0.01    0.09    0.09    2.18 ^ _251_/Y (sky130_fd_sc_hd__nand2_1)
                                         _014_ (net)
                  0.09    0.00    2.18 ^ _264_/A1 (sky130_fd_sc_hd__a31o_1)
     1    0.00    0.03    0.08    2.25 ^ _264_/X (sky130_fd_sc_hd__a31o_1)
                                         _026_ (net)
                  0.03    0.00    2.25 ^ _265_/B (sky130_fd_sc_hd__nand2_1)
     1    0.00    0.02    0.03    2.28 v _265_/Y (sky130_fd_sc_hd__nand2_1)
                                         _027_ (net)
                  0.02    0.00    2.28 v _281_/A1 (sky130_fd_sc_hd__a21o_1)
     1    0.01    0.04    0.11    2.39 v _281_/X (sky130_fd_sc_hd__a21o_1)
                                         net23 (net)
                  0.05    0.00    2.40 v output23/A (sky130_fd_sc_hd__buf_2)
     1    0.03    0.06    0.12    2.51 v output23/X (sky130_fd_sc_hd__buf_2)
                                         OUT[6] (net)
                  0.06    0.00    2.51 v OUT[6] (out)
                                  2.51   data arrival time

                  0.00    0.00    0.00   clock __VIRTUAL_CLK__ (rise edge)
                          0.00    0.00   clock network delay (ideal)
                          0.25    0.25   clock uncertainty
                          0.00    0.25   clock reconvergence pessimism
                         -2.00   -1.75   output external delay
                                 -1.75   data required time
-----------------------------------------------------------------------------
                                 -1.75   data required time
                                 -2.51   data arrival time
-----------------------------------------------------------------------------
                                  4.26   slack (MET)


Startpoint: OPCODE[2] (input port clocked by __VIRTUAL_CLK__)
Endpoint: OUT[2] (output port clocked by __VIRTUAL_CLK__)
Path Group: __VIRTUAL_CLK__
Path Type: min
Corner: Fastest

Fanout     Cap    Slew   Delay    Time   Description
-----------------------------------------------------------------------------
                  0.00    0.00    0.00   clock __VIRTUAL_CLK__ (rise edge)
                          0.00    0.00   clock network delay (ideal)
                          2.00    2.00 v input external delay
     1    0.00    0.00    0.00    2.00 v OPCODE[2] (in)
                                         OPCODE[2] (net)
                  0.00    0.00    2.00 v input16/A (sky130_fd_sc_hd__clkbuf_2)
     6    0.03    0.07    0.10    2.10 v input16/X (sky130_fd_sc_hd__clkbuf_2)
                                         net16 (net)
                  0.07    0.00    2.10 v _165_/A (sky130_fd_sc_hd__inv_2)
     2    0.01    0.04    0.05    2.15 ^ _165_/Y (sky130_fd_sc_hd__inv_2)
                                         _093_ (net)
                  0.04    0.00    2.15 ^ _167_/A (sky130_fd_sc_hd__nor2_2)
     8    0.03    0.06    0.05    2.21 v _167_/Y (sky130_fd_sc_hd__nor2_2)
                                         _095_ (net)
                  0.06    0.00    2.21 v _310_/B1 (sky130_fd_sc_hd__o21ai_1)
     1    0.00    0.04    0.06    2.26 ^ _310_/Y (sky130_fd_sc_hd__o21ai_1)
                                         _068_ (net)
                  0.04    0.00    2.26 ^ _315_/A2 (sky130_fd_sc_hd__o21bai_1)
     1    0.00    0.03    0.04    2.30 v _315_/Y (sky130_fd_sc_hd__o21bai_1)
                                         _073_ (net)
                  0.03    0.00    2.30 v _316_/B1 (sky130_fd_sc_hd__a31o_1)
     1    0.01    0.05    0.09    2.40 v _316_/X (sky130_fd_sc_hd__a31o_1)
                                         net19 (net)
                  0.05    0.00    2.40 v output19/A (sky130_fd_sc_hd__buf_2)
     1    0.03    0.06    0.12    2.52 v output19/X (sky130_fd_sc_hd__buf_2)
                                         OUT[2] (net)
                  0.06    0.00    2.52 v OUT[2] (out)
                                  2.52   data arrival time

                  0.00    0.00    0.00   clock __VIRTUAL_CLK__ (rise edge)
                          0.00    0.00   clock network delay (ideal)
                          0.25    0.25   clock uncertainty
                          0.00    0.25   clock reconvergence pessimism
                         -2.00   -1.75   output external delay
                                 -1.75   data required time
-----------------------------------------------------------------------------
                                 -1.75   data required time
                                 -2.52   data arrival time
-----------------------------------------------------------------------------
                                  4.27   slack (MET)


Startpoint: OPCODE[2] (input port clocked by __VIRTUAL_CLK__)
Endpoint: OUT[7] (output port clocked by __VIRTUAL_CLK__)
Path Group: __VIRTUAL_CLK__
Path Type: min
Corner: Fastest

Fanout     Cap    Slew   Delay    Time   Description
-----------------------------------------------------------------------------
                  0.00    0.00    0.00   clock __VIRTUAL_CLK__ (rise edge)
                          0.00    0.00   clock network delay (ideal)
                          2.00    2.00 v input external delay
     1    0.00    0.00    0.00    2.00 v OPCODE[2] (in)
                                         OPCODE[2] (net)
                  0.00    0.00    2.00 v input16/A (sky130_fd_sc_hd__clkbuf_2)
     6    0.03    0.07    0.10    2.10 v input16/X (sky130_fd_sc_hd__clkbuf_2)
                                         net16 (net)
                  0.07    0.00    2.10 v _255_/A (sky130_fd_sc_hd__and3_2)
     7    0.03    0.06    0.15    2.25 v _255_/X (sky130_fd_sc_hd__and3_2)
                                         _018_ (net)
                  0.06    0.00    2.25 v _292_/A1 (sky130_fd_sc_hd__a31o_1)
     1    0.01    0.05    0.15    2.40 v _292_/X (sky130_fd_sc_hd__a31o_1)
                                         net24 (net)
                  0.05    0.00    2.40 v output24/A (sky130_fd_sc_hd__buf_2)
     1    0.03    0.06    0.12    2.52 v output24/X (sky130_fd_sc_hd__buf_2)
                                         OUT[7] (net)
                  0.06    0.00    2.52 v OUT[7] (out)
                                  2.52   data arrival time

                  0.00    0.00    0.00   clock __VIRTUAL_CLK__ (rise edge)
                          0.00    0.00   clock network delay (ideal)
                          0.25    0.25   clock uncertainty
                          0.00    0.25   clock reconvergence pessimism
                         -2.00   -1.75   output external delay
                                 -1.75   data required time
-----------------------------------------------------------------------------
                                 -1.75   data required time
                                 -2.52   data arrival time
-----------------------------------------------------------------------------
                                  4.27   slack (MET)



worst slack corner Fastest: 4.1324
======================= Slowest Corner ===================================

Startpoint: B[0] (input port clocked by __VIRTUAL_CLK__)
Endpoint: OUT[0] (output port clocked by __VIRTUAL_CLK__)
Path Group: __VIRTUAL_CLK__
Path Type: min
Corner: Slowest

Fanout     Cap    Slew   Delay    Time   Description
-----------------------------------------------------------------------------
                  0.00    0.00    0.00   clock __VIRTUAL_CLK__ (rise edge)
                          0.00    0.00   clock network delay (ideal)
                          2.00    2.00 v input external delay
     1    0.00    0.02    0.01    2.01 v B[0] (in)
                                         B[0] (net)
                  0.02    0.00    2.01 v input7/A (sky130_fd_sc_hd__buf_2)
    13    0.04    0.20    0.32    2.33 v input7/X (sky130_fd_sc_hd__buf_2)
                                         net7 (net)
                  0.20    0.00    2.34 v _297_/A1 (sky130_fd_sc_hd__a31o_1)
     1    0.01    0.14    0.43    2.77 v _297_/X (sky130_fd_sc_hd__a31o_1)
                                         net17 (net)
                  0.14    0.00    2.77 v output17/A (sky130_fd_sc_hd__buf_2)
     1    0.03    0.17    0.36    3.13 v output17/X (sky130_fd_sc_hd__buf_2)
                                         OUT[0] (net)
                  0.17    0.00    3.13 v OUT[0] (out)
                                  3.13   data arrival time

                  0.00    0.00    0.00   clock __VIRTUAL_CLK__ (rise edge)
                          0.00    0.00   clock network delay (ideal)
                          0.25    0.25   clock uncertainty
                          0.00    0.25   clock reconvergence pessimism
                         -2.00   -1.75   output external delay
                                 -1.75   data required time
-----------------------------------------------------------------------------
                                 -1.75   data required time
                                 -3.13   data arrival time
-----------------------------------------------------------------------------
                                  4.88   slack (MET)


Startpoint: A[1] (input port clocked by __VIRTUAL_CLK__)
Endpoint: OUT[1] (output port clocked by __VIRTUAL_CLK__)
Path Group: __VIRTUAL_CLK__
Path Type: min
Corner: Slowest

Fanout     Cap    Slew   Delay    Time   Description
-----------------------------------------------------------------------------
                  0.00    0.00    0.00   clock __VIRTUAL_CLK__ (rise edge)
                          0.00    0.00   clock network delay (ideal)
                          2.00    2.00 v input external delay
     1    0.00    0.02    0.01    2.01 v A[1] (in)
                                         A[1] (net)
                  0.02    0.00    2.01 v input2/A (sky130_fd_sc_hd__clkbuf_4)
    13    0.05    0.18    0.32    2.32 v input2/X (sky130_fd_sc_hd__clkbuf_4)
                                         net2 (net)
                  0.18    0.00    2.33 v _303_/A (sky130_fd_sc_hd__nor2_1)
     1    0.00    0.11    0.18    2.51 ^ _303_/Y (sky130_fd_sc_hd__nor2_1)
                                         _062_ (net)
                  0.11    0.00    2.51 ^ _307_/C (sky130_fd_sc_hd__or4b_1)
     1    0.01    0.22    0.30    2.81 ^ _307_/X (sky130_fd_sc_hd__or4b_1)
                                         _066_ (net)
                  0.22    0.00    2.81 ^ _308_/A (sky130_fd_sc_hd__clkbuf_1)
     1    0.00    0.07    0.20    3.01 ^ _308_/X (sky130_fd_sc_hd__clkbuf_1)
                                         net18 (net)
                  0.07    0.00    3.01 ^ output18/A (sky130_fd_sc_hd__buf_2)
     1    0.03    0.27    0.32    3.33 ^ output18/X (sky130_fd_sc_hd__buf_2)
                                         OUT[1] (net)
                  0.27    0.00    3.33 ^ OUT[1] (out)
                                  3.33   data arrival time

                  0.00    0.00    0.00   clock __VIRTUAL_CLK__ (rise edge)
                          0.00    0.00   clock network delay (ideal)
                          0.25    0.25   clock uncertainty
                          0.00    0.25   clock reconvergence pessimism
                         -2.00   -1.75   output external delay
                                 -1.75   data required time
-----------------------------------------------------------------------------
                                 -1.75   data required time
                                 -3.33   data arrival time
-----------------------------------------------------------------------------
                                  5.08   slack (MET)


Startpoint: A[5] (input port clocked by __VIRTUAL_CLK__)
Endpoint: OUT[5] (output port clocked by __VIRTUAL_CLK__)
Path Group: __VIRTUAL_CLK__
Path Type: min
Corner: Slowest

Fanout     Cap    Slew   Delay    Time   Description
-----------------------------------------------------------------------------
                  0.00    0.00    0.00   clock __VIRTUAL_CLK__ (rise edge)
                          0.00    0.00   clock network delay (ideal)
                          2.00    2.00 ^ input external delay
     1    0.00    0.03    0.02    2.02 ^ A[5] (in)
                                         A[5] (net)
                  0.03    0.00    2.02 ^ input4/A (sky130_fd_sc_hd__clkbuf_2)
     6    0.02    0.19    0.25    2.27 ^ input4/X (sky130_fd_sc_hd__clkbuf_2)
                                         net4 (net)
                  0.19    0.00    2.27 ^ _223_/A2 (sky130_fd_sc_hd__a311o_1)
     1    0.01    0.16    0.43    2.70 ^ _223_/X (sky130_fd_sc_hd__a311o_1)
                                         _151_ (net)
                  0.16    0.00    2.70 ^ _257_/B1 (sky130_fd_sc_hd__a211o_1)
     1    0.01    0.16    0.27    2.97 ^ _257_/X (sky130_fd_sc_hd__a211o_1)
                                         net22 (net)
                  0.16    0.00    2.97 ^ output22/A (sky130_fd_sc_hd__buf_2)
     1    0.03    0.27    0.37    3.34 ^ output22/X (sky130_fd_sc_hd__buf_2)
                                         OUT[5] (net)
                  0.27    0.00    3.34 ^ OUT[5] (out)
                                  3.34   data arrival time

                  0.00    0.00    0.00   clock __VIRTUAL_CLK__ (rise edge)
                          0.00    0.00   clock network delay (ideal)
                          0.25    0.25   clock uncertainty
                          0.00    0.25   clock reconvergence pessimism
                         -2.00   -1.75   output external delay
                                 -1.75   data required time
-----------------------------------------------------------------------------
                                 -1.75   data required time
                                 -3.34   data arrival time
-----------------------------------------------------------------------------
                                  5.09   slack (MET)


Startpoint: B[4] (input port clocked by __VIRTUAL_CLK__)
Endpoint: OUT[4] (output port clocked by __VIRTUAL_CLK__)
Path Group: __VIRTUAL_CLK__
Path Type: min
Corner: Slowest

Fanout     Cap    Slew   Delay    Time   Description
-----------------------------------------------------------------------------
                  0.00    0.00    0.00   clock __VIRTUAL_CLK__ (rise edge)
                          0.00    0.00   clock network delay (ideal)
                          2.00    2.00 ^ input external delay
     1    0.00    0.03    0.02    2.02 ^ B[4] (in)
                                         B[4] (net)
                  0.03    0.00    2.02 ^ input10/A (sky130_fd_sc_hd__clkbuf_2)
     6    0.02    0.20    0.26    2.28 ^ input10/X (sky130_fd_sc_hd__clkbuf_2)
                                         net10 (net)
                  0.20    0.00    2.28 ^ _331_/A1 (sky130_fd_sc_hd__a31o_1)
     1    0.00    0.06    0.29    2.57 ^ _331_/X (sky130_fd_sc_hd__a31o_1)
                                         _087_ (net)
                  0.06    0.00    2.57 ^ _336_/B (sky130_fd_sc_hd__or3_1)
     1    0.00    0.07    0.16    2.73 ^ _336_/X (sky130_fd_sc_hd__or3_1)
                                         _092_ (net)
                  0.07    0.00    2.73 ^ _337_/A (sky130_fd_sc_hd__buf_1)
     1    0.01    0.24    0.26    2.99 ^ _337_/X (sky130_fd_sc_hd__buf_1)
                                         net21 (net)
                  0.24    0.00    2.99 ^ output21/A (sky130_fd_sc_hd__buf_2)
     1    0.03    0.27    0.40    3.39 ^ output21/X (sky130_fd_sc_hd__buf_2)
                                         OUT[4] (net)
                  0.27    0.00    3.39 ^ OUT[4] (out)
                                  3.39   data arrival time

                  0.00    0.00    0.00   clock __VIRTUAL_CLK__ (rise edge)
                          0.00    0.00   clock network delay (ideal)
                          0.25    0.25   clock uncertainty
                          0.00    0.25   clock reconvergence pessimism
                         -2.00   -1.75   output external delay
                                 -1.75   data required time
-----------------------------------------------------------------------------
                                 -1.75   data required time
                                 -3.39   data arrival time
-----------------------------------------------------------------------------
                                  5.14   slack (MET)


Startpoint: B[3] (input port clocked by __VIRTUAL_CLK__)
Endpoint: OUT[3] (output port clocked by __VIRTUAL_CLK__)
Path Group: __VIRTUAL_CLK__
Path Type: min
Corner: Slowest

Fanout     Cap    Slew   Delay    Time   Description
-----------------------------------------------------------------------------
                  0.00    0.00    0.00   clock __VIRTUAL_CLK__ (rise edge)
                          0.00    0.00   clock network delay (ideal)
                          2.00    2.00 ^ input external delay
     1    0.00    0.04    0.02    2.02 ^ B[3] (in)
                                         B[3] (net)
                  0.04    0.00    2.02 ^ _168_/A (sky130_fd_sc_hd__clkbuf_4)
    12    0.05    0.23    0.33    2.35 ^ _168_/X (sky130_fd_sc_hd__clkbuf_4)
                                         _096_ (net)
                  0.23    0.00    2.35 ^ _324_/A1 (sky130_fd_sc_hd__a311o_1)
     1    0.00    0.09    0.36    2.71 ^ _324_/X (sky130_fd_sc_hd__a311o_1)
                                         _081_ (net)
                  0.09    0.00    2.71 ^ _325_/C1 (sky130_fd_sc_hd__a221o_1)
     1    0.01    0.22    0.29    3.00 ^ _325_/X (sky130_fd_sc_hd__a221o_1)
                                         net20 (net)
                  0.22    0.00    3.00 ^ output20/A (sky130_fd_sc_hd__buf_2)
     1    0.03    0.28    0.39    3.39 ^ output20/X (sky130_fd_sc_hd__buf_2)
                                         OUT[3] (net)
                  0.28    0.00    3.39 ^ OUT[3] (out)
                                  3.39   data arrival time

                  0.00    0.00    0.00   clock __VIRTUAL_CLK__ (rise edge)
                          0.00    0.00   clock network delay (ideal)
                          0.25    0.25   clock uncertainty
                          0.00    0.25   clock reconvergence pessimism
                         -2.00   -1.75   output external delay
                                 -1.75   data required time
-----------------------------------------------------------------------------
                                 -1.75   data required time
                                 -3.39   data arrival time
-----------------------------------------------------------------------------
                                  5.14   slack (MET)


Startpoint: A[5] (input port clocked by __VIRTUAL_CLK__)
Endpoint: OUT[6] (output port clocked by __VIRTUAL_CLK__)
Path Group: __VIRTUAL_CLK__
Path Type: min
Corner: Slowest

Fanout     Cap    Slew   Delay    Time   Description
-----------------------------------------------------------------------------
                  0.00    0.00    0.00   clock __VIRTUAL_CLK__ (rise edge)
                          0.00    0.00   clock network delay (ideal)
                          2.00    2.00 v input external delay
     1    0.00    0.02    0.01    2.01 v A[5] (in)
                                         A[5] (net)
                  0.02    0.00    2.01 v input4/A (sky130_fd_sc_hd__clkbuf_2)
     6    0.02    0.15    0.23    2.24 v input4/X (sky130_fd_sc_hd__clkbuf_2)
                                         net4 (net)
                  0.15    0.00    2.24 v _251_/A (sky130_fd_sc_hd__nand2_1)
     3    0.01    0.18    0.21    2.45 ^ _251_/Y (sky130_fd_sc_hd__nand2_1)
                                         _014_ (net)
                  0.18    0.00    2.45 ^ _264_/A1 (sky130_fd_sc_hd__a31o_1)
     1    0.00    0.07    0.29    2.74 ^ _264_/X (sky130_fd_sc_hd__a31o_1)
                                         _026_ (net)
                  0.07    0.00    2.74 ^ _265_/B (sky130_fd_sc_hd__nand2_1)
     1    0.00    0.08    0.11    2.85 v _265_/Y (sky130_fd_sc_hd__nand2_1)
                                         _027_ (net)
                  0.08    0.00    2.85 v _281_/A1 (sky130_fd_sc_hd__a21o_1)
     1    0.01    0.13    0.34    3.19 v _281_/X (sky130_fd_sc_hd__a21o_1)
                                         net23 (net)
                  0.13    0.00    3.20 v output23/A (sky130_fd_sc_hd__buf_2)
     1    0.03    0.17    0.35    3.55 v output23/X (sky130_fd_sc_hd__buf_2)
                                         OUT[6] (net)
                  0.17    0.00    3.55 v OUT[6] (out)
                                  3.55   data arrival time

                  0.00    0.00    0.00   clock __VIRTUAL_CLK__ (rise edge)
                          0.00    0.00   clock network delay (ideal)
                          0.25    0.25   clock uncertainty
                          0.00    0.25   clock reconvergence pessimism
                         -2.00   -1.75   output external delay
                                 -1.75   data required time
-----------------------------------------------------------------------------
                                 -1.75   data required time
                                 -3.55   data arrival time
-----------------------------------------------------------------------------
                                  5.30   slack (MET)


Startpoint: OPCODE[2] (input port clocked by __VIRTUAL_CLK__)
Endpoint: OUT[7] (output port clocked by __VIRTUAL_CLK__)
Path Group: __VIRTUAL_CLK__
Path Type: min
Corner: Slowest

Fanout     Cap    Slew   Delay    Time   Description
-----------------------------------------------------------------------------
                  0.00    0.00    0.00   clock __VIRTUAL_CLK__ (rise edge)
                          0.00    0.00   clock network delay (ideal)
                          2.00    2.00 v input external delay
     1    0.00    0.02    0.01    2.01 v OPCODE[2] (in)
                                         OPCODE[2] (net)
                  0.02    0.00    2.01 v input16/A (sky130_fd_sc_hd__clkbuf_2)
     6    0.03    0.18    0.26    2.26 v input16/X (sky130_fd_sc_hd__clkbuf_2)
                                         net16 (net)
                  0.18    0.00    2.27 v _255_/A (sky130_fd_sc_hd__and3_2)
     7    0.03    0.16    0.50    2.77 v _255_/X (sky130_fd_sc_hd__and3_2)
                                         _018_ (net)
                  0.16    0.00    2.77 v _292_/A1 (sky130_fd_sc_hd__a31o_1)
     1    0.01    0.15    0.43    3.20 v _292_/X (sky130_fd_sc_hd__a31o_1)
                                         net24 (net)
                  0.15    0.00    3.20 v output24/A (sky130_fd_sc_hd__buf_2)
     1    0.03    0.17    0.37    3.57 v output24/X (sky130_fd_sc_hd__buf_2)
                                         OUT[7] (net)
                  0.17    0.00    3.57 v OUT[7] (out)
                                  3.57   data arrival time

                  0.00    0.00    0.00   clock __VIRTUAL_CLK__ (rise edge)
                          0.00    0.00   clock network delay (ideal)
                          0.25    0.25   clock uncertainty
                          0.00    0.25   clock reconvergence pessimism
                         -2.00   -1.75   output external delay
                                 -1.75   data required time
-----------------------------------------------------------------------------
                                 -1.75   data required time
                                 -3.57   data arrival time
-----------------------------------------------------------------------------
                                  5.32   slack (MET)


Startpoint: A[2] (input port clocked by __VIRTUAL_CLK__)
Endpoint: OUT[2] (output port clocked by __VIRTUAL_CLK__)
Path Group: __VIRTUAL_CLK__
Path Type: min
Corner: Slowest

Fanout     Cap    Slew   Delay    Time   Description
-----------------------------------------------------------------------------
                  0.00    0.00    0.00   clock __VIRTUAL_CLK__ (rise edge)
                          0.00    0.00   clock network delay (ideal)
                          2.00    2.00 ^ input external delay
     1    0.00    0.04    0.02    2.02 ^ A[2] (in)
                                         A[2] (net)
                  0.04    0.00    2.02 ^ _170_/A (sky130_fd_sc_hd__clkbuf_4)
    13    0.05    0.25    0.34    2.36 ^ _170_/X (sky130_fd_sc_hd__clkbuf_4)
                                         _098_ (net)
                  0.25    0.01    2.36 ^ _314_/A1 (sky130_fd_sc_hd__a311o_1)
     1    0.00    0.06    0.34    2.71 ^ _314_/X (sky130_fd_sc_hd__a311o_1)
                                         _072_ (net)
                  0.06    0.00    2.71 ^ _315_/B1_N (sky130_fd_sc_hd__o21bai_1)
     1    0.00    0.12    0.18    2.89 ^ _315_/Y (sky130_fd_sc_hd__o21bai_1)
                                         _073_ (net)
                  0.12    0.00    2.89 ^ _316_/B1 (sky130_fd_sc_hd__a31o_1)
     1    0.01    0.23    0.30    3.19 ^ _316_/X (sky130_fd_sc_hd__a31o_1)
                                         net19 (net)
                  0.23    0.00    3.19 ^ output19/A (sky130_fd_sc_hd__buf_2)
     1    0.03    0.27    0.40    3.58 ^ output19/X (sky130_fd_sc_hd__buf_2)
                                         OUT[2] (net)
                  0.27    0.00    3.58 ^ OUT[2] (out)
                                  3.58   data arrival time

                  0.00    0.00    0.00   clock __VIRTUAL_CLK__ (rise edge)
                          0.00    0.00   clock network delay (ideal)
                          0.25    0.25   clock uncertainty
                          0.00    0.25   clock reconvergence pessimism
                         -2.00   -1.75   output external delay
                                 -1.75   data required time
-----------------------------------------------------------------------------
                                 -1.75   data required time
                                 -3.58   data arrival time
-----------------------------------------------------------------------------
                                  5.33   slack (MET)



worst slack corner Slowest: 4.8779
======================= Typical Corner ===================================

Startpoint: B[0] (input port clocked by __VIRTUAL_CLK__)
Endpoint: OUT[0] (output port clocked by __VIRTUAL_CLK__)
Path Group: __VIRTUAL_CLK__
Path Type: min
Corner: Typical

Fanout     Cap    Slew   Delay    Time   Description
-----------------------------------------------------------------------------
                  0.00    0.00    0.00   clock __VIRTUAL_CLK__ (rise edge)
                          0.00    0.00   clock network delay (ideal)
                          2.00    2.00 v input external delay
     1    0.00    0.01    0.00    2.00 v B[0] (in)
                                         B[0] (net)
                  0.01    0.00    2.00 v input7/A (sky130_fd_sc_hd__buf_2)
    13    0.04    0.10    0.17    2.17 v input7/X (sky130_fd_sc_hd__buf_2)
                                         net7 (net)
                  0.10    0.00    2.17 v _297_/A1 (sky130_fd_sc_hd__a31o_1)
     1    0.01    0.07    0.22    2.40 v _297_/X (sky130_fd_sc_hd__a31o_1)
                                         net17 (net)
                  0.07    0.00    2.40 v output17/A (sky130_fd_sc_hd__buf_2)
     1    0.03    0.09    0.18    2.58 v output17/X (sky130_fd_sc_hd__buf_2)
                                         OUT[0] (net)
                  0.09    0.00    2.58 v OUT[0] (out)
                                  2.58   data arrival time

                  0.00    0.00    0.00   clock __VIRTUAL_CLK__ (rise edge)
                          0.00    0.00   clock network delay (ideal)
                          0.25    0.25   clock uncertainty
                          0.00    0.25   clock reconvergence pessimism
                         -2.00   -1.75   output external delay
                                 -1.75   data required time
-----------------------------------------------------------------------------
                                 -1.75   data required time
                                 -2.58   data arrival time
-----------------------------------------------------------------------------
                                  4.33   slack (MET)


Startpoint: A[5] (input port clocked by __VIRTUAL_CLK__)
Endpoint: OUT[5] (output port clocked by __VIRTUAL_CLK__)
Path Group: __VIRTUAL_CLK__
Path Type: min
Corner: Typical

Fanout     Cap    Slew   Delay    Time   Description
-----------------------------------------------------------------------------
                  0.00    0.00    0.00   clock __VIRTUAL_CLK__ (rise edge)
                          0.00    0.00   clock network delay (ideal)
                          2.00    2.00 ^ input external delay
     1    0.00    0.02    0.01    2.01 ^ A[5] (in)
                                         A[5] (net)
                  0.02    0.00    2.01 ^ input4/A (sky130_fd_sc_hd__clkbuf_2)
     6    0.02    0.12    0.14    2.16 ^ input4/X (sky130_fd_sc_hd__clkbuf_2)
                                         net4 (net)
                  0.12    0.00    2.16 ^ _223_/A2 (sky130_fd_sc_hd__a311o_1)
     1    0.01    0.10    0.21    2.36 ^ _223_/X (sky130_fd_sc_hd__a311o_1)
                                         _151_ (net)
                  0.10    0.00    2.36 ^ _257_/B1 (sky130_fd_sc_hd__a211o_1)
     1    0.01    0.10    0.15    2.51 ^ _257_/X (sky130_fd_sc_hd__a211o_1)
                                         net22 (net)
                  0.10    0.00    2.52 ^ output22/A (sky130_fd_sc_hd__buf_2)
     1    0.03    0.17    0.21    2.72 ^ output22/X (sky130_fd_sc_hd__buf_2)
                                         OUT[5] (net)
                  0.17    0.00    2.72 ^ OUT[5] (out)
                                  2.72   data arrival time

                  0.00    0.00    0.00   clock __VIRTUAL_CLK__ (rise edge)
                          0.00    0.00   clock network delay (ideal)
                          0.25    0.25   clock uncertainty
                          0.00    0.25   clock reconvergence pessimism
                         -2.00   -1.75   output external delay
                                 -1.75   data required time
-----------------------------------------------------------------------------
                                 -1.75   data required time
                                 -2.72   data arrival time
-----------------------------------------------------------------------------
                                  4.47   slack (MET)


Startpoint: A[1] (input port clocked by __VIRTUAL_CLK__)
Endpoint: OUT[1] (output port clocked by __VIRTUAL_CLK__)
Path Group: __VIRTUAL_CLK__
Path Type: min
Corner: Typical

Fanout     Cap    Slew   Delay    Time   Description
-----------------------------------------------------------------------------
                  0.00    0.00    0.00   clock __VIRTUAL_CLK__ (rise edge)
                          0.00    0.00   clock network delay (ideal)
                          2.00    2.00 v input external delay
     1    0.00    0.01    0.00    2.00 v A[1] (in)
                                         A[1] (net)
                  0.01    0.00    2.00 v input2/A (sky130_fd_sc_hd__clkbuf_4)
    13    0.05    0.11    0.17    2.18 v input2/X (sky130_fd_sc_hd__clkbuf_4)
                                         net2 (net)
                  0.11    0.00    2.18 v _303_/A (sky130_fd_sc_hd__nor2_1)
     1    0.00    0.07    0.11    2.29 ^ _303_/Y (sky130_fd_sc_hd__nor2_1)
                                         _062_ (net)
                  0.07    0.00    2.29 ^ _307_/C (sky130_fd_sc_hd__or4b_1)
     1    0.01    0.14    0.17    2.46 ^ _307_/X (sky130_fd_sc_hd__or4b_1)
                                         _066_ (net)
                  0.14    0.00    2.46 ^ _308_/A (sky130_fd_sc_hd__clkbuf_1)
     1    0.00    0.04    0.10    2.56 ^ _308_/X (sky130_fd_sc_hd__clkbuf_1)
                                         net18 (net)
                  0.04    0.00    2.56 ^ output18/A (sky130_fd_sc_hd__buf_2)
     1    0.03    0.17    0.19    2.74 ^ output18/X (sky130_fd_sc_hd__buf_2)
                                         OUT[1] (net)
                  0.17    0.00    2.74 ^ OUT[1] (out)
                                  2.74   data arrival time

                  0.00    0.00    0.00   clock __VIRTUAL_CLK__ (rise edge)
                          0.00    0.00   clock network delay (ideal)
                          0.25    0.25   clock uncertainty
                          0.00    0.25   clock reconvergence pessimism
                         -2.00   -1.75   output external delay
                                 -1.75   data required time
-----------------------------------------------------------------------------
                                 -1.75   data required time
                                 -2.74   data arrival time
-----------------------------------------------------------------------------
                                  4.49   slack (MET)


Startpoint: B[3] (input port clocked by __VIRTUAL_CLK__)
Endpoint: OUT[3] (output port clocked by __VIRTUAL_CLK__)
Path Group: __VIRTUAL_CLK__
Path Type: min
Corner: Typical

Fanout     Cap    Slew   Delay    Time   Description
-----------------------------------------------------------------------------
                  0.00    0.00    0.00   clock __VIRTUAL_CLK__ (rise edge)
                          0.00    0.00   clock network delay (ideal)
                          2.00    2.00 ^ input external delay
     1    0.00    0.02    0.01    2.01 ^ B[3] (in)
                                         B[3] (net)
                  0.02    0.00    2.01 ^ _168_/A (sky130_fd_sc_hd__clkbuf_4)
    12    0.05    0.14    0.19    2.20 ^ _168_/X (sky130_fd_sc_hd__clkbuf_4)
                                         _096_ (net)
                  0.14    0.00    2.20 ^ _324_/A1 (sky130_fd_sc_hd__a311o_1)
     1    0.00    0.05    0.17    2.37 ^ _324_/X (sky130_fd_sc_hd__a311o_1)
                                         _081_ (net)
                  0.05    0.00    2.37 ^ _325_/C1 (sky130_fd_sc_hd__a221o_1)
     1    0.01    0.14    0.16    2.53 ^ _325_/X (sky130_fd_sc_hd__a221o_1)
                                         net20 (net)
                  0.14    0.00    2.53 ^ output20/A (sky130_fd_sc_hd__buf_2)
     1    0.03    0.17    0.22    2.75 ^ output20/X (sky130_fd_sc_hd__buf_2)
                                         OUT[3] (net)
                  0.17    0.00    2.75 ^ OUT[3] (out)
                                  2.75   data arrival time

                  0.00    0.00    0.00   clock __VIRTUAL_CLK__ (rise edge)
                          0.00    0.00   clock network delay (ideal)
                          0.25    0.25   clock uncertainty
                          0.00    0.25   clock reconvergence pessimism
                         -2.00   -1.75   output external delay
                                 -1.75   data required time
-----------------------------------------------------------------------------
                                 -1.75   data required time
                                 -2.75   data arrival time
-----------------------------------------------------------------------------
                                  4.50   slack (MET)


Startpoint: B[4] (input port clocked by __VIRTUAL_CLK__)
Endpoint: OUT[4] (output port clocked by __VIRTUAL_CLK__)
Path Group: __VIRTUAL_CLK__
Path Type: min
Corner: Typical

Fanout     Cap    Slew   Delay    Time   Description
-----------------------------------------------------------------------------
                  0.00    0.00    0.00   clock __VIRTUAL_CLK__ (rise edge)
                          0.00    0.00   clock network delay (ideal)
                          2.00    2.00 ^ input external delay
     1    0.00    0.02    0.01    2.01 ^ B[4] (in)
                                         B[4] (net)
                  0.02    0.00    2.01 ^ input10/A (sky130_fd_sc_hd__clkbuf_2)
     6    0.02    0.13    0.15    2.16 ^ input10/X (sky130_fd_sc_hd__clkbuf_2)
                                         net10 (net)
                  0.13    0.00    2.16 ^ _331_/A1 (sky130_fd_sc_hd__a31o_1)
     1    0.00    0.04    0.14    2.30 ^ _331_/X (sky130_fd_sc_hd__a31o_1)
                                         _087_ (net)
                  0.04    0.00    2.30 ^ _336_/B (sky130_fd_sc_hd__or3_1)
     1    0.00    0.04    0.09    2.39 ^ _336_/X (sky130_fd_sc_hd__or3_1)
                                         _092_ (net)
                  0.04    0.00    2.39 ^ _337_/A (sky130_fd_sc_hd__buf_1)
     1    0.01    0.15    0.15    2.53 ^ _337_/X (sky130_fd_sc_hd__buf_1)
                                         net21 (net)
                  0.15    0.00    2.54 ^ output21/A (sky130_fd_sc_hd__buf_2)
     1    0.03    0.17    0.22    2.76 ^ output21/X (sky130_fd_sc_hd__buf_2)
                                         OUT[4] (net)
                  0.17    0.00    2.76 ^ OUT[4] (out)
                                  2.76   data arrival time

                  0.00    0.00    0.00   clock __VIRTUAL_CLK__ (rise edge)
                          0.00    0.00   clock network delay (ideal)
                          0.25    0.25   clock uncertainty
                          0.00    0.25   clock reconvergence pessimism
                         -2.00   -1.75   output external delay
                                 -1.75   data required time
-----------------------------------------------------------------------------
                                 -1.75   data required time
                                 -2.76   data arrival time
-----------------------------------------------------------------------------
                                  4.51   slack (MET)


Startpoint: A[5] (input port clocked by __VIRTUAL_CLK__)
Endpoint: OUT[6] (output port clocked by __VIRTUAL_CLK__)
Path Group: __VIRTUAL_CLK__
Path Type: min
Corner: Typical

Fanout     Cap    Slew   Delay    Time   Description
-----------------------------------------------------------------------------
                  0.00    0.00    0.00   clock __VIRTUAL_CLK__ (rise edge)
                          0.00    0.00   clock network delay (ideal)
                          2.00    2.00 v input external delay
     1    0.00    0.01    0.00    2.00 v A[5] (in)
                                         A[5] (net)
                  0.01    0.00    2.00 v input4/A (sky130_fd_sc_hd__clkbuf_2)
     6    0.02    0.08    0.13    2.13 v input4/X (sky130_fd_sc_hd__clkbuf_2)
                                         net4 (net)
                  0.08    0.00    2.13 v _251_/A (sky130_fd_sc_hd__nand2_1)
     3    0.01    0.11    0.12    2.25 ^ _251_/Y (sky130_fd_sc_hd__nand2_1)
                                         _014_ (net)
                  0.11    0.00    2.25 ^ _264_/A1 (sky130_fd_sc_hd__a31o_1)
     1    0.00    0.04    0.13    2.39 ^ _264_/X (sky130_fd_sc_hd__a31o_1)
                                         _026_ (net)
                  0.04    0.00    2.39 ^ _265_/B (sky130_fd_sc_hd__nand2_1)
     1    0.00    0.03    0.05    2.44 v _265_/Y (sky130_fd_sc_hd__nand2_1)
                                         _027_ (net)
                  0.03    0.00    2.44 v _281_/A1 (sky130_fd_sc_hd__a21o_1)
     1    0.01    0.07    0.18    2.61 v _281_/X (sky130_fd_sc_hd__a21o_1)
                                         net23 (net)
                  0.07    0.00    2.61 v output23/A (sky130_fd_sc_hd__buf_2)
     1    0.03    0.09    0.18    2.79 v output23/X (sky130_fd_sc_hd__buf_2)
                                         OUT[6] (net)
                  0.09    0.00    2.80 v OUT[6] (out)
                                  2.80   data arrival time

                  0.00    0.00    0.00   clock __VIRTUAL_CLK__ (rise edge)
                          0.00    0.00   clock network delay (ideal)
                          0.25    0.25   clock uncertainty
                          0.00    0.25   clock reconvergence pessimism
                         -2.00   -1.75   output external delay
                                 -1.75   data required time
-----------------------------------------------------------------------------
                                 -1.75   data required time
                                 -2.80   data arrival time
-----------------------------------------------------------------------------
                                  4.55   slack (MET)


Startpoint: OPCODE[2] (input port clocked by __VIRTUAL_CLK__)
Endpoint: OUT[7] (output port clocked by __VIRTUAL_CLK__)
Path Group: __VIRTUAL_CLK__
Path Type: min
Corner: Typical

Fanout     Cap    Slew   Delay    Time   Description
-----------------------------------------------------------------------------
                  0.00    0.00    0.00   clock __VIRTUAL_CLK__ (rise edge)
                          0.00    0.00   clock network delay (ideal)
                          2.00    2.00 v input external delay
     1    0.00    0.01    0.00    2.00 v OPCODE[2] (in)
                                         OPCODE[2] (net)
                  0.01    0.00    2.00 v input16/A (sky130_fd_sc_hd__clkbuf_2)
     6    0.03    0.10    0.14    2.14 v input16/X (sky130_fd_sc_hd__clkbuf_2)
                                         net16 (net)
                  0.10    0.00    2.15 v _255_/A (sky130_fd_sc_hd__and3_2)
     7    0.03    0.08    0.24    2.39 v _255_/X (sky130_fd_sc_hd__and3_2)
                                         _018_ (net)
                  0.09    0.00    2.39 v _292_/A1 (sky130_fd_sc_hd__a31o_1)
     1    0.01    0.08    0.23    2.61 v _292_/X (sky130_fd_sc_hd__a31o_1)
                                         net24 (net)
                  0.08    0.00    2.62 v output24/A (sky130_fd_sc_hd__buf_2)
     1    0.03    0.09    0.19    2.80 v output24/X (sky130_fd_sc_hd__buf_2)
                                         OUT[7] (net)
                  0.09    0.00    2.80 v OUT[7] (out)
                                  2.80   data arrival time

                  0.00    0.00    0.00   clock __VIRTUAL_CLK__ (rise edge)
                          0.00    0.00   clock network delay (ideal)
                          0.25    0.25   clock uncertainty
                          0.00    0.25   clock reconvergence pessimism
                         -2.00   -1.75   output external delay
                                 -1.75   data required time
-----------------------------------------------------------------------------
                                 -1.75   data required time
                                 -2.80   data arrival time
-----------------------------------------------------------------------------
                                  4.55   slack (MET)


Startpoint: OPCODE[2] (input port clocked by __VIRTUAL_CLK__)
Endpoint: OUT[2] (output port clocked by __VIRTUAL_CLK__)
Path Group: __VIRTUAL_CLK__
Path Type: min
Corner: Typical

Fanout     Cap    Slew   Delay    Time   Description
-----------------------------------------------------------------------------
                  0.00    0.00    0.00   clock __VIRTUAL_CLK__ (rise edge)
                          0.00    0.00   clock network delay (ideal)
                          2.00    2.00 v input external delay
     1    0.00    0.01    0.00    2.00 v OPCODE[2] (in)
                                         OPCODE[2] (net)
                  0.01    0.00    2.00 v input16/A (sky130_fd_sc_hd__clkbuf_2)
     6    0.03    0.10    0.14    2.14 v input16/X (sky130_fd_sc_hd__clkbuf_2)
                                         net16 (net)
                  0.10    0.00    2.15 v _255_/A (sky130_fd_sc_hd__and3_2)
     7    0.03    0.08    0.24    2.39 v _255_/X (sky130_fd_sc_hd__and3_2)
                                         _018_ (net)
                  0.08    0.00    2.39 v _316_/A2 (sky130_fd_sc_hd__a31o_1)
     1    0.01    0.08    0.25    2.64 v _316_/X (sky130_fd_sc_hd__a31o_1)
                                         net19 (net)
                  0.08    0.00    2.64 v output19/A (sky130_fd_sc_hd__buf_2)
     1    0.03    0.09    0.19    2.83 v output19/X (sky130_fd_sc_hd__buf_2)
                                         OUT[2] (net)
                  0.09    0.00    2.83 v OUT[2] (out)
                                  2.83   data arrival time

                  0.00    0.00    0.00   clock __VIRTUAL_CLK__ (rise edge)
                          0.00    0.00   clock network delay (ideal)
                          0.25    0.25   clock uncertainty
                          0.00    0.25   clock reconvergence pessimism
                         -2.00   -1.75   output external delay
                                 -1.75   data required time
-----------------------------------------------------------------------------
                                 -1.75   data required time
                                 -2.83   data arrival time
-----------------------------------------------------------------------------
                                  4.58   slack (MET)



worst slack corner Typical: 4.3339
