
===========================================================================
report_checks -path_delay max (Setup)
============================================================================
======================= Fastest Corner ===================================

Startpoint: B[0] (input port clocked by __VIRTUAL_CLK__)
Endpoint: OUT[6] (output port clocked by __VIRTUAL_CLK__)
Path Group: __VIRTUAL_CLK__
Path Type: max
Corner: Fastest

Fanout     Cap    Slew   Delay    Time   Description
-----------------------------------------------------------------------------
                  0.00    0.00    0.00   clock __VIRTUAL_CLK__ (rise edge)
                          0.00    0.00   clock network delay (ideal)
                          2.00    2.00 v input external delay
     1    0.00    0.00    0.00    2.00 v B[0] (in)
                                         B[0] (net)
                  0.00    0.00    2.00 v input7/A (sky130_fd_sc_hd__buf_2)
    13    0.04    0.08    0.12    2.12 v input7/X (sky130_fd_sc_hd__buf_2)
                                         net7 (net)
                  0.08    0.00    2.12 v _224_/A (sky130_fd_sc_hd__or2_1)
     4    0.01    0.06    0.19    2.31 v _224_/X (sky130_fd_sc_hd__or2_1)
                                         _152_ (net)
                  0.06    0.00    2.31 v _230_/C (sky130_fd_sc_hd__and3_1)
     2    0.00    0.03    0.14    2.45 v _230_/X (sky130_fd_sc_hd__and3_1)
                                         _158_ (net)
                  0.03    0.00    2.45 v _231_/A2 (sky130_fd_sc_hd__o21ai_1)
     4    0.01    0.18    0.16    2.61 ^ _231_/Y (sky130_fd_sc_hd__o21ai_1)
                                         _159_ (net)
                  0.18    0.00    2.61 ^ _239_/A (sky130_fd_sc_hd__and2_1)
     2    0.01    0.07    0.12    2.74 ^ _239_/X (sky130_fd_sc_hd__and2_1)
                                         _002_ (net)
                  0.07    0.00    2.74 ^ _240_/B1 (sky130_fd_sc_hd__o21ai_2)
     4    0.01    0.05    0.04    2.78 v _240_/Y (sky130_fd_sc_hd__o21ai_2)
                                         _003_ (net)
                  0.05    0.00    2.78 v _247_/A2 (sky130_fd_sc_hd__a311o_2)
     5    0.02    0.07    0.28    3.06 v _247_/X (sky130_fd_sc_hd__a311o_2)
                                         _010_ (net)
                  0.07    0.00    3.06 v _266_/A3 (sky130_fd_sc_hd__a311oi_2)
     3    0.01    0.18    0.23    3.29 ^ _266_/Y (sky130_fd_sc_hd__a311oi_2)
                                         _028_ (net)
                  0.18    0.00    3.30 ^ _267_/A_N (sky130_fd_sc_hd__and2b_1)
     1    0.00    0.03    0.13    3.42 v _267_/X (sky130_fd_sc_hd__and2b_1)
                                         _029_ (net)
                  0.03    0.00    3.42 v _281_/A2 (sky130_fd_sc_hd__a21o_1)
     1    0.01    0.05    0.14    3.56 v _281_/X (sky130_fd_sc_hd__a21o_1)
                                         net23 (net)
                  0.05    0.00    3.57 v output23/A (sky130_fd_sc_hd__buf_2)
     1    0.03    0.06    0.13    3.70 v output23/X (sky130_fd_sc_hd__buf_2)
                                         OUT[6] (net)
                  0.06    0.00    3.70 v OUT[6] (out)
                                  3.70   data arrival time

                  0.00   10.00   10.00   clock __VIRTUAL_CLK__ (rise edge)
                          0.00   10.00   clock network delay (ideal)
                         -0.25    9.75   clock uncertainty
                          0.00    9.75   clock reconvergence pessimism
                         -2.00    7.75   output external delay
                                  7.75   data required time
-----------------------------------------------------------------------------
                                  7.75   data required time
                                 -3.70   data arrival time
-----------------------------------------------------------------------------
                                  4.05   slack (MET)


Startpoint: B[0] (input port clocked by __VIRTUAL_CLK__)
Endpoint: OUT[7] (output port clocked by __VIRTUAL_CLK__)
Path Group: __VIRTUAL_CLK__
Path Type: max
Corner: Fastest

Fanout     Cap    Slew   Delay    Time   Description
-----------------------------------------------------------------------------
                  0.00    0.00    0.00   clock __VIRTUAL_CLK__ (rise edge)
                          0.00    0.00   clock network delay (ideal)
                          2.00    2.00 v input external delay
     1    0.00    0.00    0.00    2.00 v B[0] (in)
                                         B[0] (net)
                  0.00    0.00    2.00 v input7/A (sky130_fd_sc_hd__buf_2)
    13    0.04    0.08    0.12    2.12 v input7/X (sky130_fd_sc_hd__buf_2)
                                         net7 (net)
                  0.08    0.00    2.12 v _224_/A (sky130_fd_sc_hd__or2_1)
     4    0.01    0.06    0.19    2.31 v _224_/X (sky130_fd_sc_hd__or2_1)
                                         _152_ (net)
                  0.06    0.00    2.31 v _230_/C (sky130_fd_sc_hd__and3_1)
     2    0.00    0.03    0.14    2.45 v _230_/X (sky130_fd_sc_hd__and3_1)
                                         _158_ (net)
                  0.03    0.00    2.45 v _231_/A2 (sky130_fd_sc_hd__o21ai_1)
     4    0.01    0.18    0.16    2.61 ^ _231_/Y (sky130_fd_sc_hd__o21ai_1)
                                         _159_ (net)
                  0.18    0.00    2.61 ^ _239_/A (sky130_fd_sc_hd__and2_1)
     2    0.01    0.07    0.12    2.74 ^ _239_/X (sky130_fd_sc_hd__and2_1)
                                         _002_ (net)
                  0.07    0.00    2.74 ^ _240_/B1 (sky130_fd_sc_hd__o21ai_2)
     4    0.01    0.05    0.04    2.78 v _240_/Y (sky130_fd_sc_hd__o21ai_2)
                                         _003_ (net)
                  0.05    0.00    2.78 v _247_/A2 (sky130_fd_sc_hd__a311o_2)
     5    0.02    0.07    0.28    3.06 v _247_/X (sky130_fd_sc_hd__a311o_2)
                                         _010_ (net)
                  0.07    0.00    3.06 v _266_/A3 (sky130_fd_sc_hd__a311oi_2)
     3    0.01    0.18    0.23    3.29 ^ _266_/Y (sky130_fd_sc_hd__a311oi_2)
                                         _028_ (net)
                  0.18    0.00    3.30 ^ _286_/B (sky130_fd_sc_hd__or3_1)
     1    0.00    0.03    0.09    3.38 ^ _286_/X (sky130_fd_sc_hd__or3_1)
                                         _047_ (net)
                  0.03    0.00    3.39 ^ _292_/A3 (sky130_fd_sc_hd__a31o_1)
     1    0.01    0.11    0.14    3.53 ^ _292_/X (sky130_fd_sc_hd__a31o_1)
                                         net24 (net)
                  0.11    0.00    3.53 ^ output24/A (sky130_fd_sc_hd__buf_2)
     1    0.03    0.13    0.16    3.69 ^ output24/X (sky130_fd_sc_hd__buf_2)
                                         OUT[7] (net)
                  0.13    0.00    3.70 ^ OUT[7] (out)
                                  3.70   data arrival time

                  0.00   10.00   10.00   clock __VIRTUAL_CLK__ (rise edge)
                          0.00   10.00   clock network delay (ideal)
                         -0.25    9.75   clock uncertainty
                          0.00    9.75   clock reconvergence pessimism
                         -2.00    7.75   output external delay
                                  7.75   data required time
-----------------------------------------------------------------------------
                                  7.75   data required time
                                 -3.70   data arrival time
-----------------------------------------------------------------------------
                                  4.05   slack (MET)


Startpoint: A[3] (input port clocked by __VIRTUAL_CLK__)
Endpoint: OUT[4] (output port clocked by __VIRTUAL_CLK__)
Path Group: __VIRTUAL_CLK__
Path Type: max
Corner: Fastest

Fanout     Cap    Slew   Delay    Time   Description
-----------------------------------------------------------------------------
                  0.00    0.00    0.00   clock __VIRTUAL_CLK__ (rise edge)
                          0.00    0.00   clock network delay (ideal)
                          2.00    2.00 v input external delay
     1    0.00    0.01    0.00    2.00 v A[3] (in)
                                         A[3] (net)
                  0.01    0.00    2.00 v _172_/A (sky130_fd_sc_hd__clkbuf_4)
    13    0.05    0.07    0.13    2.13 v _172_/X (sky130_fd_sc_hd__clkbuf_4)
                                         _100_ (net)
                  0.07    0.01    2.14 v _178_/D (sky130_fd_sc_hd__and4_1)
     3    0.01    0.04    0.17    2.31 v _178_/X (sky130_fd_sc_hd__and4_1)
                                         _106_ (net)
                  0.04    0.00    2.31 v _182_/A (sky130_fd_sc_hd__or3_1)
     2    0.00    0.05    0.23    2.54 v _182_/X (sky130_fd_sc_hd__or3_1)
                                         _110_ (net)
                  0.05    0.00    2.54 v _187_/A1 (sky130_fd_sc_hd__a21o_1)
     2    0.01    0.03    0.12    2.65 v _187_/X (sky130_fd_sc_hd__a21o_1)
                                         _115_ (net)
                  0.03    0.00    2.65 v _189_/A3 (sky130_fd_sc_hd__a31o_1)
     2    0.01    0.05    0.17    2.82 v _189_/X (sky130_fd_sc_hd__a31o_1)
                                         _117_ (net)
                  0.05    0.00    2.82 v _191_/B (sky130_fd_sc_hd__xor2_1)
     2    0.01    0.16    0.16    2.98 ^ _191_/X (sky130_fd_sc_hd__xor2_1)
                                         _119_ (net)
                  0.16    0.00    2.98 ^ _200_/A (sky130_fd_sc_hd__nand3_1)
     3    0.01    0.09    0.09    3.08 v _200_/Y (sky130_fd_sc_hd__nand3_1)
                                         _128_ (net)
                  0.09    0.00    3.08 v _335_/A1 (sky130_fd_sc_hd__a31o_1)
     1    0.00    0.03    0.13    3.21 v _335_/X (sky130_fd_sc_hd__a31o_1)
                                         _091_ (net)
                  0.03    0.00    3.21 v _336_/C (sky130_fd_sc_hd__or3_1)
     1    0.00    0.04    0.18    3.39 v _336_/X (sky130_fd_sc_hd__or3_1)
                                         _092_ (net)
                  0.04    0.00    3.39 v _337_/A (sky130_fd_sc_hd__buf_1)
     1    0.01    0.05    0.10    3.48 v _337_/X (sky130_fd_sc_hd__buf_1)
                                         net21 (net)
                  0.05    0.00    3.49 v output21/A (sky130_fd_sc_hd__buf_2)
     1    0.03    0.06    0.13    3.62 v output21/X (sky130_fd_sc_hd__buf_2)
                                         OUT[4] (net)
                  0.06    0.00    3.62 v OUT[4] (out)
                                  3.62   data arrival time

                  0.00   10.00   10.00   clock __VIRTUAL_CLK__ (rise edge)
                          0.00   10.00   clock network delay (ideal)
                         -0.25    9.75   clock uncertainty
                          0.00    9.75   clock reconvergence pessimism
                         -2.00    7.75   output external delay
                                  7.75   data required time
-----------------------------------------------------------------------------
                                  7.75   data required time
                                 -3.62   data arrival time
-----------------------------------------------------------------------------
                                  4.13   slack (MET)


Startpoint: A[3] (input port clocked by __VIRTUAL_CLK__)
Endpoint: OUT[5] (output port clocked by __VIRTUAL_CLK__)
Path Group: __VIRTUAL_CLK__
Path Type: max
Corner: Fastest

Fanout     Cap    Slew   Delay    Time   Description
-----------------------------------------------------------------------------
                  0.00    0.00    0.00   clock __VIRTUAL_CLK__ (rise edge)
                          0.00    0.00   clock network delay (ideal)
                          2.00    2.00 v input external delay
     1    0.00    0.01    0.00    2.00 v A[3] (in)
                                         A[3] (net)
                  0.01    0.00    2.00 v _172_/A (sky130_fd_sc_hd__clkbuf_4)
    13    0.05    0.07    0.13    2.13 v _172_/X (sky130_fd_sc_hd__clkbuf_4)
                                         _100_ (net)
                  0.07    0.01    2.14 v _178_/D (sky130_fd_sc_hd__and4_1)
     3    0.01    0.04    0.17    2.31 v _178_/X (sky130_fd_sc_hd__and4_1)
                                         _106_ (net)
                  0.04    0.00    2.31 v _182_/A (sky130_fd_sc_hd__or3_1)
     2    0.00    0.05    0.23    2.54 v _182_/X (sky130_fd_sc_hd__or3_1)
                                         _110_ (net)
                  0.05    0.00    2.54 v _187_/A1 (sky130_fd_sc_hd__a21o_1)
     2    0.01    0.03    0.12    2.65 v _187_/X (sky130_fd_sc_hd__a21o_1)
                                         _115_ (net)
                  0.03    0.00    2.65 v _189_/A3 (sky130_fd_sc_hd__a31o_1)
     2    0.01    0.05    0.17    2.82 v _189_/X (sky130_fd_sc_hd__a31o_1)
                                         _117_ (net)
                  0.05    0.00    2.82 v _191_/B (sky130_fd_sc_hd__xor2_1)
     2    0.01    0.16    0.16    2.98 ^ _191_/X (sky130_fd_sc_hd__xor2_1)
                                         _119_ (net)
                  0.16    0.00    2.98 ^ _200_/A (sky130_fd_sc_hd__nand3_1)
     3    0.01    0.09    0.09    3.08 v _200_/Y (sky130_fd_sc_hd__nand3_1)
                                         _128_ (net)
                  0.09    0.00    3.08 v _209_/A2 (sky130_fd_sc_hd__a21oi_1)
     1    0.00    0.09    0.13    3.21 ^ _209_/Y (sky130_fd_sc_hd__a21oi_1)
                                         _137_ (net)
                  0.09    0.00    3.21 ^ _211_/A (sky130_fd_sc_hd__nor2_1)
     1    0.00    0.03    0.04    3.25 v _211_/Y (sky130_fd_sc_hd__nor2_1)
                                         _139_ (net)
                  0.03    0.00    3.25 v _257_/A2 (sky130_fd_sc_hd__a211o_1)
     1    0.01    0.06    0.22    3.47 v _257_/X (sky130_fd_sc_hd__a211o_1)
                                         net22 (net)
                  0.06    0.00    3.47 v output22/A (sky130_fd_sc_hd__buf_2)
     1    0.03    0.06    0.13    3.61 v output22/X (sky130_fd_sc_hd__buf_2)
                                         OUT[5] (net)
                  0.06    0.00    3.61 v OUT[5] (out)
                                  3.61   data arrival time

                  0.00   10.00   10.00   clock __VIRTUAL_CLK__ (rise edge)
                          0.00   10.00   clock network delay (ideal)
                         -0.25    9.75   clock uncertainty
                          0.00    9.75   clock reconvergence pessimism
                         -2.00    7.75   output external delay
                                  7.75   data required time
-----------------------------------------------------------------------------
                                  7.75   data required time
                                 -3.61   data arrival time
-----------------------------------------------------------------------------
                                  4.14   slack (MET)


Startpoint: OPCODE[0] (input port clocked by __VIRTUAL_CLK__)
Endpoint: OUT[3] (output port clocked by __VIRTUAL_CLK__)
Path Group: __VIRTUAL_CLK__
Path Type: max
Corner: Fastest

Fanout     Cap    Slew   Delay    Time   Description
-----------------------------------------------------------------------------
                  0.00    0.00    0.00   clock __VIRTUAL_CLK__ (rise edge)
                          0.00    0.00   clock network delay (ideal)
                          2.00    2.00 v input external delay
     1    0.00    0.00    0.00    2.00 v OPCODE[0] (in)
                                         OPCODE[0] (net)
                  0.00    0.00    2.00 v input14/A (sky130_fd_sc_hd__buf_1)
     5    0.01    0.06    0.08    2.09 v input14/X (sky130_fd_sc_hd__buf_1)
                                         net14 (net)
                  0.06    0.00    2.09 v _225_/A_N (sky130_fd_sc_hd__nand3b_4)
     9    0.03    0.07    0.14    2.23 v _225_/Y (sky130_fd_sc_hd__nand3b_4)
                                         _153_ (net)
                  0.07    0.00    2.23 v _232_/C (sky130_fd_sc_hd__and3_1)
     2    0.00    0.03    0.14    2.38 v _232_/X (sky130_fd_sc_hd__and3_1)
                                         _160_ (net)
                  0.03    0.00    2.38 v _235_/B (sky130_fd_sc_hd__or3_1)
     2    0.01    0.05    0.22    2.59 v _235_/X (sky130_fd_sc_hd__or3_1)
                                         _163_ (net)
                  0.05    0.00    2.59 v _237_/B (sky130_fd_sc_hd__and3b_1)
     3    0.01    0.05    0.13    2.73 v _237_/X (sky130_fd_sc_hd__and3b_1)
                                         _000_ (net)
                  0.05    0.00    2.73 v _240_/A2 (sky130_fd_sc_hd__o21ai_2)
     4    0.01    0.13    0.13    2.86 ^ _240_/Y (sky130_fd_sc_hd__o21ai_2)
                                         _003_ (net)
                  0.13    0.00    2.86 ^ _318_/B (sky130_fd_sc_hd__nand2_1)
     1    0.01    0.05    0.05    2.91 v _318_/Y (sky130_fd_sc_hd__nand2_1)
                                         _075_ (net)
                  0.05    0.00    2.91 v _319_/B (sky130_fd_sc_hd__xnor2_1)
     1    0.00    0.03    0.09    3.00 v _319_/Y (sky130_fd_sc_hd__xnor2_1)
                                         _076_ (net)
                  0.03    0.00    3.00 v _325_/A2 (sky130_fd_sc_hd__a221o_1)
     1    0.01    0.07    0.23    3.23 v _325_/X (sky130_fd_sc_hd__a221o_1)
                                         net20 (net)
                  0.07    0.00    3.23 v output20/A (sky130_fd_sc_hd__buf_2)
     1    0.03    0.06    0.14    3.37 v output20/X (sky130_fd_sc_hd__buf_2)
                                         OUT[3] (net)
                  0.06    0.00    3.37 v OUT[3] (out)
                                  3.37   data arrival time

                  0.00   10.00   10.00   clock __VIRTUAL_CLK__ (rise edge)
                          0.00   10.00   clock network delay (ideal)
                         -0.25    9.75   clock uncertainty
                          0.00    9.75   clock reconvergence pessimism
                         -2.00    7.75   output external delay
                                  7.75   data required time
-----------------------------------------------------------------------------
                                  7.75   data required time
                                 -3.37   data arrival time
-----------------------------------------------------------------------------
                                  4.38   slack (MET)


Startpoint: OPCODE[0] (input port clocked by __VIRTUAL_CLK__)
Endpoint: OUT[1] (output port clocked by __VIRTUAL_CLK__)
Path Group: __VIRTUAL_CLK__
Path Type: max
Corner: Fastest

Fanout     Cap    Slew   Delay    Time   Description
-----------------------------------------------------------------------------
                  0.00    0.00    0.00   clock __VIRTUAL_CLK__ (rise edge)
                          0.00    0.00   clock network delay (ideal)
                          2.00    2.00 v input external delay
     1    0.00    0.00    0.00    2.00 v OPCODE[0] (in)
                                         OPCODE[0] (net)
                  0.00    0.00    2.00 v input14/A (sky130_fd_sc_hd__buf_1)
     5    0.01    0.06    0.08    2.09 v input14/X (sky130_fd_sc_hd__buf_1)
                                         net14 (net)
                  0.06    0.00    2.09 v _225_/A_N (sky130_fd_sc_hd__nand3b_4)
     9    0.03    0.07    0.14    2.23 v _225_/Y (sky130_fd_sc_hd__nand3b_4)
                                         _153_ (net)
                  0.07    0.00    2.23 v _232_/C (sky130_fd_sc_hd__and3_1)
     2    0.00    0.03    0.14    2.38 v _232_/X (sky130_fd_sc_hd__and3_1)
                                         _160_ (net)
                  0.03    0.00    2.38 v _235_/B (sky130_fd_sc_hd__or3_1)
     2    0.01    0.05    0.22    2.59 v _235_/X (sky130_fd_sc_hd__or3_1)
                                         _163_ (net)
                  0.05    0.00    2.59 v _304_/B (sky130_fd_sc_hd__and2b_1)
     1    0.00    0.02    0.11    2.70 v _304_/X (sky130_fd_sc_hd__and2b_1)
                                         _063_ (net)
                  0.02    0.00    2.70 v _305_/A (sky130_fd_sc_hd__nor2_1)
     1    0.00    0.05    0.06    2.76 ^ _305_/Y (sky130_fd_sc_hd__nor2_1)
                                         _064_ (net)
                  0.05    0.00    2.76 ^ _306_/B (sky130_fd_sc_hd__or3b_1)
     1    0.00    0.03    0.07    2.83 ^ _306_/X (sky130_fd_sc_hd__or3b_1)
                                         _065_ (net)
                  0.03    0.00    2.83 ^ _307_/D_N (sky130_fd_sc_hd__or4b_1)
     1    0.01    0.10    0.31    3.14 v _307_/X (sky130_fd_sc_hd__or4b_1)
                                         _066_ (net)
                  0.10    0.00    3.14 v _308_/A (sky130_fd_sc_hd__clkbuf_1)
     1    0.00    0.02    0.08    3.22 v _308_/X (sky130_fd_sc_hd__clkbuf_1)
                                         net18 (net)
                  0.02    0.00    3.22 v output18/A (sky130_fd_sc_hd__buf_2)
     1    0.03    0.06    0.12    3.34 v output18/X (sky130_fd_sc_hd__buf_2)
                                         OUT[1] (net)
                  0.06    0.00    3.34 v OUT[1] (out)
                                  3.34   data arrival time

                  0.00   10.00   10.00   clock __VIRTUAL_CLK__ (rise edge)
                          0.00   10.00   clock network delay (ideal)
                         -0.25    9.75   clock uncertainty
                          0.00    9.75   clock reconvergence pessimism
                         -2.00    7.75   output external delay
                                  7.75   data required time
-----------------------------------------------------------------------------
                                  7.75   data required time
                                 -3.34   data arrival time
-----------------------------------------------------------------------------
                                  4.41   slack (MET)


Startpoint: B[0] (input port clocked by __VIRTUAL_CLK__)
Endpoint: OUT[2] (output port clocked by __VIRTUAL_CLK__)
Path Group: __VIRTUAL_CLK__
Path Type: max
Corner: Fastest

Fanout     Cap    Slew   Delay    Time   Description
-----------------------------------------------------------------------------
                  0.00    0.00    0.00   clock __VIRTUAL_CLK__ (rise edge)
                          0.00    0.00   clock network delay (ideal)
                          2.00    2.00 v input external delay
     1    0.00    0.00    0.00    2.00 v B[0] (in)
                                         B[0] (net)
                  0.00    0.00    2.00 v input7/A (sky130_fd_sc_hd__buf_2)
    13    0.04    0.08    0.12    2.12 v input7/X (sky130_fd_sc_hd__buf_2)
                                         net7 (net)
                  0.08    0.00    2.12 v _224_/A (sky130_fd_sc_hd__or2_1)
     4    0.01    0.06    0.19    2.31 v _224_/X (sky130_fd_sc_hd__or2_1)
                                         _152_ (net)
                  0.06    0.00    2.31 v _230_/C (sky130_fd_sc_hd__and3_1)
     2    0.00    0.03    0.14    2.45 v _230_/X (sky130_fd_sc_hd__and3_1)
                                         _158_ (net)
                  0.03    0.00    2.45 v _238_/C (sky130_fd_sc_hd__or3_1)
     1    0.00    0.04    0.17    2.62 v _238_/X (sky130_fd_sc_hd__or3_1)
                                         _001_ (net)
                  0.04    0.00    2.62 v _239_/B (sky130_fd_sc_hd__and2_1)
     2    0.01    0.04    0.12    2.74 v _239_/X (sky130_fd_sc_hd__and2_1)
                                         _002_ (net)
                  0.04    0.00    2.74 v _309_/A (sky130_fd_sc_hd__or3_1)
     1    0.00    0.04    0.22    2.96 v _309_/X (sky130_fd_sc_hd__or3_1)
                                         _067_ (net)
                  0.04    0.00    2.96 v _316_/A3 (sky130_fd_sc_hd__a31o_1)
     1    0.01    0.06    0.18    3.15 v _316_/X (sky130_fd_sc_hd__a31o_1)
                                         net19 (net)
                  0.06    0.00    3.15 v output19/A (sky130_fd_sc_hd__buf_2)
     1    0.03    0.06    0.14    3.29 v output19/X (sky130_fd_sc_hd__buf_2)
                                         OUT[2] (net)
                  0.06    0.00    3.29 v OUT[2] (out)
                                  3.29   data arrival time

                  0.00   10.00   10.00   clock __VIRTUAL_CLK__ (rise edge)
                          0.00   10.00   clock network delay (ideal)
                         -0.25    9.75   clock uncertainty
                          0.00    9.75   clock reconvergence pessimism
                         -2.00    7.75   output external delay
                                  7.75   data required time
-----------------------------------------------------------------------------
                                  7.75   data required time
                                 -3.29   data arrival time
-----------------------------------------------------------------------------
                                  4.46   slack (MET)


Startpoint: OPCODE[1] (input port clocked by __VIRTUAL_CLK__)
Endpoint: OUT[0] (output port clocked by __VIRTUAL_CLK__)
Path Group: __VIRTUAL_CLK__
Path Type: max
Corner: Fastest

Fanout     Cap    Slew   Delay    Time   Description
-----------------------------------------------------------------------------
                  0.00    0.00    0.00   clock __VIRTUAL_CLK__ (rise edge)
                          0.00    0.00   clock network delay (ideal)
                          2.00    2.00 v input external delay
     1    0.00    0.00    0.00    2.00 v OPCODE[1] (in)
                                         OPCODE[1] (net)
                  0.00    0.00    2.00 v input15/A (sky130_fd_sc_hd__clkbuf_2)
     6    0.02    0.07    0.10    2.10 v input15/X (sky130_fd_sc_hd__clkbuf_2)
                                         net15 (net)
                  0.07    0.00    2.11 v _166_/B (sky130_fd_sc_hd__or2_1)
     4    0.01    0.06    0.17    2.28 v _166_/X (sky130_fd_sc_hd__or2_1)
                                         _094_ (net)
                  0.06    0.00    2.28 v _214_/B (sky130_fd_sc_hd__or2_1)
     1    0.00    0.03    0.13    2.41 v _214_/X (sky130_fd_sc_hd__or2_1)
                                         _142_ (net)
                  0.03    0.00    2.41 v _215_/A (sky130_fd_sc_hd__buf_2)
     8    0.03    0.06    0.12    2.54 v _215_/X (sky130_fd_sc_hd__buf_2)
                                         _143_ (net)
                  0.06    0.00    2.54 v _296_/A2 (sky130_fd_sc_hd__o21ai_1)
     1    0.00    0.08    0.10    2.64 ^ _296_/Y (sky130_fd_sc_hd__o21ai_1)
                                         _056_ (net)
                  0.08    0.00    2.64 ^ _297_/B1 (sky130_fd_sc_hd__a31o_1)
     1    0.01    0.09    0.11    2.74 ^ _297_/X (sky130_fd_sc_hd__a31o_1)
                                         net17 (net)
                  0.09    0.00    2.75 ^ output17/A (sky130_fd_sc_hd__buf_2)
     1    0.03    0.13    0.16    2.91 ^ output17/X (sky130_fd_sc_hd__buf_2)
                                         OUT[0] (net)
                  0.13    0.00    2.91 ^ OUT[0] (out)
                                  2.91   data arrival time

                  0.00   10.00   10.00   clock __VIRTUAL_CLK__ (rise edge)
                          0.00   10.00   clock network delay (ideal)
                         -0.25    9.75   clock uncertainty
                          0.00    9.75   clock reconvergence pessimism
                         -2.00    7.75   output external delay
                                  7.75   data required time
-----------------------------------------------------------------------------
                                  7.75   data required time
                                 -2.91   data arrival time
-----------------------------------------------------------------------------
                                  4.84   slack (MET)



worst slack corner Fastest: 4.0514
======================= Slowest Corner ===================================

Startpoint: OPCODE[0] (input port clocked by __VIRTUAL_CLK__)
Endpoint: OUT[7] (output port clocked by __VIRTUAL_CLK__)
Path Group: __VIRTUAL_CLK__
Path Type: max
Corner: Slowest

Fanout     Cap    Slew   Delay    Time   Description
-----------------------------------------------------------------------------
                  0.00    0.00    0.00   clock __VIRTUAL_CLK__ (rise edge)
                          0.00    0.00   clock network delay (ideal)
                          2.00    2.00 v input external delay
     1    0.00    0.02    0.01    2.01 v OPCODE[0] (in)
                                         OPCODE[0] (net)
                  0.02    0.00    2.01 v input14/A (sky130_fd_sc_hd__buf_1)
     5    0.01    0.16    0.24    2.25 v input14/X (sky130_fd_sc_hd__buf_1)
                                         net14 (net)
                  0.16    0.00    2.25 v _225_/A_N (sky130_fd_sc_hd__nand3b_4)
     9    0.03    0.22    0.44    2.69 v _225_/Y (sky130_fd_sc_hd__nand3b_4)
                                         _153_ (net)
                  0.22    0.00    2.69 v _232_/C (sky130_fd_sc_hd__and3_1)
     2    0.00    0.09    0.48    3.16 v _232_/X (sky130_fd_sc_hd__and3_1)
                                         _160_ (net)
                  0.09    0.00    3.16 v _235_/B (sky130_fd_sc_hd__or3_1)
     2    0.00    0.16    0.87    4.04 v _235_/X (sky130_fd_sc_hd__or3_1)
                                         _163_ (net)
                  0.16    0.00    4.04 v _237_/B (sky130_fd_sc_hd__and3b_1)
     3    0.01    0.12    0.44    4.48 v _237_/X (sky130_fd_sc_hd__and3b_1)
                                         _000_ (net)
                  0.12    0.00    4.48 v _240_/A2 (sky130_fd_sc_hd__o21ai_2)
     4    0.01    0.30    0.33    4.81 ^ _240_/Y (sky130_fd_sc_hd__o21ai_2)
                                         _003_ (net)
                  0.30    0.00    4.81 ^ _247_/A2 (sky130_fd_sc_hd__a311o_2)
     5    0.02    0.21    0.60    5.41 ^ _247_/X (sky130_fd_sc_hd__a311o_2)
                                         _010_ (net)
                  0.21    0.00    5.42 ^ _266_/A3 (sky130_fd_sc_hd__a311oi_2)
     3    0.01    0.20    0.30    5.72 v _266_/Y (sky130_fd_sc_hd__a311oi_2)
                                         _028_ (net)
                  0.20    0.00    5.72 v _286_/B (sky130_fd_sc_hd__or3_1)
     1    0.00    0.13    0.88    6.59 v _286_/X (sky130_fd_sc_hd__or3_1)
                                         _047_ (net)
                  0.13    0.00    6.60 v _292_/A3 (sky130_fd_sc_hd__a31o_1)
     1    0.01    0.16    0.54    7.13 v _292_/X (sky130_fd_sc_hd__a31o_1)
                                         net24 (net)
                  0.16    0.00    7.13 v output24/A (sky130_fd_sc_hd__buf_2)
     1    0.03    0.17    0.41    7.54 v output24/X (sky130_fd_sc_hd__buf_2)
                                         OUT[7] (net)
                  0.17    0.00    7.54 v OUT[7] (out)
                                  7.54   data arrival time

                  0.00   10.00   10.00   clock __VIRTUAL_CLK__ (rise edge)
                          0.00   10.00   clock network delay (ideal)
                         -0.25    9.75   clock uncertainty
                          0.00    9.75   clock reconvergence pessimism
                         -2.00    7.75   output external delay
                                  7.75   data required time
-----------------------------------------------------------------------------
                                  7.75   data required time
                                 -7.54   data arrival time
-----------------------------------------------------------------------------
                                  0.21   slack (MET)


Startpoint: B[0] (input port clocked by __VIRTUAL_CLK__)
Endpoint: OUT[6] (output port clocked by __VIRTUAL_CLK__)
Path Group: __VIRTUAL_CLK__
Path Type: max
Corner: Slowest

Fanout     Cap    Slew   Delay    Time   Description
-----------------------------------------------------------------------------
                  0.00    0.00    0.00   clock __VIRTUAL_CLK__ (rise edge)
                          0.00    0.00   clock network delay (ideal)
                          2.00    2.00 v input external delay
     1    0.00    0.02    0.01    2.01 v B[0] (in)
                                         B[0] (net)
                  0.02    0.00    2.01 v input7/A (sky130_fd_sc_hd__buf_2)
    13    0.04    0.20    0.36    2.37 v input7/X (sky130_fd_sc_hd__buf_2)
                                         net7 (net)
                  0.20    0.00    2.37 v _224_/A (sky130_fd_sc_hd__or2_1)
     4    0.01    0.18    0.68    3.05 v _224_/X (sky130_fd_sc_hd__or2_1)
                                         _152_ (net)
                  0.18    0.00    3.05 v _226_/A3 (sky130_fd_sc_hd__o31a_1)
     3    0.01    0.15    0.60    3.65 v _226_/X (sky130_fd_sc_hd__o31a_1)
                                         _154_ (net)
                  0.15    0.00    3.65 v _258_/A3 (sky130_fd_sc_hd__o31a_1)
     2    0.01    0.13    0.57    4.22 v _258_/X (sky130_fd_sc_hd__o31a_1)
                                         _020_ (net)
                  0.13    0.00    4.22 v _259_/B (sky130_fd_sc_hd__xnor2_1)
     2    0.01    0.15    0.29    4.50 v _259_/Y (sky130_fd_sc_hd__xnor2_1)
                                         _021_ (net)
                  0.15    0.00    4.50 v _260_/B (sky130_fd_sc_hd__and2_1)
     3    0.01    0.11    0.41    4.92 v _260_/X (sky130_fd_sc_hd__and2_1)
                                         _022_ (net)
                  0.11    0.00    4.92 v _262_/A (sky130_fd_sc_hd__or2_1)
     2    0.01    0.14    0.59    5.51 v _262_/X (sky130_fd_sc_hd__or2_1)
                                         _024_ (net)
                  0.14    0.00    5.51 v _266_/B1 (sky130_fd_sc_hd__a311oi_2)
     3    0.01    0.39    0.51    6.02 ^ _266_/Y (sky130_fd_sc_hd__a311oi_2)
                                         _028_ (net)
                  0.39    0.00    6.02 ^ _267_/A_N (sky130_fd_sc_hd__and2b_1)
     1    0.00    0.07    0.49    6.51 v _267_/X (sky130_fd_sc_hd__and2b_1)
                                         _029_ (net)
                  0.07    0.00    6.51 v _281_/A2 (sky130_fd_sc_hd__a21o_1)
     1    0.01    0.13    0.41    6.92 v _281_/X (sky130_fd_sc_hd__a21o_1)
                                         net23 (net)
                  0.13    0.00    6.92 v output23/A (sky130_fd_sc_hd__buf_2)
     1    0.03    0.17    0.39    7.31 v output23/X (sky130_fd_sc_hd__buf_2)
                                         OUT[6] (net)
                  0.17    0.00    7.32 v OUT[6] (out)
                                  7.32   data arrival time

                  0.00   10.00   10.00   clock __VIRTUAL_CLK__ (rise edge)
                          0.00   10.00   clock network delay (ideal)
                         -0.25    9.75   clock uncertainty
                          0.00    9.75   clock reconvergence pessimism
                         -2.00    7.75   output external delay
                                  7.75   data required time
-----------------------------------------------------------------------------
                                  7.75   data required time
                                 -7.32   data arrival time
-----------------------------------------------------------------------------
                                  0.43   slack (MET)


Startpoint: A[3] (input port clocked by __VIRTUAL_CLK__)
Endpoint: OUT[4] (output port clocked by __VIRTUAL_CLK__)
Path Group: __VIRTUAL_CLK__
Path Type: max
Corner: Slowest

Fanout     Cap    Slew   Delay    Time   Description
-----------------------------------------------------------------------------
                  0.00    0.00    0.00   clock __VIRTUAL_CLK__ (rise edge)
                          0.00    0.00   clock network delay (ideal)
                          2.00    2.00 v input external delay
     1    0.00    0.02    0.02    2.02 v A[3] (in)
                                         A[3] (net)
                  0.02    0.00    2.02 v _172_/A (sky130_fd_sc_hd__clkbuf_4)
    13    0.05    0.18    0.35    2.36 v _172_/X (sky130_fd_sc_hd__clkbuf_4)
                                         _100_ (net)
                  0.18    0.01    2.37 v _178_/D (sky130_fd_sc_hd__and4_1)
     3    0.01    0.11    0.52    2.89 v _178_/X (sky130_fd_sc_hd__and4_1)
                                         _106_ (net)
                  0.11    0.00    2.89 v _182_/A (sky130_fd_sc_hd__or3_1)
     2    0.00    0.15    0.93    3.82 v _182_/X (sky130_fd_sc_hd__or3_1)
                                         _110_ (net)
                  0.15    0.00    3.82 v _187_/A1 (sky130_fd_sc_hd__a21o_1)
     2    0.01    0.08    0.36    4.18 v _187_/X (sky130_fd_sc_hd__a21o_1)
                                         _115_ (net)
                  0.08    0.00    4.18 v _189_/A3 (sky130_fd_sc_hd__a31o_1)
     2    0.01    0.12    0.47    4.65 v _189_/X (sky130_fd_sc_hd__a31o_1)
                                         _117_ (net)
                  0.12    0.00    4.65 v _191_/B (sky130_fd_sc_hd__xor2_1)
     2    0.01    0.36    0.39    5.04 ^ _191_/X (sky130_fd_sc_hd__xor2_1)
                                         _119_ (net)
                  0.36    0.00    5.04 ^ _200_/A (sky130_fd_sc_hd__nand3_1)
     3    0.01    0.30    0.40    5.45 v _200_/Y (sky130_fd_sc_hd__nand3_1)
                                         _128_ (net)
                  0.30    0.00    5.45 v _335_/A1 (sky130_fd_sc_hd__a31o_1)
     1    0.00    0.06    0.43    5.88 v _335_/X (sky130_fd_sc_hd__a31o_1)
                                         _091_ (net)
                  0.06    0.00    5.88 v _336_/C (sky130_fd_sc_hd__or3_1)
     1    0.00    0.14    0.75    6.63 v _336_/X (sky130_fd_sc_hd__or3_1)
                                         _092_ (net)
                  0.14    0.00    6.63 v _337_/A (sky130_fd_sc_hd__buf_1)
     1    0.01    0.15    0.28    6.91 v _337_/X (sky130_fd_sc_hd__buf_1)
                                         net21 (net)
                  0.15    0.00    6.91 v output21/A (sky130_fd_sc_hd__buf_2)
     1    0.03    0.17    0.40    7.31 v output21/X (sky130_fd_sc_hd__buf_2)
                                         OUT[4] (net)
                  0.17    0.00    7.32 v OUT[4] (out)
                                  7.32   data arrival time

                  0.00   10.00   10.00   clock __VIRTUAL_CLK__ (rise edge)
                          0.00   10.00   clock network delay (ideal)
                         -0.25    9.75   clock uncertainty
                          0.00    9.75   clock reconvergence pessimism
                         -2.00    7.75   output external delay
                                  7.75   data required time
-----------------------------------------------------------------------------
                                  7.75   data required time
                                 -7.32   data arrival time
-----------------------------------------------------------------------------
                                  0.43   slack (MET)


Startpoint: A[3] (input port clocked by __VIRTUAL_CLK__)
Endpoint: OUT[5] (output port clocked by __VIRTUAL_CLK__)
Path Group: __VIRTUAL_CLK__
Path Type: max
Corner: Slowest

Fanout     Cap    Slew   Delay    Time   Description
-----------------------------------------------------------------------------
                  0.00    0.00    0.00   clock __VIRTUAL_CLK__ (rise edge)
                          0.00    0.00   clock network delay (ideal)
                          2.00    2.00 v input external delay
     1    0.00    0.02    0.02    2.02 v A[3] (in)
                                         A[3] (net)
                  0.02    0.00    2.02 v _172_/A (sky130_fd_sc_hd__clkbuf_4)
    13    0.05    0.18    0.35    2.36 v _172_/X (sky130_fd_sc_hd__clkbuf_4)
                                         _100_ (net)
                  0.18    0.01    2.37 v _178_/D (sky130_fd_sc_hd__and4_1)
     3    0.01    0.11    0.52    2.89 v _178_/X (sky130_fd_sc_hd__and4_1)
                                         _106_ (net)
                  0.11    0.00    2.89 v _182_/A (sky130_fd_sc_hd__or3_1)
     2    0.00    0.15    0.93    3.82 v _182_/X (sky130_fd_sc_hd__or3_1)
                                         _110_ (net)
                  0.15    0.00    3.82 v _187_/A1 (sky130_fd_sc_hd__a21o_1)
     2    0.01    0.08    0.36    4.18 v _187_/X (sky130_fd_sc_hd__a21o_1)
                                         _115_ (net)
                  0.08    0.00    4.18 v _189_/A3 (sky130_fd_sc_hd__a31o_1)
     2    0.01    0.12    0.47    4.65 v _189_/X (sky130_fd_sc_hd__a31o_1)
                                         _117_ (net)
                  0.12    0.00    4.65 v _191_/B (sky130_fd_sc_hd__xor2_1)
     2    0.01    0.36    0.39    5.04 ^ _191_/X (sky130_fd_sc_hd__xor2_1)
                                         _119_ (net)
                  0.36    0.00    5.04 ^ _200_/A (sky130_fd_sc_hd__nand3_1)
     3    0.01    0.30    0.40    5.45 v _200_/Y (sky130_fd_sc_hd__nand3_1)
                                         _128_ (net)
                  0.30    0.00    5.45 v _209_/A2 (sky130_fd_sc_hd__a21oi_1)
     1    0.00    0.21    0.37    5.82 ^ _209_/Y (sky130_fd_sc_hd__a21oi_1)
                                         _137_ (net)
                  0.21    0.00    5.82 ^ _211_/A (sky130_fd_sc_hd__nor2_1)
     1    0.00    0.07    0.15    5.97 v _211_/Y (sky130_fd_sc_hd__nor2_1)
                                         _139_ (net)
                  0.07    0.00    5.97 v _257_/A2 (sky130_fd_sc_hd__a211o_1)
     1    0.01    0.16    0.65    6.62 v _257_/X (sky130_fd_sc_hd__a211o_1)
                                         net22 (net)
                  0.16    0.00    6.62 v output22/A (sky130_fd_sc_hd__buf_2)
     1    0.03    0.17    0.41    7.03 v output22/X (sky130_fd_sc_hd__buf_2)
                                         OUT[5] (net)
                  0.17    0.00    7.03 v OUT[5] (out)
                                  7.03   data arrival time

                  0.00   10.00   10.00   clock __VIRTUAL_CLK__ (rise edge)
                          0.00   10.00   clock network delay (ideal)
                         -0.25    9.75   clock uncertainty
                          0.00    9.75   clock reconvergence pessimism
                         -2.00    7.75   output external delay
                                  7.75   data required time
-----------------------------------------------------------------------------
                                  7.75   data required time
                                 -7.03   data arrival time
-----------------------------------------------------------------------------
                                  0.72   slack (MET)


Startpoint: OPCODE[0] (input port clocked by __VIRTUAL_CLK__)
Endpoint: OUT[1] (output port clocked by __VIRTUAL_CLK__)
Path Group: __VIRTUAL_CLK__
Path Type: max
Corner: Slowest

Fanout     Cap    Slew   Delay    Time   Description
-----------------------------------------------------------------------------
                  0.00    0.00    0.00   clock __VIRTUAL_CLK__ (rise edge)
                          0.00    0.00   clock network delay (ideal)
                          2.00    2.00 v input external delay
     1    0.00    0.02    0.01    2.01 v OPCODE[0] (in)
                                         OPCODE[0] (net)
                  0.02    0.00    2.01 v input14/A (sky130_fd_sc_hd__buf_1)
     5    0.01    0.16    0.24    2.25 v input14/X (sky130_fd_sc_hd__buf_1)
                                         net14 (net)
                  0.16    0.00    2.25 v _225_/A_N (sky130_fd_sc_hd__nand3b_4)
     9    0.03    0.22    0.44    2.69 v _225_/Y (sky130_fd_sc_hd__nand3b_4)
                                         _153_ (net)
                  0.22    0.00    2.69 v _232_/C (sky130_fd_sc_hd__and3_1)
     2    0.00    0.09    0.48    3.16 v _232_/X (sky130_fd_sc_hd__and3_1)
                                         _160_ (net)
                  0.09    0.00    3.16 v _235_/B (sky130_fd_sc_hd__or3_1)
     2    0.00    0.16    0.87    4.04 v _235_/X (sky130_fd_sc_hd__or3_1)
                                         _163_ (net)
                  0.16    0.00    4.04 v _304_/B (sky130_fd_sc_hd__and2b_1)
     1    0.00    0.07    0.38    4.41 v _304_/X (sky130_fd_sc_hd__and2b_1)
                                         _063_ (net)
                  0.07    0.00    4.41 v _305_/A (sky130_fd_sc_hd__nor2_1)
     1    0.00    0.11    0.15    4.57 ^ _305_/Y (sky130_fd_sc_hd__nor2_1)
                                         _064_ (net)
                  0.11    0.00    4.57 ^ _306_/B (sky130_fd_sc_hd__or3b_1)
     1    0.00    0.06    0.19    4.76 ^ _306_/X (sky130_fd_sc_hd__or3b_1)
                                         _065_ (net)
                  0.06    0.00    4.76 ^ _307_/D_N (sky130_fd_sc_hd__or4b_1)
     1    0.01    0.30    1.28    6.04 v _307_/X (sky130_fd_sc_hd__or4b_1)
                                         _066_ (net)
                  0.30    0.00    6.04 v _308_/A (sky130_fd_sc_hd__clkbuf_1)
     1    0.00    0.05    0.27    6.31 v _308_/X (sky130_fd_sc_hd__clkbuf_1)
                                         net18 (net)
                  0.05    0.00    6.31 v output18/A (sky130_fd_sc_hd__buf_2)
     1    0.03    0.17    0.35    6.66 v output18/X (sky130_fd_sc_hd__buf_2)
                                         OUT[1] (net)
                  0.17    0.00    6.66 v OUT[1] (out)
                                  6.66   data arrival time

                  0.00   10.00   10.00   clock __VIRTUAL_CLK__ (rise edge)
                          0.00   10.00   clock network delay (ideal)
                         -0.25    9.75   clock uncertainty
                          0.00    9.75   clock reconvergence pessimism
                         -2.00    7.75   output external delay
                                  7.75   data required time
-----------------------------------------------------------------------------
                                  7.75   data required time
                                 -6.66   data arrival time
-----------------------------------------------------------------------------
                                  1.09   slack (MET)


Startpoint: OPCODE[0] (input port clocked by __VIRTUAL_CLK__)
Endpoint: OUT[3] (output port clocked by __VIRTUAL_CLK__)
Path Group: __VIRTUAL_CLK__
Path Type: max
Corner: Slowest

Fanout     Cap    Slew   Delay    Time   Description
-----------------------------------------------------------------------------
                  0.00    0.00    0.00   clock __VIRTUAL_CLK__ (rise edge)
                          0.00    0.00   clock network delay (ideal)
                          2.00    2.00 v input external delay
     1    0.00    0.02    0.01    2.01 v OPCODE[0] (in)
                                         OPCODE[0] (net)
                  0.02    0.00    2.01 v input14/A (sky130_fd_sc_hd__buf_1)
     5    0.01    0.16    0.24    2.25 v input14/X (sky130_fd_sc_hd__buf_1)
                                         net14 (net)
                  0.16    0.00    2.25 v _225_/A_N (sky130_fd_sc_hd__nand3b_4)
     9    0.03    0.22    0.44    2.69 v _225_/Y (sky130_fd_sc_hd__nand3b_4)
                                         _153_ (net)
                  0.22    0.00    2.69 v _232_/C (sky130_fd_sc_hd__and3_1)
     2    0.00    0.09    0.48    3.16 v _232_/X (sky130_fd_sc_hd__and3_1)
                                         _160_ (net)
                  0.09    0.00    3.16 v _235_/B (sky130_fd_sc_hd__or3_1)
     2    0.00    0.16    0.87    4.04 v _235_/X (sky130_fd_sc_hd__or3_1)
                                         _163_ (net)
                  0.16    0.00    4.04 v _237_/B (sky130_fd_sc_hd__and3b_1)
     3    0.01    0.12    0.44    4.48 v _237_/X (sky130_fd_sc_hd__and3b_1)
                                         _000_ (net)
                  0.12    0.00    4.48 v _240_/A2 (sky130_fd_sc_hd__o21ai_2)
     4    0.01    0.30    0.33    4.81 ^ _240_/Y (sky130_fd_sc_hd__o21ai_2)
                                         _003_ (net)
                  0.30    0.00    4.81 ^ _318_/B (sky130_fd_sc_hd__nand2_1)
     1    0.01    0.15    0.23    5.04 v _318_/Y (sky130_fd_sc_hd__nand2_1)
                                         _075_ (net)
                  0.15    0.00    5.04 v _319_/B (sky130_fd_sc_hd__xnor2_1)
     1    0.00    0.11    0.26    5.30 v _319_/Y (sky130_fd_sc_hd__xnor2_1)
                                         _076_ (net)
                  0.11    0.00    5.30 v _325_/A2 (sky130_fd_sc_hd__a221o_1)
     1    0.01    0.19    0.80    6.11 v _325_/X (sky130_fd_sc_hd__a221o_1)
                                         net20 (net)
                  0.19    0.00    6.11 v output20/A (sky130_fd_sc_hd__buf_2)
     1    0.03    0.17    0.42    6.53 v output20/X (sky130_fd_sc_hd__buf_2)
                                         OUT[3] (net)
                  0.17    0.00    6.53 v OUT[3] (out)
                                  6.53   data arrival time

                  0.00   10.00   10.00   clock __VIRTUAL_CLK__ (rise edge)
                          0.00   10.00   clock network delay (ideal)
                         -0.25    9.75   clock uncertainty
                          0.00    9.75   clock reconvergence pessimism
                         -2.00    7.75   output external delay
                                  7.75   data required time
-----------------------------------------------------------------------------
                                  7.75   data required time
                                 -6.53   data arrival time
-----------------------------------------------------------------------------
                                  1.22   slack (MET)


Startpoint: B[0] (input port clocked by __VIRTUAL_CLK__)
Endpoint: OUT[2] (output port clocked by __VIRTUAL_CLK__)
Path Group: __VIRTUAL_CLK__
Path Type: max
Corner: Slowest

Fanout     Cap    Slew   Delay    Time   Description
-----------------------------------------------------------------------------
                  0.00    0.00    0.00   clock __VIRTUAL_CLK__ (rise edge)
                          0.00    0.00   clock network delay (ideal)
                          2.00    2.00 v input external delay
     1    0.00    0.02    0.01    2.01 v B[0] (in)
                                         B[0] (net)
                  0.02    0.00    2.01 v input7/A (sky130_fd_sc_hd__buf_2)
    13    0.04    0.20    0.36    2.37 v input7/X (sky130_fd_sc_hd__buf_2)
                                         net7 (net)
                  0.20    0.00    2.37 v _224_/A (sky130_fd_sc_hd__or2_1)
     4    0.01    0.18    0.68    3.05 v _224_/X (sky130_fd_sc_hd__or2_1)
                                         _152_ (net)
                  0.18    0.00    3.05 v _230_/C (sky130_fd_sc_hd__and3_1)
     2    0.00    0.09    0.45    3.50 v _230_/X (sky130_fd_sc_hd__and3_1)
                                         _158_ (net)
                  0.09    0.00    3.50 v _238_/C (sky130_fd_sc_hd__or3_1)
     1    0.00    0.13    0.73    4.23 v _238_/X (sky130_fd_sc_hd__or3_1)
                                         _001_ (net)
                  0.13    0.00    4.23 v _239_/B (sky130_fd_sc_hd__and2_1)
     2    0.01    0.11    0.40    4.63 v _239_/X (sky130_fd_sc_hd__and2_1)
                                         _002_ (net)
                  0.11    0.00    4.63 v _309_/A (sky130_fd_sc_hd__or3_1)
     1    0.00    0.14    0.89    5.53 v _309_/X (sky130_fd_sc_hd__or3_1)
                                         _067_ (net)
                  0.14    0.00    5.53 v _316_/A3 (sky130_fd_sc_hd__a31o_1)
     1    0.01    0.16    0.54    6.06 v _316_/X (sky130_fd_sc_hd__a31o_1)
                                         net19 (net)
                  0.16    0.00    6.07 v output19/A (sky130_fd_sc_hd__buf_2)
     1    0.03    0.17    0.40    6.47 v output19/X (sky130_fd_sc_hd__buf_2)
                                         OUT[2] (net)
                  0.17    0.00    6.47 v OUT[2] (out)
                                  6.47   data arrival time

                  0.00   10.00   10.00   clock __VIRTUAL_CLK__ (rise edge)
                          0.00   10.00   clock network delay (ideal)
                         -0.25    9.75   clock uncertainty
                          0.00    9.75   clock reconvergence pessimism
                         -2.00    7.75   output external delay
                                  7.75   data required time
-----------------------------------------------------------------------------
                                  7.75   data required time
                                 -6.47   data arrival time
-----------------------------------------------------------------------------
                                  1.28   slack (MET)


Startpoint: OPCODE[1] (input port clocked by __VIRTUAL_CLK__)
Endpoint: OUT[0] (output port clocked by __VIRTUAL_CLK__)
Path Group: __VIRTUAL_CLK__
Path Type: max
Corner: Slowest

Fanout     Cap    Slew   Delay    Time   Description
-----------------------------------------------------------------------------
                  0.00    0.00    0.00   clock __VIRTUAL_CLK__ (rise edge)
                          0.00    0.00   clock network delay (ideal)
                          2.00    2.00 v input external delay
     1    0.00    0.02    0.01    2.01 v OPCODE[1] (in)
                                         OPCODE[1] (net)
                  0.02    0.00    2.01 v input15/A (sky130_fd_sc_hd__clkbuf_2)
     6    0.02    0.17    0.27    2.28 v input15/X (sky130_fd_sc_hd__clkbuf_2)
                                         net15 (net)
                  0.17    0.00    2.29 v _166_/B (sky130_fd_sc_hd__or2_1)
     4    0.01    0.18    0.63    2.92 v _166_/X (sky130_fd_sc_hd__or2_1)
                                         _094_ (net)
                  0.18    0.00    2.92 v _214_/B (sky130_fd_sc_hd__or2_1)
     1    0.00    0.09    0.52    3.44 v _214_/X (sky130_fd_sc_hd__or2_1)
                                         _142_ (net)
                  0.09    0.00    3.44 v _215_/A (sky130_fd_sc_hd__buf_2)
     8    0.03    0.17    0.37    3.81 v _215_/X (sky130_fd_sc_hd__buf_2)
                                         _143_ (net)
                  0.17    0.00    3.81 v _296_/A2 (sky130_fd_sc_hd__o21ai_1)
     1    0.00    0.18    0.25    4.06 ^ _296_/Y (sky130_fd_sc_hd__o21ai_1)
                                         _056_ (net)
                  0.18    0.00    4.06 ^ _297_/B1 (sky130_fd_sc_hd__a31o_1)
     1    0.01    0.21    0.33    4.39 ^ _297_/X (sky130_fd_sc_hd__a31o_1)
                                         net17 (net)
                  0.21    0.00    4.39 ^ output17/A (sky130_fd_sc_hd__buf_2)
     1    0.03    0.28    0.43    4.83 ^ output17/X (sky130_fd_sc_hd__buf_2)
                                         OUT[0] (net)
                  0.28    0.00    4.83 ^ OUT[0] (out)
                                  4.83   data arrival time

                  0.00   10.00   10.00   clock __VIRTUAL_CLK__ (rise edge)
                          0.00   10.00   clock network delay (ideal)
                         -0.25    9.75   clock uncertainty
                          0.00    9.75   clock reconvergence pessimism
                         -2.00    7.75   output external delay
                                  7.75   data required time
-----------------------------------------------------------------------------
                                  7.75   data required time
                                 -4.83   data arrival time
-----------------------------------------------------------------------------
                                  2.92   slack (MET)



worst slack corner Slowest: 0.2090
======================= Typical Corner ===================================

Startpoint: B[0] (input port clocked by __VIRTUAL_CLK__)
Endpoint: OUT[6] (output port clocked by __VIRTUAL_CLK__)
Path Group: __VIRTUAL_CLK__
Path Type: max
Corner: Typical

Fanout     Cap    Slew   Delay    Time   Description
-----------------------------------------------------------------------------
                  0.00    0.00    0.00   clock __VIRTUAL_CLK__ (rise edge)
                          0.00    0.00   clock network delay (ideal)
                          2.00    2.00 v input external delay
     1    0.00    0.01    0.00    2.00 v B[0] (in)
                                         B[0] (net)
                  0.01    0.00    2.00 v input7/A (sky130_fd_sc_hd__buf_2)
    13    0.04    0.10    0.18    2.19 v input7/X (sky130_fd_sc_hd__buf_2)
                                         net7 (net)
                  0.10    0.00    2.19 v _224_/A (sky130_fd_sc_hd__or2_1)
     4    0.01    0.09    0.31    2.50 v _224_/X (sky130_fd_sc_hd__or2_1)
                                         _152_ (net)
                  0.09    0.00    2.50 v _230_/C (sky130_fd_sc_hd__and3_1)
     2    0.00    0.04    0.21    2.71 v _230_/X (sky130_fd_sc_hd__and3_1)
                                         _158_ (net)
                  0.04    0.00    2.71 v _231_/A2 (sky130_fd_sc_hd__o21ai_1)
     4    0.01    0.24    0.23    2.94 ^ _231_/Y (sky130_fd_sc_hd__o21ai_1)
                                         _159_ (net)
                  0.24    0.00    2.94 ^ _239_/A (sky130_fd_sc_hd__and2_1)
     2    0.01    0.09    0.21    3.15 ^ _239_/X (sky130_fd_sc_hd__and2_1)
                                         _002_ (net)
                  0.09    0.00    3.15 ^ _240_/B1 (sky130_fd_sc_hd__o21ai_2)
     4    0.01    0.06    0.09    3.24 v _240_/Y (sky130_fd_sc_hd__o21ai_2)
                                         _003_ (net)
                  0.06    0.00    3.24 v _247_/A2 (sky130_fd_sc_hd__a311o_2)
     5    0.02    0.10    0.45    3.69 v _247_/X (sky130_fd_sc_hd__a311o_2)
                                         _010_ (net)
                  0.10    0.00    3.69 v _266_/A3 (sky130_fd_sc_hd__a311oi_2)
     3    0.01    0.25    0.34    4.03 ^ _266_/Y (sky130_fd_sc_hd__a311oi_2)
                                         _028_ (net)
                  0.25    0.00    4.03 ^ _267_/A_N (sky130_fd_sc_hd__and2b_1)
     1    0.00    0.04    0.23    4.25 v _267_/X (sky130_fd_sc_hd__and2b_1)
                                         _029_ (net)
                  0.04    0.00    4.25 v _281_/A2 (sky130_fd_sc_hd__a21o_1)
     1    0.01    0.07    0.22    4.47 v _281_/X (sky130_fd_sc_hd__a21o_1)
                                         net23 (net)
                  0.07    0.00    4.47 v output23/A (sky130_fd_sc_hd__buf_2)
     1    0.03    0.09    0.20    4.67 v output23/X (sky130_fd_sc_hd__buf_2)
                                         OUT[6] (net)
                  0.09    0.00    4.68 v OUT[6] (out)
                                  4.68   data arrival time

                  0.00   10.00   10.00   clock __VIRTUAL_CLK__ (rise edge)
                          0.00   10.00   clock network delay (ideal)
                         -0.25    9.75   clock uncertainty
                          0.00    9.75   clock reconvergence pessimism
                         -2.00    7.75   output external delay
                                  7.75   data required time
-----------------------------------------------------------------------------
                                  7.75   data required time
                                 -4.68   data arrival time
-----------------------------------------------------------------------------
                                  3.07   slack (MET)


Startpoint: B[0] (input port clocked by __VIRTUAL_CLK__)
Endpoint: OUT[7] (output port clocked by __VIRTUAL_CLK__)
Path Group: __VIRTUAL_CLK__
Path Type: max
Corner: Typical

Fanout     Cap    Slew   Delay    Time   Description
-----------------------------------------------------------------------------
                  0.00    0.00    0.00   clock __VIRTUAL_CLK__ (rise edge)
                          0.00    0.00   clock network delay (ideal)
                          2.00    2.00 v input external delay
     1    0.00    0.01    0.00    2.00 v B[0] (in)
                                         B[0] (net)
                  0.01    0.00    2.00 v input7/A (sky130_fd_sc_hd__buf_2)
    13    0.04    0.10    0.18    2.19 v input7/X (sky130_fd_sc_hd__buf_2)
                                         net7 (net)
                  0.10    0.00    2.19 v _224_/A (sky130_fd_sc_hd__or2_1)
     4    0.01    0.09    0.31    2.50 v _224_/X (sky130_fd_sc_hd__or2_1)
                                         _152_ (net)
                  0.09    0.00    2.50 v _230_/C (sky130_fd_sc_hd__and3_1)
     2    0.00    0.04    0.21    2.71 v _230_/X (sky130_fd_sc_hd__and3_1)
                                         _158_ (net)
                  0.04    0.00    2.71 v _231_/A2 (sky130_fd_sc_hd__o21ai_1)
     4    0.01    0.24    0.23    2.94 ^ _231_/Y (sky130_fd_sc_hd__o21ai_1)
                                         _159_ (net)
                  0.24    0.00    2.94 ^ _239_/A (sky130_fd_sc_hd__and2_1)
     2    0.01    0.09    0.21    3.15 ^ _239_/X (sky130_fd_sc_hd__and2_1)
                                         _002_ (net)
                  0.09    0.00    3.15 ^ _240_/B1 (sky130_fd_sc_hd__o21ai_2)
     4    0.01    0.06    0.09    3.24 v _240_/Y (sky130_fd_sc_hd__o21ai_2)
                                         _003_ (net)
                  0.06    0.00    3.24 v _247_/A2 (sky130_fd_sc_hd__a311o_2)
     5    0.02    0.10    0.45    3.69 v _247_/X (sky130_fd_sc_hd__a311o_2)
                                         _010_ (net)
                  0.10    0.00    3.69 v _266_/A3 (sky130_fd_sc_hd__a311oi_2)
     3    0.01    0.25    0.34    4.03 ^ _266_/Y (sky130_fd_sc_hd__a311oi_2)
                                         _028_ (net)
                  0.25    0.00    4.03 ^ _286_/B (sky130_fd_sc_hd__or3_1)
     1    0.00    0.04    0.16    4.19 ^ _286_/X (sky130_fd_sc_hd__or3_1)
                                         _047_ (net)
                  0.04    0.00    4.19 ^ _292_/A3 (sky130_fd_sc_hd__a31o_1)
     1    0.01    0.15    0.22    4.41 ^ _292_/X (sky130_fd_sc_hd__a31o_1)
                                         net24 (net)
                  0.15    0.00    4.41 ^ output24/A (sky130_fd_sc_hd__buf_2)
     1    0.03    0.17    0.25    4.66 ^ output24/X (sky130_fd_sc_hd__buf_2)
                                         OUT[7] (net)
                  0.17    0.00    4.66 ^ OUT[7] (out)
                                  4.66   data arrival time

                  0.00   10.00   10.00   clock __VIRTUAL_CLK__ (rise edge)
                          0.00   10.00   clock network delay (ideal)
                         -0.25    9.75   clock uncertainty
                          0.00    9.75   clock reconvergence pessimism
                         -2.00    7.75   output external delay
                                  7.75   data required time
-----------------------------------------------------------------------------
                                  7.75   data required time
                                 -4.66   data arrival time
-----------------------------------------------------------------------------
                                  3.09   slack (MET)


Startpoint: A[3] (input port clocked by __VIRTUAL_CLK__)
Endpoint: OUT[4] (output port clocked by __VIRTUAL_CLK__)
Path Group: __VIRTUAL_CLK__
Path Type: max
Corner: Typical

Fanout     Cap    Slew   Delay    Time   Description
-----------------------------------------------------------------------------
                  0.00    0.00    0.00   clock __VIRTUAL_CLK__ (rise edge)
                          0.00    0.00   clock network delay (ideal)
                          2.00    2.00 v input external delay
     1    0.00    0.01    0.01    2.01 v A[3] (in)
                                         A[3] (net)
                  0.01    0.00    2.01 v _172_/A (sky130_fd_sc_hd__clkbuf_4)
    13    0.05    0.10    0.19    2.20 v _172_/X (sky130_fd_sc_hd__clkbuf_4)
                                         _100_ (net)
                  0.10    0.01    2.21 v _178_/D (sky130_fd_sc_hd__and4_1)
     3    0.01    0.06    0.26    2.46 v _178_/X (sky130_fd_sc_hd__and4_1)
                                         _106_ (net)
                  0.06    0.00    2.46 v _182_/A (sky130_fd_sc_hd__or3_1)
     2    0.00    0.07    0.40    2.86 v _182_/X (sky130_fd_sc_hd__or3_1)
                                         _110_ (net)
                  0.07    0.00    2.86 v _187_/A1 (sky130_fd_sc_hd__a21o_1)
     2    0.01    0.04    0.18    3.04 v _187_/X (sky130_fd_sc_hd__a21o_1)
                                         _115_ (net)
                  0.04    0.00    3.04 v _189_/A3 (sky130_fd_sc_hd__a31o_1)
     2    0.01    0.07    0.26    3.30 v _189_/X (sky130_fd_sc_hd__a31o_1)
                                         _117_ (net)
                  0.07    0.00    3.30 v _191_/B (sky130_fd_sc_hd__xor2_1)
     2    0.01    0.22    0.23    3.53 ^ _191_/X (sky130_fd_sc_hd__xor2_1)
                                         _119_ (net)
                  0.22    0.00    3.53 ^ _200_/A (sky130_fd_sc_hd__nand3_1)
     3    0.01    0.14    0.18    3.71 v _200_/Y (sky130_fd_sc_hd__nand3_1)
                                         _128_ (net)
                  0.14    0.00    3.71 v _335_/A1 (sky130_fd_sc_hd__a31o_1)
     1    0.00    0.03    0.21    3.92 v _335_/X (sky130_fd_sc_hd__a31o_1)
                                         _091_ (net)
                  0.03    0.00    3.92 v _336_/C (sky130_fd_sc_hd__or3_1)
     1    0.00    0.07    0.32    4.23 v _336_/X (sky130_fd_sc_hd__or3_1)
                                         _092_ (net)
                  0.07    0.00    4.23 v _337_/A (sky130_fd_sc_hd__buf_1)
     1    0.01    0.08    0.15    4.38 v _337_/X (sky130_fd_sc_hd__buf_1)
                                         net21 (net)
                  0.08    0.00    4.38 v output21/A (sky130_fd_sc_hd__buf_2)
     1    0.03    0.09    0.20    4.58 v output21/X (sky130_fd_sc_hd__buf_2)
                                         OUT[4] (net)
                  0.09    0.00    4.59 v OUT[4] (out)
                                  4.59   data arrival time

                  0.00   10.00   10.00   clock __VIRTUAL_CLK__ (rise edge)
                          0.00   10.00   clock network delay (ideal)
                         -0.25    9.75   clock uncertainty
                          0.00    9.75   clock reconvergence pessimism
                         -2.00    7.75   output external delay
                                  7.75   data required time
-----------------------------------------------------------------------------
                                  7.75   data required time
                                 -4.59   data arrival time
-----------------------------------------------------------------------------
                                  3.16   slack (MET)


Startpoint: A[3] (input port clocked by __VIRTUAL_CLK__)
Endpoint: OUT[5] (output port clocked by __VIRTUAL_CLK__)
Path Group: __VIRTUAL_CLK__
Path Type: max
Corner: Typical

Fanout     Cap    Slew   Delay    Time   Description
-----------------------------------------------------------------------------
                  0.00    0.00    0.00   clock __VIRTUAL_CLK__ (rise edge)
                          0.00    0.00   clock network delay (ideal)
                          2.00    2.00 v input external delay
     1    0.00    0.01    0.01    2.01 v A[3] (in)
                                         A[3] (net)
                  0.01    0.00    2.01 v _172_/A (sky130_fd_sc_hd__clkbuf_4)
    13    0.05    0.10    0.19    2.20 v _172_/X (sky130_fd_sc_hd__clkbuf_4)
                                         _100_ (net)
                  0.10    0.01    2.21 v _178_/D (sky130_fd_sc_hd__and4_1)
     3    0.01    0.06    0.26    2.46 v _178_/X (sky130_fd_sc_hd__and4_1)
                                         _106_ (net)
                  0.06    0.00    2.46 v _182_/A (sky130_fd_sc_hd__or3_1)
     2    0.00    0.07    0.40    2.86 v _182_/X (sky130_fd_sc_hd__or3_1)
                                         _110_ (net)
                  0.07    0.00    2.86 v _187_/A1 (sky130_fd_sc_hd__a21o_1)
     2    0.01    0.04    0.18    3.04 v _187_/X (sky130_fd_sc_hd__a21o_1)
                                         _115_ (net)
                  0.04    0.00    3.04 v _189_/A3 (sky130_fd_sc_hd__a31o_1)
     2    0.01    0.07    0.26    3.30 v _189_/X (sky130_fd_sc_hd__a31o_1)
                                         _117_ (net)
                  0.07    0.00    3.30 v _191_/B (sky130_fd_sc_hd__xor2_1)
     2    0.01    0.22    0.23    3.53 ^ _191_/X (sky130_fd_sc_hd__xor2_1)
                                         _119_ (net)
                  0.22    0.00    3.53 ^ _200_/A (sky130_fd_sc_hd__nand3_1)
     3    0.01    0.14    0.18    3.71 v _200_/Y (sky130_fd_sc_hd__nand3_1)
                                         _128_ (net)
                  0.14    0.00    3.71 v _209_/A2 (sky130_fd_sc_hd__a21oi_1)
     1    0.00    0.13    0.20    3.91 ^ _209_/Y (sky130_fd_sc_hd__a21oi_1)
                                         _137_ (net)
                  0.13    0.00    3.91 ^ _211_/A (sky130_fd_sc_hd__nor2_1)
     1    0.00    0.04    0.07    3.98 v _211_/Y (sky130_fd_sc_hd__nor2_1)
                                         _139_ (net)
                  0.04    0.00    3.98 v _257_/A2 (sky130_fd_sc_hd__a211o_1)
     1    0.01    0.08    0.35    4.32 v _257_/X (sky130_fd_sc_hd__a211o_1)
                                         net22 (net)
                  0.08    0.00    4.32 v output22/A (sky130_fd_sc_hd__buf_2)
     1    0.03    0.09    0.21    4.53 v output22/X (sky130_fd_sc_hd__buf_2)
                                         OUT[5] (net)
                  0.09    0.00    4.53 v OUT[5] (out)
                                  4.53   data arrival time

                  0.00   10.00   10.00   clock __VIRTUAL_CLK__ (rise edge)
                          0.00   10.00   clock network delay (ideal)
                         -0.25    9.75   clock uncertainty
                          0.00    9.75   clock reconvergence pessimism
                         -2.00    7.75   output external delay
                                  7.75   data required time
-----------------------------------------------------------------------------
                                  7.75   data required time
                                 -4.53   data arrival time
-----------------------------------------------------------------------------
                                  3.22   slack (MET)


Startpoint: OPCODE[0] (input port clocked by __VIRTUAL_CLK__)
Endpoint: OUT[3] (output port clocked by __VIRTUAL_CLK__)
Path Group: __VIRTUAL_CLK__
Path Type: max
Corner: Typical

Fanout     Cap    Slew   Delay    Time   Description
-----------------------------------------------------------------------------
                  0.00    0.00    0.00   clock __VIRTUAL_CLK__ (rise edge)
                          0.00    0.00   clock network delay (ideal)
                          2.00    2.00 v input external delay
     1    0.00    0.01    0.00    2.00 v OPCODE[0] (in)
                                         OPCODE[0] (net)
                  0.01    0.00    2.00 v input14/A (sky130_fd_sc_hd__buf_1)
     5    0.01    0.08    0.12    2.13 v input14/X (sky130_fd_sc_hd__buf_1)
                                         net14 (net)
                  0.08    0.00    2.13 v _225_/A_N (sky130_fd_sc_hd__nand3b_4)
     9    0.03    0.11    0.22    2.35 v _225_/Y (sky130_fd_sc_hd__nand3b_4)
                                         _153_ (net)
                  0.11    0.00    2.35 v _232_/C (sky130_fd_sc_hd__and3_1)
     2    0.00    0.05    0.22    2.58 v _232_/X (sky130_fd_sc_hd__and3_1)
                                         _160_ (net)
                  0.05    0.00    2.58 v _235_/B (sky130_fd_sc_hd__or3_1)
     2    0.00    0.08    0.37    2.95 v _235_/X (sky130_fd_sc_hd__or3_1)
                                         _163_ (net)
                  0.08    0.00    2.95 v _237_/B (sky130_fd_sc_hd__and3b_1)
     3    0.01    0.06    0.21    3.16 v _237_/X (sky130_fd_sc_hd__and3b_1)
                                         _000_ (net)
                  0.06    0.00    3.16 v _240_/A2 (sky130_fd_sc_hd__o21ai_2)
     4    0.01    0.18    0.19    3.35 ^ _240_/Y (sky130_fd_sc_hd__o21ai_2)
                                         _003_ (net)
                  0.18    0.00    3.35 ^ _318_/B (sky130_fd_sc_hd__nand2_1)
     1    0.01    0.08    0.10    3.45 v _318_/Y (sky130_fd_sc_hd__nand2_1)
                                         _075_ (net)
                  0.08    0.00    3.45 v _319_/B (sky130_fd_sc_hd__xnor2_1)
     1    0.00    0.05    0.15    3.60 v _319_/Y (sky130_fd_sc_hd__xnor2_1)
                                         _076_ (net)
                  0.05    0.00    3.60 v _325_/A2 (sky130_fd_sc_hd__a221o_1)
     1    0.01    0.10    0.42    4.02 v _325_/X (sky130_fd_sc_hd__a221o_1)
                                         net20 (net)
                  0.10    0.00    4.02 v output20/A (sky130_fd_sc_hd__buf_2)
     1    0.03    0.09    0.22    4.23 v output20/X (sky130_fd_sc_hd__buf_2)
                                         OUT[3] (net)
                  0.09    0.00    4.24 v OUT[3] (out)
                                  4.24   data arrival time

                  0.00   10.00   10.00   clock __VIRTUAL_CLK__ (rise edge)
                          0.00   10.00   clock network delay (ideal)
                         -0.25    9.75   clock uncertainty
                          0.00    9.75   clock reconvergence pessimism
                         -2.00    7.75   output external delay
                                  7.75   data required time
-----------------------------------------------------------------------------
                                  7.75   data required time
                                 -4.24   data arrival time
-----------------------------------------------------------------------------
                                  3.51   slack (MET)


Startpoint: OPCODE[0] (input port clocked by __VIRTUAL_CLK__)
Endpoint: OUT[1] (output port clocked by __VIRTUAL_CLK__)
Path Group: __VIRTUAL_CLK__
Path Type: max
Corner: Typical

Fanout     Cap    Slew   Delay    Time   Description
-----------------------------------------------------------------------------
                  0.00    0.00    0.00   clock __VIRTUAL_CLK__ (rise edge)
                          0.00    0.00   clock network delay (ideal)
                          2.00    2.00 v input external delay
     1    0.00    0.01    0.00    2.00 v OPCODE[0] (in)
                                         OPCODE[0] (net)
                  0.01    0.00    2.00 v input14/A (sky130_fd_sc_hd__buf_1)
     5    0.01    0.08    0.12    2.13 v input14/X (sky130_fd_sc_hd__buf_1)
                                         net14 (net)
                  0.08    0.00    2.13 v _225_/A_N (sky130_fd_sc_hd__nand3b_4)
     9    0.03    0.11    0.22    2.35 v _225_/Y (sky130_fd_sc_hd__nand3b_4)
                                         _153_ (net)
                  0.11    0.00    2.35 v _232_/C (sky130_fd_sc_hd__and3_1)
     2    0.00    0.05    0.22    2.58 v _232_/X (sky130_fd_sc_hd__and3_1)
                                         _160_ (net)
                  0.05    0.00    2.58 v _235_/B (sky130_fd_sc_hd__or3_1)
     2    0.00    0.08    0.37    2.95 v _235_/X (sky130_fd_sc_hd__or3_1)
                                         _163_ (net)
                  0.08    0.00    2.95 v _304_/B (sky130_fd_sc_hd__and2b_1)
     1    0.00    0.03    0.17    3.12 v _304_/X (sky130_fd_sc_hd__and2b_1)
                                         _063_ (net)
                  0.03    0.00    3.12 v _305_/A (sky130_fd_sc_hd__nor2_1)
     1    0.00    0.06    0.09    3.21 ^ _305_/Y (sky130_fd_sc_hd__nor2_1)
                                         _064_ (net)
                  0.06    0.00    3.21 ^ _306_/B (sky130_fd_sc_hd__or3b_1)
     1    0.00    0.03    0.10    3.31 ^ _306_/X (sky130_fd_sc_hd__or3b_1)
                                         _065_ (net)
                  0.03    0.00    3.31 ^ _307_/D_N (sky130_fd_sc_hd__or4b_1)
     1    0.01    0.15    0.54    3.86 v _307_/X (sky130_fd_sc_hd__or4b_1)
                                         _066_ (net)
                  0.15    0.00    3.86 v _308_/A (sky130_fd_sc_hd__clkbuf_1)
     1    0.00    0.03    0.13    3.99 v _308_/X (sky130_fd_sc_hd__clkbuf_1)
                                         net18 (net)
                  0.03    0.00    3.99 v output18/A (sky130_fd_sc_hd__buf_2)
     1    0.03    0.09    0.18    4.17 v output18/X (sky130_fd_sc_hd__buf_2)
                                         OUT[1] (net)
                  0.09    0.00    4.17 v OUT[1] (out)
                                  4.17   data arrival time

                  0.00   10.00   10.00   clock __VIRTUAL_CLK__ (rise edge)
                          0.00   10.00   clock network delay (ideal)
                         -0.25    9.75   clock uncertainty
                          0.00    9.75   clock reconvergence pessimism
                         -2.00    7.75   output external delay
                                  7.75   data required time
-----------------------------------------------------------------------------
                                  7.75   data required time
                                 -4.17   data arrival time
-----------------------------------------------------------------------------
                                  3.58   slack (MET)


Startpoint: B[0] (input port clocked by __VIRTUAL_CLK__)
Endpoint: OUT[2] (output port clocked by __VIRTUAL_CLK__)
Path Group: __VIRTUAL_CLK__
Path Type: max
Corner: Typical

Fanout     Cap    Slew   Delay    Time   Description
-----------------------------------------------------------------------------
                  0.00    0.00    0.00   clock __VIRTUAL_CLK__ (rise edge)
                          0.00    0.00   clock network delay (ideal)
                          2.00    2.00 v input external delay
     1    0.00    0.01    0.00    2.00 v B[0] (in)
                                         B[0] (net)
                  0.01    0.00    2.00 v input7/A (sky130_fd_sc_hd__buf_2)
    13    0.04    0.10    0.18    2.19 v input7/X (sky130_fd_sc_hd__buf_2)
                                         net7 (net)
                  0.10    0.00    2.19 v _224_/A (sky130_fd_sc_hd__or2_1)
     4    0.01    0.09    0.31    2.50 v _224_/X (sky130_fd_sc_hd__or2_1)
                                         _152_ (net)
                  0.09    0.00    2.50 v _230_/C (sky130_fd_sc_hd__and3_1)
     2    0.00    0.04    0.21    2.71 v _230_/X (sky130_fd_sc_hd__and3_1)
                                         _158_ (net)
                  0.04    0.00    2.71 v _238_/C (sky130_fd_sc_hd__or3_1)
     1    0.00    0.06    0.31    3.01 v _238_/X (sky130_fd_sc_hd__or3_1)
                                         _001_ (net)
                  0.06    0.00    3.01 v _239_/B (sky130_fd_sc_hd__and2_1)
     2    0.01    0.06    0.19    3.20 v _239_/X (sky130_fd_sc_hd__and2_1)
                                         _002_ (net)
                  0.06    0.00    3.20 v _309_/A (sky130_fd_sc_hd__or3_1)
     1    0.00    0.07    0.38    3.59 v _309_/X (sky130_fd_sc_hd__or3_1)
                                         _067_ (net)
                  0.07    0.00    3.59 v _316_/A3 (sky130_fd_sc_hd__a31o_1)
     1    0.01    0.09    0.28    3.87 v _316_/X (sky130_fd_sc_hd__a31o_1)
                                         net19 (net)
                  0.09    0.00    3.87 v output19/A (sky130_fd_sc_hd__buf_2)
     1    0.03    0.09    0.21    4.08 v output19/X (sky130_fd_sc_hd__buf_2)
                                         OUT[2] (net)
                  0.09    0.00    4.08 v OUT[2] (out)
                                  4.08   data arrival time

                  0.00   10.00   10.00   clock __VIRTUAL_CLK__ (rise edge)
                          0.00   10.00   clock network delay (ideal)
                         -0.25    9.75   clock uncertainty
                          0.00    9.75   clock reconvergence pessimism
                         -2.00    7.75   output external delay
                                  7.75   data required time
-----------------------------------------------------------------------------
                                  7.75   data required time
                                 -4.08   data arrival time
-----------------------------------------------------------------------------
                                  3.67   slack (MET)


Startpoint: OPCODE[1] (input port clocked by __VIRTUAL_CLK__)
Endpoint: OUT[0] (output port clocked by __VIRTUAL_CLK__)
Path Group: __VIRTUAL_CLK__
Path Type: max
Corner: Typical

Fanout     Cap    Slew   Delay    Time   Description
-----------------------------------------------------------------------------
                  0.00    0.00    0.00   clock __VIRTUAL_CLK__ (rise edge)
                          0.00    0.00   clock network delay (ideal)
                          2.00    2.00 v input external delay
     1    0.00    0.01    0.00    2.00 v OPCODE[1] (in)
                                         OPCODE[1] (net)
                  0.01    0.00    2.00 v input15/A (sky130_fd_sc_hd__clkbuf_2)
     6    0.02    0.09    0.15    2.15 v input15/X (sky130_fd_sc_hd__clkbuf_2)
                                         net15 (net)
                  0.09    0.00    2.16 v _166_/B (sky130_fd_sc_hd__or2_1)
     4    0.01    0.09    0.29    2.44 v _166_/X (sky130_fd_sc_hd__or2_1)
                                         _094_ (net)
                  0.09    0.00    2.44 v _214_/B (sky130_fd_sc_hd__or2_1)
     1    0.00    0.05    0.23    2.67 v _214_/X (sky130_fd_sc_hd__or2_1)
                                         _142_ (net)
                  0.05    0.00    2.67 v _215_/A (sky130_fd_sc_hd__buf_2)
     8    0.03    0.09    0.19    2.86 v _215_/X (sky130_fd_sc_hd__buf_2)
                                         _143_ (net)
                  0.09    0.00    2.86 v _296_/A2 (sky130_fd_sc_hd__o21ai_1)
     1    0.00    0.11    0.14    3.00 ^ _296_/Y (sky130_fd_sc_hd__o21ai_1)
                                         _056_ (net)
                  0.11    0.00    3.00 ^ _297_/B1 (sky130_fd_sc_hd__a31o_1)
     1    0.01    0.13    0.18    3.18 ^ _297_/X (sky130_fd_sc_hd__a31o_1)
                                         net17 (net)
                  0.13    0.00    3.18 ^ output17/A (sky130_fd_sc_hd__buf_2)
     1    0.03    0.17    0.24    3.42 ^ output17/X (sky130_fd_sc_hd__buf_2)
                                         OUT[0] (net)
                  0.17    0.00    3.42 ^ OUT[0] (out)
                                  3.42   data arrival time

                  0.00   10.00   10.00   clock __VIRTUAL_CLK__ (rise edge)
                          0.00   10.00   clock network delay (ideal)
                         -0.25    9.75   clock uncertainty
                          0.00    9.75   clock reconvergence pessimism
                         -2.00    7.75   output external delay
                                  7.75   data required time
-----------------------------------------------------------------------------
                                  7.75   data required time
                                 -3.42   data arrival time
-----------------------------------------------------------------------------
                                  4.33   slack (MET)



worst slack corner Typical: 3.0739
